#
# There is insufficient memory for the Java Runtime Environment to continue.
# Native memory allocation (malloc) failed to allocate 1750736 bytes for Chunk::new
# Possible reasons:
#   The system is out of physical RAM or swap space
#   The process is running with CompressedOops enabled, and the Java Heap may be blocking the growth of the native heap
# Possible solutions:
#   Reduce memory load on the system
#   Increase physical memory or swap space
#   Check if swap backing store is full
#   Decrease Java heap size (-Xmx/-Xms)
#   Decrease number of Java threads
#   Decrease Java thread stack sizes (-Xss)
#   Set larger code cache with -XX:ReservedCodeCacheSize=
#   JVM is running with Unscaled Compressed Oops mode in which the Java heap is
#     placed in the first 4GB address space. The Java Heap base address is the
#     maximum limit for the native heap growth. Please use -XX:HeapBaseMinAddress
#     to set the Java Heap base and to place the Java Heap above 4GB virtual address.
# This output file may be truncated or incomplete.
#
#  Out of Memory Error (arena.cpp:189), pid=15448, tid=12728
#
# JRE version: Java(TM) SE Runtime Environment (17.0.14+8) (build 17.0.14+8-LTS-191)
# Java VM: Java HotSpot(TM) 64-Bit Server VM (17.0.14+8-LTS-191, mixed mode, sharing, tiered, compressed oops, compressed class ptrs, g1 gc, windows-amd64)
# No core dump will be written. Minidumps are not enabled by default on client versions of Windows
#

---------------  S U M M A R Y ------------

Command Line: -Dclassworlds.conf=C:/Program Files/apache-maven-3.9.9/bin/m2.conf -Dmaven.home=C:/Program Files/apache-maven-3.9.9 -Dlibrary.jansi.path=C:/Program Files/apache-maven-3.9.9/lib/jansi-native -Dmaven.multiModuleProjectDirectory=C:/ornek/bank-account-management org.codehaus.plexus.classworlds.launcher.Launcher clean install -DskipTests

Host: Intel(R) Core(TM) i5-8265U CPU @ 1.60GHz, 8 cores, 7G,  Windows 11 , 64 bit Build 22621 (10.0.22621.4830)
Time: Wed Feb 19 16:32:56 2025 Türkiye Standart Saati elapsed time: 10.105345 seconds (0d 0h 0m 10s)

---------------  T H R E A D  ---------------

Current thread (0x000001e921a22fb0):  JavaThread "C2 CompilerThread0" daemon [_thread_in_native, id=12728, stack(0x0000001b3e800000,0x0000001b3e900000)]


Current CompileTask:
C2:  10105 7282       4       java.util.zip.ZipFile$Source::initCEN (591 bytes)

Stack: [0x0000001b3e800000,0x0000001b3e900000]
Native frames: (J=compiled Java code, j=interpreted, Vv=VM code, C=native code)
V  [jvm.dll+0x67a38a]
V  [jvm.dll+0x7da7ed]
V  [jvm.dll+0x7dc133]
V  [jvm.dll+0x7dc7a3]
V  [jvm.dll+0x24517f]
V  [jvm.dll+0xab773]
V  [jvm.dll+0xabd3c]
V  [jvm.dll+0x361dff]
V  [jvm.dll+0x32c521]
V  [jvm.dll+0x32b9ba]
V  [jvm.dll+0x21693f]
V  [jvm.dll+0x215d6f]
V  [jvm.dll+0x1a2950]
V  [jvm.dll+0x22620b]
V  [jvm.dll+0x2243ab]
V  [jvm.dll+0x790bbc]
V  [jvm.dll+0x78b04a]
V  [jvm.dll+0x679275]
C  [ucrtbase.dll+0x29333]
C  [KERNEL32.DLL+0x1259d]
C  [ntdll.dll+0x5af38]


---------------  P R O C E S S  ---------------

Threads class SMR info:
_java_thread_list=0x000001e968175130, length=15, elements={
0x000001e903d80a50, 0x000001e921a0a050, 0x000001e921a0aed0, 0x000001e921a1e3c0,
0x000001e921a20e90, 0x000001e921a21850, 0x000001e921a22210, 0x000001e921a22fb0,
0x000001e921a25a70, 0x000001e921a2d3b0, 0x000001e9671214f0, 0x000001e967144fd0,
0x000001e9680791c0, 0x000001e9675a9120, 0x000001e96a364020
}

Java Threads: ( => current thread )
  0x000001e903d80a50 JavaThread "main" [_thread_in_Java, id=11116, stack(0x0000001b3db00000,0x0000001b3dc00000)]
  0x000001e921a0a050 JavaThread "Reference Handler" daemon [_thread_blocked, id=15240, stack(0x0000001b3e200000,0x0000001b3e300000)]
  0x000001e921a0aed0 JavaThread "Finalizer" daemon [_thread_blocked, id=14300, stack(0x0000001b3e300000,0x0000001b3e400000)]
  0x000001e921a1e3c0 JavaThread "Signal Dispatcher" daemon [_thread_blocked, id=15812, stack(0x0000001b3e400000,0x0000001b3e500000)]
  0x000001e921a20e90 JavaThread "Attach Listener" daemon [_thread_blocked, id=13036, stack(0x0000001b3e500000,0x0000001b3e600000)]
  0x000001e921a21850 JavaThread "Service Thread" daemon [_thread_blocked, id=13084, stack(0x0000001b3e600000,0x0000001b3e700000)]
  0x000001e921a22210 JavaThread "Monitor Deflation Thread" daemon [_thread_blocked, id=16196, stack(0x0000001b3e700000,0x0000001b3e800000)]
=>0x000001e921a22fb0 JavaThread "C2 CompilerThread0" daemon [_thread_in_native, id=12728, stack(0x0000001b3e800000,0x0000001b3e900000)]
  0x000001e921a25a70 JavaThread "C1 CompilerThread0" daemon [_thread_in_native, id=3672, stack(0x0000001b3e900000,0x0000001b3ea00000)]
  0x000001e921a2d3b0 JavaThread "Sweeper thread" daemon [_thread_blocked, id=12176, stack(0x0000001b3ea00000,0x0000001b3eb00000)]
  0x000001e9671214f0 JavaThread "Notification Thread" daemon [_thread_blocked, id=11216, stack(0x0000001b3eb00000,0x0000001b3ec00000)]
  0x000001e967144fd0 JavaThread "Common-Cleaner" daemon [_thread_blocked, id=12784, stack(0x0000001b3ed00000,0x0000001b3ee00000)]
  0x000001e9680791c0 JavaThread "Thread-1" daemon [_thread_blocked, id=2440, stack(0x0000001b3f700000,0x0000001b3f800000)]
  0x000001e9675a9120 JavaThread "C2 CompilerThread1" daemon [_thread_in_native, id=3620, stack(0x0000001b3ee00000,0x0000001b3ef00000)]
  0x000001e96a364020 JavaThread "C2 CompilerThread2" daemon [_thread_in_native, id=1004, stack(0x0000001b3ef00000,0x0000001b3f000000)]

Other Threads:
  0x000001e921a04e00 VMThread "VM Thread" [stack: 0x0000001b3e100000,0x0000001b3e200000] [id=10656]
  0x000001e903df6ef0 WatcherThread [stack: 0x0000001b3ec00000,0x0000001b3ed00000] [id=13164]
  0x000001e903dd9430 GCTaskThread "GC Thread#0" [stack: 0x0000001b3dc00000,0x0000001b3dd00000] [id=6540]
  0x000001e9675b22e0 GCTaskThread "GC Thread#1" [stack: 0x0000001b3f000000,0x0000001b3f100000] [id=4892]
  0x000001e96772a720 GCTaskThread "GC Thread#2" [stack: 0x0000001b3f100000,0x0000001b3f200000] [id=17916]
  0x000001e967991d40 GCTaskThread "GC Thread#3" [stack: 0x0000001b3f200000,0x0000001b3f300000] [id=17708]
  0x000001e967b8f8c0 GCTaskThread "GC Thread#4" [stack: 0x0000001b3f300000,0x0000001b3f400000] [id=328]
  0x000001e967c4b060 GCTaskThread "GC Thread#5" [stack: 0x0000001b3f400000,0x0000001b3f500000] [id=2024]
  0x000001e967c4b320 GCTaskThread "GC Thread#6" [stack: 0x0000001b3f500000,0x0000001b3f600000] [id=17276]
  0x000001e967fc8db0 GCTaskThread "GC Thread#7" [stack: 0x0000001b3f600000,0x0000001b3f700000] [id=6420]
  0x000001e903de9f00 ConcurrentGCThread "G1 Main Marker" [stack: 0x0000001b3dd00000,0x0000001b3de00000] [id=2736]
  0x000001e903dea910 ConcurrentGCThread "G1 Conc#0" [stack: 0x0000001b3de00000,0x0000001b3df00000] [id=3108]
  0x000001e968d8a3e0 ConcurrentGCThread "G1 Conc#1" [stack: 0x0000001b3f800000,0x0000001b3f900000] [id=11404]
  0x000001e9218bec80 ConcurrentGCThread "G1 Refine#0" [stack: 0x0000001b3df00000,0x0000001b3e000000] [id=7360]
  0x000001e96751af80 ConcurrentGCThread "G1 Refine#1" [stack: 0x0000001b3f900000,0x0000001b3fa00000] [id=16968]
  0x000001e9218bf6b0 ConcurrentGCThread "G1 Service" [stack: 0x0000001b3e000000,0x0000001b3e100000] [id=11284]

Threads with active compile tasks:
C2 CompilerThread0    10184 7282       4       java.util.zip.ZipFile$Source::initCEN (591 bytes)
C1 CompilerThread0    10184 7489       3       sun.util.calendar.CalendarDate::setYear (20 bytes)
C2 CompilerThread1    10184 7419   !   4       jdk.internal.reflect.UTF8::encode (191 bytes)
C2 CompilerThread2    10184 7062   !   4       java.lang.ClassLoader::loadClass (121 bytes)

VM state: not at safepoint (normal execution)

VM Mutex/Monitor currently owned by a thread: None

Heap address: 0x0000000082400000, size: 2012 MB, Compressed Oops mode: 32-bit

CDS archive(s) mapped at: [0x000001e922000000-0x000001e922bd0000-0x000001e922bd0000), size 12386304, SharedBaseAddress: 0x000001e922000000, ArchiveRelocationMode: 1.
Compressed class space mapped at: 0x000001e923000000-0x000001e963000000, reserved size: 1073741824
Narrow klass base: 0x000001e922000000, Narrow klass shift: 0, Narrow klass range: 0x100000000

GC Precious Log:
 CPUs: 8 total, 8 available
 Memory: 8043M
 Large Page Support: Disabled
 NUMA Support: Disabled
 Compressed Oops: Enabled (32-bit)
 Heap Region Size: 1M
 Heap Min Capacity: 8M
 Heap Initial Capacity: 126M
 Heap Max Capacity: 2012M
 Pre-touch: Disabled
 Parallel Workers: 8
 Concurrent Workers: 2
 Concurrent Refinement Workers: 8
 Periodic GC: Disabled

Heap:
 garbage-first heap   total 172032K, used 91362K [0x0000000082400000, 0x0000000100000000)
  region size 1024K, 37 young (37888K), 5 survivors (5120K)
 Metaspace       used 37435K, committed 37824K, reserved 1114112K
  class space    used 4393K, committed 4544K, reserved 1048576K

Heap Regions: E=young(eden), S=young(survivor), O=old, HS=humongous(starts), HC=humongous(continues), CS=collection set, F=free, OA=open archive, CA=closed archive, TAMS=top-at-mark-start (previous, next)
|   0|0x0000000082400000, 0x0000000082500000, 0x0000000082500000|100%| O|  |TAMS 0x0000000082500000, 0x0000000082400000| Untracked 
|   1|0x0000000082500000, 0x0000000082600000, 0x0000000082600000|100%| O|  |TAMS 0x0000000082600000, 0x0000000082500000| Untracked 
|   2|0x0000000082600000, 0x0000000082700000, 0x0000000082700000|100%| O|  |TAMS 0x0000000082700000, 0x0000000082600000| Untracked 
|   3|0x0000000082700000, 0x0000000082800000, 0x0000000082800000|100%| O|  |TAMS 0x0000000082800000, 0x0000000082700000| Untracked 
|   4|0x0000000082800000, 0x0000000082900000, 0x0000000082900000|100%| O|  |TAMS 0x0000000082900000, 0x0000000082800000| Untracked 
|   5|0x0000000082900000, 0x0000000082a00000, 0x0000000082a00000|100%| O|  |TAMS 0x0000000082a00000, 0x0000000082900000| Untracked 
|   6|0x0000000082a00000, 0x0000000082b00000, 0x0000000082b00000|100%| O|  |TAMS 0x0000000082b00000, 0x0000000082a00000| Untracked 
|   7|0x0000000082b00000, 0x0000000082c00000, 0x0000000082c00000|100%| O|  |TAMS 0x0000000082c00000, 0x0000000082b00000| Untracked 
|   8|0x0000000082c00000, 0x0000000082d00000, 0x0000000082d00000|100%| O|  |TAMS 0x0000000082d00000, 0x0000000082c00000| Untracked 
|   9|0x0000000082d00000, 0x0000000082e00000, 0x0000000082e00000|100%| O|  |TAMS 0x0000000082e00000, 0x0000000082d00000| Untracked 
|  10|0x0000000082e00000, 0x0000000082f00000, 0x0000000082f00000|100%| O|  |TAMS 0x0000000082f00000, 0x0000000082e00000| Untracked 
|  11|0x0000000082f00000, 0x0000000083000000, 0x0000000083000000|100%|HS|  |TAMS 0x0000000082f00000, 0x0000000082f00000| Complete 
|  12|0x0000000083000000, 0x0000000083100000, 0x0000000083100000|100%| O|  |TAMS 0x0000000083100000, 0x0000000083000000| Untracked 
|  13|0x0000000083100000, 0x0000000083200000, 0x0000000083200000|100%| O|  |TAMS 0x0000000083200000, 0x0000000083100000| Untracked 
|  14|0x0000000083200000, 0x0000000083300000, 0x0000000083300000|100%|HS|  |TAMS 0x0000000083300000, 0x0000000083200000| Complete 
|  15|0x0000000083300000, 0x0000000083400000, 0x0000000083400000|100%|HC|  |TAMS 0x0000000083400000, 0x0000000083300000| Complete 
|  16|0x0000000083400000, 0x0000000083500000, 0x0000000083500000|100%|HS|  |TAMS 0x0000000083500000, 0x0000000083400000| Complete 
|  17|0x0000000083500000, 0x0000000083600000, 0x0000000083600000|100%| O|  |TAMS 0x0000000083600000, 0x0000000083500000| Untracked 
|  18|0x0000000083600000, 0x0000000083700000, 0x0000000083700000|100%| O|  |TAMS 0x0000000083700000, 0x0000000083600000| Untracked 
|  19|0x0000000083700000, 0x0000000083800000, 0x0000000083800000|100%|HS|  |TAMS 0x0000000083700000, 0x0000000083700000| Complete 
|  20|0x0000000083800000, 0x0000000083900000, 0x0000000083900000|100%|HC|  |TAMS 0x0000000083800000, 0x0000000083800000| Complete 
|  21|0x0000000083900000, 0x0000000083a00000, 0x0000000083a00000|100%| O|  |TAMS 0x0000000083a00000, 0x0000000083900000| Untracked 
|  22|0x0000000083a00000, 0x0000000083b00000, 0x0000000083b00000|100%|HS|  |TAMS 0x0000000083a00000, 0x0000000083a00000| Complete 
|  23|0x0000000083b00000, 0x0000000083c00000, 0x0000000083c00000|100%| O|  |TAMS 0x0000000083c00000, 0x0000000083b00000| Untracked 
|  24|0x0000000083c00000, 0x0000000083d00000, 0x0000000083d00000|100%| O|  |TAMS 0x0000000083d00000, 0x0000000083c00000| Untracked 
|  25|0x0000000083d00000, 0x0000000083e00000, 0x0000000083e00000|100%| O|  |TAMS 0x0000000083e00000, 0x0000000083d00000| Untracked 
|  26|0x0000000083e00000, 0x0000000083f00000, 0x0000000083f00000|100%| O|  |TAMS 0x0000000083f00000, 0x0000000083e00000| Untracked 
|  27|0x0000000083f00000, 0x0000000084000000, 0x0000000084000000|100%|HS|  |TAMS 0x0000000083f00000, 0x0000000083f00000| Complete 
|  28|0x0000000084000000, 0x0000000084100000, 0x0000000084100000|100%| O|  |TAMS 0x0000000084000000, 0x0000000084000000| Untracked 
|  29|0x0000000084100000, 0x0000000084200000, 0x0000000084200000|100%| O|  |TAMS 0x0000000084100000, 0x0000000084100000| Untracked 
|  30|0x0000000084200000, 0x0000000084300000, 0x0000000084300000|100%| O|  |TAMS 0x0000000084200000, 0x0000000084200000| Untracked 
|  31|0x0000000084300000, 0x0000000084400000, 0x0000000084400000|100%| O|  |TAMS 0x0000000084300000, 0x0000000084300000| Untracked 
|  32|0x0000000084400000, 0x0000000084500000, 0x0000000084500000|100%| O|  |TAMS 0x0000000084400000, 0x0000000084400000| Untracked 
|  33|0x0000000084500000, 0x0000000084600000, 0x0000000084600000|100%| O|  |TAMS 0x0000000084500000, 0x0000000084500000| Untracked 
|  34|0x0000000084600000, 0x0000000084700000, 0x0000000084700000|100%|HS|  |TAMS 0x0000000084600000, 0x0000000084600000| Complete 
|  35|0x0000000084700000, 0x0000000084700000, 0x0000000084800000|  0%| F|  |TAMS 0x0000000084700000, 0x0000000084700000| Untracked 
|  36|0x0000000084800000, 0x0000000084900000, 0x0000000084900000|100%| O|  |TAMS 0x0000000084900000, 0x0000000084800000| Untracked 
|  37|0x0000000084900000, 0x0000000084a00000, 0x0000000084a00000|100%| O|  |TAMS 0x0000000084a00000, 0x0000000084900000| Untracked 
|  38|0x0000000084a00000, 0x0000000084b00000, 0x0000000084b00000|100%| O|  |TAMS 0x0000000084b00000, 0x0000000084a00000| Untracked 
|  39|0x0000000084b00000, 0x0000000084c00000, 0x0000000084c00000|100%| O|  |TAMS 0x0000000084b00000, 0x0000000084b00000| Untracked 
|  40|0x0000000084c00000, 0x0000000084d00000, 0x0000000084d00000|100%| O|  |TAMS 0x0000000084c00000, 0x0000000084c00000| Untracked 
|  41|0x0000000084d00000, 0x0000000084e00000, 0x0000000084e00000|100%| O|  |TAMS 0x0000000084d00000, 0x0000000084d00000| Untracked 
|  42|0x0000000084e00000, 0x0000000084f00000, 0x0000000084f00000|100%| O|  |TAMS 0x0000000084e00000, 0x0000000084e00000| Untracked 
|  43|0x0000000084f00000, 0x0000000085000000, 0x0000000085000000|100%| O|  |TAMS 0x0000000084f00000, 0x0000000084f00000| Untracked 
|  44|0x0000000085000000, 0x0000000085100000, 0x0000000085100000|100%| O|  |TAMS 0x0000000085000000, 0x0000000085000000| Untracked 
|  45|0x0000000085100000, 0x0000000085100000, 0x0000000085200000|  0%| F|  |TAMS 0x0000000085100000, 0x0000000085100000| Untracked 
|  46|0x0000000085200000, 0x0000000085200000, 0x0000000085300000|  0%| F|  |TAMS 0x0000000085200000, 0x0000000085200000| Untracked 
|  47|0x0000000085300000, 0x0000000085300000, 0x0000000085400000|  0%| F|  |TAMS 0x0000000085300000, 0x0000000085300000| Untracked 
|  48|0x0000000085400000, 0x0000000085400000, 0x0000000085500000|  0%| F|  |TAMS 0x0000000085400000, 0x0000000085400000| Untracked 
|  49|0x0000000085500000, 0x0000000085500000, 0x0000000085600000|  0%| F|  |TAMS 0x0000000085500000, 0x0000000085500000| Untracked 
|  50|0x0000000085600000, 0x0000000085600000, 0x0000000085700000|  0%| F|  |TAMS 0x0000000085600000, 0x0000000085600000| Untracked 
|  51|0x0000000085700000, 0x0000000085700000, 0x0000000085800000|  0%| F|  |TAMS 0x0000000085700000, 0x0000000085700000| Untracked 
|  52|0x0000000085800000, 0x0000000085800000, 0x0000000085900000|  0%| F|  |TAMS 0x0000000085800000, 0x0000000085800000| Untracked 
|  53|0x0000000085900000, 0x0000000085900000, 0x0000000085a00000|  0%| F|  |TAMS 0x0000000085900000, 0x0000000085900000| Untracked 
|  54|0x0000000085a00000, 0x0000000085a00000, 0x0000000085b00000|  0%| F|  |TAMS 0x0000000085a00000, 0x0000000085a00000| Untracked 
|  55|0x0000000085b00000, 0x0000000085b00000, 0x0000000085c00000|  0%| F|  |TAMS 0x0000000085b00000, 0x0000000085b00000| Untracked 
|  56|0x0000000085c00000, 0x0000000085c00000, 0x0000000085d00000|  0%| F|  |TAMS 0x0000000085c00000, 0x0000000085c00000| Untracked 
|  57|0x0000000085d00000, 0x0000000085d00000, 0x0000000085e00000|  0%| F|  |TAMS 0x0000000085d00000, 0x0000000085d00000| Untracked 
|  58|0x0000000085e00000, 0x0000000085e00000, 0x0000000085f00000|  0%| F|  |TAMS 0x0000000085e00000, 0x0000000085e00000| Untracked 
|  59|0x0000000085f00000, 0x0000000085f00000, 0x0000000086000000|  0%| F|  |TAMS 0x0000000085f00000, 0x0000000085f00000| Untracked 
|  60|0x0000000086000000, 0x0000000086000000, 0x0000000086100000|  0%| F|  |TAMS 0x0000000086000000, 0x0000000086000000| Untracked 
|  61|0x0000000086100000, 0x0000000086100000, 0x0000000086200000|  0%| F|  |TAMS 0x0000000086100000, 0x0000000086100000| Untracked 
|  62|0x0000000086200000, 0x0000000086300000, 0x0000000086300000|100%| O|  |TAMS 0x0000000086200000, 0x0000000086200000| Untracked 
|  63|0x0000000086300000, 0x0000000086400000, 0x0000000086400000|100%| O|  |TAMS 0x0000000086300000, 0x0000000086300000| Untracked 
|  64|0x0000000086400000, 0x0000000086500000, 0x0000000086500000|100%| O|  |TAMS 0x0000000086400000, 0x0000000086400000| Untracked 
|  65|0x0000000086500000, 0x0000000086600000, 0x0000000086600000|100%| O|  |TAMS 0x0000000086500000, 0x0000000086500000| Untracked 
|  66|0x0000000086600000, 0x0000000086700000, 0x0000000086700000|100%| O|  |TAMS 0x0000000086600000, 0x0000000086600000| Untracked 
|  67|0x0000000086700000, 0x000000008676b000, 0x0000000086800000| 41%| O|  |TAMS 0x0000000086700000, 0x0000000086700000| Untracked 
|  68|0x0000000086800000, 0x0000000086800000, 0x0000000086900000|  0%| F|  |TAMS 0x0000000086800000, 0x0000000086800000| Untracked 
|  69|0x0000000086900000, 0x0000000086900000, 0x0000000086a00000|  0%| F|  |TAMS 0x0000000086900000, 0x0000000086900000| Untracked 
|  70|0x0000000086a00000, 0x0000000086a00000, 0x0000000086b00000|  0%| F|  |TAMS 0x0000000086a00000, 0x0000000086a00000| Untracked 
|  71|0x0000000086b00000, 0x0000000086b00000, 0x0000000086c00000|  0%| F|  |TAMS 0x0000000086b00000, 0x0000000086b00000| Untracked 
|  72|0x0000000086c00000, 0x0000000086c00000, 0x0000000086d00000|  0%| F|  |TAMS 0x0000000086c00000, 0x0000000086c00000| Untracked 
|  73|0x0000000086d00000, 0x0000000086d00000, 0x0000000086e00000|  0%| F|  |TAMS 0x0000000086d00000, 0x0000000086d00000| Untracked 
|  74|0x0000000086e00000, 0x0000000086e00000, 0x0000000086f00000|  0%| F|  |TAMS 0x0000000086e00000, 0x0000000086e00000| Untracked 
|  75|0x0000000086f00000, 0x0000000086f00000, 0x0000000087000000|  0%| F|  |TAMS 0x0000000086f00000, 0x0000000086f00000| Untracked 
|  76|0x0000000087000000, 0x0000000087000000, 0x0000000087100000|  0%| F|  |TAMS 0x0000000087000000, 0x0000000087000000| Untracked 
|  77|0x0000000087100000, 0x0000000087100000, 0x0000000087200000|  0%| F|  |TAMS 0x0000000087100000, 0x0000000087100000| Untracked 
|  78|0x0000000087200000, 0x0000000087200000, 0x0000000087300000|  0%| F|  |TAMS 0x0000000087200000, 0x0000000087200000| Untracked 
|  79|0x0000000087300000, 0x0000000087300000, 0x0000000087400000|  0%| F|  |TAMS 0x0000000087300000, 0x0000000087300000| Untracked 
|  80|0x0000000087400000, 0x0000000087400000, 0x0000000087500000|  0%| F|  |TAMS 0x0000000087400000, 0x0000000087400000| Untracked 
|  81|0x0000000087500000, 0x0000000087500000, 0x0000000087600000|  0%| F|  |TAMS 0x0000000087500000, 0x0000000087500000| Untracked 
|  82|0x0000000087600000, 0x0000000087600000, 0x0000000087700000|  0%| F|  |TAMS 0x0000000087600000, 0x0000000087600000| Untracked 
|  83|0x0000000087700000, 0x0000000087700000, 0x0000000087800000|  0%| F|  |TAMS 0x0000000087700000, 0x0000000087700000| Untracked 
|  84|0x0000000087800000, 0x0000000087800000, 0x0000000087900000|  0%| F|  |TAMS 0x0000000087800000, 0x0000000087800000| Untracked 
|  85|0x0000000087900000, 0x00000000879cd890, 0x0000000087a00000| 80%| S|CS|TAMS 0x0000000087900000, 0x0000000087900000| Complete 
|  86|0x0000000087a00000, 0x0000000087b00000, 0x0000000087b00000|100%| S|CS|TAMS 0x0000000087a00000, 0x0000000087a00000| Complete 
|  87|0x0000000087b00000, 0x0000000087c00000, 0x0000000087c00000|100%| S|CS|TAMS 0x0000000087b00000, 0x0000000087b00000| Complete 
|  88|0x0000000087c00000, 0x0000000087d00000, 0x0000000087d00000|100%| S|CS|TAMS 0x0000000087c00000, 0x0000000087c00000| Complete 
|  89|0x0000000087d00000, 0x0000000087d00000, 0x0000000087e00000|  0%| F|  |TAMS 0x0000000087d00000, 0x0000000087d00000| Untracked 
|  90|0x0000000087e00000, 0x0000000087e00000, 0x0000000087f00000|  0%| F|  |TAMS 0x0000000087e00000, 0x0000000087e00000| Untracked 
|  91|0x0000000087f00000, 0x0000000087f00000, 0x0000000088000000|  0%| F|  |TAMS 0x0000000087f00000, 0x0000000087f00000| Untracked 
|  92|0x0000000088000000, 0x0000000088000000, 0x0000000088100000|  0%| F|  |TAMS 0x0000000088000000, 0x0000000088000000| Untracked 
|  93|0x0000000088100000, 0x0000000088100000, 0x0000000088200000|  0%| F|  |TAMS 0x0000000088100000, 0x0000000088100000| Untracked 
|  94|0x0000000088200000, 0x0000000088200000, 0x0000000088300000|  0%| F|  |TAMS 0x0000000088200000, 0x0000000088200000| Untracked 
|  95|0x0000000088300000, 0x0000000088400000, 0x0000000088400000|100%| S|CS|TAMS 0x0000000088300000, 0x0000000088300000| Complete 
|  96|0x0000000088400000, 0x0000000088400000, 0x0000000088500000|  0%| F|  |TAMS 0x0000000088400000, 0x0000000088400000| Untracked 
|  97|0x0000000088500000, 0x0000000088500000, 0x0000000088600000|  0%| F|  |TAMS 0x0000000088500000, 0x0000000088500000| Untracked 
|  98|0x0000000088600000, 0x0000000088600000, 0x0000000088700000|  0%| F|  |TAMS 0x0000000088600000, 0x0000000088600000| Untracked 
|  99|0x0000000088700000, 0x0000000088700000, 0x0000000088800000|  0%| F|  |TAMS 0x0000000088700000, 0x0000000088700000| Untracked 
| 100|0x0000000088800000, 0x0000000088800000, 0x0000000088900000|  0%| F|  |TAMS 0x0000000088800000, 0x0000000088800000| Untracked 
| 101|0x0000000088900000, 0x0000000088900000, 0x0000000088a00000|  0%| F|  |TAMS 0x0000000088900000, 0x0000000088900000| Untracked 
| 102|0x0000000088a00000, 0x0000000088a00000, 0x0000000088b00000|  0%| F|  |TAMS 0x0000000088a00000, 0x0000000088a00000| Untracked 
| 103|0x0000000088b00000, 0x0000000088b00000, 0x0000000088c00000|  0%| F|  |TAMS 0x0000000088b00000, 0x0000000088b00000| Untracked 
| 104|0x0000000088c00000, 0x0000000088c00000, 0x0000000088d00000|  0%| F|  |TAMS 0x0000000088c00000, 0x0000000088c00000| Untracked 
| 105|0x0000000088d00000, 0x0000000088d00000, 0x0000000088e00000|  0%| F|  |TAMS 0x0000000088d00000, 0x0000000088d00000| Untracked 
| 106|0x0000000088e00000, 0x0000000088e00000, 0x0000000088f00000|  0%| F|  |TAMS 0x0000000088e00000, 0x0000000088e00000| Untracked 
| 107|0x0000000088f00000, 0x0000000088f00000, 0x0000000089000000|  0%| F|  |TAMS 0x0000000088f00000, 0x0000000088f00000| Untracked 
| 108|0x0000000089000000, 0x0000000089000000, 0x0000000089100000|  0%| F|  |TAMS 0x0000000089000000, 0x0000000089000000| Untracked 
| 109|0x0000000089100000, 0x0000000089100000, 0x0000000089200000|  0%| F|  |TAMS 0x0000000089100000, 0x0000000089100000| Untracked 
| 110|0x0000000089200000, 0x0000000089200000, 0x0000000089300000|  0%| F|  |TAMS 0x0000000089200000, 0x0000000089200000| Untracked 
| 111|0x0000000089300000, 0x0000000089300000, 0x0000000089400000|  0%| F|  |TAMS 0x0000000089300000, 0x0000000089300000| Untracked 
| 112|0x0000000089400000, 0x0000000089400000, 0x0000000089500000|  0%| F|  |TAMS 0x0000000089400000, 0x0000000089400000| Untracked 
| 113|0x0000000089500000, 0x0000000089500000, 0x0000000089600000|  0%| F|  |TAMS 0x0000000089500000, 0x0000000089500000| Untracked 
| 114|0x0000000089600000, 0x0000000089600000, 0x0000000089700000|  0%| F|  |TAMS 0x0000000089600000, 0x0000000089600000| Untracked 
| 115|0x0000000089700000, 0x0000000089700000, 0x0000000089800000|  0%| F|  |TAMS 0x0000000089700000, 0x0000000089700000| Untracked 
| 116|0x0000000089800000, 0x0000000089800000, 0x0000000089900000|  0%| F|  |TAMS 0x0000000089800000, 0x0000000089800000| Untracked 
| 117|0x0000000089900000, 0x0000000089900000, 0x0000000089a00000|  0%| F|  |TAMS 0x0000000089900000, 0x0000000089900000| Untracked 
| 118|0x0000000089a00000, 0x0000000089a00000, 0x0000000089b00000|  0%| F|  |TAMS 0x0000000089a00000, 0x0000000089a00000| Untracked 
| 119|0x0000000089b00000, 0x0000000089b00000, 0x0000000089c00000|  0%| F|  |TAMS 0x0000000089b00000, 0x0000000089b00000| Untracked 
| 120|0x0000000089c00000, 0x0000000089c00000, 0x0000000089d00000|  0%| F|  |TAMS 0x0000000089c00000, 0x0000000089c00000| Untracked 
| 121|0x0000000089d00000, 0x0000000089d00000, 0x0000000089e00000|  0%| F|  |TAMS 0x0000000089d00000, 0x0000000089d00000| Untracked 
| 122|0x0000000089e00000, 0x0000000089e00000, 0x0000000089f00000|  0%| F|  |TAMS 0x0000000089e00000, 0x0000000089e00000| Untracked 
| 123|0x0000000089f00000, 0x0000000089f00000, 0x000000008a000000|  0%| F|  |TAMS 0x0000000089f00000, 0x0000000089f00000| Untracked 
| 124|0x000000008a000000, 0x000000008a000000, 0x000000008a100000|  0%| F|  |TAMS 0x000000008a000000, 0x000000008a000000| Untracked 
| 125|0x000000008a100000, 0x000000008a100000, 0x000000008a200000|  0%| F|  |TAMS 0x000000008a100000, 0x000000008a100000| Untracked 
| 126|0x000000008a200000, 0x000000008a200000, 0x000000008a300000|  0%| F|  |TAMS 0x000000008a200000, 0x000000008a200000| Untracked 
| 127|0x000000008a300000, 0x000000008a300000, 0x000000008a400000|  0%| F|  |TAMS 0x000000008a300000, 0x000000008a300000| Untracked 
| 128|0x000000008a400000, 0x000000008a400000, 0x000000008a500000|  0%| F|  |TAMS 0x000000008a400000, 0x000000008a400000| Untracked 
| 129|0x000000008a500000, 0x000000008a500000, 0x000000008a600000|  0%| F|  |TAMS 0x000000008a500000, 0x000000008a500000| Untracked 
| 130|0x000000008a600000, 0x000000008a600000, 0x000000008a700000|  0%| F|  |TAMS 0x000000008a600000, 0x000000008a600000| Untracked 
| 131|0x000000008a700000, 0x000000008a780800, 0x000000008a800000| 50%| E|  |TAMS 0x000000008a700000, 0x000000008a700000| Complete 
| 132|0x000000008a800000, 0x000000008a900000, 0x000000008a900000|100%| E|CS|TAMS 0x000000008a800000, 0x000000008a800000| Complete 
| 133|0x000000008a900000, 0x000000008aa00000, 0x000000008aa00000|100%| E|CS|TAMS 0x000000008a900000, 0x000000008a900000| Complete 
| 134|0x000000008aa00000, 0x000000008ab00000, 0x000000008ab00000|100%| E|CS|TAMS 0x000000008aa00000, 0x000000008aa00000| Complete 
| 135|0x000000008ab00000, 0x000000008ac00000, 0x000000008ac00000|100%| E|CS|TAMS 0x000000008ab00000, 0x000000008ab00000| Complete 
| 136|0x000000008ac00000, 0x000000008ad00000, 0x000000008ad00000|100%| E|CS|TAMS 0x000000008ac00000, 0x000000008ac00000| Complete 
| 137|0x000000008ad00000, 0x000000008ae00000, 0x000000008ae00000|100%| E|CS|TAMS 0x000000008ad00000, 0x000000008ad00000| Complete 
| 138|0x000000008ae00000, 0x000000008af00000, 0x000000008af00000|100%| E|CS|TAMS 0x000000008ae00000, 0x000000008ae00000| Complete 
| 139|0x000000008af00000, 0x000000008b000000, 0x000000008b000000|100%| E|CS|TAMS 0x000000008af00000, 0x000000008af00000| Complete 
| 140|0x000000008b000000, 0x000000008b100000, 0x000000008b100000|100%| E|CS|TAMS 0x000000008b000000, 0x000000008b000000| Complete 
| 141|0x000000008b100000, 0x000000008b200000, 0x000000008b200000|100%| E|CS|TAMS 0x000000008b100000, 0x000000008b100000| Complete 
| 142|0x000000008b200000, 0x000000008b300000, 0x000000008b300000|100%| E|CS|TAMS 0x000000008b200000, 0x000000008b200000| Complete 
| 143|0x000000008b300000, 0x000000008b400000, 0x000000008b400000|100%| E|CS|TAMS 0x000000008b300000, 0x000000008b300000| Complete 
| 144|0x000000008b400000, 0x000000008b500000, 0x000000008b500000|100%| E|CS|TAMS 0x000000008b400000, 0x000000008b400000| Complete 
| 145|0x000000008b500000, 0x000000008b600000, 0x000000008b600000|100%| E|CS|TAMS 0x000000008b500000, 0x000000008b500000| Complete 
| 146|0x000000008b600000, 0x000000008b700000, 0x000000008b700000|100%| E|CS|TAMS 0x000000008b600000, 0x000000008b600000| Complete 
| 147|0x000000008b700000, 0x000000008b800000, 0x000000008b800000|100%| E|CS|TAMS 0x000000008b700000, 0x000000008b700000| Complete 
| 148|0x000000008b800000, 0x000000008b900000, 0x000000008b900000|100%| E|CS|TAMS 0x000000008b800000, 0x000000008b800000| Complete 
| 149|0x000000008b900000, 0x000000008ba00000, 0x000000008ba00000|100%| E|CS|TAMS 0x000000008b900000, 0x000000008b900000| Complete 
| 150|0x000000008ba00000, 0x000000008bb00000, 0x000000008bb00000|100%| E|CS|TAMS 0x000000008ba00000, 0x000000008ba00000| Complete 
| 151|0x000000008bb00000, 0x000000008bc00000, 0x000000008bc00000|100%| E|CS|TAMS 0x000000008bb00000, 0x000000008bb00000| Complete 
| 152|0x000000008bc00000, 0x000000008bd00000, 0x000000008bd00000|100%| E|CS|TAMS 0x000000008bc00000, 0x000000008bc00000| Complete 
| 153|0x000000008bd00000, 0x000000008be00000, 0x000000008be00000|100%| E|CS|TAMS 0x000000008bd00000, 0x000000008bd00000| Complete 
| 154|0x000000008be00000, 0x000000008bf00000, 0x000000008bf00000|100%| E|CS|TAMS 0x000000008be00000, 0x000000008be00000| Complete 
| 155|0x000000008bf00000, 0x000000008c000000, 0x000000008c000000|100%| E|CS|TAMS 0x000000008bf00000, 0x000000008bf00000| Complete 
| 156|0x000000008c000000, 0x000000008c100000, 0x000000008c100000|100%| E|CS|TAMS 0x000000008c000000, 0x000000008c000000| Complete 
| 157|0x000000008c100000, 0x000000008c200000, 0x000000008c200000|100%| E|CS|TAMS 0x000000008c100000, 0x000000008c100000| Complete 
| 158|0x000000008c200000, 0x000000008c300000, 0x000000008c300000|100%| E|CS|TAMS 0x000000008c200000, 0x000000008c200000| Complete 
| 159|0x000000008c300000, 0x000000008c400000, 0x000000008c400000|100%| E|CS|TAMS 0x000000008c300000, 0x000000008c300000| Complete 
| 160|0x000000008c400000, 0x000000008c500000, 0x000000008c500000|100%| E|CS|TAMS 0x000000008c400000, 0x000000008c400000| Complete 
| 161|0x000000008c500000, 0x000000008c600000, 0x000000008c600000|100%| E|CS|TAMS 0x000000008c500000, 0x000000008c500000| Complete 
| 162|0x000000008c600000, 0x000000008c700000, 0x000000008c700000|100%| E|CS|TAMS 0x000000008c600000, 0x000000008c600000| Complete 
| 163|0x000000008c700000, 0x000000008c800000, 0x000000008c800000|100%| E|CS|TAMS 0x000000008c700000, 0x000000008c700000| Complete 
|2008|0x00000000ffc00000, 0x00000000ffd00000, 0x00000000ffd00000|100%| O|  |TAMS 0x00000000ffd00000, 0x00000000ffc00000| Untracked 
|2009|0x00000000ffd00000, 0x00000000ffe00000, 0x00000000ffe00000|100%| O|  |TAMS 0x00000000ffe00000, 0x00000000ffd00000| Untracked 
|2010|0x00000000ffe00000, 0x00000000fff00000, 0x00000000fff00000|100%| O|  |TAMS 0x00000000fff00000, 0x00000000ffe00000| Untracked 
|2011|0x00000000fff00000, 0x0000000100000000, 0x0000000100000000|100%| O|  |TAMS 0x0000000100000000, 0x00000000fff00000| Untracked 

Card table byte_map: [0x000001e91ad40000,0x000001e91b130000] _byte_map_base: 0x000001e91a92e000

Marking Bits (Prev, Next): (CMBitMap*) 0x000001e903dd9a50, (CMBitMap*) 0x000001e903dd9a90
 Prev Bits: [0x000001e91b520000, 0x000001e91d490000)
 Next Bits: [0x000001e91d490000, 0x000001e91f400000)

Polling page: 0x000001e9019b0000

Metaspace:

Usage:
  Non-class:     32.34 MB used.
      Class:      4.30 MB used.
       Both:     36.64 MB used.

Virtual space:
  Non-class space:       64.00 MB reserved,      32.56 MB ( 51%) committed,  1 nodes.
      Class space:        1.00 GB reserved,       4.50 MB ( <1%) committed,  1 nodes.
             Both:        1.06 GB reserved,      37.06 MB (  3%) committed. 

Chunk freelists:
   Non-Class:  14.99 MB
       Class:  11.51 MB
        Both:  26.50 MB

MaxMetaspaceSize: unlimited
CompressedClassSpaceSize: 1.00 GB
Initial GC threshold: 21.00 MB
Current GC threshold: 46.81 MB
CDS: on
MetaspaceReclaimPolicy: balanced
 - commit_granule_bytes: 65536.
 - commit_granule_words: 8192.
 - virtual_space_node_default_size: 8388608.
 - enlarge_chunks_in_place: 1.
 - new_chunks_are_fully_committed: 0.
 - uncommit_free_chunks: 1.
 - use_allocation_guard: 0.
 - handle_deallocations: 1.


Internal statistics:

num_allocs_failed_limit: 6.
num_arena_births: 272.
num_arena_deaths: 0.
num_vsnodes_births: 2.
num_vsnodes_deaths: 0.
num_space_committed: 593.
num_space_uncommitted: 0.
num_chunks_returned_to_freelist: 6.
num_chunks_taken_from_freelist: 1621.
num_chunk_merges: 6.
num_chunk_splits: 1137.
num_chunks_enlarged: 871.
num_inconsistent_stats: 0.

CodeHeap 'non-profiled nmethods': size=120000Kb used=4466Kb max_used=4466Kb free=115533Kb
 bounds [0x000001e9130e0000, 0x000001e913540000, 0x000001e91a610000]
CodeHeap 'profiled nmethods': size=120000Kb used=13953Kb max_used=13953Kb free=106046Kb
 bounds [0x000001e90b610000, 0x000001e90c3c0000, 0x000001e912b40000]
CodeHeap 'non-nmethods': size=5760Kb used=1253Kb max_used=1346Kb free=4506Kb
 bounds [0x000001e912b40000, 0x000001e912db0000, 0x000001e9130e0000]
 total_blobs=7200 nmethods=6635 adapters=477
 compilation: enabled
              stopped_count=0, restarted_count=0
 full_count=0

Compilation events (20 events):
Event: 10.096 Thread 0x000001e921a25a70 nmethod 7384 0x000001e90c379410 code [0x000001e90c3795c0, 0x000001e90c379808]
Event: 10.096 Thread 0x000001e921a25a70 7386       1       sun.security.ssl.SSLCipher::isAvailable (5 bytes)
Event: 10.096 Thread 0x000001e921a25a70 nmethod 7386 0x000001e913533d10 code [0x000001e913533ea0, 0x000001e913533f78]
Event: 10.096 Thread 0x000001e921a25a70 7387       3       java.lang.Enum::getDeclaringClass (22 bytes)
Event: 10.096 Thread 0x000001e921a25a70 nmethod 7387 0x000001e90c379910 code [0x000001e90c379ac0, 0x000001e90c379ca8]
Event: 10.096 Thread 0x000001e921a25a70 7388       3       java.util.RegularEnumSet::isEmpty (15 bytes)
Event: 10.097 Thread 0x000001e921a25a70 nmethod 7388 0x000001e90c379d90 code [0x000001e90c379f20, 0x000001e90c37a098]
Event: 10.097 Thread 0x000001e921a25a70 7389       3       sun.security.ssl.CipherSuite::supports (11 bytes)
Event: 10.097 Thread 0x000001e921a25a70 nmethod 7389 0x000001e90c37a110 code [0x000001e90c37a2c0, 0x000001e90c37a488]
Event: 10.097 Thread 0x000001e921a25a70 7390       3       java.util.EnumSet::of (16 bytes)
Event: 10.097 Thread 0x000001e921a25a70 nmethod 7390 0x000001e90c37a590 code [0x000001e90c37a760, 0x000001e90c37aa88]
Event: 10.097 Thread 0x000001e921a25a70 7391       3       sun.security.util.DisabledAlgorithmConstraints::permits (70 bytes)
Event: 10.098 Thread 0x000001e921a25a70 nmethod 7391 0x000001e90c37ac10 code [0x000001e90c37ae20, 0x000001e90c37b4c8]
Event: 10.098 Thread 0x000001e921a25a70 7392   !   3       sun.security.util.DisabledAlgorithmConstraints::cachedCheckAlgorithm (116 bytes)
Event: 10.099 Thread 0x000001e921a25a70 nmethod 7392 0x000001e90c37b710 code [0x000001e90c37b9a0, 0x000001e90c37c928]
Event: 10.099 Thread 0x000001e9675a9120 nmethod 7374 0x000001e913534010 code [0x000001e9135341c0, 0x000001e9135348b8]
Event: 10.100 Thread 0x000001e9675a9120 7376       4       java.lang.Math::floorMod (20 bytes)
Event: 10.100 Thread 0x000001e9675a9120 nmethod 7376 0x000001e913534c90 code [0x000001e913534e00, 0x000001e913534eb8]
Event: 10.100 Thread 0x000001e9675a9120 7393       4       java.util.Arrays$ArrayList::size (6 bytes)
Event: 10.101 Thread 0x000001e9675a9120 nmethod 7393 0x000001e913534f90 code [0x000001e913535100, 0x000001e913535198]

GC Heap History (20 events):
Event: 2.462 GC heap before
{Heap before GC invocations=2 (full 0):
 garbage-first heap   total 129024K, used 80282K [0x0000000082400000, 0x0000000100000000)
  region size 1024K, 75 young (76800K), 2 survivors (2048K)
 Metaspace       used 15671K, committed 15808K, reserved 1114112K
  class space    used 1865K, committed 1920K, reserved 1048576K
}
Event: 2.474 GC heap after
{Heap after GC invocations=3 (full 0):
 garbage-first heap   total 129024K, used 13095K [0x0000000082400000, 0x0000000100000000)
  region size 1024K, 10 young (10240K), 10 survivors (10240K)
 Metaspace       used 15671K, committed 15808K, reserved 1114112K
  class space    used 1865K, committed 1920K, reserved 1048576K
}
Event: 3.641 GC heap before
{Heap before GC invocations=3 (full 0):
 garbage-first heap   total 129024K, used 79655K [0x0000000082400000, 0x0000000100000000)
  region size 1024K, 75 young (76800K), 10 survivors (10240K)
 Metaspace       used 17117K, committed 17408K, reserved 1114112K
  class space    used 1989K, committed 2112K, reserved 1048576K
}
Event: 3.658 GC heap after
{Heap after GC invocations=4 (full 0):
 garbage-first heap   total 129024K, used 16733K [0x0000000082400000, 0x0000000100000000)
  region size 1024K, 5 young (5120K), 5 survivors (5120K)
 Metaspace       used 17117K, committed 17408K, reserved 1114112K
  class space    used 1989K, committed 2112K, reserved 1048576K
}
Event: 4.319 GC heap before
{Heap before GC invocations=4 (full 0):
 garbage-first heap   total 129024K, used 49501K [0x0000000082400000, 0x0000000100000000)
  region size 1024K, 34 young (34816K), 5 survivors (5120K)
 Metaspace       used 21273K, committed 21504K, reserved 1114112K
  class space    used 2502K, committed 2624K, reserved 1048576K
}
Event: 4.327 GC heap after
{Heap after GC invocations=5 (full 0):
 garbage-first heap   total 129024K, used 24434K [0x0000000082400000, 0x0000000100000000)
  region size 1024K, 8 young (8192K), 8 survivors (8192K)
 Metaspace       used 21273K, committed 21504K, reserved 1114112K
  class space    used 2502K, committed 2624K, reserved 1048576K
}
Event: 5.546 GC heap before
{Heap before GC invocations=6 (full 0):
 garbage-first heap   total 86016K, used 68466K [0x0000000082400000, 0x0000000100000000)
  region size 1024K, 50 young (51200K), 8 survivors (8192K)
 Metaspace       used 26673K, committed 27008K, reserved 1114112K
  class space    used 3094K, committed 3264K, reserved 1048576K
}
Event: 5.579 GC heap after
{Heap after GC invocations=7 (full 0):
 garbage-first heap   total 90112K, used 35858K [0x0000000082400000, 0x0000000100000000)
  region size 1024K, 7 young (7168K), 7 survivors (7168K)
 Metaspace       used 26673K, committed 27008K, reserved 1114112K
  class space    used 3094K, committed 3264K, reserved 1048576K
}
Event: 5.612 GC heap before
{Heap before GC invocations=7 (full 0):
 garbage-first heap   total 90112K, used 36882K [0x0000000082400000, 0x0000000100000000)
  region size 1024K, 8 young (8192K), 7 survivors (7168K)
 Metaspace       used 26791K, committed 27136K, reserved 1114112K
  class space    used 3101K, committed 3264K, reserved 1048576K
}
Event: 5.622 GC heap after
{Heap after GC invocations=8 (full 0):
 garbage-first heap   total 90112K, used 36864K [0x0000000082400000, 0x0000000100000000)
  region size 1024K, 1 young (1024K), 1 survivors (1024K)
 Metaspace       used 26791K, committed 27136K, reserved 1114112K
  class space    used 3101K, committed 3264K, reserved 1048576K
}
Event: 6.263 GC heap before
{Heap before GC invocations=8 (full 0):
 garbage-first heap   total 90112K, used 65536K [0x0000000082400000, 0x0000000100000000)
  region size 1024K, 29 young (29696K), 1 survivors (1024K)
 Metaspace       used 28446K, committed 28736K, reserved 1114112K
  class space    used 3327K, committed 3456K, reserved 1048576K
}
Event: 6.268 GC heap after
{Heap after GC invocations=9 (full 0):
 garbage-first heap   total 90112K, used 36732K [0x0000000082400000, 0x0000000100000000)
  region size 1024K, 1 young (1024K), 1 survivors (1024K)
 Metaspace       used 28446K, committed 28736K, reserved 1114112K
  class space    used 3327K, committed 3456K, reserved 1048576K
}
Event: 6.781 GC heap before
{Heap before GC invocations=10 (full 0):
 garbage-first heap   total 90112K, used 69500K [0x0000000082400000, 0x0000000100000000)
  region size 1024K, 31 young (31744K), 1 survivors (1024K)
 Metaspace       used 28547K, committed 28864K, reserved 1114112K
  class space    used 3328K, committed 3456K, reserved 1048576K
}
Event: 6.796 GC heap after
{Heap after GC invocations=11 (full 0):
 garbage-first heap   total 90112K, used 49554K [0x0000000082400000, 0x0000000100000000)
  region size 1024K, 4 young (4096K), 4 survivors (4096K)
 Metaspace       used 28547K, committed 28864K, reserved 1114112K
  class space    used 3328K, committed 3456K, reserved 1048576K
}
Event: 6.812 GC heap before
{Heap before GC invocations=11 (full 0):
 garbage-first heap   total 90112K, used 49554K [0x0000000082400000, 0x0000000100000000)
  region size 1024K, 5 young (5120K), 4 survivors (4096K)
 Metaspace       used 28547K, committed 28864K, reserved 1114112K
  class space    used 3328K, committed 3456K, reserved 1048576K
}
Event: 6.819 GC heap after
{Heap after GC invocations=12 (full 0):
 garbage-first heap   total 172032K, used 47688K [0x0000000082400000, 0x0000000100000000)
  region size 1024K, 1 young (1024K), 1 survivors (1024K)
 Metaspace       used 28547K, committed 28864K, reserved 1114112K
  class space    used 3328K, committed 3456K, reserved 1048576K
}
Event: 8.125 GC heap before
{Heap before GC invocations=12 (full 0):
 garbage-first heap   total 172032K, used 117320K [0x0000000082400000, 0x0000000100000000)
  region size 1024K, 69 young (70656K), 1 survivors (1024K)
 Metaspace       used 30373K, committed 30656K, reserved 1114112K
  class space    used 3530K, committed 3648K, reserved 1048576K
}
Event: 8.130 GC heap after
{Heap after GC invocations=13 (full 0):
 garbage-first heap   total 172032K, used 52591K [0x0000000082400000, 0x0000000100000000)
  region size 1024K, 6 young (6144K), 6 survivors (6144K)
 Metaspace       used 30373K, committed 30656K, reserved 1114112K
  class space    used 3530K, committed 3648K, reserved 1048576K
}
Event: 9.258 GC heap before
{Heap before GC invocations=13 (full 0):
 garbage-first heap   total 172032K, used 142703K [0x0000000082400000, 0x0000000100000000)
  region size 1024K, 74 young (75776K), 6 survivors (6144K)
 Metaspace       used 34057K, committed 34368K, reserved 1114112K
  class space    used 4017K, committed 4160K, reserved 1048576K
}
Event: 9.264 GC heap after
{Heap after GC invocations=14 (full 0):
 garbage-first heap   total 172032K, used 57570K [0x0000000082400000, 0x0000000100000000)
  region size 1024K, 5 young (5120K), 5 survivors (5120K)
 Metaspace       used 34057K, committed 34368K, reserved 1114112K
  class space    used 4017K, committed 4160K, reserved 1048576K
}

Deoptimization events (20 events):
Event: 10.072 Thread 0x000001e903d80a50 Uncommon trap: trap_request=0xffffffbe fr.pc=0x000001e913530264 relative=0x0000000000000784
Event: 10.072 Thread 0x000001e903d80a50 Uncommon trap: reason=profile_predicate action=maybe_recompile pc=0x000001e913530264 method=java.lang.Integer.parseInt(Ljava/lang/String;I)I @ 178 c2
Event: 10.072 Thread 0x000001e903d80a50 DEOPT PACKING pc=0x000001e913530264 sp=0x0000001b3dbf9590
Event: 10.072 Thread 0x000001e903d80a50 DEOPT UNPACKING pc=0x000001e912b923a3 sp=0x0000001b3dbf94f8 mode 2
Event: 10.078 Thread 0x000001e903d80a50 Uncommon trap: trap_request=0xffffffc6 fr.pc=0x000001e91317b2c4 relative=0x00000000000006e4
Event: 10.078 Thread 0x000001e903d80a50 Uncommon trap: reason=bimorphic_or_optimized_type_check action=maybe_recompile pc=0x000001e91317b2c4 method=java.util.ImmutableCollections$MapN.probe(Ljava/lang/Object;)I @ 1 c2
Event: 10.078 Thread 0x000001e903d80a50 DEOPT PACKING pc=0x000001e91317b2c4 sp=0x0000001b3dbfa0d0
Event: 10.079 Thread 0x000001e903d80a50 DEOPT UNPACKING pc=0x000001e912b923a3 sp=0x0000001b3dbfa080 mode 2
Event: 10.079 Thread 0x000001e903d80a50 Uncommon trap: trap_request=0xffffffc6 fr.pc=0x000001e91317b2c4 relative=0x00000000000006e4
Event: 10.079 Thread 0x000001e903d80a50 Uncommon trap: reason=bimorphic_or_optimized_type_check action=maybe_recompile pc=0x000001e91317b2c4 method=java.util.ImmutableCollections$MapN.probe(Ljava/lang/Object;)I @ 1 c2
Event: 10.079 Thread 0x000001e903d80a50 DEOPT PACKING pc=0x000001e91317b2c4 sp=0x0000001b3dbfa0d0
Event: 10.079 Thread 0x000001e903d80a50 DEOPT UNPACKING pc=0x000001e912b923a3 sp=0x0000001b3dbfa080 mode 2
Event: 10.079 Thread 0x000001e903d80a50 Uncommon trap: trap_request=0xffffffc6 fr.pc=0x000001e91317b2c4 relative=0x00000000000006e4
Event: 10.079 Thread 0x000001e903d80a50 Uncommon trap: reason=bimorphic_or_optimized_type_check action=maybe_recompile pc=0x000001e91317b2c4 method=java.util.ImmutableCollections$MapN.probe(Ljava/lang/Object;)I @ 1 c2
Event: 10.079 Thread 0x000001e903d80a50 DEOPT PACKING pc=0x000001e91317b2c4 sp=0x0000001b3dbfa0d0
Event: 10.079 Thread 0x000001e903d80a50 DEOPT UNPACKING pc=0x000001e912b923a3 sp=0x0000001b3dbfa080 mode 2
Event: 10.079 Thread 0x000001e903d80a50 Uncommon trap: trap_request=0xffffffc6 fr.pc=0x000001e91317b2c4 relative=0x00000000000006e4
Event: 10.079 Thread 0x000001e903d80a50 Uncommon trap: reason=bimorphic_or_optimized_type_check action=maybe_recompile pc=0x000001e91317b2c4 method=java.util.ImmutableCollections$MapN.probe(Ljava/lang/Object;)I @ 1 c2
Event: 10.079 Thread 0x000001e903d80a50 DEOPT PACKING pc=0x000001e91317b2c4 sp=0x0000001b3dbfa0d0
Event: 10.079 Thread 0x000001e903d80a50 DEOPT UNPACKING pc=0x000001e912b923a3 sp=0x0000001b3dbfa080 mode 2

Classes unloaded (0 events):
No events

Classes redefined (0 events):
No events

Internal exceptions (20 events):
Event: 8.159 Thread 0x000001e903d80a50 Exception <a 'java/lang/NoClassDefFoundError'{0x000000008c529018}: org/sonatype/aether/collection/DependencyCollectionException> (0x000000008c529018) 
thrown [s\open\src\hotspot\share\classfile\systemDictionary.cpp, line 245]
Event: 8.162 Thread 0x000001e903d80a50 Exception <a 'java/lang/NoClassDefFoundError'{0x000000008c560440}: org/sonatype/aether/metadata/Metadata> (0x000000008c560440) 
thrown [s\open\src\hotspot\share\classfile\systemDictionary.cpp, line 245]
Event: 8.165 Thread 0x000001e903d80a50 Exception <a 'java/lang/NoClassDefFoundError'{0x000000008c579dc8}: org/sonatype/aether/metadata/Metadata> (0x000000008c579dc8) 
thrown [s\open\src\hotspot\share\classfile\systemDictionary.cpp, line 245]
Event: 8.167 Thread 0x000001e903d80a50 Exception <a 'java/lang/NoClassDefFoundError'{0x000000008c58c5e8}: org/sonatype/aether/resolution/ArtifactResolutionException> (0x000000008c58c5e8) 
thrown [s\open\src\hotspot\share\classfile\systemDictionary.cpp, line 245]
Event: 8.171 Thread 0x000001e903d80a50 Exception <a 'java/lang/NoClassDefFoundError'{0x000000008c5b9190}: org/sonatype/aether/installation/InstallationException> (0x000000008c5b9190) 
thrown [s\open\src\hotspot\share\classfile\systemDictionary.cpp, line 245]
Event: 8.174 Thread 0x000001e903d80a50 Exception <a 'java/lang/NoClassDefFoundError'{0x000000008c5d1388}: org/sonatype/aether/deployment/DeploymentException> (0x000000008c5d1388) 
thrown [s\open\src\hotspot\share\classfile\systemDictionary.cpp, line 245]
Event: 8.205 Thread 0x000001e96864d8e0 Exception <a 'java/lang/NoSuchMethodError'{0x000000008c346c40}: 'java.lang.Object java.lang.invoke.DirectMethodHandle$Holder.invokeStatic(java.lang.Object, java.lang.Object, long, java.lang.Object)'> (0x000000008c346c40) 
thrown [s\open\src\hotspot\share\interpreter\linkResolver.cpp, line 759]
Event: 8.205 Thread 0x000001e96864d8e0 Exception <a 'java/lang/NoSuchMethodError'{0x000000008c34a418}: 'java.lang.Object java.lang.invoke.DirectMethodHandle$Holder.invokeStaticInit(java.lang.Object, java.lang.Object, long, java.lang.Object)'> (0x000000008c34a418) 
thrown [s\open\src\hotspot\share\interpreter\linkResolver.cpp, line 759]
Event: 8.206 Thread 0x000001e96864d8e0 Exception <a 'java/lang/NoSuchMethodError'{0x000000008c350a60}: 'java.lang.Object java.lang.invoke.DirectMethodHandle$Holder.newInvokeSpecial(java.lang.Object, java.lang.Object, long)'> (0x000000008c350a60) 
thrown [s\open\src\hotspot\share\interpreter\linkResolver.cpp, line 759]
Event: 8.207 Thread 0x000001e96864d8e0 Exception <a 'java/lang/NoSuchMethodError'{0x000000008c3545d0}: 'java.lang.Object java.lang.invoke.Invokers$Holder.linkToTargetMethod(java.lang.Object, long, java.lang.Object)'> (0x000000008c3545d0) 
thrown [s\open\src\hotspot\share\interpreter\linkResolver.cpp, line 759]
Event: 8.650 Thread 0x000001e903d80a50 Exception <a 'java/lang/NoSuchMethodError'{0x000000008a7aead0}: 'java.lang.Object java.lang.invoke.DirectMethodHandle$Holder.invokeStaticInit(java.lang.Object, int)'> (0x000000008a7aead0) 
thrown [s\open\src\hotspot\share\interpreter\linkResolver.cpp, line 759]
Event: 8.720 Thread 0x000001e96864c9b0 Implicit null exception at 0x000001e91317a02a to 0x000001e91317a188
Event: 8.720 Thread 0x000001e96864d8e0 Implicit null exception at 0x000001e91317a02a to 0x000001e91317a188
Event: 8.720 Thread 0x000001e96864e300 Implicit null exception at 0x000001e91317a02a to 0x000001e91317a188
Event: 9.269 Thread 0x000001e903d80a50 Exception <a 'java/lang/NoSuchMethodError'{0x000000008c72ea10}: 'void java.lang.invoke.DirectMethodHandle$Holder.invokeStatic(java.lang.Object, java.lang.Object, java.lang.Object, java.lang.Object)'> (0x000000008c72ea10) 
thrown [s\open\src\hotspot\share\interpreter\linkResolver.cpp, line 759]
Event: 9.946 Thread 0x000001e903d80a50 Exception <a 'sun/nio/fs/WindowsException'{0x000000008ae8e9f0}> (0x000000008ae8e9f0) 
thrown [s\open\src\hotspot\share\prims\jni.cpp, line 516]
Event: 9.946 Thread 0x000001e903d80a50 Exception <a 'sun/nio/fs/WindowsException'{0x000000008ae8f130}> (0x000000008ae8f130) 
thrown [s\open\src\hotspot\share\prims\jni.cpp, line 516]
Event: 10.025 Thread 0x000001e903d80a50 Exception <a 'sun/nio/fs/WindowsException'{0x000000008ac48e28}> (0x000000008ac48e28) 
thrown [s\open\src\hotspot\share\prims\jni.cpp, line 516]
Event: 10.039 Thread 0x000001e903d80a50 Exception <a 'java/lang/NoSuchMethodError'{0x000000008ac6a8a0}: 'int java.lang.invoke.DirectMethodHandle$Holder.invokeStaticInit(java.lang.Object, java.lang.Object, java.lang.Object, java.lang.Object)'> (0x000000008ac6a8a0) 
thrown [s\open\src\hotspot\share\interpreter\linkResolver.cpp, line 759]
Event: 10.040 Thread 0x000001e903d80a50 Exception <a 'java/lang/IncompatibleClassChangeError'{0x000000008ac73f98}: Found class java.lang.Object, but interface was expected> (0x000000008ac73f98) 
thrown [s\open\src\hotspot\share\interpreter\linkResolver.cpp, line 826]

VM Operations (20 events):
Event: 8.658 Executing VM operation: HandshakeAllThreads
Event: 8.658 Executing VM operation: HandshakeAllThreads done
Event: 8.663 Executing VM operation: ICBufferFull
Event: 8.663 Executing VM operation: ICBufferFull done
Event: 8.687 Executing VM operation: HandshakeAllThreads
Event: 8.687 Executing VM operation: HandshakeAllThreads done
Event: 8.699 Executing VM operation: HandshakeAllThreads
Event: 8.699 Executing VM operation: HandshakeAllThreads done
Event: 8.721 Executing VM operation: HandshakeAllThreads
Event: 8.722 Executing VM operation: HandshakeAllThreads done
Event: 8.725 Executing VM operation: HandshakeAllThreads
Event: 8.726 Executing VM operation: HandshakeAllThreads done
Event: 8.726 Executing VM operation: HandshakeAllThreads
Event: 8.726 Executing VM operation: HandshakeAllThreads done
Event: 9.144 Executing VM operation: HandshakeAllThreads
Event: 9.144 Executing VM operation: HandshakeAllThreads done
Event: 9.258 Executing VM operation: G1CollectForAllocation
Event: 9.265 Executing VM operation: G1CollectForAllocation done
Event: 10.027 Executing VM operation: HandshakeAllThreads
Event: 10.027 Executing VM operation: HandshakeAllThreads done

Events (20 events):
Event: 10.100 loading class javax/net/ssl/TrustManagerFactory done
Event: 10.100 loading class javax/net/ssl/TrustManagerFactory$1
Event: 10.100 loading class javax/net/ssl/TrustManagerFactory$1 done
Event: 10.100 loading class javax/net/ssl/TrustManagerFactorySpi
Event: 10.100 loading class javax/net/ssl/TrustManagerFactorySpi done
Event: 10.100 loading class sun/security/ssl/TrustManagerFactoryImpl$PKIXFactory
Event: 10.101 loading class sun/security/ssl/TrustManagerFactoryImpl
Event: 10.101 loading class sun/security/ssl/TrustManagerFactoryImpl done
Event: 10.101 loading class sun/security/ssl/TrustManagerFactoryImpl$PKIXFactory done
Event: 10.101 loading class sun/security/ssl/TrustStoreManager
Event: 10.101 loading class sun/security/ssl/TrustStoreManager done
Event: 10.101 loading class sun/security/ssl/TrustStoreManager$TrustAnchorManager
Event: 10.101 loading class sun/security/ssl/TrustStoreManager$TrustAnchorManager done
Event: 10.101 loading class sun/security/ssl/TrustStoreManager$TrustStoreDescriptor
Event: 10.102 loading class sun/security/ssl/TrustStoreManager$TrustStoreDescriptor done
Event: 10.102 loading class sun/security/util/FilePaths
Event: 10.102 loading class sun/security/util/FilePaths done
Event: 10.102 loading class sun/security/ssl/TrustStoreManager$TrustStoreDescriptor$1
Event: 10.102 loading class sun/security/ssl/TrustStoreManager$TrustStoreDescriptor$1 done
Event: 10.102 loading class java/security/KeyStore


Dynamic libraries:
0x00007ff6435e0000 - 0x00007ff6435f0000 	C:\Program Files\Java\jdk-17\bin\java.exe
0x00007ffdeee50000 - 0x00007ffdef067000 	C:\WINDOWS\SYSTEM32\ntdll.dll
0x00007ffded1b0000 - 0x00007ffded274000 	C:\WINDOWS\System32\KERNEL32.DLL
0x00007ffdec290000 - 0x00007ffdec660000 	C:\WINDOWS\System32\KERNELBASE.dll
0x00007ffdec660000 - 0x00007ffdec771000 	C:\WINDOWS\System32\ucrtbase.dll
0x00007ffdd4580000 - 0x00007ffdd459b000 	C:\Program Files\Java\jdk-17\bin\VCRUNTIME140.dll
0x00007ffde4c60000 - 0x00007ffde4c79000 	C:\Program Files\Java\jdk-17\bin\jli.dll
0x00007ffdecb40000 - 0x00007ffdecbf1000 	C:\WINDOWS\System32\ADVAPI32.dll
0x00007ffdecd20000 - 0x00007ffdecdc7000 	C:\WINDOWS\System32\msvcrt.dll
0x00007ffdedaa0000 - 0x00007ffdedb47000 	C:\WINDOWS\System32\sechost.dll
0x00007ffdec970000 - 0x00007ffdec998000 	C:\WINDOWS\System32\bcrypt.dll
0x00007ffded950000 - 0x00007ffdeda64000 	C:\WINDOWS\System32\RPCRT4.dll
0x00007ffdecdd0000 - 0x00007ffdecf7e000 	C:\WINDOWS\System32\USER32.dll
0x00007ffdec260000 - 0x00007ffdec286000 	C:\WINDOWS\System32\win32u.dll
0x00007ffdd90a0000 - 0x00007ffdd9332000 	C:\WINDOWS\WinSxS\amd64_microsoft.windows.common-controls_6595b64144ccf1df_6.0.22621.4830_none_270fe7d773858e80\COMCTL32.dll
0x00007ffdeda70000 - 0x00007ffdeda99000 	C:\WINDOWS\System32\GDI32.dll
0x00007ffdeca20000 - 0x00007ffdecb3b000 	C:\WINDOWS\System32\gdi32full.dll
0x00007ffdec100000 - 0x00007ffdec19a000 	C:\WINDOWS\System32\msvcp_win.dll
0x00007ffde47f0000 - 0x00007ffde47fa000 	C:\WINDOWS\SYSTEM32\VERSION.dll
0x00007ffdee8d0000 - 0x00007ffdee901000 	C:\WINDOWS\System32\IMM32.DLL
0x00007ffdd3490000 - 0x00007ffdd3542000 	C:\Program Files\McAfee\Endpoint Security\Threat Prevention\Ips\EpMPApi.dll
0x00007ffdec780000 - 0x00007ffdec7f2000 	C:\WINDOWS\System32\WINTRUST.dll
0x00007ffdec800000 - 0x00007ffdec966000 	C:\WINDOWS\System32\CRYPT32.dll
0x00007ffdebda0000 - 0x00007ffdebdb2000 	C:\WINDOWS\SYSTEM32\MSASN1.dll
0x0000000066cc0000 - 0x0000000066ccc000 	C:\Program Files\McAfee\Endpoint Security\Threat Prevention\Ips\EpMPThe.dll
0x00007ffdd6730000 - 0x00007ffdd678b000 	C:\Program Files\McAfee\Endpoint Security\Threat Prevention\Ips\HIPHandlers64.dll
0x00007ffdee050000 - 0x00007ffdee8c8000 	C:\WINDOWS\System32\SHELL32.dll
0x00007ffdedd00000 - 0x00007ffdedd5e000 	C:\WINDOWS\System32\SHLWAPI.dll
0x00007ffdeac40000 - 0x00007ffdeac6d000 	C:\WINDOWS\SYSTEM32\IPHLPAPI.DLL
0x00007ffde9a30000 - 0x00007ffde9c62000 	C:\WINDOWS\SYSTEM32\dbghelp.dll
0x00007ffded280000 - 0x00007ffded610000 	C:\WINDOWS\System32\combase.dll
0x00007ffded0c0000 - 0x00007ffded197000 	C:\WINDOWS\System32\OLEAUT32.dll
0x00007ffdd4300000 - 0x00007ffdd430c000 	C:\Program Files\Java\jdk-17\bin\vcruntime140_1.dll
0x00007ffdbddb0000 - 0x00007ffdbde3e000 	C:\Program Files\Java\jdk-17\bin\msvcp140.dll
0x00007ffd5a0b0000 - 0x00007ffd5ac91000 	C:\Program Files\Java\jdk-17\bin\server\jvm.dll
0x00007ffdecd10000 - 0x00007ffdecd18000 	C:\WINDOWS\System32\PSAPI.DLL
0x00007ffde5930000 - 0x00007ffde5964000 	C:\WINDOWS\SYSTEM32\WINMM.dll
0x00007ffdd3380000 - 0x00007ffdd3389000 	C:\WINDOWS\SYSTEM32\WSOCK32.dll
0x00007ffdee910000 - 0x00007ffdee981000 	C:\WINDOWS\System32\WS2_32.dll
0x00007ffdeb230000 - 0x00007ffdeb248000 	C:\WINDOWS\SYSTEM32\kernel.appcore.dll
0x00007ffdd42f0000 - 0x00007ffdd42fa000 	C:\Program Files\Java\jdk-17\bin\jimage.dll
0x00007ffdd5050000 - 0x00007ffdd5082000 	C:\WINDOWS\SYSTEM32\dbgcore.DLL
0x00007ffdec9a0000 - 0x00007ffdeca1b000 	C:\WINDOWS\System32\bcryptPrimitives.dll
0x00007ffdd40f0000 - 0x00007ffdd4115000 	C:\Program Files\Java\jdk-17\bin\java.dll
0x00007ffdbb100000 - 0x00007ffdbb1d7000 	C:\Program Files\Java\jdk-17\bin\jsvml.dll
0x00007ffdea060000 - 0x00007ffdea970000 	C:\WINDOWS\SYSTEM32\windows.storage.dll
0x00007ffde9f20000 - 0x00007ffdea05f000 	C:\WINDOWS\SYSTEM32\wintypes.dll
0x00007ffdecc00000 - 0x00007ffdecd0a000 	C:\WINDOWS\System32\SHCORE.dll
0x00007ffdec030000 - 0x00007ffdec05b000 	C:\WINDOWS\SYSTEM32\profapi.dll
0x00007ffdc8db0000 - 0x00007ffdc8dc9000 	C:\Program Files\Java\jdk-17\bin\net.dll
0x00007ffde5800000 - 0x00007ffde592c000 	C:\WINDOWS\SYSTEM32\WINHTTP.dll
0x00007ffdeb6b0000 - 0x00007ffdeb71a000 	C:\WINDOWS\system32\mswsock.dll
0x00007ffdbdd90000 - 0x00007ffdbdda6000 	C:\Program Files\Java\jdk-17\bin\nio.dll
0x00007ffdaf9b0000 - 0x00007ffdaf9c8000 	C:\Program Files\Java\jdk-17\bin\zip.dll
0x00007ffda73e0000 - 0x00007ffda7404000 	C:\Program Files\apache-maven-3.9.9\lib\jansi-native\Windows\x86_64\jansi.dll
0x00007ffdd40e0000 - 0x00007ffdd40f0000 	C:\Program Files\Java\jdk-17\bin\verify.dll
0x00007ffdeb340000 - 0x00007ffdeb374000 	C:\WINDOWS\SYSTEM32\ntmarta.dll
0x00007ffdc89a0000 - 0x00007ffdc89ae000 	C:\Program Files\Java\jdk-17\bin\sunmscapi.dll
0x00007ffdebaa0000 - 0x00007ffdebacd000 	C:\WINDOWS\SYSTEM32\ncrypt.dll
0x00007ffdeba60000 - 0x00007ffdeba97000 	C:\WINDOWS\SYSTEM32\NTASN1.dll
0x00007ffdeb900000 - 0x00007ffdeb91b000 	C:\WINDOWS\SYSTEM32\CRYPTSP.dll
0x00007ffdeb190000 - 0x00007ffdeb1c5000 	C:\WINDOWS\system32\rsaenh.dll
0x00007ffdeb7a0000 - 0x00007ffdeb7c8000 	C:\WINDOWS\SYSTEM32\USERENV.dll

dbghelp: loaded successfully - version: 4.0.5 - missing functions: none
symbol engine: initialized successfully - sym options: 0x614 - pdb path: .;C:\Program Files\Java\jdk-17\bin;C:\WINDOWS\SYSTEM32;C:\WINDOWS\WinSxS\amd64_microsoft.windows.common-controls_6595b64144ccf1df_6.0.22621.4830_none_270fe7d773858e80;C:\Program Files\McAfee\Endpoint Security\Threat Prevention\Ips;C:\Program Files\Java\jdk-17\bin\server;C:\Program Files\apache-maven-3.9.9\lib\jansi-native\Windows\x86_64

VM Arguments:
jvm_args: -Dclassworlds.conf=C:/Program Files/apache-maven-3.9.9/bin/m2.conf -Dmaven.home=C:/Program Files/apache-maven-3.9.9 -Dlibrary.jansi.path=C:/Program Files/apache-maven-3.9.9/lib/jansi-native -Dmaven.multiModuleProjectDirectory=C:/ornek/bank-account-management 
java_command: org.codehaus.plexus.classworlds.launcher.Launcher clean install -DskipTests
java_class_path (initial): C:/Program Files/apache-maven-3.9.9/boot/plexus-classworlds-2.8.0.jar
Launcher Type: SUN_STANDARD

[Global flags]
     intx CICompilerCount                          = 4                                         {product} {ergonomic}
     uint ConcGCThreads                            = 2                                         {product} {ergonomic}
     uint G1ConcRefinementThreads                  = 8                                         {product} {ergonomic}
   size_t G1HeapRegionSize                         = 1048576                                   {product} {ergonomic}
    uintx GCDrainStackTargetSize                   = 64                                        {product} {ergonomic}
   size_t InitialHeapSize                          = 132120576                                 {product} {ergonomic}
   size_t MarkStackSize                            = 4194304                                   {product} {ergonomic}
   size_t MaxHeapSize                              = 2109734912                                {product} {ergonomic}
   size_t MaxNewSize                               = 1265631232                                {product} {ergonomic}
   size_t MinHeapDeltaBytes                        = 1048576                                   {product} {ergonomic}
   size_t MinHeapSize                              = 8388608                                   {product} {ergonomic}
    uintx NonNMethodCodeHeapSize                   = 5839372                                {pd product} {ergonomic}
    uintx NonProfiledCodeHeapSize                  = 122909434                              {pd product} {ergonomic}
    uintx ProfiledCodeHeapSize                     = 122909434                              {pd product} {ergonomic}
    uintx ReservedCodeCacheSize                    = 251658240                              {pd product} {ergonomic}
     bool SegmentedCodeCache                       = true                                      {product} {ergonomic}
   size_t SoftMaxHeapSize                          = 2109734912                             {manageable} {ergonomic}
     bool UseCompressedClassPointers               = true                           {product lp64_product} {ergonomic}
     bool UseCompressedOops                        = true                           {product lp64_product} {ergonomic}
     bool UseG1GC                                  = true                                      {product} {ergonomic}
     bool UseLargePagesIndividualAllocation        = false                                  {pd product} {ergonomic}

Logging:
Log output configuration:
 #0: stdout all=warning uptime,level,tags
 #1: stderr all=off uptime,level,tags

Environment Variables:
JAVA_HOME=C:/Program Files/Java/jdk-17
PATH=C:\Users\FÝLÝZC\bin;C:\Program Files\Git\mingw64\bin;C:\Program Files\Git\usr\local\bin;C:\Program Files\Git\usr\bin;C:\Program Files\Git\usr\bin;C:\Program Files\Git\mingw64\bin;C:\Program Files\Git\usr\bin;C:\Users\FÝLÝZC\bin;C:\Users\FÝLÝZC\.p2\pool\plugins\org.eclipse.justj.openjdk.hotspot.jre.full.win32.x86_64_23.0.2.v20250131-0604\jre\bin\server;C:\Users\FÝLÝZC\.p2\pool\plugins\org.eclipse.justj.openjdk.hotspot.jre.full.win32.x86_64_23.0.2.v20250131-0604\jre\bin;C:\Program Files\Common Files\Oracle\Java\javapath;C:\Program Files (x86)\Common Files\Oracle\Java\javapath;C:\Program Files (x86)\Common Files\Intel\Shared Libraries\redist\intel64\compiler;C:\Program Files\Microsoft MPI\Bin;C:\Windows\system32;C:\Windows;C:\Windows\System32\Wbem;C:\Windows\System32\WindowsPowerShell\v1.0;C:\Windows\System32\OpenSSH;C:\Program Files (x86)\NVIDIA Corporation\PhysX\Common;C:\Program Files\Microsoft SQL Server\110\Tools\Binn;C:\Program Files\Microsoft\Web Platform Installer;C:\Program Files (x86)\Microsoft ASP.NET\ASP.NET Web Pages\v1.0;C:\WINDOWS\system32;C:\WINDOWS;C:\WINDOWS\System32\Wbem;C:\WINDOWS\System32\WindowsPowerShell\v1.0;C:\WINDOWS\System32\OpenSSH;C:\Program Files\Microsoft SQL Server\130\Tools\Binn;C:\Program Files\Microsoft SQL Server\Client SDK\ODBC\170\Tools\Binn;C:\Program Files (x86)\Microsoft SQL Server\150\Tools\Binn;C:\Program Files\Microsoft SQL Server\150\Tools\Binn;C:\Program Files\Microsoft SQL Server\150\DTS\Binn;C:\Program Files (x86)\Microsoft SQL Server\150\DTS\Binn;C:\Program Files\Azure Data Studio\bin;C:\Program Files\dotnet;C:\WINDOWS\system32;C:\WINDOWS;C:\WINDOWS\System32\Wbem;C:\WINDOWS\System32\WindowsPowerShell\v1.0;C:\WINDOWS\System32\OpenSSH;C:\ProgramData\chocolatey\bin;C:\Program Files\Git\cmd;C:\Program Files (x86)\Microsoft SQL Server\160\DTS\Binn;C:\Program Files\nodejs;C:\Users\FÝLÝZC\AppData\Local\Microsoft\WindowsApps;C:\Users\FÝLÝZC\.dotnet\tools;C:\Program Files\Azure Data Studio\bin;C:\Users\FÝLÝZC\AppData\Local\Prog
USERNAME=FILIZC
SHELL=C:\Program Files\Git\usr\bin\bash.exe
DISPLAY=needs-to-be-defined
LANG=tr_TR.UTF-8
OS=Windows_NT
PROCESSOR_IDENTIFIER=Intel64 Family 6 Model 142 Stepping 11, GenuineIntel



---------------  S Y S T E M  ---------------

OS:
 Windows 11 , 64 bit Build 22621 (10.0.22621.4830)
OS uptime: 0 days 1:13 hours

CPU: total 8 (initial active 8) (4 cores per cpu, 2 threads per core) family 6 model 142 stepping 11 microcode 0xde, cx8, cmov, fxsr, ht, mmx, 3dnowpref, sse, sse2, sse3, ssse3, sse4.1, sse4.2, popcnt, lzcnt, tsc, tscinvbit, avx, avx2, aes, erms, clmul, bmi1, bmi2, adx, fma, vzeroupper, clflush, clflushopt

Memory: 4k page, system-wide physical 8043M (723M free)
TotalPageFile size 9486M (AvailPageFile size 8M)
current process WorkingSet (physical memory assigned to process): 354M, peak: 362M
current process commit charge ("private bytes"): 405M, peak: 409M

vm_info: Java HotSpot(TM) 64-Bit Server VM (17.0.14+8-LTS-191) for windows-amd64 JRE (17.0.14+8-LTS-191), built on Dec  3 2024 11:07:59 by "mach5one" with MS VC++ 17.6 (VS2022)

END.
