#
# There is insufficient memory for the Java Runtime Environment to continue.
# Native memory allocation (malloc) failed to allocate 992016 bytes for Chunk::new
# Possible reasons:
#   The system is out of physical RAM or swap space
#   The process is running with CompressedOops enabled, and the Java Heap may be blocking the growth of the native heap
# Possible solutions:
#   Reduce memory load on the system
#   Increase physical memory or swap space
#   Check if swap backing store is full
#   Decrease Java heap size (-Xmx/-Xms)
#   Decrease number of Java threads
#   Decrease Java thread stack sizes (-Xss)
#   Set larger code cache with -XX:ReservedCodeCacheSize=
#   JVM is running with Unscaled Compressed Oops mode in which the Java heap is
#     placed in the first 4GB address space. The Java Heap base address is the
#     maximum limit for the native heap growth. Please use -XX:HeapBaseMinAddress
#     to set the Java Heap base and to place the Java Heap above 4GB virtual address.
# This output file may be truncated or incomplete.
#
#  Out of Memory Error (arena.cpp:189), pid=12224, tid=7544
#
# JRE version: Java(TM) SE Runtime Environment (17.0.14+8) (build 17.0.14+8-LTS-191)
# Java VM: Java HotSpot(TM) 64-Bit Server VM (17.0.14+8-LTS-191, mixed mode, sharing, tiered, compressed oops, compressed class ptrs, g1 gc, windows-amd64)
# No core dump will be written. Minidumps are not enabled by default on client versions of Windows
#

---------------  S U M M A R Y ------------

Command Line: -Dclassworlds.conf=C:/Program Files/apache-maven-3.9.9/bin/m2.conf -Dmaven.home=C:/Program Files/apache-maven-3.9.9 -Dlibrary.jansi.path=C:/Program Files/apache-maven-3.9.9/lib/jansi-native -Dmaven.multiModuleProjectDirectory=C:/ornek/bank-account-management org.codehaus.plexus.classworlds.launcher.Launcher clean install

Host: Intel(R) Core(TM) i5-8265U CPU @ 1.60GHz, 8 cores, 7G,  Windows 11 , 64 bit Build 22621 (10.0.22621.4830)
Time: Wed Feb 19 16:27:55 2025 Türkiye Standart Saati elapsed time: 9.913212 seconds (0d 0h 0m 9s)

---------------  T H R E A D  ---------------

Current thread (0x0000020a1e7ae910):  JavaThread "C2 CompilerThread2" daemon [_thread_in_native, id=7544, stack(0x00000093c7300000,0x00000093c7400000)]


Current CompileTask:
C2:   9913 6861       4       org.apache.maven.model.inheritance.DefaultInheritanceAssembler$InheritanceModelMerger::mergePluginContainer_Plugins (433 bytes)

Stack: [0x00000093c7300000,0x00000093c7400000]
Native frames: (J=compiled Java code, j=interpreted, Vv=VM code, C=native code)
V  [jvm.dll+0x67a38a]
V  [jvm.dll+0x7da7ed]
V  [jvm.dll+0x7dc133]
V  [jvm.dll+0x7dc7a3]
V  [jvm.dll+0x24517f]
V  [jvm.dll+0xab773]
V  [jvm.dll+0xabd3c]
V  [jvm.dll+0x2aa61f]
V  [jvm.dll+0x582209]
V  [jvm.dll+0x21f522]
V  [jvm.dll+0x21f91f]
V  [jvm.dll+0x218ba0]
V  [jvm.dll+0x215c65]
V  [jvm.dll+0x1a2950]
V  [jvm.dll+0x22620b]
V  [jvm.dll+0x2243ab]
V  [jvm.dll+0x790bbc]
V  [jvm.dll+0x78b04a]
V  [jvm.dll+0x679275]
C  [ucrtbase.dll+0x29333]
C  [KERNEL32.DLL+0x1259d]
C  [ntdll.dll+0x5af38]


---------------  P R O C E S S  ---------------

Threads class SMR info:
_java_thread_list=0x0000020a65b643a0, length=26, elements={
0x0000020a7f40f9c0, 0x0000020a1dd08b80, 0x0000020a1dd0ba10, 0x0000020a1dd1b9f0,
0x0000020a1dd1e8c0, 0x0000020a1dd1f280, 0x0000020a1dd1fc40, 0x0000020a1dd24a30,
0x0000020a1dd2d4f0, 0x0000020a1dd2ee10, 0x0000020a1e2a1790, 0x0000020a1e2a4c90,
0x0000020a64d23930, 0x0000020a1e7b18e0, 0x0000020a648a7540, 0x0000020a648a7a50,
0x0000020a648a8470, 0x0000020a648a7f60, 0x0000020a648a98b0, 0x0000020a648a8980,
0x0000020a648a9dc0, 0x0000020a1e7ae910, 0x0000020a648a8e90, 0x0000020a648a93a0,
0x0000020a648aa7e0, 0x0000020a648aa2d0
}

Java Threads: ( => current thread )
  0x0000020a7f40f9c0 JavaThread "main" [_thread_in_native, id=10564, stack(0x00000093c4d00000,0x00000093c4e00000)]
  0x0000020a1dd08b80 JavaThread "Reference Handler" daemon [_thread_blocked, id=3168, stack(0x00000093c5400000,0x00000093c5500000)]
  0x0000020a1dd0ba10 JavaThread "Finalizer" daemon [_thread_blocked, id=5940, stack(0x00000093c5500000,0x00000093c5600000)]
  0x0000020a1dd1b9f0 JavaThread "Signal Dispatcher" daemon [_thread_blocked, id=8316, stack(0x00000093c5600000,0x00000093c5700000)]
  0x0000020a1dd1e8c0 JavaThread "Attach Listener" daemon [_thread_blocked, id=16416, stack(0x00000093c5700000,0x00000093c5800000)]
  0x0000020a1dd1f280 JavaThread "Service Thread" daemon [_thread_blocked, id=12344, stack(0x00000093c5800000,0x00000093c5900000)]
  0x0000020a1dd1fc40 JavaThread "Monitor Deflation Thread" daemon [_thread_blocked, id=11032, stack(0x00000093c5900000,0x00000093c5a00000)]
  0x0000020a1dd24a30 JavaThread "C2 CompilerThread0" daemon [_thread_blocked, id=12368, stack(0x00000093c5a00000,0x00000093c5b00000)]
  0x0000020a1dd2d4f0 JavaThread "C1 CompilerThread0" daemon [_thread_blocked, id=17112, stack(0x00000093c5b00000,0x00000093c5c00000)]
  0x0000020a1dd2ee10 JavaThread "Sweeper thread" daemon [_thread_blocked, id=8244, stack(0x00000093c5c00000,0x00000093c5d00000)]
  0x0000020a1e2a1790 JavaThread "Notification Thread" daemon [_thread_blocked, id=736, stack(0x00000093c5d00000,0x00000093c5e00000)]
  0x0000020a1e2a4c90 JavaThread "Common-Cleaner" daemon [_thread_blocked, id=13828, stack(0x00000093c5f00000,0x00000093c6000000)]
  0x0000020a64d23930 JavaThread "Thread-1" daemon [_thread_blocked, id=17588, stack(0x00000093c6900000,0x00000093c6a00000)]
  0x0000020a1e7b18e0 JavaThread "C2 CompilerThread1" daemon [_thread_in_native, id=14740, stack(0x00000093c6000000,0x00000093c6100000)]
  0x0000020a648a7540 JavaThread "resolver-1" daemon [_thread_blocked, id=10600, stack(0x00000093c6c00000,0x00000093c6d00000)]
  0x0000020a648a7a50 JavaThread "resolver-2" daemon [_thread_blocked, id=9256, stack(0x00000093c6d00000,0x00000093c6e00000)]
  0x0000020a648a8470 JavaThread "resolver-3" daemon [_thread_blocked, id=16192, stack(0x00000093c6e00000,0x00000093c6f00000)]
  0x0000020a648a7f60 JavaThread "resolver-4" daemon [_thread_blocked, id=12988, stack(0x00000093c6f00000,0x00000093c7000000)]
  0x0000020a648a98b0 JavaThread "resolver-5" daemon [_thread_blocked, id=12904, stack(0x00000093c7000000,0x00000093c7100000)]
  0x0000020a648a8980 JavaThread "timeout-check-timer" daemon [_thread_blocked, id=3588, stack(0x00000093c7100000,0x00000093c7200000)]
  0x0000020a648a9dc0 JavaThread "ping-timer-10s" daemon [_thread_blocked, id=11488, stack(0x00000093c7200000,0x00000093c7300000)]
=>0x0000020a1e7ae910 JavaThread "C2 CompilerThread2" daemon [_thread_in_native, id=7544, stack(0x00000093c7300000,0x00000093c7400000)]
  0x0000020a648a8e90 JavaThread "ThreadedStreamConsumer" daemon [_thread_blocked, id=12860, stack(0x00000093c7400000,0x00000093c7500000)]
  0x0000020a648a93a0 JavaThread "std-in-fork-1" daemon [_thread_blocked, id=2396, stack(0x00000093c7500000,0x00000093c7600000)]
  0x0000020a648aa7e0 JavaThread "fork-1-event-thread" daemon [_thread_in_native, id=13848, stack(0x00000093c7600000,0x00000093c7700000)]
  0x0000020a648aa2d0 JavaThread "fork-1-err-thread" daemon [_thread_in_native, id=5468, stack(0x00000093c7700000,0x00000093c7800000)]

Other Threads:
  0x0000020a1dd02b30 VMThread "VM Thread" [stack: 0x00000093c5300000,0x00000093c5400000] [id=3128]
  0x0000020a1db4d480 WatcherThread [stack: 0x00000093c5e00000,0x00000093c5f00000] [id=14292]
  0x0000020a7f467460 GCTaskThread "GC Thread#0" [stack: 0x00000093c4e00000,0x00000093c4f00000] [id=6320]
  0x0000020a1e2b9b70 GCTaskThread "GC Thread#1" [stack: 0x00000093c6200000,0x00000093c6300000] [id=17952]
  0x0000020a1e2b8830 GCTaskThread "GC Thread#2" [stack: 0x00000093c6300000,0x00000093c6400000] [id=11376]
  0x0000020a1e2b8570 GCTaskThread "GC Thread#3" [stack: 0x00000093c6400000,0x00000093c6500000] [id=11940]
  0x0000020a1e2b8af0 GCTaskThread "GC Thread#4" [stack: 0x00000093c6500000,0x00000093c6600000] [id=6252]
  0x0000020a1e2b8db0 GCTaskThread "GC Thread#5" [stack: 0x00000093c6600000,0x00000093c6700000] [id=2400]
  0x0000020a1e2b9e30 GCTaskThread "GC Thread#6" [stack: 0x00000093c6700000,0x00000093c6800000] [id=17544]
  0x0000020a1e2b82b0 GCTaskThread "GC Thread#7" [stack: 0x00000093c6800000,0x00000093c6900000] [id=8864]
  0x0000020a7f478f40 ConcurrentGCThread "G1 Main Marker" [stack: 0x00000093c4f00000,0x00000093c5000000] [id=3104]
  0x0000020a7f47a960 ConcurrentGCThread "G1 Conc#0" [stack: 0x00000093c5000000,0x00000093c5100000] [id=9548]
  0x0000020a65cc7fc0 ConcurrentGCThread "G1 Conc#1" [stack: 0x00000093c6a00000,0x00000093c6b00000] [id=3148]
  0x0000020a1dbbb2c0 ConcurrentGCThread "G1 Refine#0" [stack: 0x00000093c5100000,0x00000093c5200000] [id=12116]
  0x0000020a64613bd0 ConcurrentGCThread "G1 Refine#1" [stack: 0x00000093c6100000,0x00000093c6200000] [id=5460]
  0x0000020a646144a0 ConcurrentGCThread "G1 Refine#2" [stack: 0x00000093c6b00000,0x00000093c6c00000] [id=17484]
  0x0000020a1dbbbcf0 ConcurrentGCThread "G1 Service" [stack: 0x00000093c5200000,0x00000093c5300000] [id=8688]

Threads with active compile tasks:
C2 CompilerThread1    10018 6741   !   4       org.apache.maven.model.ModelBase::clone (397 bytes)
C2 CompilerThread2    10018 6861       4       org.apache.maven.model.inheritance.DefaultInheritanceAssembler$InheritanceModelMerger::mergePluginContainer_Plugins (433 bytes)

VM state: not at safepoint (normal execution)

VM Mutex/Monitor currently owned by a thread: None

Heap address: 0x0000000082400000, size: 2012 MB, Compressed Oops mode: 32-bit

CDS archive(s) mapped at: [0x0000020a1f000000-0x0000020a1fbd0000-0x0000020a1fbd0000), size 12386304, SharedBaseAddress: 0x0000020a1f000000, ArchiveRelocationMode: 1.
Compressed class space mapped at: 0x0000020a20000000-0x0000020a60000000, reserved size: 1073741824
Narrow klass base: 0x0000020a1f000000, Narrow klass shift: 0, Narrow klass range: 0x100000000

GC Precious Log:
 CPUs: 8 total, 8 available
 Memory: 8043M
 Large Page Support: Disabled
 NUMA Support: Disabled
 Compressed Oops: Enabled (32-bit)
 Heap Region Size: 1M
 Heap Min Capacity: 8M
 Heap Initial Capacity: 126M
 Heap Max Capacity: 2012M
 Pre-touch: Disabled
 Parallel Workers: 8
 Concurrent Workers: 2
 Concurrent Refinement Workers: 8
 Periodic GC: Disabled

Heap:
 garbage-first heap   total 217088K, used 72029K [0x0000000082400000, 0x0000000100000000)
  region size 1024K, 32 young (32768K), 1 survivors (1024K)
 Metaspace       used 31843K, committed 32192K, reserved 1114112K
  class space    used 3663K, committed 3840K, reserved 1048576K

Heap Regions: E=young(eden), S=young(survivor), O=old, HS=humongous(starts), HC=humongous(continues), CS=collection set, F=free, OA=open archive, CA=closed archive, TAMS=top-at-mark-start (previous, next)
|   0|0x0000000082400000, 0x0000000082500000, 0x0000000082500000|100%| O|  |TAMS 0x0000000082500000, 0x0000000082400000| Untracked 
|   1|0x0000000082500000, 0x0000000082600000, 0x0000000082600000|100%| O|  |TAMS 0x0000000082600000, 0x0000000082500000| Untracked 
|   2|0x0000000082600000, 0x0000000082700000, 0x0000000082700000|100%| O|  |TAMS 0x0000000082700000, 0x0000000082600000| Untracked 
|   3|0x0000000082700000, 0x0000000082800000, 0x0000000082800000|100%| O|  |TAMS 0x0000000082800000, 0x0000000082700000| Untracked 
|   4|0x0000000082800000, 0x0000000082900000, 0x0000000082900000|100%| O|  |TAMS 0x0000000082900000, 0x0000000082800000| Untracked 
|   5|0x0000000082900000, 0x0000000082a00000, 0x0000000082a00000|100%| O|  |TAMS 0x0000000082a00000, 0x0000000082900000| Untracked 
|   6|0x0000000082a00000, 0x0000000082b00000, 0x0000000082b00000|100%| O|  |TAMS 0x0000000082b00000, 0x0000000082a00000| Untracked 
|   7|0x0000000082b00000, 0x0000000082c00000, 0x0000000082c00000|100%| O|  |TAMS 0x0000000082c00000, 0x0000000082b00000| Untracked 
|   8|0x0000000082c00000, 0x0000000082d00000, 0x0000000082d00000|100%| O|  |TAMS 0x0000000082d00000, 0x0000000082c00000| Untracked 
|   9|0x0000000082d00000, 0x0000000082e00000, 0x0000000082e00000|100%| O|  |TAMS 0x0000000082e00000, 0x0000000082d00000| Untracked 
|  10|0x0000000082e00000, 0x0000000082f00000, 0x0000000082f00000|100%| O|  |TAMS 0x0000000082f00000, 0x0000000082e00000| Untracked 
|  11|0x0000000082f00000, 0x0000000082ff1a00, 0x0000000083000000| 94%| O|  |TAMS 0x0000000082ff1a00, 0x0000000082f00000| Untracked 
|  12|0x0000000083000000, 0x0000000083100000, 0x0000000083100000|100%| O|  |TAMS 0x0000000083100000, 0x0000000083000000| Untracked 
|  13|0x0000000083100000, 0x0000000083200000, 0x0000000083200000|100%| O|  |TAMS 0x0000000083200000, 0x0000000083100000| Untracked 
|  14|0x0000000083200000, 0x0000000083200000, 0x0000000083300000|  0%| F|  |TAMS 0x0000000083200000, 0x0000000083200000| Untracked 
|  15|0x0000000083300000, 0x0000000083300000, 0x0000000083400000|  0%| F|  |TAMS 0x0000000083300000, 0x0000000083300000| Untracked 
|  16|0x0000000083400000, 0x0000000083500000, 0x0000000083500000|100%|HS|  |TAMS 0x0000000083500000, 0x0000000083400000| Complete 
|  17|0x0000000083500000, 0x0000000083600000, 0x0000000083600000|100%| O|  |TAMS 0x0000000083600000, 0x0000000083500000| Untracked 
|  18|0x0000000083600000, 0x0000000083700000, 0x0000000083700000|100%| O|  |TAMS 0x0000000083700000, 0x0000000083600000| Untracked 
|  19|0x0000000083700000, 0x0000000083800000, 0x0000000083800000|100%| O|  |TAMS 0x0000000083800000, 0x0000000083700000| Untracked 
|  20|0x0000000083800000, 0x0000000083900000, 0x0000000083900000|100%| O|  |TAMS 0x0000000083900000, 0x0000000083800000| Untracked 
|  21|0x0000000083900000, 0x0000000083900000, 0x0000000083a00000|  0%| F|  |TAMS 0x0000000083900000, 0x0000000083900000| Untracked 
|  22|0x0000000083a00000, 0x0000000083a00000, 0x0000000083b00000|  0%| F|  |TAMS 0x0000000083a00000, 0x0000000083a00000| Untracked 
|  23|0x0000000083b00000, 0x0000000083c00000, 0x0000000083c00000|100%|HS|  |TAMS 0x0000000083c00000, 0x0000000083b00000| Complete 
|  24|0x0000000083c00000, 0x0000000083d00000, 0x0000000083d00000|100%|HC|  |TAMS 0x0000000083d00000, 0x0000000083c00000| Complete 
|  25|0x0000000083d00000, 0x0000000083e00000, 0x0000000083e00000|100%|HS|  |TAMS 0x0000000083e00000, 0x0000000083d00000| Complete 
|  26|0x0000000083e00000, 0x0000000083f00000, 0x0000000083f00000|100%|HS|  |TAMS 0x0000000083f00000, 0x0000000083e00000| Complete 
|  27|0x0000000083f00000, 0x0000000084000000, 0x0000000084000000|100%| O|  |TAMS 0x0000000084000000, 0x0000000083f00000| Untracked 
|  28|0x0000000084000000, 0x0000000084000000, 0x0000000084100000|  0%| F|  |TAMS 0x0000000084000000, 0x0000000084000000| Untracked 
|  29|0x0000000084100000, 0x0000000084200000, 0x0000000084200000|100%| O|  |TAMS 0x0000000084200000, 0x0000000084100000| Untracked 
|  30|0x0000000084200000, 0x0000000084300000, 0x0000000084300000|100%| O|  |TAMS 0x0000000084300000, 0x0000000084200000| Untracked 
|  31|0x0000000084300000, 0x0000000084400000, 0x0000000084400000|100%| O|  |TAMS 0x0000000084400000, 0x0000000084300000| Untracked 
|  32|0x0000000084400000, 0x0000000084400000, 0x0000000084500000|  0%| F|  |TAMS 0x0000000084400000, 0x0000000084400000| Untracked 
|  33|0x0000000084500000, 0x0000000084600000, 0x0000000084600000|100%| O|  |TAMS 0x0000000084600000, 0x0000000084500000| Untracked 
|  34|0x0000000084600000, 0x0000000084700000, 0x0000000084700000|100%| O|  |TAMS 0x0000000084700000, 0x0000000084600000| Untracked 
|  35|0x0000000084700000, 0x0000000084700000, 0x0000000084800000|  0%| F|  |TAMS 0x0000000084700000, 0x0000000084700000| Untracked 
|  36|0x0000000084800000, 0x0000000084800000, 0x0000000084900000|  0%| F|  |TAMS 0x0000000084800000, 0x0000000084800000| Untracked 
|  37|0x0000000084900000, 0x0000000084900000, 0x0000000084a00000|  0%| F|  |TAMS 0x0000000084900000, 0x0000000084900000| Untracked 
|  38|0x0000000084a00000, 0x0000000084b00000, 0x0000000084b00000|100%| O|  |TAMS 0x0000000084b00000, 0x0000000084a00000| Untracked 
|  39|0x0000000084b00000, 0x0000000084c00000, 0x0000000084c00000|100%| O|  |TAMS 0x0000000084b00000, 0x0000000084b00000| Untracked 
|  40|0x0000000084c00000, 0x0000000084d00000, 0x0000000084d00000|100%| O|  |TAMS 0x0000000084c00000, 0x0000000084c00000| Untracked 
|  41|0x0000000084d00000, 0x0000000084e00000, 0x0000000084e00000|100%| O|  |TAMS 0x0000000084e00000, 0x0000000084d00000| Untracked 
|  42|0x0000000084e00000, 0x0000000084f00000, 0x0000000084f00000|100%| O|  |TAMS 0x0000000084f00000, 0x0000000084e00000| Untracked 
|  43|0x0000000084f00000, 0x0000000084f00000, 0x0000000085000000|  0%| F|  |TAMS 0x0000000084f00000, 0x0000000084f00000| Untracked 
|  44|0x0000000085000000, 0x0000000085100000, 0x0000000085100000|100%| O|  |TAMS 0x0000000085000000, 0x0000000085000000| Untracked 
|  45|0x0000000085100000, 0x0000000085200000, 0x0000000085200000|100%| O|  |TAMS 0x0000000085100000, 0x0000000085100000| Untracked 
|  46|0x0000000085200000, 0x0000000085300000, 0x0000000085300000|100%| O|  |TAMS 0x0000000085200000, 0x0000000085200000| Untracked 
|  47|0x0000000085300000, 0x0000000085400000, 0x0000000085400000|100%| O|  |TAMS 0x0000000085300000, 0x0000000085300000| Untracked 
|  48|0x0000000085400000, 0x0000000085500000, 0x0000000085500000|100%| O|  |TAMS 0x0000000085400000, 0x0000000085400000| Untracked 
|  49|0x0000000085500000, 0x00000000855db800, 0x0000000085600000| 85%| O|  |TAMS 0x0000000085500000, 0x0000000085500000| Untracked 
|  50|0x0000000085600000, 0x0000000085600000, 0x0000000085700000|  0%| F|  |TAMS 0x0000000085600000, 0x0000000085600000| Untracked 
|  51|0x0000000085700000, 0x0000000085700000, 0x0000000085800000|  0%| F|  |TAMS 0x0000000085700000, 0x0000000085700000| Untracked 
|  52|0x0000000085800000, 0x0000000085800000, 0x0000000085900000|  0%| F|  |TAMS 0x0000000085800000, 0x0000000085800000| Untracked 
|  53|0x0000000085900000, 0x0000000085900000, 0x0000000085a00000|  0%| F|  |TAMS 0x0000000085900000, 0x0000000085900000| Untracked 
|  54|0x0000000085a00000, 0x0000000085a00000, 0x0000000085b00000|  0%| F|  |TAMS 0x0000000085a00000, 0x0000000085a00000| Untracked 
|  55|0x0000000085b00000, 0x0000000085b00000, 0x0000000085c00000|  0%| F|  |TAMS 0x0000000085b00000, 0x0000000085b00000| Untracked 
|  56|0x0000000085c00000, 0x0000000085c00000, 0x0000000085d00000|  0%| F|  |TAMS 0x0000000085c00000, 0x0000000085c00000| Untracked 
|  57|0x0000000085d00000, 0x0000000085d00000, 0x0000000085e00000|  0%| F|  |TAMS 0x0000000085d00000, 0x0000000085d00000| Untracked 
|  58|0x0000000085e00000, 0x0000000085e00000, 0x0000000085f00000|  0%| F|  |TAMS 0x0000000085e00000, 0x0000000085e00000| Untracked 
|  59|0x0000000085f00000, 0x0000000085f00000, 0x0000000086000000|  0%| F|  |TAMS 0x0000000085f00000, 0x0000000085f00000| Untracked 
|  60|0x0000000086000000, 0x0000000086000000, 0x0000000086100000|  0%| F|  |TAMS 0x0000000086000000, 0x0000000086000000| Untracked 
|  61|0x0000000086100000, 0x0000000086100000, 0x0000000086200000|  0%| F|  |TAMS 0x0000000086100000, 0x0000000086100000| Untracked 
|  62|0x0000000086200000, 0x0000000086200000, 0x0000000086300000|  0%| F|  |TAMS 0x0000000086200000, 0x0000000086200000| Untracked 
|  63|0x0000000086300000, 0x0000000086300000, 0x0000000086400000|  0%| F|  |TAMS 0x0000000086300000, 0x0000000086300000| Untracked 
|  64|0x0000000086400000, 0x0000000086400000, 0x0000000086500000|  0%| F|  |TAMS 0x0000000086400000, 0x0000000086400000| Untracked 
|  65|0x0000000086500000, 0x0000000086500000, 0x0000000086600000|  0%| F|  |TAMS 0x0000000086500000, 0x0000000086500000| Untracked 
|  66|0x0000000086600000, 0x0000000086600000, 0x0000000086700000|  0%| F|  |TAMS 0x0000000086600000, 0x0000000086600000| Untracked 
|  67|0x0000000086700000, 0x0000000086700000, 0x0000000086800000|  0%| F|  |TAMS 0x0000000086700000, 0x0000000086700000| Untracked 
|  68|0x0000000086800000, 0x0000000086800000, 0x0000000086900000|  0%| F|  |TAMS 0x0000000086800000, 0x0000000086800000| Untracked 
|  69|0x0000000086900000, 0x0000000086900000, 0x0000000086a00000|  0%| F|  |TAMS 0x0000000086900000, 0x0000000086900000| Untracked 
|  70|0x0000000086a00000, 0x0000000086a00000, 0x0000000086b00000|  0%| F|  |TAMS 0x0000000086a00000, 0x0000000086a00000| Untracked 
|  71|0x0000000086b00000, 0x0000000086b00000, 0x0000000086c00000|  0%| F|  |TAMS 0x0000000086b00000, 0x0000000086b00000| Untracked 
|  72|0x0000000086c00000, 0x0000000086c00000, 0x0000000086d00000|  0%| F|  |TAMS 0x0000000086c00000, 0x0000000086c00000| Untracked 
|  73|0x0000000086d00000, 0x0000000086d00000, 0x0000000086e00000|  0%| F|  |TAMS 0x0000000086d00000, 0x0000000086d00000| Untracked 
|  74|0x0000000086e00000, 0x0000000086e00000, 0x0000000086f00000|  0%| F|  |TAMS 0x0000000086e00000, 0x0000000086e00000| Untracked 
|  75|0x0000000086f00000, 0x0000000086f00000, 0x0000000087000000|  0%| F|  |TAMS 0x0000000086f00000, 0x0000000086f00000| Untracked 
|  76|0x0000000087000000, 0x0000000087000000, 0x0000000087100000|  0%| F|  |TAMS 0x0000000087000000, 0x0000000087000000| Untracked 
|  77|0x0000000087100000, 0x0000000087100000, 0x0000000087200000|  0%| F|  |TAMS 0x0000000087100000, 0x0000000087100000| Untracked 
|  78|0x0000000087200000, 0x0000000087200000, 0x0000000087300000|  0%| F|  |TAMS 0x0000000087200000, 0x0000000087200000| Untracked 
|  79|0x0000000087300000, 0x0000000087300000, 0x0000000087400000|  0%| F|  |TAMS 0x0000000087300000, 0x0000000087300000| Untracked 
|  80|0x0000000087400000, 0x0000000087400000, 0x0000000087500000|  0%| F|  |TAMS 0x0000000087400000, 0x0000000087400000| Untracked 
|  81|0x0000000087500000, 0x0000000087500000, 0x0000000087600000|  0%| F|  |TAMS 0x0000000087500000, 0x0000000087500000| Untracked 
|  82|0x0000000087600000, 0x0000000087600000, 0x0000000087700000|  0%| F|  |TAMS 0x0000000087600000, 0x0000000087600000| Untracked 
|  83|0x0000000087700000, 0x0000000087700000, 0x0000000087800000|  0%| F|  |TAMS 0x0000000087700000, 0x0000000087700000| Untracked 
|  84|0x0000000087800000, 0x0000000087800000, 0x0000000087900000|  0%| F|  |TAMS 0x0000000087800000, 0x0000000087800000| Untracked 
|  85|0x0000000087900000, 0x0000000087900000, 0x0000000087a00000|  0%| F|  |TAMS 0x0000000087900000, 0x0000000087900000| Untracked 
|  86|0x0000000087a00000, 0x0000000087a00000, 0x0000000087b00000|  0%| F|  |TAMS 0x0000000087a00000, 0x0000000087a00000| Untracked 
|  87|0x0000000087b00000, 0x0000000087b00000, 0x0000000087c00000|  0%| F|  |TAMS 0x0000000087b00000, 0x0000000087b00000| Untracked 
|  88|0x0000000087c00000, 0x0000000087c00000, 0x0000000087d00000|  0%| F|  |TAMS 0x0000000087c00000, 0x0000000087c00000| Untracked 
|  89|0x0000000087d00000, 0x0000000087d00000, 0x0000000087e00000|  0%| F|  |TAMS 0x0000000087d00000, 0x0000000087d00000| Untracked 
|  90|0x0000000087e00000, 0x0000000087e00000, 0x0000000087f00000|  0%| F|  |TAMS 0x0000000087e00000, 0x0000000087e00000| Untracked 
|  91|0x0000000087f00000, 0x0000000087f00000, 0x0000000088000000|  0%| F|  |TAMS 0x0000000087f00000, 0x0000000087f00000| Untracked 
|  92|0x0000000088000000, 0x0000000088000000, 0x0000000088100000|  0%| F|  |TAMS 0x0000000088000000, 0x0000000088000000| Untracked 
|  93|0x0000000088100000, 0x0000000088100000, 0x0000000088200000|  0%| F|  |TAMS 0x0000000088100000, 0x0000000088100000| Untracked 
|  94|0x0000000088200000, 0x0000000088200000, 0x0000000088300000|  0%| F|  |TAMS 0x0000000088200000, 0x0000000088200000| Untracked 
|  95|0x0000000088300000, 0x0000000088300000, 0x0000000088400000|  0%| F|  |TAMS 0x0000000088300000, 0x0000000088300000| Untracked 
|  96|0x0000000088400000, 0x0000000088400000, 0x0000000088500000|  0%| F|  |TAMS 0x0000000088400000, 0x0000000088400000| Untracked 
|  97|0x0000000088500000, 0x0000000088500000, 0x0000000088600000|  0%| F|  |TAMS 0x0000000088500000, 0x0000000088500000| Untracked 
|  98|0x0000000088600000, 0x0000000088600000, 0x0000000088700000|  0%| F|  |TAMS 0x0000000088600000, 0x0000000088600000| Untracked 
|  99|0x0000000088700000, 0x0000000088700000, 0x0000000088800000|  0%| F|  |TAMS 0x0000000088700000, 0x0000000088700000| Untracked 
| 100|0x0000000088800000, 0x0000000088800000, 0x0000000088900000|  0%| F|  |TAMS 0x0000000088800000, 0x0000000088800000| Untracked 
| 101|0x0000000088900000, 0x0000000088900000, 0x0000000088a00000|  0%| F|  |TAMS 0x0000000088900000, 0x0000000088900000| Untracked 
| 102|0x0000000088a00000, 0x0000000088a00000, 0x0000000088b00000|  0%| F|  |TAMS 0x0000000088a00000, 0x0000000088a00000| Untracked 
| 103|0x0000000088b00000, 0x0000000088b00000, 0x0000000088c00000|  0%| F|  |TAMS 0x0000000088b00000, 0x0000000088b00000| Untracked 
| 104|0x0000000088c00000, 0x0000000088c00000, 0x0000000088d00000|  0%| F|  |TAMS 0x0000000088c00000, 0x0000000088c00000| Untracked 
| 105|0x0000000088d00000, 0x0000000088d00000, 0x0000000088e00000|  0%| F|  |TAMS 0x0000000088d00000, 0x0000000088d00000| Untracked 
| 106|0x0000000088e00000, 0x0000000088e00000, 0x0000000088f00000|  0%| F|  |TAMS 0x0000000088e00000, 0x0000000088e00000| Untracked 
| 107|0x0000000088f00000, 0x0000000088f00000, 0x0000000089000000|  0%| F|  |TAMS 0x0000000088f00000, 0x0000000088f00000| Untracked 
| 108|0x0000000089000000, 0x0000000089000000, 0x0000000089100000|  0%| F|  |TAMS 0x0000000089000000, 0x0000000089000000| Untracked 
| 109|0x0000000089100000, 0x0000000089100000, 0x0000000089200000|  0%| F|  |TAMS 0x0000000089100000, 0x0000000089100000| Untracked 
| 110|0x0000000089200000, 0x0000000089200000, 0x0000000089300000|  0%| F|  |TAMS 0x0000000089200000, 0x0000000089200000| Untracked 
| 111|0x0000000089300000, 0x0000000089300000, 0x0000000089400000|  0%| F|  |TAMS 0x0000000089300000, 0x0000000089300000| Untracked 
| 112|0x0000000089400000, 0x0000000089400000, 0x0000000089500000|  0%| F|  |TAMS 0x0000000089400000, 0x0000000089400000| Untracked 
| 113|0x0000000089500000, 0x0000000089500000, 0x0000000089600000|  0%| F|  |TAMS 0x0000000089500000, 0x0000000089500000| Untracked 
| 114|0x0000000089600000, 0x0000000089600000, 0x0000000089700000|  0%| F|  |TAMS 0x0000000089600000, 0x0000000089600000| Untracked 
| 115|0x0000000089700000, 0x0000000089700000, 0x0000000089800000|  0%| F|  |TAMS 0x0000000089700000, 0x0000000089700000| Untracked 
| 116|0x0000000089800000, 0x0000000089800000, 0x0000000089900000|  0%| F|  |TAMS 0x0000000089800000, 0x0000000089800000| Untracked 
| 117|0x0000000089900000, 0x0000000089900000, 0x0000000089a00000|  0%| F|  |TAMS 0x0000000089900000, 0x0000000089900000| Untracked 
| 118|0x0000000089a00000, 0x0000000089a00000, 0x0000000089b00000|  0%| F|  |TAMS 0x0000000089a00000, 0x0000000089a00000| Untracked 
| 119|0x0000000089b00000, 0x0000000089b00000, 0x0000000089c00000|  0%| F|  |TAMS 0x0000000089b00000, 0x0000000089b00000| Untracked 
| 120|0x0000000089c00000, 0x0000000089c00000, 0x0000000089d00000|  0%| F|  |TAMS 0x0000000089c00000, 0x0000000089c00000| Untracked 
| 121|0x0000000089d00000, 0x0000000089d00000, 0x0000000089e00000|  0%| F|  |TAMS 0x0000000089d00000, 0x0000000089d00000| Untracked 
| 122|0x0000000089e00000, 0x0000000089e00000, 0x0000000089f00000|  0%| F|  |TAMS 0x0000000089e00000, 0x0000000089e00000| Untracked 
| 123|0x0000000089f00000, 0x0000000089f00000, 0x000000008a000000|  0%| F|  |TAMS 0x0000000089f00000, 0x0000000089f00000| Untracked 
| 124|0x000000008a000000, 0x000000008a000000, 0x000000008a100000|  0%| F|  |TAMS 0x000000008a000000, 0x000000008a000000| Untracked 
| 125|0x000000008a100000, 0x000000008a18a3c0, 0x000000008a200000| 53%| S|CS|TAMS 0x000000008a100000, 0x000000008a100000| Complete 
| 126|0x000000008a200000, 0x000000008a200000, 0x000000008a300000|  0%| F|  |TAMS 0x000000008a200000, 0x000000008a200000| Untracked 
| 127|0x000000008a300000, 0x000000008a300000, 0x000000008a400000|  0%| F|  |TAMS 0x000000008a300000, 0x000000008a300000| Untracked 
| 128|0x000000008a400000, 0x000000008a400000, 0x000000008a500000|  0%| F|  |TAMS 0x000000008a400000, 0x000000008a400000| Untracked 
| 129|0x000000008a500000, 0x000000008a500000, 0x000000008a600000|  0%| F|  |TAMS 0x000000008a500000, 0x000000008a500000| Untracked 
| 130|0x000000008a600000, 0x000000008a600000, 0x000000008a700000|  0%| F|  |TAMS 0x000000008a600000, 0x000000008a600000| Untracked 
| 131|0x000000008a700000, 0x000000008a700000, 0x000000008a800000|  0%| F|  |TAMS 0x000000008a700000, 0x000000008a700000| Untracked 
| 132|0x000000008a800000, 0x000000008a800000, 0x000000008a900000|  0%| F|  |TAMS 0x000000008a800000, 0x000000008a800000| Untracked 
| 133|0x000000008a900000, 0x000000008a900000, 0x000000008aa00000|  0%| F|  |TAMS 0x000000008a900000, 0x000000008a900000| Untracked 
| 134|0x000000008aa00000, 0x000000008aa00000, 0x000000008ab00000|  0%| F|  |TAMS 0x000000008aa00000, 0x000000008aa00000| Untracked 
| 135|0x000000008ab00000, 0x000000008ab00000, 0x000000008ac00000|  0%| F|  |TAMS 0x000000008ab00000, 0x000000008ab00000| Untracked 
| 136|0x000000008ac00000, 0x000000008ac00000, 0x000000008ad00000|  0%| F|  |TAMS 0x000000008ac00000, 0x000000008ac00000| Untracked 
| 137|0x000000008ad00000, 0x000000008ad00000, 0x000000008ae00000|  0%| F|  |TAMS 0x000000008ad00000, 0x000000008ad00000| Untracked 
| 138|0x000000008ae00000, 0x000000008ae00000, 0x000000008af00000|  0%| F|  |TAMS 0x000000008ae00000, 0x000000008ae00000| Untracked 
| 139|0x000000008af00000, 0x000000008af00000, 0x000000008b000000|  0%| F|  |TAMS 0x000000008af00000, 0x000000008af00000| Untracked 
| 140|0x000000008b000000, 0x000000008b000000, 0x000000008b100000|  0%| F|  |TAMS 0x000000008b000000, 0x000000008b000000| Untracked 
| 141|0x000000008b100000, 0x000000008b100000, 0x000000008b200000|  0%| F|  |TAMS 0x000000008b100000, 0x000000008b100000| Untracked 
| 142|0x000000008b200000, 0x000000008b200000, 0x000000008b300000|  0%| F|  |TAMS 0x000000008b200000, 0x000000008b200000| Untracked 
| 143|0x000000008b300000, 0x000000008b300000, 0x000000008b400000|  0%| F|  |TAMS 0x000000008b300000, 0x000000008b300000| Untracked 
| 144|0x000000008b400000, 0x000000008b400000, 0x000000008b500000|  0%| F|  |TAMS 0x000000008b400000, 0x000000008b400000| Untracked 
| 145|0x000000008b500000, 0x000000008b500000, 0x000000008b600000|  0%| F|  |TAMS 0x000000008b500000, 0x000000008b500000| Untracked 
| 146|0x000000008b600000, 0x000000008b600000, 0x000000008b700000|  0%| F|  |TAMS 0x000000008b600000, 0x000000008b600000| Untracked 
| 147|0x000000008b700000, 0x000000008b700000, 0x000000008b800000|  0%| F|  |TAMS 0x000000008b700000, 0x000000008b700000| Untracked 
| 148|0x000000008b800000, 0x000000008b800000, 0x000000008b900000|  0%| F|  |TAMS 0x000000008b800000, 0x000000008b800000| Untracked 
| 149|0x000000008b900000, 0x000000008b900000, 0x000000008ba00000|  0%| F|  |TAMS 0x000000008b900000, 0x000000008b900000| Untracked 
| 150|0x000000008ba00000, 0x000000008ba00000, 0x000000008bb00000|  0%| F|  |TAMS 0x000000008ba00000, 0x000000008ba00000| Untracked 
| 151|0x000000008bb00000, 0x000000008bb00000, 0x000000008bc00000|  0%| F|  |TAMS 0x000000008bb00000, 0x000000008bb00000| Untracked 
| 152|0x000000008bc00000, 0x000000008bc00000, 0x000000008bd00000|  0%| F|  |TAMS 0x000000008bc00000, 0x000000008bc00000| Untracked 
| 153|0x000000008bd00000, 0x000000008bd00000, 0x000000008be00000|  0%| F|  |TAMS 0x000000008bd00000, 0x000000008bd00000| Untracked 
| 154|0x000000008be00000, 0x000000008be00000, 0x000000008bf00000|  0%| F|  |TAMS 0x000000008be00000, 0x000000008be00000| Untracked 
| 155|0x000000008bf00000, 0x000000008bf00000, 0x000000008c000000|  0%| F|  |TAMS 0x000000008bf00000, 0x000000008bf00000| Untracked 
| 156|0x000000008c000000, 0x000000008c000000, 0x000000008c100000|  0%| F|  |TAMS 0x000000008c000000, 0x000000008c000000| Untracked 
| 157|0x000000008c100000, 0x000000008c100000, 0x000000008c200000|  0%| F|  |TAMS 0x000000008c100000, 0x000000008c100000| Untracked 
| 158|0x000000008c200000, 0x000000008c200000, 0x000000008c300000|  0%| F|  |TAMS 0x000000008c200000, 0x000000008c200000| Untracked 
| 159|0x000000008c300000, 0x000000008c300000, 0x000000008c400000|  0%| F|  |TAMS 0x000000008c300000, 0x000000008c300000| Untracked 
| 160|0x000000008c400000, 0x000000008c400000, 0x000000008c500000|  0%| F|  |TAMS 0x000000008c400000, 0x000000008c400000| Untracked 
| 161|0x000000008c500000, 0x000000008c500000, 0x000000008c600000|  0%| F|  |TAMS 0x000000008c500000, 0x000000008c500000| Untracked 
| 162|0x000000008c600000, 0x000000008c600000, 0x000000008c700000|  0%| F|  |TAMS 0x000000008c600000, 0x000000008c600000| Untracked 
| 163|0x000000008c700000, 0x000000008c700000, 0x000000008c800000|  0%| F|  |TAMS 0x000000008c700000, 0x000000008c700000| Untracked 
| 164|0x000000008c800000, 0x000000008c800000, 0x000000008c900000|  0%| F|  |TAMS 0x000000008c800000, 0x000000008c800000| Untracked 
| 165|0x000000008c900000, 0x000000008c900000, 0x000000008ca00000|  0%| F|  |TAMS 0x000000008c900000, 0x000000008c900000| Untracked 
| 166|0x000000008ca00000, 0x000000008ca00000, 0x000000008cb00000|  0%| F|  |TAMS 0x000000008ca00000, 0x000000008ca00000| Untracked 
| 167|0x000000008cb00000, 0x000000008cb00000, 0x000000008cc00000|  0%| F|  |TAMS 0x000000008cb00000, 0x000000008cb00000| Untracked 
| 168|0x000000008cc00000, 0x000000008cc00000, 0x000000008cd00000|  0%| F|  |TAMS 0x000000008cc00000, 0x000000008cc00000| Untracked 
| 169|0x000000008cd00000, 0x000000008cd00000, 0x000000008ce00000|  0%| F|  |TAMS 0x000000008cd00000, 0x000000008cd00000| Untracked 
| 170|0x000000008ce00000, 0x000000008ce00000, 0x000000008cf00000|  0%| F|  |TAMS 0x000000008ce00000, 0x000000008ce00000| Untracked 
| 171|0x000000008cf00000, 0x000000008cf00000, 0x000000008d000000|  0%| F|  |TAMS 0x000000008cf00000, 0x000000008cf00000| Untracked 
| 172|0x000000008d000000, 0x000000008d000000, 0x000000008d100000|  0%| F|  |TAMS 0x000000008d000000, 0x000000008d000000| Untracked 
| 173|0x000000008d100000, 0x000000008d100000, 0x000000008d200000|  0%| F|  |TAMS 0x000000008d100000, 0x000000008d100000| Untracked 
| 174|0x000000008d200000, 0x000000008d200000, 0x000000008d300000|  0%| F|  |TAMS 0x000000008d200000, 0x000000008d200000| Untracked 
| 175|0x000000008d300000, 0x000000008d300000, 0x000000008d400000|  0%| F|  |TAMS 0x000000008d300000, 0x000000008d300000| Untracked 
| 176|0x000000008d400000, 0x000000008d400000, 0x000000008d500000|  0%| F|  |TAMS 0x000000008d400000, 0x000000008d400000| Untracked 
| 177|0x000000008d500000, 0x000000008d500000, 0x000000008d600000|  0%| F|  |TAMS 0x000000008d500000, 0x000000008d500000| Untracked 
| 178|0x000000008d600000, 0x000000008d600000, 0x000000008d700000|  0%| F|  |TAMS 0x000000008d600000, 0x000000008d600000| Untracked 
| 179|0x000000008d700000, 0x000000008d700000, 0x000000008d800000|  0%| F|  |TAMS 0x000000008d700000, 0x000000008d700000| Untracked 
| 180|0x000000008d800000, 0x000000008d800000, 0x000000008d900000|  0%| F|  |TAMS 0x000000008d800000, 0x000000008d800000| Untracked 
| 181|0x000000008d900000, 0x000000008d980800, 0x000000008da00000| 50%| E|  |TAMS 0x000000008d900000, 0x000000008d900000| Complete 
| 182|0x000000008da00000, 0x000000008db00000, 0x000000008db00000|100%| E|CS|TAMS 0x000000008da00000, 0x000000008da00000| Complete 
| 183|0x000000008db00000, 0x000000008dc00000, 0x000000008dc00000|100%| E|CS|TAMS 0x000000008db00000, 0x000000008db00000| Complete 
| 184|0x000000008dc00000, 0x000000008dd00000, 0x000000008dd00000|100%| E|CS|TAMS 0x000000008dc00000, 0x000000008dc00000| Complete 
| 185|0x000000008dd00000, 0x000000008de00000, 0x000000008de00000|100%| E|CS|TAMS 0x000000008dd00000, 0x000000008dd00000| Complete 
| 186|0x000000008de00000, 0x000000008df00000, 0x000000008df00000|100%| E|CS|TAMS 0x000000008de00000, 0x000000008de00000| Complete 
| 187|0x000000008df00000, 0x000000008e000000, 0x000000008e000000|100%| E|CS|TAMS 0x000000008df00000, 0x000000008df00000| Complete 
| 188|0x000000008e000000, 0x000000008e100000, 0x000000008e100000|100%| E|CS|TAMS 0x000000008e000000, 0x000000008e000000| Complete 
| 189|0x000000008e100000, 0x000000008e200000, 0x000000008e200000|100%| E|CS|TAMS 0x000000008e100000, 0x000000008e100000| Complete 
| 190|0x000000008e200000, 0x000000008e300000, 0x000000008e300000|100%| E|CS|TAMS 0x000000008e200000, 0x000000008e200000| Complete 
| 191|0x000000008e300000, 0x000000008e400000, 0x000000008e400000|100%| E|CS|TAMS 0x000000008e300000, 0x000000008e300000| Complete 
| 192|0x000000008e400000, 0x000000008e500000, 0x000000008e500000|100%| E|CS|TAMS 0x000000008e400000, 0x000000008e400000| Complete 
| 193|0x000000008e500000, 0x000000008e600000, 0x000000008e600000|100%| E|CS|TAMS 0x000000008e500000, 0x000000008e500000| Complete 
| 194|0x000000008e600000, 0x000000008e700000, 0x000000008e700000|100%| E|CS|TAMS 0x000000008e600000, 0x000000008e600000| Complete 
| 195|0x000000008e700000, 0x000000008e800000, 0x000000008e800000|100%| E|CS|TAMS 0x000000008e700000, 0x000000008e700000| Complete 
| 196|0x000000008e800000, 0x000000008e900000, 0x000000008e900000|100%| E|CS|TAMS 0x000000008e800000, 0x000000008e800000| Complete 
| 197|0x000000008e900000, 0x000000008ea00000, 0x000000008ea00000|100%| E|CS|TAMS 0x000000008e900000, 0x000000008e900000| Complete 
| 198|0x000000008ea00000, 0x000000008eb00000, 0x000000008eb00000|100%| E|CS|TAMS 0x000000008ea00000, 0x000000008ea00000| Complete 
| 199|0x000000008eb00000, 0x000000008ec00000, 0x000000008ec00000|100%| E|CS|TAMS 0x000000008eb00000, 0x000000008eb00000| Complete 
| 200|0x000000008ec00000, 0x000000008ed00000, 0x000000008ed00000|100%| E|CS|TAMS 0x000000008ec00000, 0x000000008ec00000| Complete 
| 201|0x000000008ed00000, 0x000000008ee00000, 0x000000008ee00000|100%| E|CS|TAMS 0x000000008ed00000, 0x000000008ed00000| Complete 
| 202|0x000000008ee00000, 0x000000008ef00000, 0x000000008ef00000|100%| E|CS|TAMS 0x000000008ee00000, 0x000000008ee00000| Complete 
| 203|0x000000008ef00000, 0x000000008f000000, 0x000000008f000000|100%| E|CS|TAMS 0x000000008ef00000, 0x000000008ef00000| Complete 
| 204|0x000000008f000000, 0x000000008f100000, 0x000000008f100000|100%| E|CS|TAMS 0x000000008f000000, 0x000000008f000000| Complete 
| 205|0x000000008f100000, 0x000000008f200000, 0x000000008f200000|100%| E|CS|TAMS 0x000000008f100000, 0x000000008f100000| Complete 
| 206|0x000000008f200000, 0x000000008f300000, 0x000000008f300000|100%| E|CS|TAMS 0x000000008f200000, 0x000000008f200000| Complete 
| 207|0x000000008f300000, 0x000000008f400000, 0x000000008f400000|100%| E|CS|TAMS 0x000000008f300000, 0x000000008f300000| Complete 
|2008|0x00000000ffc00000, 0x00000000ffd00000, 0x00000000ffd00000|100%| E|CS|TAMS 0x00000000ffc00000, 0x00000000ffc00000| Complete 
|2009|0x00000000ffd00000, 0x00000000ffe00000, 0x00000000ffe00000|100%| E|CS|TAMS 0x00000000ffd00000, 0x00000000ffd00000| Complete 
|2010|0x00000000ffe00000, 0x00000000fff00000, 0x00000000fff00000|100%| E|CS|TAMS 0x00000000ffe00000, 0x00000000ffe00000| Complete 
|2011|0x00000000fff00000, 0x0000000100000000, 0x0000000100000000|100%| E|CS|TAMS 0x00000000fff00000, 0x00000000fff00000| Complete 

Card table byte_map: [0x0000020a16f30000,0x0000020a17320000] _byte_map_base: 0x0000020a16b1e000

Marking Bits (Prev, Next): (CMBitMap*) 0x0000020a7f468a90, (CMBitMap*) 0x0000020a7f468ad0
 Prev Bits: [0x0000020a17710000, 0x0000020a19680000)
 Next Bits: [0x0000020a19680000, 0x0000020a1b5f0000)

Polling page: 0x0000020a7db90000

Metaspace:

Usage:
  Non-class:     27.53 MB used.
      Class:      3.58 MB used.
       Both:     31.10 MB used.

Virtual space:
  Non-class space:       64.00 MB reserved,      27.69 MB ( 43%) committed,  1 nodes.
      Class space:        1.00 GB reserved,       3.75 MB ( <1%) committed,  1 nodes.
             Both:        1.06 GB reserved,      31.44 MB (  3%) committed. 

Chunk freelists:
   Non-Class:  4.06 MB
       Class:  12.10 MB
        Both:  16.16 MB

MaxMetaspaceSize: unlimited
CompressedClassSpaceSize: 1.00 GB
Initial GC threshold: 21.00 MB
Current GC threshold: 47.94 MB
CDS: on
MetaspaceReclaimPolicy: balanced
 - commit_granule_bytes: 65536.
 - commit_granule_words: 8192.
 - virtual_space_node_default_size: 8388608.
 - enlarge_chunks_in_place: 1.
 - new_chunks_are_fully_committed: 0.
 - uncommit_free_chunks: 1.
 - use_allocation_guard: 0.
 - handle_deallocations: 1.


Internal statistics:

num_allocs_failed_limit: 3.
num_arena_births: 218.
num_arena_deaths: 6.
num_vsnodes_births: 2.
num_vsnodes_deaths: 0.
num_space_committed: 518.
num_space_uncommitted: 15.
num_chunks_returned_to_freelist: 68.
num_chunks_taken_from_freelist: 1451.
num_chunk_merges: 21.
num_chunk_splits: 990.
num_chunks_enlarged: 759.
num_inconsistent_stats: 0.

CodeHeap 'non-profiled nmethods': size=120000Kb used=3994Kb max_used=3994Kb free=116005Kb
 bounds [0x0000020a0f2e0000, 0x0000020a0f6d0000, 0x0000020a16810000]
CodeHeap 'profiled nmethods': size=120000Kb used=13001Kb max_used=13001Kb free=106998Kb
 bounds [0x0000020a07810000, 0x0000020a084d0000, 0x0000020a0ed40000]
CodeHeap 'non-nmethods': size=5760Kb used=1245Kb max_used=1291Kb free=4515Kb
 bounds [0x0000020a0ed40000, 0x0000020a0efb0000, 0x0000020a0f2e0000]
 total_blobs=6644 nmethods=6088 adapters=467
 compilation: enabled
              stopped_count=0, restarted_count=0
 full_count=0

Compilation events (20 events):
Event: 9.695 Thread 0x0000020a1dd2d4f0 nmethod 6962 0x0000020a084c2c90 code [0x0000020a084c2e80, 0x0000020a084c3308]
Event: 9.698 Thread 0x0000020a1e7ae910 nmethod 6869 0x0000020a0f6bf090 code [0x0000020a0f6bf320, 0x0000020a0f6c13f0]
Event: 9.699 Thread 0x0000020a1e7ae910 6861       4       org.apache.maven.model.inheritance.DefaultInheritanceAssembler$InheritanceModelMerger::mergePluginContainer_Plugins (433 bytes)
Event: 9.722 Thread 0x0000020a1dd24a30 nmethod 6895 0x0000020a0f6c2410 code [0x0000020a0f6c2660, 0x0000020a0f6c42b0]
Event: 9.722 Thread 0x0000020a1dd24a30 6957       4       java.lang.Character::toUpperCase (6 bytes)
Event: 9.724 Thread 0x0000020a1dd24a30 nmethod 6957 0x0000020a0f6c5010 code [0x0000020a0f6c51a0, 0x0000020a0f6c52f8]
Event: 9.725 Thread 0x0000020a1dd24a30 6912       4       java.util.BitSet::checkInvariants (111 bytes)
Event: 9.725 Thread 0x0000020a1dd24a30 nmethod 6912 0x0000020a0f6c5490 code [0x0000020a0f6c5600, 0x0000020a0f6c5678]
Event: 9.725 Thread 0x0000020a1dd24a30 6915       4       java.util.BitSet::get (69 bytes)
Event: 9.727 Thread 0x0000020a1dd24a30 nmethod 6915 0x0000020a0f6c5790 code [0x0000020a0f6c5900, 0x0000020a0f6c5a18]
Event: 9.727 Thread 0x0000020a1dd24a30 6910       4       java.util.regex.Pattern$TreeInfo::reset (21 bytes)
Event: 9.727 Thread 0x0000020a1dd24a30 nmethod 6910 0x0000020a0f6c5b10 code [0x0000020a0f6c5c80, 0x0000020a0f6c5d18]
Event: 9.727 Thread 0x0000020a1dd24a30 6870       4       java.util.Collections$SetFromMap::remove (19 bytes)
Event: 9.729 Thread 0x0000020a1dd24a30 nmethod 6870 0x0000020a0f6c5e10 code [0x0000020a0f6c5fa0, 0x0000020a0f6c6088]
Event: 9.729 Thread 0x0000020a1dd24a30 6901       4       java.lang.AbstractStringBuilder::getCoder (15 bytes)
Event: 9.729 Thread 0x0000020a1dd24a30 nmethod 6901 0x0000020a0f6c6190 code [0x0000020a0f6c6300, 0x0000020a0f6c6378]
Event: 9.878 Thread 0x0000020a1dd2d4f0 6964       3       java.lang.ConditionalSpecialCasing::lookUpTable (131 bytes)
Event: 9.879 Thread 0x0000020a1dd2d4f0 nmethod 6964 0x0000020a084c3510 code [0x0000020a084c37a0, 0x0000020a084c46b8]
Event: 9.880 Thread 0x0000020a1dd24a30 6965       4       java.nio.CharBuffer::arrayOffset (35 bytes)
Event: 9.881 Thread 0x0000020a1dd24a30 nmethod 6965 0x0000020a0f6c6790 code [0x0000020a0f6c6900, 0x0000020a0f6c69b8]

GC Heap History (20 events):
Event: 4.266 GC heap before
{Heap before GC invocations=3 (full 0):
 garbage-first heap   total 129024K, used 79766K [0x0000000082400000, 0x0000000100000000)
  region size 1024K, 75 young (76800K), 10 survivors (10240K)
 Metaspace       used 17395K, committed 17728K, reserved 1114112K
  class space    used 2017K, committed 2176K, reserved 1048576K
}
Event: 4.286 GC heap after
{Heap after GC invocations=4 (full 0):
 garbage-first heap   total 129024K, used 16829K [0x0000000082400000, 0x0000000100000000)
  region size 1024K, 5 young (5120K), 5 survivors (5120K)
 Metaspace       used 17395K, committed 17728K, reserved 1114112K
  class space    used 2017K, committed 2176K, reserved 1048576K
}
Event: 5.095 GC heap before
{Heap before GC invocations=4 (full 0):
 garbage-first heap   total 129024K, used 47549K [0x0000000082400000, 0x0000000100000000)
  region size 1024K, 32 young (32768K), 5 survivors (5120K)
 Metaspace       used 21234K, committed 21504K, reserved 1114112K
  class space    used 2499K, committed 2624K, reserved 1048576K
}
Event: 5.103 GC heap after
{Heap after GC invocations=5 (full 0):
 garbage-first heap   total 129024K, used 24518K [0x0000000082400000, 0x0000000100000000)
  region size 1024K, 8 young (8192K), 8 survivors (8192K)
 Metaspace       used 21234K, committed 21504K, reserved 1114112K
  class space    used 2499K, committed 2624K, reserved 1048576K
}
Event: 6.259 GC heap before
{Heap before GC invocations=6 (full 0):
 garbage-first heap   total 86016K, used 68550K [0x0000000082400000, 0x0000000100000000)
  region size 1024K, 51 young (52224K), 8 survivors (8192K)
 Metaspace       used 26778K, committed 27136K, reserved 1114112K
  class space    used 3101K, committed 3264K, reserved 1048576K
}
Event: 6.284 GC heap after
{Heap after GC invocations=7 (full 0):
 garbage-first heap   total 90112K, used 35765K [0x0000000082400000, 0x0000000100000000)
  region size 1024K, 10 young (10240K), 10 survivors (10240K)
 Metaspace       used 26778K, committed 27136K, reserved 1114112K
  class space    used 3101K, committed 3264K, reserved 1048576K
}
Event: 6.975 GC heap before
{Heap before GC invocations=7 (full 0):
 garbage-first heap   total 90112K, used 65461K [0x0000000082400000, 0x0000000100000000)
  region size 1024K, 39 young (39936K), 10 survivors (10240K)
 Metaspace       used 28442K, committed 28736K, reserved 1114112K
  class space    used 3325K, committed 3456K, reserved 1048576K
}
Event: 6.984 GC heap after
{Heap after GC invocations=8 (full 0):
 garbage-first heap   total 90112K, used 31686K [0x0000000082400000, 0x0000000100000000)
  region size 1024K, 1 young (1024K), 1 survivors (1024K)
 Metaspace       used 28442K, committed 28736K, reserved 1114112K
  class space    used 3325K, committed 3456K, reserved 1048576K
}
Event: 7.491 GC heap before
{Heap before GC invocations=8 (full 0):
 garbage-first heap   total 90112K, used 69574K [0x0000000082400000, 0x0000000100000000)
  region size 1024K, 34 young (34816K), 1 survivors (1024K)
 Metaspace       used 28541K, committed 28864K, reserved 1114112K
  class space    used 3326K, committed 3456K, reserved 1048576K
}
Event: 7.515 GC heap after
{Heap after GC invocations=9 (full 0):
 garbage-first heap   total 108544K, used 48070K [0x0000000082400000, 0x0000000100000000)
  region size 1024K, 5 young (5120K), 5 survivors (5120K)
 Metaspace       used 28541K, committed 28864K, reserved 1114112K
  class space    used 3326K, committed 3456K, reserved 1048576K
}
Event: 8.112 GC heap before
{Heap before GC invocations=9 (full 0):
 garbage-first heap   total 108544K, used 76742K [0x0000000082400000, 0x0000000100000000)
  region size 1024K, 33 young (33792K), 5 survivors (5120K)
 Metaspace       used 29163K, committed 29504K, reserved 1114112K
  class space    used 3405K, committed 3520K, reserved 1048576K
}
Event: 8.123 GC heap after
{Heap after GC invocations=10 (full 0):
 garbage-first heap   total 108544K, used 54214K [0x0000000082400000, 0x0000000100000000)
  region size 1024K, 5 young (5120K), 5 survivors (5120K)
 Metaspace       used 29163K, committed 29504K, reserved 1114112K
  class space    used 3405K, committed 3520K, reserved 1048576K
}
Event: 8.619 GC heap before
{Heap before GC invocations=10 (full 0):
 garbage-first heap   total 108544K, used 79814K [0x0000000082400000, 0x0000000100000000)
  region size 1024K, 30 young (30720K), 5 survivors (5120K)
 Metaspace       used 30034K, committed 30400K, reserved 1114112K
  class space    used 3501K, committed 3648K, reserved 1048576K
}
Event: 8.626 GC heap after
{Heap after GC invocations=11 (full 0):
 garbage-first heap   total 108544K, used 53702K [0x0000000082400000, 0x0000000100000000)
  region size 1024K, 1 young (1024K), 1 survivors (1024K)
 Metaspace       used 30034K, committed 30400K, reserved 1114112K
  class space    used 3501K, committed 3648K, reserved 1048576K
}
Event: 9.157 GC heap before
{Heap before GC invocations=12 (full 0):
 garbage-first heap   total 108544K, used 79302K [0x0000000082400000, 0x0000000100000000)
  region size 1024K, 28 young (28672K), 1 survivors (1024K)
 Metaspace       used 30239K, committed 30528K, reserved 1114112K
  class space    used 3489K, committed 3648K, reserved 1048576K
}
Event: 9.162 GC heap after
{Heap after GC invocations=13 (full 0):
 garbage-first heap   total 108544K, used 52845K [0x0000000082400000, 0x0000000100000000)
  region size 1024K, 3 young (3072K), 3 survivors (3072K)
 Metaspace       used 30239K, committed 30528K, reserved 1114112K
  class space    used 3489K, committed 3648K, reserved 1048576K
}
Event: 9.176 GC heap before
{Heap before GC invocations=13 (full 0):
 garbage-first heap   total 108544K, used 54893K [0x0000000082400000, 0x0000000100000000)
  region size 1024K, 5 young (5120K), 3 survivors (3072K)
 Metaspace       used 30242K, committed 30592K, reserved 1114112K
  class space    used 3489K, committed 3648K, reserved 1048576K
}
Event: 9.182 GC heap after
{Heap after GC invocations=14 (full 0):
 garbage-first heap   total 108544K, used 43409K [0x0000000082400000, 0x0000000100000000)
  region size 1024K, 1 young (1024K), 1 survivors (1024K)
 Metaspace       used 30242K, committed 30592K, reserved 1114112K
  class space    used 3489K, committed 3648K, reserved 1048576K
}
Event: 9.228 GC heap before
{Heap before GC invocations=14 (full 0):
 garbage-first heap   total 108544K, used 47505K [0x0000000082400000, 0x0000000100000000)
  region size 1024K, 5 young (5120K), 1 survivors (1024K)
 Metaspace       used 30353K, committed 30720K, reserved 1114112K
  class space    used 3500K, committed 3648K, reserved 1048576K
}
Event: 9.232 GC heap after
{Heap after GC invocations=15 (full 0):
 garbage-first heap   total 217088K, used 41309K [0x0000000082400000, 0x0000000100000000)
  region size 1024K, 1 young (1024K), 1 survivors (1024K)
 Metaspace       used 30353K, committed 30720K, reserved 1114112K
  class space    used 3500K, committed 3648K, reserved 1048576K
}

Deoptimization events (20 events):
Event: 9.668 Thread 0x0000020a7f40f9c0 Uncommon trap: trap_request=0xffffffbe fr.pc=0x0000020a0f3d5490 relative=0x0000000000001f30
Event: 9.668 Thread 0x0000020a7f40f9c0 Uncommon trap: reason=profile_predicate action=maybe_recompile pc=0x0000020a0f3d5490 method=java.util.TimSort.binarySort([Ljava/lang/Object;IIILjava/util/Comparator;)V @ 34 c2
Event: 9.668 Thread 0x0000020a7f40f9c0 DEOPT PACKING pc=0x0000020a0f3d5490 sp=0x00000093c4dfd100
Event: 9.668 Thread 0x0000020a7f40f9c0 DEOPT UNPACKING pc=0x0000020a0ed923a3 sp=0x00000093c4dfd0e0 mode 2
Event: 9.716 Thread 0x0000020a648aa2d0 Uncommon trap: trap_request=0xffffff45 fr.pc=0x0000020a0f6721fc relative=0x0000000000000efc
Event: 9.716 Thread 0x0000020a648aa2d0 Uncommon trap: reason=unstable_if action=reinterpret pc=0x0000020a0f6721fc method=java.util.regex.Pattern.sequence(Ljava/util/regex/Pattern$Node;)Ljava/util/regex/Pattern$Node; @ 144 c2
Event: 9.716 Thread 0x0000020a648aa2d0 DEOPT PACKING pc=0x0000020a0f6721fc sp=0x00000093c77fe770
Event: 9.716 Thread 0x0000020a648aa2d0 DEOPT UNPACKING pc=0x0000020a0ed923a3 sp=0x00000093c77fe710 mode 2
Event: 9.716 Thread 0x0000020a648aa2d0 Uncommon trap: trap_request=0xffffff45 fr.pc=0x0000020a0f42d658 relative=0x0000000000000058
Event: 9.716 Thread 0x0000020a648aa2d0 Uncommon trap: reason=unstable_if action=reinterpret pc=0x0000020a0f42d658 method=java.util.regex.Pattern.has(I)Z @ 6 c2
Event: 9.716 Thread 0x0000020a648aa2d0 DEOPT PACKING pc=0x0000020a0f42d658 sp=0x00000093c77fe710
Event: 9.716 Thread 0x0000020a648aa2d0 DEOPT UNPACKING pc=0x0000020a0ed923a3 sp=0x00000093c77fe6a0 mode 2
Event: 9.872 Thread 0x0000020a648aa7e0 Uncommon trap: trap_request=0xffffff45 fr.pc=0x0000020a0f47ef18 relative=0x0000000000000bd8
Event: 9.872 Thread 0x0000020a648aa7e0 Uncommon trap: reason=unstable_if action=reinterpret pc=0x0000020a0f47ef18 method=java.lang.ConditionalSpecialCasing.lookUpTable(Ljava/lang/String;ILjava/util/Locale;Z)[C @ 81 c2
Event: 9.872 Thread 0x0000020a648aa7e0 DEOPT PACKING pc=0x0000020a0f47ef18 sp=0x00000093c76fef10
Event: 9.872 Thread 0x0000020a648aa7e0 DEOPT UNPACKING pc=0x0000020a0ed923a3 sp=0x00000093c76feed0 mode 2
Event: 9.872 Thread 0x0000020a648aa7e0 Uncommon trap: trap_request=0xffffff45 fr.pc=0x0000020a0f49c214 relative=0x00000000000001d4
Event: 9.872 Thread 0x0000020a648aa7e0 Uncommon trap: reason=unstable_if action=reinterpret pc=0x0000020a0f49c214 method=java.lang.ConditionalSpecialCasing.toLowerCaseEx(Ljava/lang/String;ILjava/util/Locale;)I @ 15 c2
Event: 9.872 Thread 0x0000020a648aa7e0 DEOPT PACKING pc=0x0000020a0f49c214 sp=0x00000093c76fefb0
Event: 9.872 Thread 0x0000020a648aa7e0 DEOPT UNPACKING pc=0x0000020a0ed923a3 sp=0x00000093c76fef50 mode 2

Classes unloaded (20 events):
Event: 8.669 Thread 0x0000020a1dd02b30 Unloading class 0x0000020a2032e7c8 'lombok/javac/apt/MessagerDiagnosticsReceiver'
Event: 8.669 Thread 0x0000020a1dd02b30 Unloading class 0x0000020a2032e420 'lombok/javac/apt/InterceptingJavaFileManager'
Event: 8.669 Thread 0x0000020a1dd02b30 Unloading class 0x0000020a2032e218 'lombok/permit/dummy/Parent'
Event: 8.669 Thread 0x0000020a1dd02b30 Unloading class 0x0000020a2032e000 'lombok/core/CleanupRegistry'
Event: 8.669 Thread 0x0000020a1dd02b30 Unloading class 0x0000020a2032dde8 'lombok/permit/Permit$Fake'
Event: 8.669 Thread 0x0000020a1dd02b30 Unloading class 0x0000020a2032dbe8 'lombok/permit/Permit'
Event: 8.669 Thread 0x0000020a1dd02b30 Unloading class 0x0000020a2032d8f8 'lombok/javac/apt/LombokProcessor$1'
Event: 8.669 Thread 0x0000020a1dd02b30 Unloading class 0x0000020a2032d700 'lombok/core/DiagnosticsReceiver'
Event: 8.669 Thread 0x0000020a1dd02b30 Unloading class 0x0000020a2032d468 'lombok/javac/apt/LombokProcessor'
Event: 8.669 Thread 0x0000020a1dd02b30 Unloading class 0x0000020a2032d238 'lombok/core/AnnotationProcessor$EcjDescriptor'
Event: 8.669 Thread 0x0000020a1dd02b30 Unloading class 0x0000020a2032d000 'lombok/core/AnnotationProcessor$JavacDescriptor'
Event: 8.669 Thread 0x0000020a1dd02b30 Unloading class 0x0000020a2032ca80 'lombok/core/AnnotationProcessor$ProcessorDescriptor'
Event: 8.669 Thread 0x0000020a1dd02b30 Unloading class 0x0000020a2032c800 'lombok/core/AnnotationProcessor'
Event: 8.669 Thread 0x0000020a1dd02b30 Unloading class 0x0000020a20351000 'lombok/launch/AnnotationProcessorHider$ClaimingProcessor'
Event: 8.669 Thread 0x0000020a1dd02b30 Unloading class 0x0000020a2032c498 'lombok/launch/AnnotationProcessorHider$AstModificationNotifierData'
Event: 8.669 Thread 0x0000020a1dd02b30 Unloading class 0x0000020a2032c218 'lombok/launch/ClassFileMetaData'
Event: 8.669 Thread 0x0000020a1dd02b30 Unloading class 0x0000020a2032c000 'lombok/launch/PackageShader'
Event: 8.669 Thread 0x0000020a1dd02b30 Unloading class 0x0000020a2030c480 'lombok/launch/ShadowClassLoader'
Event: 8.669 Thread 0x0000020a1dd02b30 Unloading class 0x0000020a2030c280 'lombok/launch/Main'
Event: 8.669 Thread 0x0000020a1dd02b30 Unloading class 0x0000020a2030c000 'lombok/launch/AnnotationProcessorHider$AnnotationProcessor'

Classes redefined (0 events):
No events

Internal exceptions (20 events):
Event: 8.462 Thread 0x0000020a7f40f9c0 Exception <a 'sun/nio/fs/WindowsException'{0x0000000087893900}> (0x0000000087893900) 
thrown [s\open\src\hotspot\share\prims\jni.cpp, line 516]
Event: 8.463 Thread 0x0000020a7f40f9c0 Exception <a 'sun/nio/fs/WindowsException'{0x0000000087894560}> (0x0000000087894560) 
thrown [s\open\src\hotspot\share\prims\jni.cpp, line 516]
Event: 8.899 Thread 0x0000020a7f40f9c0 Exception <a 'java/lang/NoClassDefFoundError'{0x0000000087ddbaf0}: org/sonatype/aether/collection/DependencyCollectionException> (0x0000000087ddbaf0) 
thrown [s\open\src\hotspot\share\classfile\systemDictionary.cpp, line 245]
Event: 8.911 Thread 0x0000020a7f40f9c0 Exception <a 'java/lang/NoClassDefFoundError'{0x0000000087c20398}: org/sonatype/aether/deployment/DeploymentException> (0x0000000087c20398) 
thrown [s\open\src\hotspot\share\classfile\systemDictionary.cpp, line 245]
Event: 8.912 Thread 0x0000020a7f40f9c0 Exception <a 'java/lang/NoClassDefFoundError'{0x0000000087c2c568}: org/sonatype/aether/resolution/ArtifactDescriptorException> (0x0000000087c2c568) 
thrown [s\open\src\hotspot\share\classfile\systemDictionary.cpp, line 245]
Event: 8.912 Thread 0x0000020a7f40f9c0 Exception <a 'java/lang/NoClassDefFoundError'{0x0000000087c3f568}: org/sonatype/aether/metadata/Metadata> (0x0000000087c3f568) 
thrown [s\open\src\hotspot\share\classfile\systemDictionary.cpp, line 245]
Event: 8.918 Thread 0x0000020a7f40f9c0 Exception <a 'java/lang/NoClassDefFoundError'{0x0000000087c7bc60}: org/sonatype/aether/resolution/ArtifactResolutionException> (0x0000000087c7bc60) 
thrown [s\open\src\hotspot\share\classfile\systemDictionary.cpp, line 245]
Event: 8.924 Thread 0x0000020a7f40f9c0 Exception <a 'java/lang/NoClassDefFoundError'{0x0000000087cdc8b8}: org/sonatype/aether/installation/InstallationException> (0x0000000087cdc8b8) 
thrown [s\open\src\hotspot\share\classfile\systemDictionary.cpp, line 245]
Event: 8.927 Thread 0x0000020a7f40f9c0 Exception <a 'java/lang/NoClassDefFoundError'{0x0000000087cfea38}: org/sonatype/aether/metadata/Metadata> (0x0000000087cfea38) 
thrown [s\open\src\hotspot\share\classfile\systemDictionary.cpp, line 245]
Event: 8.961 Thread 0x0000020a6501c180 Exception <a 'java/lang/NoSuchMethodError'{0x0000000087981cd0}: 'java.lang.Object java.lang.invoke.DirectMethodHandle$Holder.invokeStatic(java.lang.Object, java.lang.Object, long, java.lang.Object)'> (0x0000000087981cd0) 
thrown [s\open\src\hotspot\share\interpreter\linkResolver.cpp, line 759]
Event: 8.963 Thread 0x0000020a6501c180 Exception <a 'java/lang/NoSuchMethodError'{0x00000000879854a8}: 'java.lang.Object java.lang.invoke.DirectMethodHandle$Holder.invokeStaticInit(java.lang.Object, java.lang.Object, long, java.lang.Object)'> (0x00000000879854a8) 
thrown [s\open\src\hotspot\share\interpreter\linkResolver.cpp, line 759]
Event: 8.964 Thread 0x0000020a6501c180 Exception <a 'java/lang/NoSuchMethodError'{0x000000008798baf0}: 'java.lang.Object java.lang.invoke.DirectMethodHandle$Holder.newInvokeSpecial(java.lang.Object, java.lang.Object, long)'> (0x000000008798baf0) 
thrown [s\open\src\hotspot\share\interpreter\linkResolver.cpp, line 759]
Event: 8.964 Thread 0x0000020a6501c180 Exception <a 'java/lang/NoSuchMethodError'{0x000000008798f660}: 'java.lang.Object java.lang.invoke.Invokers$Holder.linkToTargetMethod(java.lang.Object, long, java.lang.Object)'> (0x000000008798f660) 
thrown [s\open\src\hotspot\share\interpreter\linkResolver.cpp, line 759]
Event: 9.079 Thread 0x0000020a7f40f9c0 Exception <a 'java/lang/NoSuchMethodError'{0x000000008763d178}: 'java.lang.Object java.lang.invoke.DirectMethodHandle$Holder.invokeStaticInit(java.lang.Object, java.lang.Object, int, int, int, int)'> (0x000000008763d178) 
thrown [s\open\src\hotspot\share\interpreter\linkResolver.cpp, line 759]
Event: 9.110 Thread 0x0000020a7f40f9c0 Exception <a 'java/lang/NoSuchMethodError'{0x00000000874aa188}: 'int java.lang.invoke.DirectMethodHandle$Holder.invokeSpecialIFC(java.lang.Object, java.lang.Object, java.lang.Object, java.lang.Object)'> (0x00000000874aa188) 
thrown [s\open\src\hotspot\share\interpreter\linkResolver.cpp, line 759]
Event: 9.200 Thread 0x0000020a648a7f60 Implicit null exception at 0x0000020a0f34d3aa to 0x0000020a0f34d508
Event: 9.200 Thread 0x0000020a648a8470 Implicit null exception at 0x0000020a0f34d3aa to 0x0000020a0f34d508
Event: 9.549 Thread 0x0000020a7f40f9c0 Exception <a 'java/lang/NoSuchMethodError'{0x000000008e0d5130}: 'java.lang.Object java.lang.invoke.DirectMethodHandle$Holder.invokeStaticInit(java.lang.Object, int)'> (0x000000008e0d5130) 
thrown [s\open\src\hotspot\share\interpreter\linkResolver.cpp, line 759]
Event: 9.685 Thread 0x0000020a7f40f9c0 Exception <a 'java/lang/NoSuchMethodError'{0x000000008dc7b6b8}: 'void java.lang.invoke.DirectMethodHandle$Holder.invokeStatic(java.lang.Object, long)'> (0x000000008dc7b6b8) 
thrown [s\open\src\hotspot\share\interpreter\linkResolver.cpp, line 759]
Event: 9.686 Thread 0x0000020a7f40f9c0 Exception <a 'java/lang/NoSuchMethodError'{0x000000008db008c0}: 'java.lang.Object java.lang.invoke.DirectMethodHandle$Holder.newInvokeSpecial(java.lang.Object, long)'> (0x000000008db008c0) 
thrown [s\open\src\hotspot\share\interpreter\linkResolver.cpp, line 759]

VM Operations (20 events):
Event: 9.176 Executing VM operation: G1CollectForAllocation
Event: 9.182 Executing VM operation: G1CollectForAllocation done
Event: 9.200 Executing VM operation: HandshakeAllThreads
Event: 9.200 Executing VM operation: HandshakeAllThreads done
Event: 9.228 Executing VM operation: G1CollectForAllocation
Event: 9.232 Executing VM operation: G1CollectForAllocation done
Event: 9.516 Executing VM operation: HandshakeAllThreads
Event: 9.516 Executing VM operation: HandshakeAllThreads done
Event: 9.587 Executing VM operation: HandshakeAllThreads
Event: 9.587 Executing VM operation: HandshakeAllThreads done
Event: 9.588 Executing VM operation: HandshakeAllThreads
Event: 9.588 Executing VM operation: HandshakeAllThreads done
Event: 9.591 Executing VM operation: HandshakeAllThreads
Event: 9.591 Executing VM operation: HandshakeAllThreads done
Event: 9.591 Executing VM operation: HandshakeAllThreads
Event: 9.591 Executing VM operation: HandshakeAllThreads done
Event: 9.687 Executing VM operation: HandshakeAllThreads
Event: 9.687 Executing VM operation: HandshakeAllThreads done
Event: 9.693 Executing VM operation: HandshakeAllThreads
Event: 9.693 Executing VM operation: HandshakeAllThreads done

Events (20 events):
Event: 9.686 loading class java/lang/ProcessImpl$2 done
Event: 9.686 loading class java/lang/Process$PipeInputStream
Event: 9.686 loading class java/lang/Process$PipeInputStream done
Event: 9.687 loading class jdk/internal/event/ProcessStartEvent
Event: 9.687 loading class jdk/internal/event/ProcessStartEvent done
Event: 9.689 loading class java/nio/channels/ClosedChannelException
Event: 9.689 loading class java/nio/channels/ClosedChannelException done
Event: 9.693 loading class java/nio/channels/NonReadableChannelException
Event: 9.693 loading class java/nio/channels/NonReadableChannelException done
Event: 9.694 loading class java/nio/channels/NonWritableChannelException
Event: 9.695 loading class java/nio/channels/NonWritableChannelException done
Event: 9.696 Thread 0x0000020a648a93a0 Thread added: 0x0000020a648a93a0
Event: 9.711 Thread 0x0000020a648aa7e0 Thread added: 0x0000020a648aa7e0
Event: 9.713 Thread 0x0000020a648aa2d0 Thread added: 0x0000020a648aa2d0
Event: 9.713 loading class java/util/Scanner
Event: 9.715 loading class java/util/Scanner done
Event: 9.716 loading class java/util/Scanner$PatternLRUCache
Event: 9.717 loading class java/util/Scanner$PatternLRUCache done
Event: 9.878 loading class java/util/concurrent/atomic/Striped64$1
Event: 9.878 loading class java/util/concurrent/atomic/Striped64$1 done


Dynamic libraries:
0x00007ff6435e0000 - 0x00007ff6435f0000 	C:\Program Files\Java\jdk-17\bin\java.exe
0x00007ffdeee50000 - 0x00007ffdef067000 	C:\WINDOWS\SYSTEM32\ntdll.dll
0x00007ffded1b0000 - 0x00007ffded274000 	C:\WINDOWS\System32\KERNEL32.DLL
0x00007ffdec290000 - 0x00007ffdec660000 	C:\WINDOWS\System32\KERNELBASE.dll
0x00007ffdec660000 - 0x00007ffdec771000 	C:\WINDOWS\System32\ucrtbase.dll
0x00007ffdbae70000 - 0x00007ffdbae8b000 	C:\Program Files\Java\jdk-17\bin\VCRUNTIME140.dll
0x00007ffdae770000 - 0x00007ffdae789000 	C:\Program Files\Java\jdk-17\bin\jli.dll
0x00007ffdecb40000 - 0x00007ffdecbf1000 	C:\WINDOWS\System32\ADVAPI32.dll
0x00007ffdecd20000 - 0x00007ffdecdc7000 	C:\WINDOWS\System32\msvcrt.dll
0x00007ffdedaa0000 - 0x00007ffdedb47000 	C:\WINDOWS\System32\sechost.dll
0x00007ffdec970000 - 0x00007ffdec998000 	C:\WINDOWS\System32\bcrypt.dll
0x00007ffded950000 - 0x00007ffdeda64000 	C:\WINDOWS\System32\RPCRT4.dll
0x00007ffdecdd0000 - 0x00007ffdecf7e000 	C:\WINDOWS\System32\USER32.dll
0x00007ffdec260000 - 0x00007ffdec286000 	C:\WINDOWS\System32\win32u.dll
0x00007ffdd90a0000 - 0x00007ffdd9332000 	C:\WINDOWS\WinSxS\amd64_microsoft.windows.common-controls_6595b64144ccf1df_6.0.22621.4830_none_270fe7d773858e80\COMCTL32.dll
0x00007ffdeda70000 - 0x00007ffdeda99000 	C:\WINDOWS\System32\GDI32.dll
0x00007ffdeca20000 - 0x00007ffdecb3b000 	C:\WINDOWS\System32\gdi32full.dll
0x00007ffdec100000 - 0x00007ffdec19a000 	C:\WINDOWS\System32\msvcp_win.dll
0x00007ffde47f0000 - 0x00007ffde47fa000 	C:\WINDOWS\SYSTEM32\VERSION.dll
0x00007ffdee8d0000 - 0x00007ffdee901000 	C:\WINDOWS\System32\IMM32.DLL
0x00007ffdd3490000 - 0x00007ffdd3542000 	C:\Program Files\McAfee\Endpoint Security\Threat Prevention\Ips\EpMPApi.dll
0x00007ffdec780000 - 0x00007ffdec7f2000 	C:\WINDOWS\System32\WINTRUST.dll
0x00007ffdec800000 - 0x00007ffdec966000 	C:\WINDOWS\System32\CRYPT32.dll
0x00007ffdebda0000 - 0x00007ffdebdb2000 	C:\WINDOWS\SYSTEM32\MSASN1.dll
0x0000000066cc0000 - 0x0000000066ccc000 	C:\Program Files\McAfee\Endpoint Security\Threat Prevention\Ips\EpMPThe.dll
0x00007ffdd6730000 - 0x00007ffdd678b000 	C:\Program Files\McAfee\Endpoint Security\Threat Prevention\Ips\HIPHandlers64.dll
0x00007ffdee050000 - 0x00007ffdee8c8000 	C:\WINDOWS\System32\SHELL32.dll
0x00007ffdedd00000 - 0x00007ffdedd5e000 	C:\WINDOWS\System32\SHLWAPI.dll
0x00007ffdeac40000 - 0x00007ffdeac6d000 	C:\WINDOWS\SYSTEM32\IPHLPAPI.DLL
0x00007ffde9a30000 - 0x00007ffde9c62000 	C:\WINDOWS\SYSTEM32\dbghelp.dll
0x00007ffded280000 - 0x00007ffded610000 	C:\WINDOWS\System32\combase.dll
0x00007ffded0c0000 - 0x00007ffded197000 	C:\WINDOWS\System32\OLEAUT32.dll
0x00007ffdd41a0000 - 0x00007ffdd41ac000 	C:\Program Files\Java\jdk-17\bin\vcruntime140_1.dll
0x00007ffd9c430000 - 0x00007ffd9c4be000 	C:\Program Files\Java\jdk-17\bin\msvcp140.dll
0x00007ffd5af40000 - 0x00007ffd5bb21000 	C:\Program Files\Java\jdk-17\bin\server\jvm.dll
0x00007ffdecd10000 - 0x00007ffdecd18000 	C:\WINDOWS\System32\PSAPI.DLL
0x00007ffdd3380000 - 0x00007ffdd3389000 	C:\WINDOWS\SYSTEM32\WSOCK32.dll
0x00007ffde5930000 - 0x00007ffde5964000 	C:\WINDOWS\SYSTEM32\WINMM.dll
0x00007ffdee910000 - 0x00007ffdee981000 	C:\WINDOWS\System32\WS2_32.dll
0x00007ffdeb230000 - 0x00007ffdeb248000 	C:\WINDOWS\SYSTEM32\kernel.appcore.dll
0x00007ffdc89a0000 - 0x00007ffdc89aa000 	C:\Program Files\Java\jdk-17\bin\jimage.dll
0x00007ffdd5050000 - 0x00007ffdd5082000 	C:\WINDOWS\SYSTEM32\dbgcore.DLL
0x00007ffdec9a0000 - 0x00007ffdeca1b000 	C:\WINDOWS\System32\bcryptPrimitives.dll
0x00007ffda73e0000 - 0x00007ffda7405000 	C:\Program Files\Java\jdk-17\bin\java.dll
0x00007ffd9b8d0000 - 0x00007ffd9b9a7000 	C:\Program Files\Java\jdk-17\bin\jsvml.dll
0x00007ffdea060000 - 0x00007ffdea970000 	C:\WINDOWS\SYSTEM32\windows.storage.dll
0x00007ffde9f20000 - 0x00007ffdea05f000 	C:\WINDOWS\SYSTEM32\wintypes.dll
0x00007ffdecc00000 - 0x00007ffdecd0a000 	C:\WINDOWS\System32\SHCORE.dll
0x00007ffdec030000 - 0x00007ffdec05b000 	C:\WINDOWS\SYSTEM32\profapi.dll
0x00007ffda83b0000 - 0x00007ffda83c9000 	C:\Program Files\Java\jdk-17\bin\net.dll
0x00007ffde5800000 - 0x00007ffde592c000 	C:\WINDOWS\SYSTEM32\WINHTTP.dll
0x00007ffdeb6b0000 - 0x00007ffdeb71a000 	C:\WINDOWS\system32\mswsock.dll
0x00007ffda4280000 - 0x00007ffda4296000 	C:\Program Files\Java\jdk-17\bin\nio.dll
0x00007ffda3ec0000 - 0x00007ffda3ed8000 	C:\Program Files\Java\jdk-17\bin\zip.dll
0x00007ffda3050000 - 0x00007ffda3074000 	C:\Program Files\apache-maven-3.9.9\lib\jansi-native\Windows\x86_64\jansi.dll
0x00007ffdc56d0000 - 0x00007ffdc56e0000 	C:\Program Files\Java\jdk-17\bin\verify.dll
0x00007ffdeb340000 - 0x00007ffdeb374000 	C:\WINDOWS\SYSTEM32\ntmarta.dll
0x00007ffdeb900000 - 0x00007ffdeb91b000 	C:\WINDOWS\SYSTEM32\CRYPTSP.dll
0x00007ffdeb190000 - 0x00007ffdeb1c5000 	C:\WINDOWS\system32\rsaenh.dll
0x00007ffdeb7a0000 - 0x00007ffdeb7c8000 	C:\WINDOWS\SYSTEM32\USERENV.dll
0x00007ffdeb920000 - 0x00007ffdeb92c000 	C:\WINDOWS\SYSTEM32\CRYPTBASE.dll
0x00007ffdecf80000 - 0x00007ffdecf89000 	C:\WINDOWS\System32\NSI.dll
0x00007ffde7820000 - 0x00007ffde7839000 	C:\WINDOWS\SYSTEM32\dhcpcsvc6.DLL
0x00007ffde5b70000 - 0x00007ffde5b8f000 	C:\WINDOWS\SYSTEM32\dhcpcsvc.DLL
0x00007ffdeacb0000 - 0x00007ffdeadb2000 	C:\WINDOWS\SYSTEM32\DNSAPI.dll

dbghelp: loaded successfully - version: 4.0.5 - missing functions: none
symbol engine: initialized successfully - sym options: 0x614 - pdb path: .;C:\Program Files\Java\jdk-17\bin;C:\WINDOWS\SYSTEM32;C:\WINDOWS\WinSxS\amd64_microsoft.windows.common-controls_6595b64144ccf1df_6.0.22621.4830_none_270fe7d773858e80;C:\Program Files\McAfee\Endpoint Security\Threat Prevention\Ips;C:\Program Files\Java\jdk-17\bin\server;C:\Program Files\apache-maven-3.9.9\lib\jansi-native\Windows\x86_64

VM Arguments:
jvm_args: -Dclassworlds.conf=C:/Program Files/apache-maven-3.9.9/bin/m2.conf -Dmaven.home=C:/Program Files/apache-maven-3.9.9 -Dlibrary.jansi.path=C:/Program Files/apache-maven-3.9.9/lib/jansi-native -Dmaven.multiModuleProjectDirectory=C:/ornek/bank-account-management 
java_command: org.codehaus.plexus.classworlds.launcher.Launcher clean install
java_class_path (initial): C:/Program Files/apache-maven-3.9.9/boot/plexus-classworlds-2.8.0.jar
Launcher Type: SUN_STANDARD

[Global flags]
     intx CICompilerCount                          = 4                                         {product} {ergonomic}
     uint ConcGCThreads                            = 2                                         {product} {ergonomic}
     uint G1ConcRefinementThreads                  = 8                                         {product} {ergonomic}
   size_t G1HeapRegionSize                         = 1048576                                   {product} {ergonomic}
    uintx GCDrainStackTargetSize                   = 64                                        {product} {ergonomic}
   size_t InitialHeapSize                          = 132120576                                 {product} {ergonomic}
   size_t MarkStackSize                            = 4194304                                   {product} {ergonomic}
   size_t MaxHeapSize                              = 2109734912                                {product} {ergonomic}
   size_t MaxNewSize                               = 1265631232                                {product} {ergonomic}
   size_t MinHeapDeltaBytes                        = 1048576                                   {product} {ergonomic}
   size_t MinHeapSize                              = 8388608                                   {product} {ergonomic}
    uintx NonNMethodCodeHeapSize                   = 5839372                                {pd product} {ergonomic}
    uintx NonProfiledCodeHeapSize                  = 122909434                              {pd product} {ergonomic}
    uintx ProfiledCodeHeapSize                     = 122909434                              {pd product} {ergonomic}
    uintx ReservedCodeCacheSize                    = 251658240                              {pd product} {ergonomic}
     bool SegmentedCodeCache                       = true                                      {product} {ergonomic}
   size_t SoftMaxHeapSize                          = 2109734912                             {manageable} {ergonomic}
     bool UseCompressedClassPointers               = true                           {product lp64_product} {ergonomic}
     bool UseCompressedOops                        = true                           {product lp64_product} {ergonomic}
     bool UseG1GC                                  = true                                      {product} {ergonomic}
     bool UseLargePagesIndividualAllocation        = false                                  {pd product} {ergonomic}

Logging:
Log output configuration:
 #0: stdout all=warning uptime,level,tags
 #1: stderr all=off uptime,level,tags

Environment Variables:
JAVA_HOME=C:/Program Files/Java/jdk-17
PATH=C:\Users\FÝLÝZC\bin;C:\Program Files\Git\mingw64\bin;C:\Program Files\Git\usr\local\bin;C:\Program Files\Git\usr\bin;C:\Program Files\Git\usr\bin;C:\Program Files\Git\mingw64\bin;C:\Program Files\Git\usr\bin;C:\Users\FÝLÝZC\bin;C:\Users\FÝLÝZC\.p2\pool\plugins\org.eclipse.justj.openjdk.hotspot.jre.full.win32.x86_64_23.0.2.v20250131-0604\jre\bin\server;C:\Users\FÝLÝZC\.p2\pool\plugins\org.eclipse.justj.openjdk.hotspot.jre.full.win32.x86_64_23.0.2.v20250131-0604\jre\bin;C:\Program Files\Common Files\Oracle\Java\javapath;C:\Program Files (x86)\Common Files\Oracle\Java\javapath;C:\Program Files (x86)\Common Files\Intel\Shared Libraries\redist\intel64\compiler;C:\Program Files\Microsoft MPI\Bin;C:\Windows\system32;C:\Windows;C:\Windows\System32\Wbem;C:\Windows\System32\WindowsPowerShell\v1.0;C:\Windows\System32\OpenSSH;C:\Program Files (x86)\NVIDIA Corporation\PhysX\Common;C:\Program Files\Microsoft SQL Server\110\Tools\Binn;C:\Program Files\Microsoft\Web Platform Installer;C:\Program Files (x86)\Microsoft ASP.NET\ASP.NET Web Pages\v1.0;C:\WINDOWS\system32;C:\WINDOWS;C:\WINDOWS\System32\Wbem;C:\WINDOWS\System32\WindowsPowerShell\v1.0;C:\WINDOWS\System32\OpenSSH;C:\Program Files\Microsoft SQL Server\130\Tools\Binn;C:\Program Files\Microsoft SQL Server\Client SDK\ODBC\170\Tools\Binn;C:\Program Files (x86)\Microsoft SQL Server\150\Tools\Binn;C:\Program Files\Microsoft SQL Server\150\Tools\Binn;C:\Program Files\Microsoft SQL Server\150\DTS\Binn;C:\Program Files (x86)\Microsoft SQL Server\150\DTS\Binn;C:\Program Files\Azure Data Studio\bin;C:\Program Files\dotnet;C:\WINDOWS\system32;C:\WINDOWS;C:\WINDOWS\System32\Wbem;C:\WINDOWS\System32\WindowsPowerShell\v1.0;C:\WINDOWS\System32\OpenSSH;C:\ProgramData\chocolatey\bin;C:\Program Files\Git\cmd;C:\Program Files (x86)\Microsoft SQL Server\160\DTS\Binn;C:\Program Files\nodejs;C:\Users\FÝLÝZC\AppData\Local\Microsoft\WindowsApps;C:\Users\FÝLÝZC\.dotnet\tools;C:\Program Files\Azure Data Studio\bin;C:\Users\FÝLÝZC\AppData\Local\Prog
USERNAME=FILIZC
SHELL=C:\Program Files\Git\usr\bin\bash.exe
DISPLAY=needs-to-be-defined
LANG=tr_TR.UTF-8
OS=Windows_NT
PROCESSOR_IDENTIFIER=Intel64 Family 6 Model 142 Stepping 11, GenuineIntel



---------------  S Y S T E M  ---------------

OS:
 Windows 11 , 64 bit Build 22621 (10.0.22621.4830)
OS uptime: 0 days 1:08 hours

CPU: total 8 (initial active 8) (4 cores per cpu, 2 threads per core) family 6 model 142 stepping 11 microcode 0xde, cx8, cmov, fxsr, ht, mmx, 3dnowpref, sse, sse2, sse3, ssse3, sse4.1, sse4.2, popcnt, lzcnt, tsc, tscinvbit, avx, avx2, aes, erms, clmul, bmi1, bmi2, adx, fma, vzeroupper, clflush, clflushopt

Memory: 4k page, system-wide physical 8043M (1068M free)
TotalPageFile size 9486M (AvailPageFile size 15M)
current process WorkingSet (physical memory assigned to process): 278M, peak: 278M
current process commit charge ("private bytes"): 396M, peak: 397M

vm_info: Java HotSpot(TM) 64-Bit Server VM (17.0.14+8-LTS-191) for windows-amd64 JRE (17.0.14+8-LTS-191), built on Dec  3 2024 11:07:59 by "mach5one" with MS VC++ 17.6 (VS2022)

END.
