#
# There is insufficient memory for the Java Runtime Environment to continue.
# Native memory allocation (malloc) failed to allocate 2942416 bytes for Chunk::new
# Possible reasons:
#   The system is out of physical RAM or swap space
#   The process is running with CompressedOops enabled, and the Java Heap may be blocking the growth of the native heap
# Possible solutions:
#   Reduce memory load on the system
#   Increase physical memory or swap space
#   Check if swap backing store is full
#   Decrease Java heap size (-Xmx/-Xms)
#   Decrease number of Java threads
#   Decrease Java thread stack sizes (-Xss)
#   Set larger code cache with -XX:ReservedCodeCacheSize=
#   JVM is running with Unscaled Compressed Oops mode in which the Java heap is
#     placed in the first 4GB address space. The Java Heap base address is the
#     maximum limit for the native heap growth. Please use -XX:HeapBaseMinAddress
#     to set the Java Heap base and to place the Java Heap above 4GB virtual address.
# This output file may be truncated or incomplete.
#
#  Out of Memory Error (arena.cpp:189), pid=4656, tid=12756
#
# JRE version: Java(TM) SE Runtime Environment (17.0.14+8) (build 17.0.14+8-LTS-191)
# Java VM: Java HotSpot(TM) 64-Bit Server VM (17.0.14+8-LTS-191, mixed mode, sharing, tiered, compressed oops, compressed class ptrs, g1 gc, windows-amd64)
# No core dump will be written. Minidumps are not enabled by default on client versions of Windows
#

---------------  S U M M A R Y ------------

Command Line: -Dclassworlds.conf=C:/Program Files/apache-maven-3.9.9/bin/m2.conf -Dmaven.home=C:/Program Files/apache-maven-3.9.9 -Dlibrary.jansi.path=C:/Program Files/apache-maven-3.9.9/lib/jansi-native -Dmaven.multiModuleProjectDirectory=C:/ornek/bank-account-management org.codehaus.plexus.classworlds.launcher.Launcher clean install

Host: Intel(R) Core(TM) i5-8265U CPU @ 1.60GHz, 8 cores, 7G,  Windows 11 , 64 bit Build 22621 (10.0.22621.4830)
Time: Wed Feb 19 16:35:35 2025 Türkiye Standart Saati elapsed time: 9.242554 seconds (0d 0h 0m 9s)

---------------  T H R E A D  ---------------

Current thread (0x000001d14ddf9400):  JavaThread "C2 CompilerThread1" daemon [_thread_in_native, id=12756, stack(0x000000bbabb00000,0x000000bbabc00000)]


Current CompileTask:
C2:   9242 6927   !   4       java.lang.ClassLoader::loadClass (121 bytes)

Stack: [0x000000bbabb00000,0x000000bbabc00000]
Native frames: (J=compiled Java code, j=interpreted, Vv=VM code, C=native code)
V  [jvm.dll+0x67a38a]
V  [jvm.dll+0x7da7ed]
V  [jvm.dll+0x7dc133]
V  [jvm.dll+0x7dc7a3]
V  [jvm.dll+0x24517f]
V  [jvm.dll+0xab773]
V  [jvm.dll+0xabd3c]
V  [jvm.dll+0x361dff]
V  [jvm.dll+0x32c521]
V  [jvm.dll+0x32b9ba]
V  [jvm.dll+0x21693f]
V  [jvm.dll+0x215d6f]
V  [jvm.dll+0x1a2950]
V  [jvm.dll+0x22620b]
V  [jvm.dll+0x2243ab]
V  [jvm.dll+0x790bbc]
V  [jvm.dll+0x78b04a]
V  [jvm.dll+0x679275]
C  [ucrtbase.dll+0x29333]
C  [KERNEL32.DLL+0x1259d]
C  [ntdll.dll+0x5af38]


---------------  P R O C E S S  ---------------

Threads class SMR info:
_java_thread_list=0x000001d14e1b7be0, length=21, elements={
0x000001d167e948f0, 0x000001d17fd498a0, 0x000001d17fd4c730, 0x000001d17fd5d530,
0x000001d17fd60000, 0x000001d17fd60dd0, 0x000001d17fd61790, 0x000001d17fd62530,
0x000001d17fd64ff0, 0x000001d17fd6cd40, 0x000001d14b22c540, 0x000001d14b233e70,
0x000001d14c4ee340, 0x000001d14ddf9400, 0x000001d14d8eca00, 0x000001d14e393440,
0x000001d14de95f90, 0x000001d14de95a80, 0x000001d14de96ec0, 0x000001d14de964a0,
0x000001d14de95570
}

Java Threads: ( => current thread )
  0x000001d167e948f0 JavaThread "main" [_thread_in_vm, id=15960, stack(0x000000bbaa800000,0x000000bbaa900000)]
  0x000001d17fd498a0 JavaThread "Reference Handler" daemon [_thread_blocked, id=11468, stack(0x000000bbaaf00000,0x000000bbab000000)]
  0x000001d17fd4c730 JavaThread "Finalizer" daemon [_thread_blocked, id=7920, stack(0x000000bbab000000,0x000000bbab100000)]
  0x000001d17fd5d530 JavaThread "Signal Dispatcher" daemon [_thread_blocked, id=17932, stack(0x000000bbab100000,0x000000bbab200000)]
  0x000001d17fd60000 JavaThread "Attach Listener" daemon [_thread_blocked, id=16496, stack(0x000000bbab200000,0x000000bbab300000)]
  0x000001d17fd60dd0 JavaThread "Service Thread" daemon [_thread_blocked, id=15596, stack(0x000000bbab300000,0x000000bbab400000)]
  0x000001d17fd61790 JavaThread "Monitor Deflation Thread" daemon [_thread_blocked, id=9380, stack(0x000000bbab400000,0x000000bbab500000)]
  0x000001d17fd62530 JavaThread "C2 CompilerThread0" daemon [_thread_in_native, id=3724, stack(0x000000bbab500000,0x000000bbab600000)]
  0x000001d17fd64ff0 JavaThread "C1 CompilerThread0" daemon [_thread_blocked, id=9152, stack(0x000000bbab600000,0x000000bbab700000)]
  0x000001d17fd6cd40 JavaThread "Sweeper thread" daemon [_thread_blocked, id=15532, stack(0x000000bbab700000,0x000000bbab800000)]
  0x000001d14b22c540 JavaThread "Notification Thread" daemon [_thread_blocked, id=14804, stack(0x000000bbab800000,0x000000bbab900000)]
  0x000001d14b233e70 JavaThread "Common-Cleaner" daemon [_thread_blocked, id=14532, stack(0x000000bbaba00000,0x000000bbabb00000)]
  0x000001d14c4ee340 JavaThread "Thread-1" daemon [_thread_blocked, id=15164, stack(0x000000bbac400000,0x000000bbac500000)]
=>0x000001d14ddf9400 JavaThread "C2 CompilerThread1" daemon [_thread_in_native, id=12756, stack(0x000000bbabb00000,0x000000bbabc00000)]
  0x000001d14d8eca00 JavaThread "resolver-1" daemon [_thread_blocked, id=6932, stack(0x000000bbac900000,0x000000bbaca00000)]
  0x000001d14e393440 JavaThread "resolver-2" daemon [_thread_blocked, id=4480, stack(0x000000bbaca00000,0x000000bbacb00000)]
  0x000001d14de95f90 JavaThread "resolver-3" daemon [_thread_blocked, id=11400, stack(0x000000bbacb00000,0x000000bbacc00000)]
  0x000001d14de95a80 JavaThread "resolver-4" daemon [_thread_blocked, id=9056, stack(0x000000bbacc00000,0x000000bbacd00000)]
  0x000001d14de96ec0 JavaThread "resolver-5" daemon [_thread_blocked, id=3168, stack(0x000000bbacd00000,0x000000bbace00000)]
  0x000001d14de964a0 Thread [stack: 0x000000bbace00000,0x000000bbacf00000] [id=18404]
  0x000001d14de95570 Thread [stack: 0x000000bbacf00000,0x000000bbad000000] [id=11032]

Other Threads:
  0x000001d17fd43c90 VMThread "VM Thread" [stack: 0x000000bbaae00000,0x000000bbaaf00000] [id=8864]
  0x000001d17fb88380 WatcherThread [stack: 0x000000bbab900000,0x000000bbaba00000] [id=5956]
  0x000001d167ee9250 GCTaskThread "GC Thread#0" [stack: 0x000000bbaa900000,0x000000bbaaa00000] [id=2352]
  0x000001d14b34c200 GCTaskThread "GC Thread#1" [stack: 0x000000bbabd00000,0x000000bbabe00000] [id=16368]
  0x000001d14bab2890 GCTaskThread "GC Thread#2" [stack: 0x000000bbabe00000,0x000000bbabf00000] [id=10684]
  0x000001d14b531cd0 GCTaskThread "GC Thread#3" [stack: 0x000000bbabf00000,0x000000bbac000000] [id=16540]
  0x000001d14bb6b770 GCTaskThread "GC Thread#4" [stack: 0x000000bbac000000,0x000000bbac100000] [id=4280]
  0x000001d14bb7b3e0 GCTaskThread "GC Thread#5" [stack: 0x000000bbac100000,0x000000bbac200000] [id=2012]
  0x000001d14bb7b6a0 GCTaskThread "GC Thread#6" [stack: 0x000000bbac200000,0x000000bbac300000] [id=15292]
  0x000001d14bfb45a0 GCTaskThread "GC Thread#7" [stack: 0x000000bbac300000,0x000000bbac400000] [id=13200]
  0x000001d167efad30 ConcurrentGCThread "G1 Main Marker" [stack: 0x000000bbaaa00000,0x000000bbaab00000] [id=18388]
  0x000001d167efb740 ConcurrentGCThread "G1 Conc#0" [stack: 0x000000bbaab00000,0x000000bbaac00000] [id=10564]
  0x000001d14cb86120 ConcurrentGCThread "G1 Conc#1" [stack: 0x000000bbac500000,0x000000bbac600000] [id=2364]
  0x000001d17fbfc230 ConcurrentGCThread "G1 Refine#0" [stack: 0x000000bbaac00000,0x000000bbaad00000] [id=14372]
  0x000001d14e801010 ConcurrentGCThread "G1 Refine#1" [stack: 0x000000bbac600000,0x000000bbac700000] [id=14100]
  0x000001d14bd77080 ConcurrentGCThread "G1 Refine#2" [stack: 0x000000bbac700000,0x000000bbac800000] [id=3728]
  0x000001d14dcbd030 ConcurrentGCThread "G1 Refine#3" [stack: 0x000000bbac800000,0x000000bbac900000] [id=4072]
  0x000001d17fbfcc60 ConcurrentGCThread "G1 Service" [stack: 0x000000bbaad00000,0x000000bbaae00000] [id=10600]

Threads with active compile tasks:
C2 CompilerThread0     9308 7024       4       sun.net.www.ParseUtil::firstEncodeIndex (86 bytes)
C2 CompilerThread1     9308 6927   !   4       java.lang.ClassLoader::loadClass (121 bytes)

VM state: not at safepoint (normal execution)

VM Mutex/Monitor currently owned by a thread: None

Heap address: 0x0000000082400000, size: 2012 MB, Compressed Oops mode: 32-bit

CDS archive(s) mapped at: [0x000001d106000000-0x000001d106bd0000-0x000001d106bd0000), size 12386304, SharedBaseAddress: 0x000001d106000000, ArchiveRelocationMode: 1.
Compressed class space mapped at: 0x000001d107000000-0x000001d147000000, reserved size: 1073741824
Narrow klass base: 0x000001d106000000, Narrow klass shift: 0, Narrow klass range: 0x100000000

GC Precious Log:
 CPUs: 8 total, 8 available
 Memory: 8043M
 Large Page Support: Disabled
 NUMA Support: Disabled
 Compressed Oops: Enabled (32-bit)
 Heap Region Size: 1M
 Heap Min Capacity: 8M
 Heap Initial Capacity: 126M
 Heap Max Capacity: 2012M
 Pre-touch: Disabled
 Parallel Workers: 8
 Concurrent Workers: 2
 Concurrent Refinement Workers: 8
 Periodic GC: Disabled

Heap:
 garbage-first heap   total 178176K, used 96539K [0x0000000082400000, 0x0000000100000000)
  region size 1024K, 52 young (53248K), 7 survivors (7168K)
 Metaspace       used 33283K, committed 33664K, reserved 1114112K
  class space    used 3839K, committed 4032K, reserved 1048576K

Heap Regions: E=young(eden), S=young(survivor), O=old, HS=humongous(starts), HC=humongous(continues), CS=collection set, F=free, OA=open archive, CA=closed archive, TAMS=top-at-mark-start (previous, next)
|   0|0x0000000082400000, 0x0000000082500000, 0x0000000082500000|100%| O|  |TAMS 0x0000000082500000, 0x0000000082400000| Untracked 
|   1|0x0000000082500000, 0x0000000082600000, 0x0000000082600000|100%| O|  |TAMS 0x0000000082600000, 0x0000000082500000| Untracked 
|   2|0x0000000082600000, 0x0000000082700000, 0x0000000082700000|100%| O|  |TAMS 0x0000000082700000, 0x0000000082600000| Untracked 
|   3|0x0000000082700000, 0x0000000082800000, 0x0000000082800000|100%| O|  |TAMS 0x0000000082800000, 0x0000000082700000| Untracked 
|   4|0x0000000082800000, 0x0000000082900000, 0x0000000082900000|100%| O|  |TAMS 0x0000000082900000, 0x0000000082800000| Untracked 
|   5|0x0000000082900000, 0x0000000082a00000, 0x0000000082a00000|100%| O|  |TAMS 0x0000000082a00000, 0x0000000082900000| Untracked 
|   6|0x0000000082a00000, 0x0000000082b00000, 0x0000000082b00000|100%| O|  |TAMS 0x0000000082b00000, 0x0000000082a00000| Untracked 
|   7|0x0000000082b00000, 0x0000000082c00000, 0x0000000082c00000|100%| O|  |TAMS 0x0000000082c00000, 0x0000000082b00000| Untracked 
|   8|0x0000000082c00000, 0x0000000082d00000, 0x0000000082d00000|100%| O|  |TAMS 0x0000000082d00000, 0x0000000082c00000| Untracked 
|   9|0x0000000082d00000, 0x0000000082e00000, 0x0000000082e00000|100%| O|  |TAMS 0x0000000082e00000, 0x0000000082d00000| Untracked 
|  10|0x0000000082e00000, 0x0000000082f00000, 0x0000000082f00000|100%| O|  |TAMS 0x0000000082f00000, 0x0000000082e00000| Untracked 
|  11|0x0000000082f00000, 0x0000000083000000, 0x0000000083000000|100%|HS|  |TAMS 0x0000000082f00000, 0x0000000082f00000| Complete 
|  12|0x0000000083000000, 0x0000000083100000, 0x0000000083100000|100%| O|  |TAMS 0x0000000083100000, 0x0000000083000000| Untracked 
|  13|0x0000000083100000, 0x0000000083200000, 0x0000000083200000|100%| O|  |TAMS 0x0000000083200000, 0x0000000083100000| Untracked 
|  14|0x0000000083200000, 0x0000000083300000, 0x0000000083300000|100%|HS|  |TAMS 0x0000000083300000, 0x0000000083200000| Complete 
|  15|0x0000000083300000, 0x0000000083400000, 0x0000000083400000|100%|HC|  |TAMS 0x0000000083400000, 0x0000000083300000| Complete 
|  16|0x0000000083400000, 0x0000000083400000, 0x0000000083500000|  0%| F|  |TAMS 0x0000000083400000, 0x0000000083400000| Untracked 
|  17|0x0000000083500000, 0x0000000083600000, 0x0000000083600000|100%| O|  |TAMS 0x0000000083600000, 0x0000000083500000| Untracked 
|  18|0x0000000083600000, 0x0000000083600000, 0x0000000083700000|  0%| F|  |TAMS 0x0000000083600000, 0x0000000083600000| Untracked 
|  19|0x0000000083700000, 0x0000000083800000, 0x0000000083800000|100%|HS|  |TAMS 0x0000000083700000, 0x0000000083700000| Complete 
|  20|0x0000000083800000, 0x0000000083900000, 0x0000000083900000|100%| O|  |TAMS 0x0000000083900000, 0x0000000083800000| Untracked 
|  21|0x0000000083900000, 0x0000000083a00000, 0x0000000083a00000|100%| O|  |TAMS 0x0000000083a00000, 0x0000000083900000| Untracked 
|  22|0x0000000083a00000, 0x0000000083b00000, 0x0000000083b00000|100%| O|  |TAMS 0x0000000083b00000, 0x0000000083a00000| Untracked 
|  23|0x0000000083b00000, 0x0000000083c00000, 0x0000000083c00000|100%| O|  |TAMS 0x0000000083c00000, 0x0000000083b00000| Untracked 
|  24|0x0000000083c00000, 0x0000000083d00000, 0x0000000083d00000|100%| O|  |TAMS 0x0000000083d00000, 0x0000000083c00000| Untracked 
|  25|0x0000000083d00000, 0x0000000083e00000, 0x0000000083e00000|100%| O|  |TAMS 0x0000000083e00000, 0x0000000083d00000| Untracked 
|  26|0x0000000083e00000, 0x0000000083f00000, 0x0000000083f00000|100%| O|  |TAMS 0x0000000083f00000, 0x0000000083e00000| Untracked 
|  27|0x0000000083f00000, 0x0000000084000000, 0x0000000084000000|100%|HS|  |TAMS 0x0000000083f00000, 0x0000000083f00000| Complete 
|  28|0x0000000084000000, 0x0000000084100000, 0x0000000084100000|100%|HC|  |TAMS 0x0000000084000000, 0x0000000084000000| Complete 
|  29|0x0000000084100000, 0x0000000084200000, 0x0000000084200000|100%| O|  |TAMS 0x0000000084100000, 0x0000000084100000| Untracked 
|  30|0x0000000084200000, 0x0000000084300000, 0x0000000084300000|100%| O|  |TAMS 0x0000000084200000, 0x0000000084200000| Untracked 
|  31|0x0000000084300000, 0x0000000084400000, 0x0000000084400000|100%| O|  |TAMS 0x0000000084300000, 0x0000000084300000| Untracked 
|  32|0x0000000084400000, 0x0000000084500000, 0x0000000084500000|100%| O|  |TAMS 0x0000000084400000, 0x0000000084400000| Untracked 
|  33|0x0000000084500000, 0x0000000084600000, 0x0000000084600000|100%| O|  |TAMS 0x0000000084500000, 0x0000000084500000| Untracked 
|  34|0x0000000084600000, 0x0000000084600000, 0x0000000084700000|  0%| F|  |TAMS 0x0000000084600000, 0x0000000084600000| Untracked 
|  35|0x0000000084700000, 0x0000000084700000, 0x0000000084800000|  0%| F|  |TAMS 0x0000000084700000, 0x0000000084700000| Untracked 
|  36|0x0000000084800000, 0x0000000084800000, 0x0000000084900000|  0%| F|  |TAMS 0x0000000084800000, 0x0000000084800000| Untracked 
|  37|0x0000000084900000, 0x0000000084900000, 0x0000000084a00000|  0%| F|  |TAMS 0x0000000084900000, 0x0000000084900000| Untracked 
|  38|0x0000000084a00000, 0x0000000084b00000, 0x0000000084b00000|100%| O|  |TAMS 0x0000000084b00000, 0x0000000084a00000| Untracked 
|  39|0x0000000084b00000, 0x0000000084c00000, 0x0000000084c00000|100%| O|  |TAMS 0x0000000084c00000, 0x0000000084b00000| Untracked 
|  40|0x0000000084c00000, 0x0000000084d00000, 0x0000000084d00000|100%| O|  |TAMS 0x0000000084c00000, 0x0000000084c00000| Untracked 
|  41|0x0000000084d00000, 0x0000000084e00000, 0x0000000084e00000|100%| O|  |TAMS 0x0000000084d00000, 0x0000000084d00000| Untracked 
|  42|0x0000000084e00000, 0x0000000084f00000, 0x0000000084f00000|100%| O|  |TAMS 0x0000000084e00000, 0x0000000084e00000| Untracked 
|  43|0x0000000084f00000, 0x0000000085000000, 0x0000000085000000|100%| O|  |TAMS 0x0000000084f00000, 0x0000000084f00000| Untracked 
|  44|0x0000000085000000, 0x0000000085100000, 0x0000000085100000|100%| O|  |TAMS 0x0000000085000000, 0x0000000085000000| Untracked 
|  45|0x0000000085100000, 0x0000000085200000, 0x0000000085200000|100%| O|  |TAMS 0x0000000085100000, 0x0000000085100000| Untracked 
|  46|0x0000000085200000, 0x0000000085300000, 0x0000000085300000|100%| O|  |TAMS 0x0000000085200000, 0x0000000085200000| Untracked 
|  47|0x0000000085300000, 0x0000000085300000, 0x0000000085400000|  0%| F|  |TAMS 0x0000000085300000, 0x0000000085300000| Untracked 
|  48|0x0000000085400000, 0x0000000085400000, 0x0000000085500000|  0%| F|  |TAMS 0x0000000085400000, 0x0000000085400000| Untracked 
|  49|0x0000000085500000, 0x0000000085500000, 0x0000000085600000|  0%| F|  |TAMS 0x0000000085500000, 0x0000000085500000| Untracked 
|  50|0x0000000085600000, 0x0000000085600000, 0x0000000085700000|  0%| F|  |TAMS 0x0000000085600000, 0x0000000085600000| Untracked 
|  51|0x0000000085700000, 0x0000000085700000, 0x0000000085800000|  0%| F|  |TAMS 0x0000000085700000, 0x0000000085700000| Untracked 
|  52|0x0000000085800000, 0x0000000085800000, 0x0000000085900000|  0%| F|  |TAMS 0x0000000085800000, 0x0000000085800000| Untracked 
|  53|0x0000000085900000, 0x0000000085900000, 0x0000000085a00000|  0%| F|  |TAMS 0x0000000085900000, 0x0000000085900000| Untracked 
|  54|0x0000000085a00000, 0x0000000085a00000, 0x0000000085b00000|  0%| F|  |TAMS 0x0000000085a00000, 0x0000000085a00000| Untracked 
|  55|0x0000000085b00000, 0x0000000085b00000, 0x0000000085c00000|  0%| F|  |TAMS 0x0000000085b00000, 0x0000000085b00000| Untracked 
|  56|0x0000000085c00000, 0x0000000085c00000, 0x0000000085d00000|  0%| F|  |TAMS 0x0000000085c00000, 0x0000000085c00000| Untracked 
|  57|0x0000000085d00000, 0x0000000085d00000, 0x0000000085e00000|  0%| F|  |TAMS 0x0000000085d00000, 0x0000000085d00000| Untracked 
|  58|0x0000000085e00000, 0x0000000085e00000, 0x0000000085f00000|  0%| F|  |TAMS 0x0000000085e00000, 0x0000000085e00000| Untracked 
|  59|0x0000000085f00000, 0x0000000085f00000, 0x0000000086000000|  0%| F|  |TAMS 0x0000000085f00000, 0x0000000085f00000| Untracked 
|  60|0x0000000086000000, 0x0000000086000000, 0x0000000086100000|  0%| F|  |TAMS 0x0000000086000000, 0x0000000086000000| Untracked 
|  61|0x0000000086100000, 0x0000000086100000, 0x0000000086200000|  0%| F|  |TAMS 0x0000000086100000, 0x0000000086100000| Untracked 
|  62|0x0000000086200000, 0x0000000086200000, 0x0000000086300000|  0%| F|  |TAMS 0x0000000086200000, 0x0000000086200000| Untracked 
|  63|0x0000000086300000, 0x0000000086300000, 0x0000000086400000|  0%| F|  |TAMS 0x0000000086300000, 0x0000000086300000| Untracked 
|  64|0x0000000086400000, 0x0000000086400000, 0x0000000086500000|  0%| F|  |TAMS 0x0000000086400000, 0x0000000086400000| Untracked 
|  65|0x0000000086500000, 0x0000000086500000, 0x0000000086600000|  0%| F|  |TAMS 0x0000000086500000, 0x0000000086500000| Untracked 
|  66|0x0000000086600000, 0x0000000086600000, 0x0000000086700000|  0%| F|  |TAMS 0x0000000086600000, 0x0000000086600000| Untracked 
|  67|0x0000000086700000, 0x0000000086700000, 0x0000000086800000|  0%| F|  |TAMS 0x0000000086700000, 0x0000000086700000| Untracked 
|  68|0x0000000086800000, 0x0000000086800000, 0x0000000086900000|  0%| F|  |TAMS 0x0000000086800000, 0x0000000086800000| Untracked 
|  69|0x0000000086900000, 0x0000000086900000, 0x0000000086a00000|  0%| F|  |TAMS 0x0000000086900000, 0x0000000086900000| Untracked 
|  70|0x0000000086a00000, 0x0000000086a00000, 0x0000000086b00000|  0%| F|  |TAMS 0x0000000086a00000, 0x0000000086a00000| Untracked 
|  71|0x0000000086b00000, 0x0000000086b00000, 0x0000000086c00000|  0%| F|  |TAMS 0x0000000086b00000, 0x0000000086b00000| Untracked 
|  72|0x0000000086c00000, 0x0000000086c00000, 0x0000000086d00000|  0%| F|  |TAMS 0x0000000086c00000, 0x0000000086c00000| Untracked 
|  73|0x0000000086d00000, 0x0000000086d00000, 0x0000000086e00000|  0%| F|  |TAMS 0x0000000086d00000, 0x0000000086d00000| Untracked 
|  74|0x0000000086e00000, 0x0000000086e00000, 0x0000000086f00000|  0%| F|  |TAMS 0x0000000086e00000, 0x0000000086e00000| Untracked 
|  75|0x0000000086f00000, 0x0000000086f00000, 0x0000000087000000|  0%| F|  |TAMS 0x0000000086f00000, 0x0000000086f00000| Untracked 
|  76|0x0000000087000000, 0x0000000087000000, 0x0000000087100000|  0%| F|  |TAMS 0x0000000087000000, 0x0000000087000000| Untracked 
|  77|0x0000000087100000, 0x0000000087100000, 0x0000000087200000|  0%| F|  |TAMS 0x0000000087100000, 0x0000000087100000| Untracked 
|  78|0x0000000087200000, 0x0000000087200000, 0x0000000087300000|  0%| F|  |TAMS 0x0000000087200000, 0x0000000087200000| Untracked 
|  79|0x0000000087300000, 0x0000000087300000, 0x0000000087400000|  0%| F|  |TAMS 0x0000000087300000, 0x0000000087300000| Untracked 
|  80|0x0000000087400000, 0x0000000087400000, 0x0000000087500000|  0%| F|  |TAMS 0x0000000087400000, 0x0000000087400000| Untracked 
|  81|0x0000000087500000, 0x0000000087500000, 0x0000000087600000|  0%| F|  |TAMS 0x0000000087500000, 0x0000000087500000| Untracked 
|  82|0x0000000087600000, 0x0000000087600000, 0x0000000087700000|  0%| F|  |TAMS 0x0000000087600000, 0x0000000087600000| Untracked 
|  83|0x0000000087700000, 0x0000000087700000, 0x0000000087800000|  0%| F|  |TAMS 0x0000000087700000, 0x0000000087700000| Untracked 
|  84|0x0000000087800000, 0x0000000087800000, 0x0000000087900000|  0%| F|  |TAMS 0x0000000087800000, 0x0000000087800000| Untracked 
|  85|0x0000000087900000, 0x0000000087900000, 0x0000000087a00000|  0%| F|  |TAMS 0x0000000087900000, 0x0000000087900000| Untracked 
|  86|0x0000000087a00000, 0x0000000087a00000, 0x0000000087b00000|  0%| F|  |TAMS 0x0000000087a00000, 0x0000000087a00000| Untracked 
|  87|0x0000000087b00000, 0x0000000087b00000, 0x0000000087c00000|  0%| F|  |TAMS 0x0000000087b00000, 0x0000000087b00000| Untracked 
|  88|0x0000000087c00000, 0x0000000087c46f70, 0x0000000087d00000| 27%| S|CS|TAMS 0x0000000087c00000, 0x0000000087c00000| Complete 
|  89|0x0000000087d00000, 0x0000000087e00000, 0x0000000087e00000|100%| S|CS|TAMS 0x0000000087d00000, 0x0000000087d00000| Complete 
|  90|0x0000000087e00000, 0x0000000087f00000, 0x0000000087f00000|100%| S|CS|TAMS 0x0000000087e00000, 0x0000000087e00000| Complete 
|  91|0x0000000087f00000, 0x0000000088000000, 0x0000000088000000|100%| S|CS|TAMS 0x0000000087f00000, 0x0000000087f00000| Complete 
|  92|0x0000000088000000, 0x0000000088100000, 0x0000000088100000|100%| S|CS|TAMS 0x0000000088000000, 0x0000000088000000| Complete 
|  93|0x0000000088100000, 0x0000000088200000, 0x0000000088200000|100%| S|CS|TAMS 0x0000000088100000, 0x0000000088100000| Complete 
|  94|0x0000000088200000, 0x0000000088300000, 0x0000000088300000|100%| S|CS|TAMS 0x0000000088200000, 0x0000000088200000| Complete 
|  95|0x0000000088300000, 0x0000000088300000, 0x0000000088400000|  0%| F|  |TAMS 0x0000000088300000, 0x0000000088300000| Untracked 
|  96|0x0000000088400000, 0x0000000088400000, 0x0000000088500000|  0%| F|  |TAMS 0x0000000088400000, 0x0000000088400000| Untracked 
|  97|0x0000000088500000, 0x0000000088500000, 0x0000000088600000|  0%| F|  |TAMS 0x0000000088500000, 0x0000000088500000| Untracked 
|  98|0x0000000088600000, 0x0000000088600000, 0x0000000088700000|  0%| F|  |TAMS 0x0000000088600000, 0x0000000088600000| Untracked 
|  99|0x0000000088700000, 0x0000000088700000, 0x0000000088800000|  0%| F|  |TAMS 0x0000000088700000, 0x0000000088700000| Untracked 
| 100|0x0000000088800000, 0x0000000088800000, 0x0000000088900000|  0%| F|  |TAMS 0x0000000088800000, 0x0000000088800000| Untracked 
| 101|0x0000000088900000, 0x0000000088900000, 0x0000000088a00000|  0%| F|  |TAMS 0x0000000088900000, 0x0000000088900000| Untracked 
| 102|0x0000000088a00000, 0x0000000088a00000, 0x0000000088b00000|  0%| F|  |TAMS 0x0000000088a00000, 0x0000000088a00000| Untracked 
| 103|0x0000000088b00000, 0x0000000088b00000, 0x0000000088c00000|  0%| F|  |TAMS 0x0000000088b00000, 0x0000000088b00000| Untracked 
| 104|0x0000000088c00000, 0x0000000088c00000, 0x0000000088d00000|  0%| F|  |TAMS 0x0000000088c00000, 0x0000000088c00000| Untracked 
| 105|0x0000000088d00000, 0x0000000088d00000, 0x0000000088e00000|  0%| F|  |TAMS 0x0000000088d00000, 0x0000000088d00000| Untracked 
| 106|0x0000000088e00000, 0x0000000088e00000, 0x0000000088f00000|  0%| F|  |TAMS 0x0000000088e00000, 0x0000000088e00000| Untracked 
| 107|0x0000000088f00000, 0x0000000088f00000, 0x0000000089000000|  0%| F|  |TAMS 0x0000000088f00000, 0x0000000088f00000| Untracked 
| 108|0x0000000089000000, 0x0000000089000000, 0x0000000089100000|  0%| F|  |TAMS 0x0000000089000000, 0x0000000089000000| Untracked 
| 109|0x0000000089100000, 0x0000000089100000, 0x0000000089200000|  0%| F|  |TAMS 0x0000000089100000, 0x0000000089100000| Untracked 
| 110|0x0000000089200000, 0x0000000089200000, 0x0000000089300000|  0%| F|  |TAMS 0x0000000089200000, 0x0000000089200000| Untracked 
| 111|0x0000000089300000, 0x0000000089300000, 0x0000000089400000|  0%| F|  |TAMS 0x0000000089300000, 0x0000000089300000| Untracked 
| 112|0x0000000089400000, 0x0000000089400000, 0x0000000089500000|  0%| F|  |TAMS 0x0000000089400000, 0x0000000089400000| Untracked 
| 113|0x0000000089500000, 0x0000000089500000, 0x0000000089600000|  0%| F|  |TAMS 0x0000000089500000, 0x0000000089500000| Untracked 
| 114|0x0000000089600000, 0x0000000089600000, 0x0000000089700000|  0%| F|  |TAMS 0x0000000089600000, 0x0000000089600000| Untracked 
| 115|0x0000000089700000, 0x0000000089700000, 0x0000000089800000|  0%| F|  |TAMS 0x0000000089700000, 0x0000000089700000| Untracked 
| 116|0x0000000089800000, 0x0000000089800000, 0x0000000089900000|  0%| F|  |TAMS 0x0000000089800000, 0x0000000089800000| Untracked 
| 117|0x0000000089900000, 0x0000000089900000, 0x0000000089a00000|  0%| F|  |TAMS 0x0000000089900000, 0x0000000089900000| Untracked 
| 118|0x0000000089a00000, 0x0000000089a00000, 0x0000000089b00000|  0%| F|  |TAMS 0x0000000089a00000, 0x0000000089a00000| Untracked 
| 119|0x0000000089b00000, 0x0000000089b00000, 0x0000000089c00000|  0%| F|  |TAMS 0x0000000089b00000, 0x0000000089b00000| Untracked 
| 120|0x0000000089c00000, 0x0000000089c00000, 0x0000000089d00000|  0%| F|  |TAMS 0x0000000089c00000, 0x0000000089c00000| Untracked 
| 121|0x0000000089d00000, 0x0000000089d00000, 0x0000000089e00000|  0%| F|  |TAMS 0x0000000089d00000, 0x0000000089d00000| Untracked 
| 122|0x0000000089e00000, 0x0000000089e00000, 0x0000000089f00000|  0%| F|  |TAMS 0x0000000089e00000, 0x0000000089e00000| Untracked 
| 123|0x0000000089f00000, 0x0000000089f00000, 0x000000008a000000|  0%| F|  |TAMS 0x0000000089f00000, 0x0000000089f00000| Untracked 
| 124|0x000000008a000000, 0x000000008a000000, 0x000000008a100000|  0%| F|  |TAMS 0x000000008a000000, 0x000000008a000000| Untracked 
| 125|0x000000008a100000, 0x000000008a100000, 0x000000008a200000|  0%| F|  |TAMS 0x000000008a100000, 0x000000008a100000| Untracked 
| 126|0x000000008a200000, 0x000000008a286ff8, 0x000000008a300000| 52%| E|  |TAMS 0x000000008a200000, 0x000000008a200000| Complete 
| 127|0x000000008a300000, 0x000000008a400000, 0x000000008a400000|100%| E|CS|TAMS 0x000000008a300000, 0x000000008a300000| Complete 
| 128|0x000000008a400000, 0x000000008a500000, 0x000000008a500000|100%| E|CS|TAMS 0x000000008a400000, 0x000000008a400000| Complete 
| 129|0x000000008a500000, 0x000000008a600000, 0x000000008a600000|100%| E|CS|TAMS 0x000000008a500000, 0x000000008a500000| Complete 
| 130|0x000000008a600000, 0x000000008a700000, 0x000000008a700000|100%| E|CS|TAMS 0x000000008a600000, 0x000000008a600000| Complete 
| 131|0x000000008a700000, 0x000000008a800000, 0x000000008a800000|100%| E|CS|TAMS 0x000000008a700000, 0x000000008a700000| Complete 
| 132|0x000000008a800000, 0x000000008a900000, 0x000000008a900000|100%| E|CS|TAMS 0x000000008a800000, 0x000000008a800000| Complete 
| 133|0x000000008a900000, 0x000000008aa00000, 0x000000008aa00000|100%| E|CS|TAMS 0x000000008a900000, 0x000000008a900000| Complete 
| 134|0x000000008aa00000, 0x000000008ab00000, 0x000000008ab00000|100%| E|CS|TAMS 0x000000008aa00000, 0x000000008aa00000| Complete 
| 135|0x000000008ab00000, 0x000000008ac00000, 0x000000008ac00000|100%| E|CS|TAMS 0x000000008ab00000, 0x000000008ab00000| Complete 
| 136|0x000000008ac00000, 0x000000008ad00000, 0x000000008ad00000|100%| E|CS|TAMS 0x000000008ac00000, 0x000000008ac00000| Complete 
| 137|0x000000008ad00000, 0x000000008ae00000, 0x000000008ae00000|100%| E|CS|TAMS 0x000000008ad00000, 0x000000008ad00000| Complete 
| 138|0x000000008ae00000, 0x000000008af00000, 0x000000008af00000|100%| E|CS|TAMS 0x000000008ae00000, 0x000000008ae00000| Complete 
| 139|0x000000008af00000, 0x000000008b000000, 0x000000008b000000|100%| E|CS|TAMS 0x000000008af00000, 0x000000008af00000| Complete 
| 140|0x000000008b000000, 0x000000008b100000, 0x000000008b100000|100%| E|CS|TAMS 0x000000008b000000, 0x000000008b000000| Complete 
| 141|0x000000008b100000, 0x000000008b200000, 0x000000008b200000|100%| E|CS|TAMS 0x000000008b100000, 0x000000008b100000| Complete 
| 142|0x000000008b200000, 0x000000008b300000, 0x000000008b300000|100%| E|CS|TAMS 0x000000008b200000, 0x000000008b200000| Complete 
| 143|0x000000008b300000, 0x000000008b400000, 0x000000008b400000|100%| E|CS|TAMS 0x000000008b300000, 0x000000008b300000| Complete 
| 144|0x000000008b400000, 0x000000008b500000, 0x000000008b500000|100%| E|CS|TAMS 0x000000008b400000, 0x000000008b400000| Complete 
| 145|0x000000008b500000, 0x000000008b600000, 0x000000008b600000|100%| E|CS|TAMS 0x000000008b500000, 0x000000008b500000| Complete 
| 146|0x000000008b600000, 0x000000008b700000, 0x000000008b700000|100%| E|CS|TAMS 0x000000008b600000, 0x000000008b600000| Complete 
| 147|0x000000008b700000, 0x000000008b800000, 0x000000008b800000|100%| E|CS|TAMS 0x000000008b700000, 0x000000008b700000| Complete 
| 148|0x000000008b800000, 0x000000008b900000, 0x000000008b900000|100%| E|CS|TAMS 0x000000008b800000, 0x000000008b800000| Complete 
| 149|0x000000008b900000, 0x000000008ba00000, 0x000000008ba00000|100%| E|CS|TAMS 0x000000008b900000, 0x000000008b900000| Complete 
| 150|0x000000008ba00000, 0x000000008bb00000, 0x000000008bb00000|100%| E|CS|TAMS 0x000000008ba00000, 0x000000008ba00000| Complete 
| 151|0x000000008bb00000, 0x000000008bc00000, 0x000000008bc00000|100%| E|CS|TAMS 0x000000008bb00000, 0x000000008bb00000| Complete 
| 152|0x000000008bc00000, 0x000000008bd00000, 0x000000008bd00000|100%| E|CS|TAMS 0x000000008bc00000, 0x000000008bc00000| Complete 
| 153|0x000000008bd00000, 0x000000008be00000, 0x000000008be00000|100%| E|CS|TAMS 0x000000008bd00000, 0x000000008bd00000| Complete 
| 154|0x000000008be00000, 0x000000008bf00000, 0x000000008bf00000|100%| E|CS|TAMS 0x000000008be00000, 0x000000008be00000| Complete 
| 155|0x000000008bf00000, 0x000000008c000000, 0x000000008c000000|100%| E|CS|TAMS 0x000000008bf00000, 0x000000008bf00000| Complete 
| 156|0x000000008c000000, 0x000000008c100000, 0x000000008c100000|100%| E|CS|TAMS 0x000000008c000000, 0x000000008c000000| Complete 
| 157|0x000000008c100000, 0x000000008c200000, 0x000000008c200000|100%| E|CS|TAMS 0x000000008c100000, 0x000000008c100000| Complete 
| 158|0x000000008c200000, 0x000000008c300000, 0x000000008c300000|100%| E|CS|TAMS 0x000000008c200000, 0x000000008c200000| Complete 
| 159|0x000000008c300000, 0x000000008c400000, 0x000000008c400000|100%| E|CS|TAMS 0x000000008c300000, 0x000000008c300000| Complete 
| 160|0x000000008c400000, 0x000000008c500000, 0x000000008c500000|100%| E|CS|TAMS 0x000000008c400000, 0x000000008c400000| Complete 
| 161|0x000000008c500000, 0x000000008c600000, 0x000000008c600000|100%| E|CS|TAMS 0x000000008c500000, 0x000000008c500000| Complete 
| 162|0x000000008c600000, 0x000000008c700000, 0x000000008c700000|100%| E|CS|TAMS 0x000000008c600000, 0x000000008c600000| Complete 
| 163|0x000000008c700000, 0x000000008c800000, 0x000000008c800000|100%| E|CS|TAMS 0x000000008c700000, 0x000000008c700000| Complete 
| 164|0x000000008c800000, 0x000000008c900000, 0x000000008c900000|100%| E|CS|TAMS 0x000000008c800000, 0x000000008c800000| Complete 
| 165|0x000000008c900000, 0x000000008ca00000, 0x000000008ca00000|100%| E|CS|TAMS 0x000000008c900000, 0x000000008c900000| Complete 
| 166|0x000000008ca00000, 0x000000008cb00000, 0x000000008cb00000|100%| E|CS|TAMS 0x000000008ca00000, 0x000000008ca00000| Complete 
| 167|0x000000008cb00000, 0x000000008cc00000, 0x000000008cc00000|100%| E|CS|TAMS 0x000000008cb00000, 0x000000008cb00000| Complete 
| 168|0x000000008cc00000, 0x000000008cd00000, 0x000000008cd00000|100%| E|CS|TAMS 0x000000008cc00000, 0x000000008cc00000| Complete 
| 169|0x000000008cd00000, 0x000000008ce00000, 0x000000008ce00000|100%| E|CS|TAMS 0x000000008cd00000, 0x000000008cd00000| Complete 
| 170|0x000000008ce00000, 0x000000008cf00000, 0x000000008cf00000|100%| E|CS|TAMS 0x000000008ce00000, 0x000000008ce00000| Complete 
|2009|0x00000000ffd00000, 0x00000000ffe00000, 0x00000000ffe00000|100%| O|  |TAMS 0x00000000ffe00000, 0x00000000ffd00000| Untracked 
|2010|0x00000000ffe00000, 0x00000000fff00000, 0x00000000fff00000|100%| O|  |TAMS 0x00000000fff00000, 0x00000000ffe00000| Untracked 
|2011|0x00000000fff00000, 0x0000000100000000, 0x0000000100000000|100%| O|  |TAMS 0x0000000100000000, 0x00000000fff00000| Untracked 

Card table byte_map: [0x000001d17ee50000,0x000001d17f240000] _byte_map_base: 0x000001d17ea3e000

Marking Bits (Prev, Next): (CMBitMap*) 0x000001d167eea880, (CMBitMap*) 0x000001d167eea8c0
 Prev Bits: [0x000001d100000000, 0x000001d101f70000)
 Next Bits: [0x000001d101f70000, 0x000001d103ee0000)

Polling page: 0x000001d167290000

Metaspace:

Usage:
  Non-class:     28.79 MB used.
      Class:      3.75 MB used.
       Both:     32.55 MB used.

Virtual space:
  Non-class space:       64.00 MB reserved,      29.00 MB ( 45%) committed,  1 nodes.
      Class space:        1.00 GB reserved,       3.94 MB ( <1%) committed,  1 nodes.
             Both:        1.06 GB reserved,      32.94 MB (  3%) committed. 

Chunk freelists:
   Non-Class:  2.31 MB
       Class:  12.03 MB
        Both:  14.34 MB

MaxMetaspaceSize: unlimited
CompressedClassSpaceSize: 1.00 GB
Initial GC threshold: 21.00 MB
Current GC threshold: 46.81 MB
CDS: on
MetaspaceReclaimPolicy: balanced
 - commit_granule_bytes: 65536.
 - commit_granule_words: 8192.
 - virtual_space_node_default_size: 8388608.
 - enlarge_chunks_in_place: 1.
 - new_chunks_are_fully_committed: 0.
 - uncommit_free_chunks: 1.
 - use_allocation_guard: 0.
 - handle_deallocations: 1.


Internal statistics:

num_allocs_failed_limit: 6.
num_arena_births: 218.
num_arena_deaths: 0.
num_vsnodes_births: 2.
num_vsnodes_deaths: 0.
num_space_committed: 527.
num_space_uncommitted: 0.
num_chunks_returned_to_freelist: 6.
num_chunks_taken_from_freelist: 1439.
num_chunk_merges: 6.
num_chunk_splits: 1004.
num_chunks_enlarged: 780.
num_inconsistent_stats: 0.

CodeHeap 'non-profiled nmethods': size=120000Kb used=4037Kb max_used=4037Kb free=115963Kb
 bounds [0x000001d1771f0000, 0x000001d1775f0000, 0x000001d17e720000]
CodeHeap 'profiled nmethods': size=120000Kb used=13086Kb max_used=13086Kb free=106913Kb
 bounds [0x000001d16f720000, 0x000001d1703f0000, 0x000001d176c50000]
CodeHeap 'non-nmethods': size=5760Kb used=1245Kb max_used=1309Kb free=4514Kb
 bounds [0x000001d176c50000, 0x000001d176ec0000, 0x000001d1771f0000]
 total_blobs=6709 nmethods=6154 adapters=467
 compilation: enabled
              stopped_count=0, restarted_count=0
 full_count=0

Compilation events (20 events):
Event: 9.060 Thread 0x000001d17fd64ff0 nmethod 7010 0x000001d1703e5210 code [0x000001d1703e53c0, 0x000001d1703e5688]
Event: 9.061 Thread 0x000001d17fd64ff0 7011       3       java.lang.ProcessEnvironment$CheckedEntrySet$1::hasNext (10 bytes)
Event: 9.061 Thread 0x000001d17fd64ff0 nmethod 7011 0x000001d1703e5790 code [0x000001d1703e5940, 0x000001d1703e5b08]
Event: 9.061 Thread 0x000001d17fd64ff0 7012       3       java.lang.ProcessEnvironment$CheckedEntrySet$1::next (5 bytes)
Event: 9.061 Thread 0x000001d17fd64ff0 nmethod 7012 0x000001d1703e5c10 code [0x000001d1703e5de0, 0x000001d1703e62c8]
Event: 9.061 Thread 0x000001d17fd64ff0 7013       3       java.lang.ProcessEnvironment$CheckedEntry::getKey (5 bytes)
Event: 9.061 Thread 0x000001d17fd64ff0 nmethod 7013 0x000001d1703e6490 code [0x000001d1703e6640, 0x000001d1703e6968]
Event: 9.061 Thread 0x000001d17fd64ff0 7015       3       java.lang.ProcessEnvironment$EntryComparator::compare (25 bytes)
Event: 9.062 Thread 0x000001d17fd64ff0 nmethod 7015 0x000001d1703e6a90 code [0x000001d1703e6c60, 0x000001d1703e7148]
Event: 9.062 Thread 0x000001d17fd64ff0 7014       3       java.lang.ProcessEnvironment$EntryComparator::compare (13 bytes)
Event: 9.062 Thread 0x000001d17fd64ff0 nmethod 7014 0x000001d1703e7290 code [0x000001d1703e7480, 0x000001d1703e7be8]
Event: 9.066 Thread 0x000001d14ddf9920 nmethod 6986 0x000001d1775ddd10 code [0x000001d1775ddec0, 0x000001d1775de918]
Event: 9.089 Thread 0x000001d17fd64ff0 7018       3       java.util.zip.CRC32::update (51 bytes)
Event: 9.089 Thread 0x000001d17fd64ff0 nmethod 7018 0x000001d1703e7d90 code [0x000001d1703e7f80, 0x000001d1703e8408]
Event: 9.186 Thread 0x000001d17fd62530 7019       4       sun.net.www.ParseUtil::firstEncodeIndex (86 bytes)
Event: 9.190 Thread 0x000001d17fd64ff0 7021       3       java.lang.ConditionalSpecialCasing::lookUpTable (131 bytes)
Event: 9.190 Thread 0x000001d17fd62530 nmethod 7019 0x000001d1775df690 code [0x000001d1775df820, 0x000001d1775dfb78]
Event: 9.191 Thread 0x000001d17fd64ff0 nmethod 7021 0x000001d1703e8610 code [0x000001d1703e88a0, 0x000001d1703e97b8]
Event: 9.191 Thread 0x000001d17fd62530 7022       4       java.nio.CharBuffer::position (6 bytes)
Event: 9.192 Thread 0x000001d17fd62530 nmethod 7022 0x000001d1775dfd10 code [0x000001d1775dfe80, 0x000001d1775dff58]

GC Heap History (20 events):
Event: 1.110 GC heap before
{Heap before GC invocations=1 (full 0):
 garbage-first heap   total 129024K, used 35498K [0x0000000082400000, 0x0000000100000000)
  region size 1024K, 34 young (34816K), 3 survivors (3072K)
 Metaspace       used 10015K, committed 10112K, reserved 1114112K
  class space    used 1225K, committed 1280K, reserved 1048576K
}
Event: 1.114 GC heap after
{Heap after GC invocations=2 (full 0):
 garbage-first heap   total 129024K, used 5602K [0x0000000082400000, 0x0000000100000000)
  region size 1024K, 2 young (2048K), 2 survivors (2048K)
 Metaspace       used 10015K, committed 10112K, reserved 1114112K
  class space    used 1225K, committed 1280K, reserved 1048576K
}
Event: 2.501 GC heap before
{Heap before GC invocations=2 (full 0):
 garbage-first heap   total 129024K, used 80354K [0x0000000082400000, 0x0000000100000000)
  region size 1024K, 75 young (76800K), 2 survivors (2048K)
 Metaspace       used 15665K, committed 15872K, reserved 1114112K
  class space    used 1865K, committed 1984K, reserved 1048576K
}
Event: 2.514 GC heap after
{Heap after GC invocations=3 (full 0):
 garbage-first heap   total 129024K, used 13050K [0x0000000082400000, 0x0000000100000000)
  region size 1024K, 10 young (10240K), 10 survivors (10240K)
 Metaspace       used 15665K, committed 15872K, reserved 1114112K
  class space    used 1865K, committed 1984K, reserved 1048576K
}
Event: 3.782 GC heap before
{Heap before GC invocations=3 (full 0):
 garbage-first heap   total 129024K, used 79610K [0x0000000082400000, 0x0000000100000000)
  region size 1024K, 75 young (76800K), 10 survivors (10240K)
 Metaspace       used 17360K, committed 17664K, reserved 1114112K
  class space    used 2014K, committed 2176K, reserved 1048576K
}
Event: 3.798 GC heap after
{Heap after GC invocations=4 (full 0):
 garbage-first heap   total 129024K, used 16747K [0x0000000082400000, 0x0000000100000000)
  region size 1024K, 5 young (5120K), 5 survivors (5120K)
 Metaspace       used 17360K, committed 17664K, reserved 1114112K
  class space    used 2014K, committed 2176K, reserved 1048576K
}
Event: 4.481 GC heap before
{Heap before GC invocations=4 (full 0):
 garbage-first heap   total 129024K, used 48491K [0x0000000082400000, 0x0000000100000000)
  region size 1024K, 33 young (33792K), 5 survivors (5120K)
 Metaspace       used 21270K, committed 21504K, reserved 1114112K
  class space    used 2501K, committed 2624K, reserved 1048576K
}
Event: 4.491 GC heap after
{Heap after GC invocations=5 (full 0):
 garbage-first heap   total 129024K, used 24443K [0x0000000082400000, 0x0000000100000000)
  region size 1024K, 8 young (8192K), 8 survivors (8192K)
 Metaspace       used 21270K, committed 21504K, reserved 1114112K
  class space    used 2501K, committed 2624K, reserved 1048576K
}
Event: 5.633 GC heap before
{Heap before GC invocations=6 (full 0):
 garbage-first heap   total 86016K, used 68475K [0x0000000082400000, 0x0000000100000000)
  region size 1024K, 50 young (51200K), 8 survivors (8192K)
 Metaspace       used 26759K, committed 27136K, reserved 1114112K
  class space    used 3096K, committed 3264K, reserved 1048576K
}
Event: 5.661 GC heap after
{Heap after GC invocations=7 (full 0):
 garbage-first heap   total 89088K, used 35627K [0x0000000082400000, 0x0000000100000000)
  region size 1024K, 7 young (7168K), 7 survivors (7168K)
 Metaspace       used 26759K, committed 27136K, reserved 1114112K
  class space    used 3096K, committed 3264K, reserved 1048576K
}
Event: 5.676 GC heap before
{Heap before GC invocations=7 (full 0):
 garbage-first heap   total 89088K, used 35627K [0x0000000082400000, 0x0000000100000000)
  region size 1024K, 8 young (8192K), 7 survivors (7168K)
 Metaspace       used 26804K, committed 27136K, reserved 1114112K
  class space    used 3101K, committed 3264K, reserved 1048576K
}
Event: 5.686 GC heap after
{Heap after GC invocations=8 (full 0):
 garbage-first heap   total 89088K, used 36864K [0x0000000082400000, 0x0000000100000000)
  region size 1024K, 1 young (1024K), 1 survivors (1024K)
 Metaspace       used 26804K, committed 27136K, reserved 1114112K
  class space    used 3101K, committed 3264K, reserved 1048576K
}
Event: 6.387 GC heap before
{Heap before GC invocations=8 (full 0):
 garbage-first heap   total 89088K, used 64512K [0x0000000082400000, 0x0000000100000000)
  region size 1024K, 28 young (28672K), 1 survivors (1024K)
 Metaspace       used 28440K, committed 28736K, reserved 1114112K
  class space    used 3324K, committed 3456K, reserved 1048576K
}
Event: 6.391 GC heap after
{Heap after GC invocations=9 (full 0):
 garbage-first heap   total 89088K, used 36738K [0x0000000082400000, 0x0000000100000000)
  region size 1024K, 1 young (1024K), 1 survivors (1024K)
 Metaspace       used 28440K, committed 28736K, reserved 1114112K
  class space    used 3324K, committed 3456K, reserved 1048576K
}
Event: 6.848 GC heap before
{Heap before GC invocations=10 (full 0):
 garbage-first heap   total 89088K, used 69506K [0x0000000082400000, 0x0000000100000000)
  region size 1024K, 30 young (30720K), 1 survivors (1024K)
 Metaspace       used 28534K, committed 28864K, reserved 1114112K
  class space    used 3325K, committed 3456K, reserved 1048576K
}
Event: 6.864 GC heap after
{Heap after GC invocations=11 (full 0):
 garbage-first heap   total 178176K, used 49877K [0x0000000082400000, 0x0000000100000000)
  region size 1024K, 4 young (4096K), 4 survivors (4096K)
 Metaspace       used 28534K, committed 28864K, reserved 1114112K
  class space    used 3325K, committed 3456K, reserved 1048576K
}
Event: 6.919 GC heap before
{Heap before GC invocations=11 (full 0):
 garbage-first heap   total 178176K, used 53973K [0x0000000082400000, 0x0000000100000000)
  region size 1024K, 8 young (8192K), 4 survivors (4096K)
 Metaspace       used 28540K, committed 28864K, reserved 1114112K
  class space    used 3325K, committed 3456K, reserved 1048576K
}
Event: 6.925 GC heap after
{Heap after GC invocations=12 (full 0):
 garbage-first heap   total 178176K, used 46080K [0x0000000082400000, 0x0000000100000000)
  region size 1024K, 1 young (1024K), 1 survivors (1024K)
 Metaspace       used 28540K, committed 28864K, reserved 1114112K
  class space    used 3325K, committed 3456K, reserved 1048576K
}
Event: 8.482 GC heap before
{Heap before GC invocations=12 (full 0):
 garbage-first heap   total 178176K, used 122880K [0x0000000082400000, 0x0000000100000000)
  region size 1024K, 76 young (77824K), 1 survivors (1024K)
 Metaspace       used 31508K, committed 31872K, reserved 1114112K
  class space    used 3653K, committed 3840K, reserved 1048576K
}
Event: 8.490 GC heap after
{Heap after GC invocations=13 (full 0):
 garbage-first heap   total 178176K, used 51483K [0x0000000082400000, 0x0000000100000000)
  region size 1024K, 7 young (7168K), 7 survivors (7168K)
 Metaspace       used 31508K, committed 31872K, reserved 1114112K
  class space    used 3653K, committed 3840K, reserved 1048576K
}

Deoptimization events (20 events):
Event: 9.061 Thread 0x000001d167e948f0 DEOPT PACKING pc=0x000001d1772ea710 sp=0x000000bbaa8fce80
Event: 9.061 Thread 0x000001d167e948f0 DEOPT UNPACKING pc=0x000001d176ca23a3 sp=0x000000bbaa8fce60 mode 2
Event: 9.091 Thread 0x000001d14de978e0 Uncommon trap: trap_request=0xffffff45 fr.pc=0x000001d17759d29c relative=0x0000000000000f1c
Event: 9.091 Thread 0x000001d14de978e0 Uncommon trap: reason=unstable_if action=reinterpret pc=0x000001d17759d29c method=java.util.regex.Pattern.sequence(Ljava/util/regex/Pattern$Node;)Ljava/util/regex/Pattern$Node; @ 144 c2
Event: 9.091 Thread 0x000001d14de978e0 DEOPT PACKING pc=0x000001d17759d29c sp=0x000000bbad3fee20
Event: 9.091 Thread 0x000001d14de978e0 DEOPT UNPACKING pc=0x000001d176ca23a3 sp=0x000000bbad3fedc0 mode 2
Event: 9.091 Thread 0x000001d14de978e0 Uncommon trap: trap_request=0xffffff45 fr.pc=0x000001d177335bd8 relative=0x0000000000000058
Event: 9.091 Thread 0x000001d14de978e0 Uncommon trap: reason=unstable_if action=reinterpret pc=0x000001d177335bd8 method=java.util.regex.Pattern.has(I)Z @ 6 c2
Event: 9.091 Thread 0x000001d14de978e0 DEOPT PACKING pc=0x000001d177335bd8 sp=0x000000bbad3fedc0
Event: 9.091 Thread 0x000001d14de978e0 DEOPT UNPACKING pc=0x000001d176ca23a3 sp=0x000000bbad3fed50 mode 2
Event: 9.186 Thread 0x000001d14de98810 Uncommon trap: trap_request=0xffffff45 fr.pc=0x000001d177387c98 relative=0x0000000000000bd8
Event: 9.186 Thread 0x000001d14de98810 Uncommon trap: reason=unstable_if action=reinterpret pc=0x000001d177387c98 method=java.lang.ConditionalSpecialCasing.lookUpTable(Ljava/lang/String;ILjava/util/Locale;Z)[C @ 81 c2
Event: 9.186 Thread 0x000001d14de98810 DEOPT PACKING pc=0x000001d177387c98 sp=0x000000bbad2fec60
Event: 9.186 Thread 0x000001d14de98810 DEOPT UNPACKING pc=0x000001d176ca23a3 sp=0x000000bbad2fec20 mode 2
Event: 9.186 Thread 0x000001d14de98810 Uncommon trap: trap_request=0xffffff45 fr.pc=0x000001d1773a6794 relative=0x00000000000001d4
Event: 9.186 Thread 0x000001d14de98810 Uncommon trap: reason=unstable_if action=reinterpret pc=0x000001d1773a6794 method=java.lang.ConditionalSpecialCasing.toLowerCaseEx(Ljava/lang/String;ILjava/util/Locale;)I @ 15 c2
Event: 9.186 Thread 0x000001d14de98810 DEOPT PACKING pc=0x000001d1773a6794 sp=0x000000bbad2fed00
Event: 9.186 Thread 0x000001d14de98810 DEOPT UNPACKING pc=0x000001d176ca23a3 sp=0x000000bbad2feca0 mode 2
Event: 9.186 Thread 0x000001d14de98810 DEOPT PACKING pc=0x000001d170036188 sp=0x000000bbad2fdb00
Event: 9.186 Thread 0x000001d14de98810 DEOPT UNPACKING pc=0x000001d176ca2b43 sp=0x000000bbad2fd018 mode 0

Classes unloaded (0 events):
No events

Classes redefined (0 events):
No events

Internal exceptions (20 events):
Event: 8.303 Thread 0x000001d167e948f0 Exception <a 'java/lang/NoClassDefFoundError'{0x00000000889030c8}: org/sonatype/aether/artifact/Artifact> (0x00000000889030c8) 
thrown [s\open\src\hotspot\share\classfile\systemDictionary.cpp, line 245]
Event: 8.308 Thread 0x000001d167e948f0 Exception <a 'java/lang/NoClassDefFoundError'{0x0000000088947478}: org/sonatype/aether/deployment/DeploymentException> (0x0000000088947478) 
thrown [s\open\src\hotspot\share\classfile\systemDictionary.cpp, line 245]
Event: 8.309 Thread 0x000001d167e948f0 Exception <a 'java/lang/NoClassDefFoundError'{0x0000000088953648}: org/sonatype/aether/resolution/ArtifactDescriptorException> (0x0000000088953648) 
thrown [s\open\src\hotspot\share\classfile\systemDictionary.cpp, line 245]
Event: 8.311 Thread 0x000001d167e948f0 Exception <a 'java/lang/NoClassDefFoundError'{0x0000000088966648}: org/sonatype/aether/metadata/Metadata> (0x0000000088966648) 
thrown [s\open\src\hotspot\share\classfile\systemDictionary.cpp, line 245]
Event: 8.318 Thread 0x000001d167e948f0 Exception <a 'java/lang/NoClassDefFoundError'{0x00000000889a2e68}: org/sonatype/aether/artifact/ArtifactType> (0x00000000889a2e68) 
thrown [s\open\src\hotspot\share\classfile\systemDictionary.cpp, line 245]
Event: 8.325 Thread 0x000001d167e948f0 Exception <a 'java/lang/NoClassDefFoundError'{0x0000000088803520}: org/sonatype/aether/installation/InstallationException> (0x0000000088803520) 
thrown [s\open\src\hotspot\share\classfile\systemDictionary.cpp, line 245]
Event: 8.328 Thread 0x000001d167e948f0 Exception <a 'java/lang/NoClassDefFoundError'{0x00000000888256a0}: org/sonatype/aether/metadata/Metadata> (0x00000000888256a0) 
thrown [s\open\src\hotspot\share\classfile\systemDictionary.cpp, line 245]
Event: 8.361 Thread 0x000001d14cfab5f0 Exception <a 'java/lang/NoSuchMethodError'{0x00000000887c7218}: 'java.lang.Object java.lang.invoke.DirectMethodHandle$Holder.invokeStatic(java.lang.Object, java.lang.Object, long, java.lang.Object)'> (0x00000000887c7218) 
thrown [s\open\src\hotspot\share\interpreter\linkResolver.cpp, line 759]
Event: 8.362 Thread 0x000001d14cfab5f0 Exception <a 'java/lang/NoSuchMethodError'{0x00000000887ca9f0}: 'java.lang.Object java.lang.invoke.DirectMethodHandle$Holder.invokeStaticInit(java.lang.Object, java.lang.Object, long, java.lang.Object)'> (0x00000000887ca9f0) 
thrown [s\open\src\hotspot\share\interpreter\linkResolver.cpp, line 759]
Event: 8.363 Thread 0x000001d14cfab5f0 Exception <a 'java/lang/NoSuchMethodError'{0x00000000887d1038}: 'java.lang.Object java.lang.invoke.DirectMethodHandle$Holder.newInvokeSpecial(java.lang.Object, java.lang.Object, long)'> (0x00000000887d1038) 
thrown [s\open\src\hotspot\share\interpreter\linkResolver.cpp, line 759]
Event: 8.363 Thread 0x000001d14cfab5f0 Exception <a 'java/lang/NoSuchMethodError'{0x00000000887d4ba8}: 'java.lang.Object java.lang.invoke.Invokers$Holder.linkToTargetMethod(java.lang.Object, long, java.lang.Object)'> (0x00000000887d4ba8) 
thrown [s\open\src\hotspot\share\interpreter\linkResolver.cpp, line 759]
Event: 8.467 Thread 0x000001d167e948f0 Exception <a 'java/lang/NoSuchMethodError'{0x0000000088358f08}: 'java.lang.Object java.lang.invoke.DirectMethodHandle$Holder.invokeStaticInit(java.lang.Object, java.lang.Object, int, int, int, int)'> (0x0000000088358f08) 
thrown [s\open\src\hotspot\share\interpreter\linkResolver.cpp, line 759]
Event: 8.515 Thread 0x000001d167e948f0 Exception <a 'java/lang/NoSuchMethodError'{0x000000008cde1100}: 'int java.lang.invoke.DirectMethodHandle$Holder.invokeSpecialIFC(java.lang.Object, java.lang.Object, java.lang.Object, java.lang.Object)'> (0x000000008cde1100) 
thrown [s\open\src\hotspot\share\interpreter\linkResolver.cpp, line 759]
Event: 8.601 Thread 0x000001d14d8eca00 Implicit null exception at 0x000001d1773e8c07 to 0x000001d1773e951c
Event: 8.602 Thread 0x000001d14de95a80 Implicit null exception at 0x000001d17739e72a to 0x000001d17739e888
Event: 8.602 Thread 0x000001d14d8eca00 Implicit null exception at 0x000001d17739e72a to 0x000001d17739e888
Event: 8.602 Thread 0x000001d14de95f90 Implicit null exception at 0x000001d17739e72a to 0x000001d17739e888
Event: 8.941 Thread 0x000001d167e948f0 Exception <a 'java/lang/NoSuchMethodError'{0x000000008a918f50}: 'java.lang.Object java.lang.invoke.DirectMethodHandle$Holder.invokeStaticInit(java.lang.Object, int)'> (0x000000008a918f50) 
thrown [s\open\src\hotspot\share\interpreter\linkResolver.cpp, line 759]
Event: 9.073 Thread 0x000001d167e948f0 Exception <a 'java/lang/NoSuchMethodError'{0x000000008a542f78}: 'void java.lang.invoke.DirectMethodHandle$Holder.invokeStatic(java.lang.Object, long)'> (0x000000008a542f78) 
thrown [s\open\src\hotspot\share\interpreter\linkResolver.cpp, line 759]
Event: 9.073 Thread 0x000001d167e948f0 Exception <a 'java/lang/NoSuchMethodError'{0x000000008a5484d0}: 'java.lang.Object java.lang.invoke.DirectMethodHandle$Holder.newInvokeSpecial(java.lang.Object, long)'> (0x000000008a5484d0) 
thrown [s\open\src\hotspot\share\interpreter\linkResolver.cpp, line 759]

VM Operations (20 events):
Event: 8.417 Executing VM operation: HandshakeAllThreads
Event: 8.417 Executing VM operation: HandshakeAllThreads done
Event: 8.482 Executing VM operation: G1CollectForAllocation
Event: 8.490 Executing VM operation: G1CollectForAllocation done
Event: 8.601 Executing VM operation: HandshakeAllThreads
Event: 8.602 Executing VM operation: HandshakeAllThreads done
Event: 8.862 Executing VM operation: HandshakeAllThreads
Event: 8.862 Executing VM operation: HandshakeAllThreads done
Event: 8.886 Executing VM operation: HandshakeAllThreads
Event: 8.886 Executing VM operation: HandshakeAllThreads done
Event: 8.992 Executing VM operation: HandshakeAllThreads
Event: 8.992 Executing VM operation: HandshakeAllThreads done
Event: 8.995 Executing VM operation: HandshakeAllThreads
Event: 8.995 Executing VM operation: HandshakeAllThreads done
Event: 8.996 Executing VM operation: HandshakeAllThreads
Event: 8.996 Executing VM operation: HandshakeAllThreads done
Event: 9.074 Executing VM operation: HandshakeAllThreads
Event: 9.074 Executing VM operation: HandshakeAllThreads done
Event: 9.078 Executing VM operation: HandshakeAllThreads
Event: 9.078 Executing VM operation: HandshakeAllThreads done

Events (20 events):
Event: 9.074 loading class java/lang/Process$PipeInputStream
Event: 9.074 loading class java/lang/Process$PipeInputStream done
Event: 9.075 loading class jdk/internal/event/ProcessStartEvent
Event: 9.075 loading class jdk/internal/event/ProcessStartEvent done
Event: 9.076 loading class java/nio/channels/ClosedChannelException
Event: 9.076 loading class java/nio/channels/ClosedChannelException done
Event: 9.078 loading class java/nio/channels/NonReadableChannelException
Event: 9.078 loading class java/nio/channels/NonReadableChannelException done
Event: 9.079 loading class java/nio/channels/NonWritableChannelException
Event: 9.079 loading class java/nio/channels/NonWritableChannelException done
Event: 9.080 Thread 0x000001d14de95060 Thread added: 0x000001d14de95060
Event: 9.089 Thread 0x000001d14de98810 Thread added: 0x000001d14de98810
Event: 9.090 Thread 0x000001d14de978e0 Thread added: 0x000001d14de978e0
Event: 9.090 loading class java/util/Scanner
Event: 9.091 loading class java/util/Scanner done
Event: 9.092 loading class java/util/Scanner$PatternLRUCache
Event: 9.092 loading class java/util/Scanner$PatternLRUCache done
Event: 9.186 Thread 0x000001d14ddf9920 Thread exited: 0x000001d14ddf9920
Event: 9.190 loading class java/util/concurrent/atomic/Striped64$1
Event: 9.190 loading class java/util/concurrent/atomic/Striped64$1 done


Dynamic libraries:
0x00007ff6435e0000 - 0x00007ff6435f0000 	C:\Program Files\Java\jdk-17\bin\java.exe
0x00007ffdeee50000 - 0x00007ffdef067000 	C:\WINDOWS\SYSTEM32\ntdll.dll
0x00007ffded1b0000 - 0x00007ffded274000 	C:\WINDOWS\System32\KERNEL32.DLL
0x00007ffdec290000 - 0x00007ffdec660000 	C:\WINDOWS\System32\KERNELBASE.dll
0x00007ffdec660000 - 0x00007ffdec771000 	C:\WINDOWS\System32\ucrtbase.dll
0x00007ffde4c60000 - 0x00007ffde4c79000 	C:\Program Files\Java\jdk-17\bin\jli.dll
0x00007ffdd4580000 - 0x00007ffdd459b000 	C:\Program Files\Java\jdk-17\bin\VCRUNTIME140.dll
0x00007ffdecb40000 - 0x00007ffdecbf1000 	C:\WINDOWS\System32\ADVAPI32.dll
0x00007ffdecd20000 - 0x00007ffdecdc7000 	C:\WINDOWS\System32\msvcrt.dll
0x00007ffdedaa0000 - 0x00007ffdedb47000 	C:\WINDOWS\System32\sechost.dll
0x00007ffdec970000 - 0x00007ffdec998000 	C:\WINDOWS\System32\bcrypt.dll
0x00007ffded950000 - 0x00007ffdeda64000 	C:\WINDOWS\System32\RPCRT4.dll
0x00007ffdecdd0000 - 0x00007ffdecf7e000 	C:\WINDOWS\System32\USER32.dll
0x00007ffdd90a0000 - 0x00007ffdd9332000 	C:\WINDOWS\WinSxS\amd64_microsoft.windows.common-controls_6595b64144ccf1df_6.0.22621.4830_none_270fe7d773858e80\COMCTL32.dll
0x00007ffdec260000 - 0x00007ffdec286000 	C:\WINDOWS\System32\win32u.dll
0x00007ffdeda70000 - 0x00007ffdeda99000 	C:\WINDOWS\System32\GDI32.dll
0x00007ffdeca20000 - 0x00007ffdecb3b000 	C:\WINDOWS\System32\gdi32full.dll
0x00007ffdec100000 - 0x00007ffdec19a000 	C:\WINDOWS\System32\msvcp_win.dll
0x00007ffde47f0000 - 0x00007ffde47fa000 	C:\WINDOWS\SYSTEM32\VERSION.dll
0x00007ffdee8d0000 - 0x00007ffdee901000 	C:\WINDOWS\System32\IMM32.DLL
0x00007ffdd3490000 - 0x00007ffdd3542000 	C:\Program Files\McAfee\Endpoint Security\Threat Prevention\Ips\EpMPApi.dll
0x00007ffdec780000 - 0x00007ffdec7f2000 	C:\WINDOWS\System32\WINTRUST.dll
0x00007ffdec800000 - 0x00007ffdec966000 	C:\WINDOWS\System32\CRYPT32.dll
0x00007ffdebda0000 - 0x00007ffdebdb2000 	C:\WINDOWS\SYSTEM32\MSASN1.dll
0x0000000066cc0000 - 0x0000000066ccc000 	C:\Program Files\McAfee\Endpoint Security\Threat Prevention\Ips\EpMPThe.dll
0x00007ffdd6730000 - 0x00007ffdd678b000 	C:\Program Files\McAfee\Endpoint Security\Threat Prevention\Ips\HIPHandlers64.dll
0x00007ffdee050000 - 0x00007ffdee8c8000 	C:\WINDOWS\System32\SHELL32.dll
0x00007ffdedd00000 - 0x00007ffdedd5e000 	C:\WINDOWS\System32\SHLWAPI.dll
0x00007ffdeac40000 - 0x00007ffdeac6d000 	C:\WINDOWS\SYSTEM32\IPHLPAPI.DLL
0x00007ffde9a30000 - 0x00007ffde9c62000 	C:\WINDOWS\SYSTEM32\dbghelp.dll
0x00007ffded280000 - 0x00007ffded610000 	C:\WINDOWS\System32\combase.dll
0x00007ffded0c0000 - 0x00007ffded197000 	C:\WINDOWS\System32\OLEAUT32.dll
0x00007ffdd4300000 - 0x00007ffdd430c000 	C:\Program Files\Java\jdk-17\bin\vcruntime140_1.dll
0x00007ffdbb150000 - 0x00007ffdbb1de000 	C:\Program Files\Java\jdk-17\bin\msvcp140.dll
0x00007ffd5a0b0000 - 0x00007ffd5ac91000 	C:\Program Files\Java\jdk-17\bin\server\jvm.dll
0x00007ffdecd10000 - 0x00007ffdecd18000 	C:\WINDOWS\System32\PSAPI.DLL
0x00007ffdd3380000 - 0x00007ffdd3389000 	C:\WINDOWS\SYSTEM32\WSOCK32.dll
0x00007ffde5930000 - 0x00007ffde5964000 	C:\WINDOWS\SYSTEM32\WINMM.dll
0x00007ffdee910000 - 0x00007ffdee981000 	C:\WINDOWS\System32\WS2_32.dll
0x00007ffdeb230000 - 0x00007ffdeb248000 	C:\WINDOWS\SYSTEM32\kernel.appcore.dll
0x00007ffdd42f0000 - 0x00007ffdd42fa000 	C:\Program Files\Java\jdk-17\bin\jimage.dll
0x00007ffdd5050000 - 0x00007ffdd5082000 	C:\WINDOWS\SYSTEM32\dbgcore.DLL
0x00007ffdec9a0000 - 0x00007ffdeca1b000 	C:\WINDOWS\System32\bcryptPrimitives.dll
0x00007ffdd40f0000 - 0x00007ffdd4115000 	C:\Program Files\Java\jdk-17\bin\java.dll
0x00007ffda3490000 - 0x00007ffda3567000 	C:\Program Files\Java\jdk-17\bin\jsvml.dll
0x00007ffdea060000 - 0x00007ffdea970000 	C:\WINDOWS\SYSTEM32\windows.storage.dll
0x00007ffde9f20000 - 0x00007ffdea05f000 	C:\WINDOWS\SYSTEM32\wintypes.dll
0x00007ffdecc00000 - 0x00007ffdecd0a000 	C:\WINDOWS\System32\SHCORE.dll
0x00007ffdec030000 - 0x00007ffdec05b000 	C:\WINDOWS\SYSTEM32\profapi.dll
0x00007ffdc8db0000 - 0x00007ffdc8dc9000 	C:\Program Files\Java\jdk-17\bin\net.dll
0x00007ffde5800000 - 0x00007ffde592c000 	C:\WINDOWS\SYSTEM32\WINHTTP.dll
0x00007ffdeb6b0000 - 0x00007ffdeb71a000 	C:\WINDOWS\system32\mswsock.dll
0x00007ffdbb130000 - 0x00007ffdbb146000 	C:\Program Files\Java\jdk-17\bin\nio.dll
0x00007ffdbb110000 - 0x00007ffdbb128000 	C:\Program Files\Java\jdk-17\bin\zip.dll
0x00007ffdaf9a0000 - 0x00007ffdaf9c4000 	C:\Program Files\apache-maven-3.9.9\lib\jansi-native\Windows\x86_64\jansi.dll
0x00007ffdd40e0000 - 0x00007ffdd40f0000 	C:\Program Files\Java\jdk-17\bin\verify.dll
0x00007ffdeb340000 - 0x00007ffdeb374000 	C:\WINDOWS\SYSTEM32\ntmarta.dll
0x00007ffdeb900000 - 0x00007ffdeb91b000 	C:\WINDOWS\SYSTEM32\CRYPTSP.dll
0x00007ffdeb190000 - 0x00007ffdeb1c5000 	C:\WINDOWS\system32\rsaenh.dll
0x00007ffdeb7a0000 - 0x00007ffdeb7c8000 	C:\WINDOWS\SYSTEM32\USERENV.dll
0x00007ffdeb920000 - 0x00007ffdeb92c000 	C:\WINDOWS\SYSTEM32\CRYPTBASE.dll
0x00007ffdecf80000 - 0x00007ffdecf89000 	C:\WINDOWS\System32\NSI.dll
0x00007ffde7820000 - 0x00007ffde7839000 	C:\WINDOWS\SYSTEM32\dhcpcsvc6.DLL
0x00007ffde5b70000 - 0x00007ffde5b8f000 	C:\WINDOWS\SYSTEM32\dhcpcsvc.DLL
0x00007ffdeacb0000 - 0x00007ffdeadb2000 	C:\WINDOWS\SYSTEM32\DNSAPI.dll

dbghelp: loaded successfully - version: 4.0.5 - missing functions: none
symbol engine: initialized successfully - sym options: 0x614 - pdb path: .;C:\Program Files\Java\jdk-17\bin;C:\WINDOWS\SYSTEM32;C:\WINDOWS\WinSxS\amd64_microsoft.windows.common-controls_6595b64144ccf1df_6.0.22621.4830_none_270fe7d773858e80;C:\Program Files\McAfee\Endpoint Security\Threat Prevention\Ips;C:\Program Files\Java\jdk-17\bin\server;C:\Program Files\apache-maven-3.9.9\lib\jansi-native\Windows\x86_64

VM Arguments:
jvm_args: -Dclassworlds.conf=C:/Program Files/apache-maven-3.9.9/bin/m2.conf -Dmaven.home=C:/Program Files/apache-maven-3.9.9 -Dlibrary.jansi.path=C:/Program Files/apache-maven-3.9.9/lib/jansi-native -Dmaven.multiModuleProjectDirectory=C:/ornek/bank-account-management 
java_command: org.codehaus.plexus.classworlds.launcher.Launcher clean install
java_class_path (initial): C:/Program Files/apache-maven-3.9.9/boot/plexus-classworlds-2.8.0.jar
Launcher Type: SUN_STANDARD

[Global flags]
     intx CICompilerCount                          = 4                                         {product} {ergonomic}
     uint ConcGCThreads                            = 2                                         {product} {ergonomic}
     uint G1ConcRefinementThreads                  = 8                                         {product} {ergonomic}
   size_t G1HeapRegionSize                         = 1048576                                   {product} {ergonomic}
    uintx GCDrainStackTargetSize                   = 64                                        {product} {ergonomic}
   size_t InitialHeapSize                          = 132120576                                 {product} {ergonomic}
   size_t MarkStackSize                            = 4194304                                   {product} {ergonomic}
   size_t MaxHeapSize                              = 2109734912                                {product} {ergonomic}
   size_t MaxNewSize                               = 1265631232                                {product} {ergonomic}
   size_t MinHeapDeltaBytes                        = 1048576                                   {product} {ergonomic}
   size_t MinHeapSize                              = 8388608                                   {product} {ergonomic}
    uintx NonNMethodCodeHeapSize                   = 5839372                                {pd product} {ergonomic}
    uintx NonProfiledCodeHeapSize                  = 122909434                              {pd product} {ergonomic}
    uintx ProfiledCodeHeapSize                     = 122909434                              {pd product} {ergonomic}
    uintx ReservedCodeCacheSize                    = 251658240                              {pd product} {ergonomic}
     bool SegmentedCodeCache                       = true                                      {product} {ergonomic}
   size_t SoftMaxHeapSize                          = 2109734912                             {manageable} {ergonomic}
     bool UseCompressedClassPointers               = true                           {product lp64_product} {ergonomic}
     bool UseCompressedOops                        = true                           {product lp64_product} {ergonomic}
     bool UseG1GC                                  = true                                      {product} {ergonomic}
     bool UseLargePagesIndividualAllocation        = false                                  {pd product} {ergonomic}

Logging:
Log output configuration:
 #0: stdout all=warning uptime,level,tags
 #1: stderr all=off uptime,level,tags

Environment Variables:
JAVA_HOME=C:/Program Files/Java/jdk-17
PATH=C:\Users\FÝLÝZC\bin;C:\Program Files\Git\mingw64\bin;C:\Program Files\Git\usr\local\bin;C:\Program Files\Git\usr\bin;C:\Program Files\Git\usr\bin;C:\Program Files\Git\mingw64\bin;C:\Program Files\Git\usr\bin;C:\Users\FÝLÝZC\bin;C:\Users\FÝLÝZC\.p2\pool\plugins\org.eclipse.justj.openjdk.hotspot.jre.full.win32.x86_64_23.0.2.v20250131-0604\jre\bin\server;C:\Users\FÝLÝZC\.p2\pool\plugins\org.eclipse.justj.openjdk.hotspot.jre.full.win32.x86_64_23.0.2.v20250131-0604\jre\bin;C:\Program Files\Common Files\Oracle\Java\javapath;C:\Program Files (x86)\Common Files\Oracle\Java\javapath;C:\Program Files (x86)\Common Files\Intel\Shared Libraries\redist\intel64\compiler;C:\Program Files\Microsoft MPI\Bin;C:\Windows\system32;C:\Windows;C:\Windows\System32\Wbem;C:\Windows\System32\WindowsPowerShell\v1.0;C:\Windows\System32\OpenSSH;C:\Program Files (x86)\NVIDIA Corporation\PhysX\Common;C:\Program Files\Microsoft SQL Server\110\Tools\Binn;C:\Program Files\Microsoft\Web Platform Installer;C:\Program Files (x86)\Microsoft ASP.NET\ASP.NET Web Pages\v1.0;C:\WINDOWS\system32;C:\WINDOWS;C:\WINDOWS\System32\Wbem;C:\WINDOWS\System32\WindowsPowerShell\v1.0;C:\WINDOWS\System32\OpenSSH;C:\Program Files\Microsoft SQL Server\130\Tools\Binn;C:\Program Files\Microsoft SQL Server\Client SDK\ODBC\170\Tools\Binn;C:\Program Files (x86)\Microsoft SQL Server\150\Tools\Binn;C:\Program Files\Microsoft SQL Server\150\Tools\Binn;C:\Program Files\Microsoft SQL Server\150\DTS\Binn;C:\Program Files (x86)\Microsoft SQL Server\150\DTS\Binn;C:\Program Files\Azure Data Studio\bin;C:\Program Files\dotnet;C:\WINDOWS\system32;C:\WINDOWS;C:\WINDOWS\System32\Wbem;C:\WINDOWS\System32\WindowsPowerShell\v1.0;C:\WINDOWS\System32\OpenSSH;C:\ProgramData\chocolatey\bin;C:\Program Files\Git\cmd;C:\Program Files (x86)\Microsoft SQL Server\160\DTS\Binn;C:\Program Files\nodejs;C:\Users\FÝLÝZC\AppData\Local\Microsoft\WindowsApps;C:\Users\FÝLÝZC\.dotnet\tools;C:\Program Files\Azure Data Studio\bin;C:\Users\FÝLÝZC\AppData\Local\Prog
USERNAME=FILIZC
SHELL=C:\Program Files\Git\usr\bin\bash.exe
DISPLAY=needs-to-be-defined
LANG=tr_TR.UTF-8
OS=Windows_NT
PROCESSOR_IDENTIFIER=Intel64 Family 6 Model 142 Stepping 11, GenuineIntel



---------------  S Y S T E M  ---------------

OS:
 Windows 11 , 64 bit Build 22621 (10.0.22621.4830)
OS uptime: 0 days 1:16 hours

CPU: total 8 (initial active 8) (4 cores per cpu, 2 threads per core) family 6 model 142 stepping 11 microcode 0xde, cx8, cmov, fxsr, ht, mmx, 3dnowpref, sse, sse2, sse3, ssse3, sse4.1, sse4.2, popcnt, lzcnt, tsc, tscinvbit, avx, avx2, aes, erms, clmul, bmi1, bmi2, adx, fma, vzeroupper, clflush, clflushopt

Memory: 4k page, system-wide physical 8043M (812M free)
TotalPageFile size 9486M (AvailPageFile size 20M)
current process WorkingSet (physical memory assigned to process): 312M, peak: 313M
current process commit charge ("private bytes"): 360M, peak: 363M

vm_info: Java HotSpot(TM) 64-Bit Server VM (17.0.14+8-LTS-191) for windows-amd64 JRE (17.0.14+8-LTS-191), built on Dec  3 2024 11:07:59 by "mach5one" with MS VC++ 17.6 (VS2022)

END.
