#
# There is insufficient memory for the Java Runtime Environment to continue.
# Native memory allocation (mmap) failed to map 132120576 bytes for G1 virtual space
# Possible reasons:
#   The system is out of physical RAM or swap space
#   The process is running with CompressedOops enabled, and the Java Heap may be blocking the growth of the native heap
# Possible solutions:
#   Reduce memory load on the system
#   Increase physical memory or swap space
#   Check if swap backing store is full
#   Decrease Java heap size (-Xmx/-Xms)
#   Decrease number of Java threads
#   Decrease Java thread stack sizes (-Xss)
#   Set larger code cache with -XX:ReservedCodeCacheSize=
#   JVM is running with Unscaled Compressed Oops mode in which the Java heap is
#     placed in the first 4GB address space. The Java Heap base address is the
#     maximum limit for the native heap growth. Please use -XX:HeapBaseMinAddress
#     to set the Java Heap base and to place the Java Heap above 4GB virtual address.
# This output file may be truncated or incomplete.
#
#  Out of Memory Error (os_windows.cpp:3551), pid=16192, tid=18040
#
# JRE version:  (17.0.14+8) (build )
# Java VM: Java HotSpot(TM) 64-Bit Server VM (17.0.14+8-LTS-191, mixed mode, sharing, tiered, compressed oops, compressed class ptrs, g1 gc, windows-amd64)
# No core dump will be written. Minidumps are not enabled by default on client versions of Windows
#

---------------  S U M M A R Y ------------

Command Line: -Dfile.encoding=UTF-8 -Dstdout.encoding=UTF-8 -Dstderr.encoding=UTF-8 -XX:+ShowCodeDetailsInExceptionMessages com.example.demo.BankAccountManagementApplication

Host: Intel(R) Core(TM) i5-8265U CPU @ 1.60GHz, 8 cores, 7G,  Windows 11 , 64 bit Build 22621 (10.0.22621.4830)
Time: Wed Feb 19 16:40:23 2025 Türkiye Standart Saati elapsed time: 0.022798 seconds (0d 0h 0m 0s)

---------------  T H R E A D  ---------------

Current thread (0x000002146b6b0930):  JavaThread "Unknown thread" [_thread_in_vm, id=18040, stack(0x000000ce7af00000,0x000000ce7b000000)]

Stack: [0x000000ce7af00000,0x000000ce7b000000]
Native frames: (J=compiled Java code, j=interpreted, Vv=VM code, C=native code)
V  [jvm.dll+0x67a38a]
V  [jvm.dll+0x7da7ed]
V  [jvm.dll+0x7dc133]
V  [jvm.dll+0x7dc7a3]
V  [jvm.dll+0x24517f]
V  [jvm.dll+0x6773b9]
V  [jvm.dll+0x66c062]
V  [jvm.dll+0x302096]
V  [jvm.dll+0x309636]
V  [jvm.dll+0x359f8e]
V  [jvm.dll+0x35a1bf]
V  [jvm.dll+0x2d9168]
V  [jvm.dll+0x2da0d4]
V  [jvm.dll+0x7acf71]
V  [jvm.dll+0x3677f1]
V  [jvm.dll+0x78bdf9]
V  [jvm.dll+0x3ecbaf]
V  [jvm.dll+0x3ee7e1]
C  [jli.dll+0x5297]
C  [ucrtbase.dll+0x29333]
C  [KERNEL32.DLL+0x1259d]
C  [ntdll.dll+0x5af38]


---------------  P R O C E S S  ---------------

Threads class SMR info:
_java_thread_list=0x00007ffd5ab68a18, length=0, elements={
}

Java Threads: ( => current thread )

Other Threads:
  0x000002146b70f990 GCTaskThread "GC Thread#0" [stack: 0x000000ce7b000000,0x000000ce7b100000] [id=16424]
  0x000002146b720c00 ConcurrentGCThread "G1 Main Marker" [stack: 0x000000ce7b100000,0x000000ce7b200000] [id=12068]
  0x000002146b721610 ConcurrentGCThread "G1 Conc#0" [stack: 0x000000ce7b200000,0x000000ce7b300000] [id=17812]

[error occurred during error reporting (printing all threads), id 0xc0000005, EXCEPTION_ACCESS_VIOLATION (0xc0000005) at pc=0x00007ffd5a399c57]

VM state: not at safepoint (not fully initialized)

VM Mutex/Monitor currently owned by a thread:  ([mutex/lock_event])
[0x000002146b6ab890] Heap_lock - owner thread: 0x000002146b6b0930

Heap address: 0x0000000082400000, size: 2012 MB, Compressed Oops mode: 32-bit

CDS archive(s) mapped at: [0x0000000000000000-0x0000000000000000-0x0000000000000000), size 0, SharedBaseAddress: 0x0000000800000000, ArchiveRelocationMode: 1.
Narrow klass base: 0x0000000000000000, Narrow klass shift: 0, Narrow klass range: 0x0

GC Precious Log:
<Empty>

Heap:
 garbage-first heap   total 0K, used 0K [0x0000000082400000, 0x0000000100000000)
  region size 1024K, 0 young (0K), 0 survivors (0K)

[error occurred during error reporting (printing heap information), id 0xc0000005, EXCEPTION_ACCESS_VIOLATION (0xc0000005) at pc=0x00007ffd5a783b79]

GC Heap History (0 events):
No events

Deoptimization events (0 events):
No events

Classes unloaded (0 events):
No events

Classes redefined (0 events):
No events

Internal exceptions (0 events):
No events

VM Operations (0 events):
No events

Events (1 events):
Event: 0.016 Loaded shared library C:\Program Files\Java\jdk-17\bin\java.dll


Dynamic libraries:
0x00007ff7127a0000 - 0x00007ff7127b0000 	C:\Program Files\Java\jdk-17\bin\javaw.exe
0x00007ffdeee50000 - 0x00007ffdef067000 	C:\WINDOWS\SYSTEM32\ntdll.dll
0x00007ffded1b0000 - 0x00007ffded274000 	C:\WINDOWS\System32\KERNEL32.DLL
0x00007ffdec290000 - 0x00007ffdec660000 	C:\WINDOWS\System32\KERNELBASE.dll
0x00007ffdec660000 - 0x00007ffdec771000 	C:\WINDOWS\System32\ucrtbase.dll
0x00007ffdd4240000 - 0x00007ffdd4259000 	C:\Program Files\Java\jdk-17\bin\jli.dll
0x00007ffdd4220000 - 0x00007ffdd423b000 	C:\Program Files\Java\jdk-17\bin\VCRUNTIME140.dll
0x00007ffdecb40000 - 0x00007ffdecbf1000 	C:\WINDOWS\System32\ADVAPI32.dll
0x00007ffdecd20000 - 0x00007ffdecdc7000 	C:\WINDOWS\System32\msvcrt.dll
0x00007ffdedaa0000 - 0x00007ffdedb47000 	C:\WINDOWS\System32\sechost.dll
0x00007ffdec970000 - 0x00007ffdec998000 	C:\WINDOWS\System32\bcrypt.dll
0x00007ffded950000 - 0x00007ffdeda64000 	C:\WINDOWS\System32\RPCRT4.dll
0x00007ffdecdd0000 - 0x00007ffdecf7e000 	C:\WINDOWS\System32\USER32.dll
0x00007ffdec260000 - 0x00007ffdec286000 	C:\WINDOWS\System32\win32u.dll
0x00007ffdd90a0000 - 0x00007ffdd9332000 	C:\WINDOWS\WinSxS\amd64_microsoft.windows.common-controls_6595b64144ccf1df_6.0.22621.4830_none_270fe7d773858e80\COMCTL32.dll
0x00007ffdeda70000 - 0x00007ffdeda99000 	C:\WINDOWS\System32\GDI32.dll
0x00007ffdeca20000 - 0x00007ffdecb3b000 	C:\WINDOWS\System32\gdi32full.dll
0x00007ffdec100000 - 0x00007ffdec19a000 	C:\WINDOWS\System32\msvcp_win.dll
0x00007ffde47f0000 - 0x00007ffde47fa000 	C:\WINDOWS\SYSTEM32\VERSION.dll
0x00007ffdee8d0000 - 0x00007ffdee901000 	C:\WINDOWS\System32\IMM32.DLL
0x00007ffdd3490000 - 0x00007ffdd3542000 	C:\Program Files\McAfee\Endpoint Security\Threat Prevention\Ips\EpMPApi.dll
0x00007ffdec780000 - 0x00007ffdec7f2000 	C:\WINDOWS\System32\WINTRUST.dll
0x00007ffdec800000 - 0x00007ffdec966000 	C:\WINDOWS\System32\CRYPT32.dll
0x00007ffdebda0000 - 0x00007ffdebdb2000 	C:\WINDOWS\SYSTEM32\MSASN1.dll
0x0000000066cc0000 - 0x0000000066ccc000 	C:\Program Files\McAfee\Endpoint Security\Threat Prevention\Ips\EpMPThe.dll
0x00007ffdd4360000 - 0x00007ffdd436c000 	C:\Program Files\Java\jdk-17\bin\vcruntime140_1.dll
0x00007ffdbddb0000 - 0x00007ffdbde3e000 	C:\Program Files\Java\jdk-17\bin\msvcp140.dll
0x00007ffd5a0b0000 - 0x00007ffd5ac91000 	C:\Program Files\Java\jdk-17\bin\server\jvm.dll
0x00007ffdecd10000 - 0x00007ffdecd18000 	C:\WINDOWS\System32\PSAPI.DLL
0x00007ffdd3380000 - 0x00007ffdd3389000 	C:\WINDOWS\SYSTEM32\WSOCK32.dll
0x00007ffde5930000 - 0x00007ffde5964000 	C:\WINDOWS\SYSTEM32\WINMM.dll
0x00007ffdee910000 - 0x00007ffdee981000 	C:\WINDOWS\System32\WS2_32.dll
0x00007ffdeb230000 - 0x00007ffdeb248000 	C:\WINDOWS\SYSTEM32\kernel.appcore.dll
0x00007ffdd4310000 - 0x00007ffdd431a000 	C:\Program Files\Java\jdk-17\bin\jimage.dll
0x00007ffde9a30000 - 0x00007ffde9c62000 	C:\WINDOWS\SYSTEM32\DBGHELP.DLL
0x00007ffded280000 - 0x00007ffded610000 	C:\WINDOWS\System32\combase.dll
0x00007ffded0c0000 - 0x00007ffded197000 	C:\WINDOWS\System32\OLEAUT32.dll
0x00007ffdd5050000 - 0x00007ffdd5082000 	C:\WINDOWS\SYSTEM32\dbgcore.DLL
0x00007ffdec9a0000 - 0x00007ffdeca1b000 	C:\WINDOWS\System32\bcryptPrimitives.dll
0x00007ffdb3030000 - 0x00007ffdb3055000 	C:\Program Files\Java\jdk-17\bin\java.dll

dbghelp: loaded successfully - version: 4.0.5 - missing functions: none
symbol engine: initialized successfully - sym options: 0x614 - pdb path: .;C:\Program Files\Java\jdk-17\bin;C:\WINDOWS\SYSTEM32;C:\WINDOWS\WinSxS\amd64_microsoft.windows.common-controls_6595b64144ccf1df_6.0.22621.4830_none_270fe7d773858e80;C:\Program Files\McAfee\Endpoint Security\Threat Prevention\Ips;C:\Program Files\Java\jdk-17\bin\server

VM Arguments:
jvm_args: -Dfile.encoding=UTF-8 -Dstdout.encoding=UTF-8 -Dstderr.encoding=UTF-8 -XX:+ShowCodeDetailsInExceptionMessages 
java_command: com.example.demo.BankAccountManagementApplication
java_class_path (initial): C:\ornek\bank-account-management\target\classes;C:\Users\FÝLÝZC\.m2\repository\org\springframework\boot\spring-boot-starter-actuator\3.4.2\spring-boot-starter-actuator-3.4.2.jar;C:\Users\FÝLÝZC\.m2\repository\org\springframework\boot\spring-boot-starter\3.4.2\spring-boot-starter-3.4.2.jar;C:\Users\FÝLÝZC\.m2\repository\org\springframework\boot\spring-boot-starter-logging\3.4.2\spring-boot-starter-logging-3.4.2.jar;C:\Users\FÝLÝZC\.m2\repository\ch\qos\logback\logback-classic\1.5.16\logback-classic-1.5.16.jar;C:\Users\FÝLÝZC\.m2\repository\ch\qos\logback\logback-core\1.5.16\logback-core-1.5.16.jar;C:\Users\FÝLÝZC\.m2\repository\org\apache\logging\log4j\log4j-to-slf4j\2.24.3\log4j-to-slf4j-2.24.3.jar;C:\Users\FÝLÝZC\.m2\repository\org\apache\logging\log4j\log4j-api\2.24.3\log4j-api-2.24.3.jar;C:\Users\FÝLÝZC\.m2\repository\org\slf4j\jul-to-slf4j\2.0.16\jul-to-slf4j-2.0.16.jar;C:\Users\FÝLÝZC\.m2\repository\jakarta\annotation\jakarta.annotation-api\2.1.1\jakarta.annotation-api-2.1.1.jar;C:\Users\FÝLÝZC\.m2\repository\org\springframework\boot\spring-boot-actuator-autoconfigure\3.4.2\spring-boot-actuator-autoconfigure-3.4.2.jar;C:\Users\FÝLÝZC\.m2\repository\org\springframework\boot\spring-boot-actuator\3.4.2\spring-boot-actuator-3.4.2.jar;C:\Users\FÝLÝZC\.m2\repository\com\fasterxml\jackson\core\jackson-databind\2.18.2\jackson-databind-2.18.2.jar;C:\Users\FÝLÝZC\.m2\repository\com\fasterxml\jackson\core\jackson-annotations\2.18.2\jackson-annotations-2.18.2.jar;C:\Users\FÝLÝZC\.m2\repository\com\fasterxml\jackson\datatype\jackson-datatype-jsr310\2.18.2\jackson-datatype-jsr310-2.18.2.jar;C:\Users\FÝLÝZC\.m2\repository\io\micrometer\micrometer-observation\1.14.3\micrometer-observation-1.14.3.jar;C:\Users\FÝLÝZC\.m2\repository\io\micrometer\micrometer-commons\1.14.3\micrometer-commons-1.14.3.jar;C:\Users\FÝLÝZC\.m2\repository\io\micrometer\micrometer-jakarta9\1.14.3\micrometer-jakarta9-1.14.3.jar;C:\Users\FÝLÝZC\.m2\repository\io\micrometer\micr
Launcher Type: SUN_STANDARD

[Global flags]
     intx CICompilerCount                          = 4                                         {product} {ergonomic}
     uint ConcGCThreads                            = 2                                         {product} {ergonomic}
     uint G1ConcRefinementThreads                  = 8                                         {product} {ergonomic}
   size_t G1HeapRegionSize                         = 1048576                                   {product} {ergonomic}
    uintx GCDrainStackTargetSize                   = 64                                        {product} {ergonomic}
   size_t InitialHeapSize                          = 132120576                                 {product} {ergonomic}
   size_t MarkStackSize                            = 4194304                                   {product} {ergonomic}
   size_t MaxHeapSize                              = 2109734912                                {product} {ergonomic}
   size_t MinHeapDeltaBytes                        = 1048576                                   {product} {ergonomic}
   size_t MinHeapSize                              = 8388608                                   {product} {ergonomic}
    uintx NonNMethodCodeHeapSize                   = 5839372                                {pd product} {ergonomic}
    uintx NonProfiledCodeHeapSize                  = 122909434                              {pd product} {ergonomic}
    uintx ProfiledCodeHeapSize                     = 122909434                              {pd product} {ergonomic}
    uintx ReservedCodeCacheSize                    = 251658240                              {pd product} {ergonomic}
     bool SegmentedCodeCache                       = true                                      {product} {ergonomic}
     bool ShowCodeDetailsInExceptionMessages       = true                                   {manageable} {command line}
   size_t SoftMaxHeapSize                          = 2109734912                             {manageable} {ergonomic}
     bool UseCompressedClassPointers               = true                           {product lp64_product} {ergonomic}
     bool UseCompressedOops                        = true                           {product lp64_product} {ergonomic}
     bool UseG1GC                                  = true                                      {product} {ergonomic}
     bool UseLargePagesIndividualAllocation        = false                                  {pd product} {ergonomic}

Logging:
Log output configuration:
 #0: stdout all=warning uptime,level,tags
 #1: stderr all=off uptime,level,tags

Environment Variables:
JAVA_HOME=C:\Program Files\Java\jdk-17
PATH=C:/Users/FÝLÝZC/.p2/pool/plugins/org.eclipse.justj.openjdk.hotspot.jre.full.win32.x86_64_23.0.2.v20250131-0604/jre/bin/server;C:/Users/FÝLÝZC/.p2/pool/plugins/org.eclipse.justj.openjdk.hotspot.jre.full.win32.x86_64_23.0.2.v20250131-0604/jre/bin;C:\Program Files\Common Files\Oracle\Java\javapath;C:\Program Files (x86)\Common Files\Oracle\Java\javapath;C:\Program Files (x86)\Common Files\Intel\Shared Libraries\redist\intel64\compiler;C:\Program Files\Microsoft MPI\Bin\;C:\Windows\system32;C:\Windows;C:\Windows\System32\Wbem;C:\Windows\System32\WindowsPowerShell\v1.0\;C:\Windows\System32\OpenSSH\;C:\Program Files (x86)\NVIDIA Corporation\PhysX\Common;C:\Program Files\Microsoft SQL Server\110\Tools\Binn\;C:\Program Files\Microsoft\Web Platform Installer\;C:\Program Files (x86)\Microsoft ASP.NET\ASP.NET Web Pages\v1.0\;C:\WINDOWS\system32;C:\WINDOWS;C:\WINDOWS\System32\Wbem;C:\WINDOWS\System32\WindowsPowerShell\v1.0\;C:\WINDOWS\System32\OpenSSH\;C:\Program Files\Microsoft SQL Server\130\Tools\Binn\;C:\Program Files\Microsoft SQL Server\Client SDK\ODBC\170\Tools\Binn\;C:\Program Files (x86)\Microsoft SQL Server\150\Tools\Binn\;C:\Program Files\Microsoft SQL Server\150\Tools\Binn\;C:\Program Files\Microsoft SQL Server\150\DTS\Binn\;C:\Program Files (x86)\Microsoft SQL Server\150\DTS\Binn\;C:\Program Files\Azure Data Studio\bin;C:\Program Files\dotnet\;C:\WINDOWS\system32;C:\WINDOWS;C:\WINDOWS\System32\Wbem;C:\WINDOWS\System32\WindowsPowerShell\v1.0\;C:\WINDOWS\System32\OpenSSH\;C:\ProgramData\chocolatey\bin;C:\Program Files\Git\cmd;C:\Program Files (x86)\Microsoft SQL Server\160\DTS\Binn\;C:\Program Files\nodejs\;C:\Users\FÝLÝZC\AppData\Local\Microsoft\WindowsApps;C:\Users\FÝLÝZC\.dotnet\tools;C:\Program Files\Azure Data Studio\bin;C:\Users\FÝLÝZC\AppData\Local\Programs\Microsoft VS Code\bin;C:\Users\FÝLÝZC\AppData\Local\GitHubDesktop\bin;C:\Users\FÝLÝZC\AppData\Roaming\npm;C:\Program Files\apache-maven-3.9.9\bin;C:\Program Files\PostgreSQL\17\bin;C:\Program Files\Java\j
USERNAME=FILIZC
OS=Windows_NT
PROCESSOR_IDENTIFIER=Intel64 Family 6 Model 142 Stepping 11, GenuineIntel



---------------  S Y S T E M  ---------------

OS:
 Windows 11 , 64 bit Build 22621 (10.0.22621.4830)
OS uptime: 0 days 1:20 hours

CPU: total 8 (initial active 8) (4 cores per cpu, 2 threads per core) family 6 model 142 stepping 11 microcode 0xde, cx8, cmov, fxsr, ht, mmx, 3dnowpref, sse, sse2, sse3, ssse3, sse4.1, sse4.2, popcnt, lzcnt, tsc, tscinvbit, avx, avx2, aes, erms, clmul, bmi1, bmi2, adx, fma, vzeroupper, clflush, clflushopt

Memory: 4k page, system-wide physical 8043M (827M free)
TotalPageFile size 9486M (AvailPageFile size 64M)
current process WorkingSet (physical memory assigned to process): 12M, peak: 12M
current process commit charge ("private bytes"): 61M, peak: 187M

vm_info: Java HotSpot(TM) 64-Bit Server VM (17.0.14+8-LTS-191) for windows-amd64 JRE (17.0.14+8-LTS-191), built on Dec  3 2024 11:07:59 by "mach5one" with MS VC++ 17.6 (VS2022)

END.
