#
# There is insufficient memory for the Java Runtime Environment to continue.
# Native memory allocation (malloc) failed to allocate 279328 bytes for Chunk::new
# Possible reasons:
#   The system is out of physical RAM or swap space
#   The process is running with CompressedOops enabled, and the Java Heap may be blocking the growth of the native heap
# Possible solutions:
#   Reduce memory load on the system
#   Increase physical memory or swap space
#   Check if swap backing store is full
#   Decrease Java heap size (-Xmx/-Xms)
#   Decrease number of Java threads
#   Decrease Java thread stack sizes (-Xss)
#   Set larger code cache with -XX:ReservedCodeCacheSize=
#   JVM is running with Unscaled Compressed Oops mode in which the Java heap is
#     placed in the first 4GB address space. The Java Heap base address is the
#     maximum limit for the native heap growth. Please use -XX:HeapBaseMinAddress
#     to set the Java Heap base and to place the Java Heap above 4GB virtual address.
# This output file may be truncated or incomplete.
#
#  Out of Memory Error (arena.cpp:189), pid=14228, tid=4388
#
# JRE version: Java(TM) SE Runtime Environment (17.0.14+8) (build 17.0.14+8-LTS-191)
# Java VM: Java HotSpot(TM) 64-Bit Server VM (17.0.14+8-LTS-191, mixed mode, sharing, tiered, compressed oops, compressed class ptrs, g1 gc, windows-amd64)
# No core dump will be written. Minidumps are not enabled by default on client versions of Windows
#

---------------  S U M M A R Y ------------

Command Line: -Dfile.encoding=UTF-8 -Dstdout.encoding=UTF-8 -Dstderr.encoding=UTF-8 -XX:+ShowCodeDetailsInExceptionMessages com.example.demo.BankAccountManagementApplication

Host: Intel(R) Core(TM) i5-8265U CPU @ 1.60GHz, 8 cores, 7G,  Windows 11 , 64 bit Build 22621 (10.0.22621.4830)
Time: Wed Feb 19 16:58:39 2025 Türkiye Standart Saati elapsed time: 3.593943 seconds (0d 0h 0m 3s)

---------------  T H R E A D  ---------------

Current thread (0x000001b2601ee040):  JavaThread "C2 CompilerThread0" daemon [_thread_in_native, id=4388, stack(0x000000ad51000000,0x000000ad51100000)]


Current CompileTask:
C2:   3594 2344       4       java.util.Properties$LineReader::readLine (584 bytes)

Stack: [0x000000ad51000000,0x000000ad51100000]
Native frames: (J=compiled Java code, j=interpreted, Vv=VM code, C=native code)
V  [jvm.dll+0x67a38a]
V  [jvm.dll+0x7da7ed]
V  [jvm.dll+0x7dc133]
V  [jvm.dll+0x7dc7a3]
V  [jvm.dll+0x24517f]
V  [jvm.dll+0xab773]
V  [jvm.dll+0xabd3c]
V  [jvm.dll+0x361e4e]
V  [jvm.dll+0x1ba47a]
V  [jvm.dll+0x216a97]
V  [jvm.dll+0x215d6f]
V  [jvm.dll+0x1a2950]
V  [jvm.dll+0x22620b]
V  [jvm.dll+0x2243ab]
V  [jvm.dll+0x790bbc]
V  [jvm.dll+0x78b04a]
V  [jvm.dll+0x679275]
C  [ucrtbase.dll+0x29333]
C  [KERNEL32.DLL+0x1259d]
C  [ntdll.dll+0x5af38]


---------------  P R O C E S S  ---------------

Threads class SMR info:
_java_thread_list=0x000001b2a6722c90, length=16, elements={
0x000001b2418918b0, 0x000001b2601a4220, 0x000001b2601a5640, 0x000001b2601bdc10,
0x000001b2601be4e0, 0x000001b2601c3560, 0x000001b2601cd380, 0x000001b2601ee040,
0x000001b2601eea00, 0x000001b260308280, 0x000001b260425720, 0x000001b260426650,
0x000001b260427a90, 0x000001b260427fa0, 0x000001b2a65d71b0, 0x000001b260427580
}

Java Threads: ( => current thread )
  0x000001b2418918b0 JavaThread "main" [_thread_blocked, id=13040, stack(0x000000ad50300000,0x000000ad50400000)]
  0x000001b2601a4220 JavaThread "Reference Handler" daemon [_thread_blocked, id=16204, stack(0x000000ad50a00000,0x000000ad50b00000)]
  0x000001b2601a5640 JavaThread "Finalizer" daemon [_thread_blocked, id=2176, stack(0x000000ad50b00000,0x000000ad50c00000)]
  0x000001b2601bdc10 JavaThread "Signal Dispatcher" daemon [_thread_blocked, id=17476, stack(0x000000ad50c00000,0x000000ad50d00000)]
  0x000001b2601be4e0 JavaThread "Attach Listener" daemon [_thread_blocked, id=6104, stack(0x000000ad50d00000,0x000000ad50e00000)]
  0x000001b2601c3560 JavaThread "Service Thread" daemon [_thread_blocked, id=9152, stack(0x000000ad50e00000,0x000000ad50f00000)]
  0x000001b2601cd380 JavaThread "Monitor Deflation Thread" daemon [_thread_blocked, id=14292, stack(0x000000ad50f00000,0x000000ad51000000)]
=>0x000001b2601ee040 JavaThread "C2 CompilerThread0" daemon [_thread_in_native, id=4388, stack(0x000000ad51000000,0x000000ad51100000)]
  0x000001b2601eea00 JavaThread "C1 CompilerThread0" daemon [_thread_in_native, id=1704, stack(0x000000ad51100000,0x000000ad51200000)]
  0x000001b260308280 JavaThread "Sweeper thread" daemon [_thread_blocked, id=13228, stack(0x000000ad51200000,0x000000ad51300000)]
  0x000001b260425720 JavaThread "Notification Thread" daemon [_thread_blocked, id=13412, stack(0x000000ad51300000,0x000000ad51400000)]
  0x000001b260426650 JavaThread "Common-Cleaner" daemon [_thread_blocked, id=5140, stack(0x000000ad51500000,0x000000ad51600000)]
  0x000001b260427a90 JavaThread "Thread-0" [_thread_blocked, id=14804, stack(0x000000ad51700000,0x000000ad51800000)]
  0x000001b260427fa0 JavaThread "restartedMain" [_thread_in_vm, id=2788, stack(0x000000ad51800000,0x000000ad51900000)]
  0x000001b2a65d71b0 JavaThread "C2 CompilerThread1" daemon [_thread_in_native, id=11056, stack(0x000000ad51600000,0x000000ad51700000)]
  0x000001b260427580 JavaThread "Thread-3" [_thread_blocked, id=18240, stack(0x000000ad51e00000,0x000000ad51f00000)]

Other Threads:
  0x000001b26019ef70 VMThread "VM Thread" [stack: 0x000000ad50900000,0x000000ad50a00000] [id=10780]
  0x000001b2603b4690 WatcherThread [stack: 0x000000ad51400000,0x000000ad51500000] [id=17424]
  0x000001b2418ee280 GCTaskThread "GC Thread#0" [stack: 0x000000ad50400000,0x000000ad50500000] [id=6208]
  0x000001b2a62e6860 GCTaskThread "GC Thread#1" [stack: 0x000000ad51900000,0x000000ad51a00000] [id=4264]
  0x000001b2a62e6b20 GCTaskThread "GC Thread#2" [stack: 0x000000ad51a00000,0x000000ad51b00000] [id=4480]
  0x000001b2a63a1610 GCTaskThread "GC Thread#3" [stack: 0x000000ad51b00000,0x000000ad51c00000] [id=16264]
  0x000001b2a63a18d0 GCTaskThread "GC Thread#4" [stack: 0x000000ad51c00000,0x000000ad51d00000] [id=17640]
  0x000001b2a63a1b90 GCTaskThread "GC Thread#5" [stack: 0x000000ad51d00000,0x000000ad51e00000] [id=5940]
  0x000001b2a66335c0 GCTaskThread "GC Thread#6" [stack: 0x000000ad51f00000,0x000000ad52000000] [id=6420]
  0x000001b2a65f3850 GCTaskThread "GC Thread#7" [stack: 0x000000ad52000000,0x000000ad52100000] [id=7496]
  0x000001b2418fec50 ConcurrentGCThread "G1 Main Marker" [stack: 0x000000ad50500000,0x000000ad50600000] [id=17532]
  0x000001b2418ffd00 ConcurrentGCThread "G1 Conc#0" [stack: 0x000000ad50600000,0x000000ad50700000] [id=6028]
  0x000001b26005a580 ConcurrentGCThread "G1 Refine#0" [stack: 0x000000ad50700000,0x000000ad50800000] [id=4776]
  0x000001b26005aeb0 ConcurrentGCThread "G1 Service" [stack: 0x000000ad50800000,0x000000ad50900000] [id=14248]

Threads with active compile tasks:
C2 CompilerThread0     3652 2344       4       java.util.Properties$LineReader::readLine (584 bytes)
C2 CompilerThread1     3652 2353       4       java.util.zip.ZipCoder::hash (36 bytes)

VM state: not at safepoint (normal execution)

VM Mutex/Monitor currently owned by a thread: None

Heap address: 0x0000000082400000, size: 2012 MB, Compressed Oops mode: 32-bit

CDS archive(s) mapped at: [0x000001b261000000-0x000001b261bd0000-0x000001b261bd0000), size 12386304, SharedBaseAddress: 0x000001b261000000, ArchiveRelocationMode: 1.
Compressed class space mapped at: 0x000001b262000000-0x000001b2a2000000, reserved size: 1073741824
Narrow klass base: 0x000001b261000000, Narrow klass shift: 0, Narrow klass range: 0x100000000

GC Precious Log:
 CPUs: 8 total, 8 available
 Memory: 8043M
 Large Page Support: Disabled
 NUMA Support: Disabled
 Compressed Oops: Enabled (32-bit)
 Heap Region Size: 1M
 Heap Min Capacity: 8M
 Heap Initial Capacity: 126M
 Heap Max Capacity: 2012M
 Pre-touch: Disabled
 Parallel Workers: 8
 Concurrent Workers: 2
 Concurrent Refinement Workers: 8
 Periodic GC: Disabled

Heap:
 garbage-first heap   total 129024K, used 35260K [0x0000000082400000, 0x0000000100000000)
  region size 1024K, 29 young (29696K), 3 survivors (3072K)
 Metaspace       used 17860K, committed 18176K, reserved 1114112K
  class space    used 2210K, committed 2368K, reserved 1048576K

Heap Regions: E=young(eden), S=young(survivor), O=old, HS=humongous(starts), HC=humongous(continues), CS=collection set, F=free, OA=open archive, CA=closed archive, TAMS=top-at-mark-start (previous, next)
|   0|0x0000000082400000, 0x0000000082500000, 0x0000000082500000|100%|HS|  |TAMS 0x0000000082400000, 0x0000000082400000| Complete 
|   1|0x0000000082500000, 0x0000000082600000, 0x0000000082600000|100%|HS|  |TAMS 0x0000000082500000, 0x0000000082500000| Complete 
|   2|0x0000000082600000, 0x0000000082700000, 0x0000000082700000|100%| O|  |TAMS 0x0000000082600000, 0x0000000082600000| Untracked 
|   3|0x0000000082700000, 0x0000000082800000, 0x0000000082800000|100%| O|  |TAMS 0x0000000082700000, 0x0000000082700000| Untracked 
|   4|0x0000000082800000, 0x0000000082900000, 0x0000000082900000|100%| O|  |TAMS 0x0000000082800000, 0x0000000082800000| Untracked 
|   5|0x0000000082900000, 0x0000000082a00000, 0x0000000082a00000|100%| O|  |TAMS 0x0000000082900000, 0x0000000082900000| Untracked 
|   6|0x0000000082a00000, 0x0000000082b00000, 0x0000000082b00000|100%| O|  |TAMS 0x0000000082a00000, 0x0000000082a00000| Untracked 
|   7|0x0000000082b00000, 0x0000000082bb3600, 0x0000000082c00000| 70%| O|  |TAMS 0x0000000082b00000, 0x0000000082b00000| Untracked 
|   8|0x0000000082c00000, 0x0000000082c00000, 0x0000000082d00000|  0%| F|  |TAMS 0x0000000082c00000, 0x0000000082c00000| Untracked 
|   9|0x0000000082d00000, 0x0000000082d00000, 0x0000000082e00000|  0%| F|  |TAMS 0x0000000082d00000, 0x0000000082d00000| Untracked 
|  10|0x0000000082e00000, 0x0000000082e00000, 0x0000000082f00000|  0%| F|  |TAMS 0x0000000082e00000, 0x0000000082e00000| Untracked 
|  11|0x0000000082f00000, 0x0000000082f00000, 0x0000000083000000|  0%| F|  |TAMS 0x0000000082f00000, 0x0000000082f00000| Untracked 
|  12|0x0000000083000000, 0x0000000083000000, 0x0000000083100000|  0%| F|  |TAMS 0x0000000083000000, 0x0000000083000000| Untracked 
|  13|0x0000000083100000, 0x0000000083100000, 0x0000000083200000|  0%| F|  |TAMS 0x0000000083100000, 0x0000000083100000| Untracked 
|  14|0x0000000083200000, 0x0000000083200000, 0x0000000083300000|  0%| F|  |TAMS 0x0000000083200000, 0x0000000083200000| Untracked 
|  15|0x0000000083300000, 0x0000000083300000, 0x0000000083400000|  0%| F|  |TAMS 0x0000000083300000, 0x0000000083300000| Untracked 
|  16|0x0000000083400000, 0x0000000083400000, 0x0000000083500000|  0%| F|  |TAMS 0x0000000083400000, 0x0000000083400000| Untracked 
|  17|0x0000000083500000, 0x0000000083500000, 0x0000000083600000|  0%| F|  |TAMS 0x0000000083500000, 0x0000000083500000| Untracked 
|  18|0x0000000083600000, 0x0000000083600000, 0x0000000083700000|  0%| F|  |TAMS 0x0000000083600000, 0x0000000083600000| Untracked 
|  19|0x0000000083700000, 0x0000000083700000, 0x0000000083800000|  0%| F|  |TAMS 0x0000000083700000, 0x0000000083700000| Untracked 
|  20|0x0000000083800000, 0x0000000083800000, 0x0000000083900000|  0%| F|  |TAMS 0x0000000083800000, 0x0000000083800000| Untracked 
|  21|0x0000000083900000, 0x0000000083900000, 0x0000000083a00000|  0%| F|  |TAMS 0x0000000083900000, 0x0000000083900000| Untracked 
|  22|0x0000000083a00000, 0x0000000083a00000, 0x0000000083b00000|  0%| F|  |TAMS 0x0000000083a00000, 0x0000000083a00000| Untracked 
|  23|0x0000000083b00000, 0x0000000083b00000, 0x0000000083c00000|  0%| F|  |TAMS 0x0000000083b00000, 0x0000000083b00000| Untracked 
|  24|0x0000000083c00000, 0x0000000083c00000, 0x0000000083d00000|  0%| F|  |TAMS 0x0000000083c00000, 0x0000000083c00000| Untracked 
|  25|0x0000000083d00000, 0x0000000083d00000, 0x0000000083e00000|  0%| F|  |TAMS 0x0000000083d00000, 0x0000000083d00000| Untracked 
|  26|0x0000000083e00000, 0x0000000083e00000, 0x0000000083f00000|  0%| F|  |TAMS 0x0000000083e00000, 0x0000000083e00000| Untracked 
|  27|0x0000000083f00000, 0x0000000083f00000, 0x0000000084000000|  0%| F|  |TAMS 0x0000000083f00000, 0x0000000083f00000| Untracked 
|  28|0x0000000084000000, 0x0000000084000000, 0x0000000084100000|  0%| F|  |TAMS 0x0000000084000000, 0x0000000084000000| Untracked 
|  29|0x0000000084100000, 0x0000000084100000, 0x0000000084200000|  0%| F|  |TAMS 0x0000000084100000, 0x0000000084100000| Untracked 
|  30|0x0000000084200000, 0x0000000084200000, 0x0000000084300000|  0%| F|  |TAMS 0x0000000084200000, 0x0000000084200000| Untracked 
|  31|0x0000000084300000, 0x0000000084300000, 0x0000000084400000|  0%| F|  |TAMS 0x0000000084300000, 0x0000000084300000| Untracked 
|  32|0x0000000084400000, 0x0000000084400000, 0x0000000084500000|  0%| F|  |TAMS 0x0000000084400000, 0x0000000084400000| Untracked 
|  33|0x0000000084500000, 0x0000000084500000, 0x0000000084600000|  0%| F|  |TAMS 0x0000000084500000, 0x0000000084500000| Untracked 
|  34|0x0000000084600000, 0x0000000084600000, 0x0000000084700000|  0%| F|  |TAMS 0x0000000084600000, 0x0000000084600000| Untracked 
|  35|0x0000000084700000, 0x0000000084700000, 0x0000000084800000|  0%| F|  |TAMS 0x0000000084700000, 0x0000000084700000| Untracked 
|  36|0x0000000084800000, 0x0000000084800000, 0x0000000084900000|  0%| F|  |TAMS 0x0000000084800000, 0x0000000084800000| Untracked 
|  37|0x0000000084900000, 0x0000000084900000, 0x0000000084a00000|  0%| F|  |TAMS 0x0000000084900000, 0x0000000084900000| Untracked 
|  38|0x0000000084a00000, 0x0000000084a00000, 0x0000000084b00000|  0%| F|  |TAMS 0x0000000084a00000, 0x0000000084a00000| Untracked 
|  39|0x0000000084b00000, 0x0000000084b00000, 0x0000000084c00000|  0%| F|  |TAMS 0x0000000084b00000, 0x0000000084b00000| Untracked 
|  40|0x0000000084c00000, 0x0000000084c00000, 0x0000000084d00000|  0%| F|  |TAMS 0x0000000084c00000, 0x0000000084c00000| Untracked 
|  41|0x0000000084d00000, 0x0000000084d00000, 0x0000000084e00000|  0%| F|  |TAMS 0x0000000084d00000, 0x0000000084d00000| Untracked 
|  42|0x0000000084e00000, 0x0000000084e00000, 0x0000000084f00000|  0%| F|  |TAMS 0x0000000084e00000, 0x0000000084e00000| Untracked 
|  43|0x0000000084f00000, 0x0000000084f00000, 0x0000000085000000|  0%| F|  |TAMS 0x0000000084f00000, 0x0000000084f00000| Untracked 
|  44|0x0000000085000000, 0x0000000085000000, 0x0000000085100000|  0%| F|  |TAMS 0x0000000085000000, 0x0000000085000000| Untracked 
|  45|0x0000000085100000, 0x0000000085100000, 0x0000000085200000|  0%| F|  |TAMS 0x0000000085100000, 0x0000000085100000| Untracked 
|  46|0x0000000085200000, 0x0000000085200000, 0x0000000085300000|  0%| F|  |TAMS 0x0000000085200000, 0x0000000085200000| Untracked 
|  47|0x0000000085300000, 0x0000000085300000, 0x0000000085400000|  0%| F|  |TAMS 0x0000000085300000, 0x0000000085300000| Untracked 
|  48|0x0000000085400000, 0x0000000085400000, 0x0000000085500000|  0%| F|  |TAMS 0x0000000085400000, 0x0000000085400000| Untracked 
|  49|0x0000000085500000, 0x0000000085500000, 0x0000000085600000|  0%| F|  |TAMS 0x0000000085500000, 0x0000000085500000| Untracked 
|  50|0x0000000085600000, 0x0000000085600000, 0x0000000085700000|  0%| F|  |TAMS 0x0000000085600000, 0x0000000085600000| Untracked 
|  51|0x0000000085700000, 0x0000000085700000, 0x0000000085800000|  0%| F|  |TAMS 0x0000000085700000, 0x0000000085700000| Untracked 
|  52|0x0000000085800000, 0x0000000085800000, 0x0000000085900000|  0%| F|  |TAMS 0x0000000085800000, 0x0000000085800000| Untracked 
|  53|0x0000000085900000, 0x0000000085900000, 0x0000000085a00000|  0%| F|  |TAMS 0x0000000085900000, 0x0000000085900000| Untracked 
|  54|0x0000000085a00000, 0x0000000085a00000, 0x0000000085b00000|  0%| F|  |TAMS 0x0000000085a00000, 0x0000000085a00000| Untracked 
|  55|0x0000000085b00000, 0x0000000085b00000, 0x0000000085c00000|  0%| F|  |TAMS 0x0000000085b00000, 0x0000000085b00000| Untracked 
|  56|0x0000000085c00000, 0x0000000085c00000, 0x0000000085d00000|  0%| F|  |TAMS 0x0000000085c00000, 0x0000000085c00000| Untracked 
|  57|0x0000000085d00000, 0x0000000085d00000, 0x0000000085e00000|  0%| F|  |TAMS 0x0000000085d00000, 0x0000000085d00000| Untracked 
|  58|0x0000000085e00000, 0x0000000085e00000, 0x0000000085f00000|  0%| F|  |TAMS 0x0000000085e00000, 0x0000000085e00000| Untracked 
|  59|0x0000000085f00000, 0x0000000085f00000, 0x0000000086000000|  0%| F|  |TAMS 0x0000000085f00000, 0x0000000085f00000| Untracked 
|  60|0x0000000086000000, 0x0000000086000000, 0x0000000086100000|  0%| F|  |TAMS 0x0000000086000000, 0x0000000086000000| Untracked 
|  61|0x0000000086100000, 0x0000000086100000, 0x0000000086200000|  0%| F|  |TAMS 0x0000000086100000, 0x0000000086100000| Untracked 
|  62|0x0000000086200000, 0x0000000086200000, 0x0000000086300000|  0%| F|  |TAMS 0x0000000086200000, 0x0000000086200000| Untracked 
|  63|0x0000000086300000, 0x0000000086300000, 0x0000000086400000|  0%| F|  |TAMS 0x0000000086300000, 0x0000000086300000| Untracked 
|  64|0x0000000086400000, 0x0000000086400000, 0x0000000086500000|  0%| F|  |TAMS 0x0000000086400000, 0x0000000086400000| Untracked 
|  65|0x0000000086500000, 0x0000000086500000, 0x0000000086600000|  0%| F|  |TAMS 0x0000000086500000, 0x0000000086500000| Untracked 
|  66|0x0000000086600000, 0x0000000086600000, 0x0000000086700000|  0%| F|  |TAMS 0x0000000086600000, 0x0000000086600000| Untracked 
|  67|0x0000000086700000, 0x0000000086700000, 0x0000000086800000|  0%| F|  |TAMS 0x0000000086700000, 0x0000000086700000| Untracked 
|  68|0x0000000086800000, 0x0000000086800000, 0x0000000086900000|  0%| F|  |TAMS 0x0000000086800000, 0x0000000086800000| Untracked 
|  69|0x0000000086900000, 0x0000000086900000, 0x0000000086a00000|  0%| F|  |TAMS 0x0000000086900000, 0x0000000086900000| Untracked 
|  70|0x0000000086a00000, 0x0000000086a00000, 0x0000000086b00000|  0%| F|  |TAMS 0x0000000086a00000, 0x0000000086a00000| Untracked 
|  71|0x0000000086b00000, 0x0000000086b00000, 0x0000000086c00000|  0%| F|  |TAMS 0x0000000086b00000, 0x0000000086b00000| Untracked 
|  72|0x0000000086c00000, 0x0000000086c00000, 0x0000000086d00000|  0%| F|  |TAMS 0x0000000086c00000, 0x0000000086c00000| Untracked 
|  73|0x0000000086d00000, 0x0000000086d00000, 0x0000000086e00000|  0%| F|  |TAMS 0x0000000086d00000, 0x0000000086d00000| Untracked 
|  74|0x0000000086e00000, 0x0000000086e00000, 0x0000000086f00000|  0%| F|  |TAMS 0x0000000086e00000, 0x0000000086e00000| Untracked 
|  75|0x0000000086f00000, 0x0000000086f00000, 0x0000000087000000|  0%| F|  |TAMS 0x0000000086f00000, 0x0000000086f00000| Untracked 
|  76|0x0000000087000000, 0x0000000087000000, 0x0000000087100000|  0%| F|  |TAMS 0x0000000087000000, 0x0000000087000000| Untracked 
|  77|0x0000000087100000, 0x0000000087100000, 0x0000000087200000|  0%| F|  |TAMS 0x0000000087100000, 0x0000000087100000| Untracked 
|  78|0x0000000087200000, 0x0000000087200000, 0x0000000087300000|  0%| F|  |TAMS 0x0000000087200000, 0x0000000087200000| Untracked 
|  79|0x0000000087300000, 0x0000000087300000, 0x0000000087400000|  0%| F|  |TAMS 0x0000000087300000, 0x0000000087300000| Untracked 
|  80|0x0000000087400000, 0x0000000087400000, 0x0000000087500000|  0%| F|  |TAMS 0x0000000087400000, 0x0000000087400000| Untracked 
|  81|0x0000000087500000, 0x0000000087500000, 0x0000000087600000|  0%| F|  |TAMS 0x0000000087500000, 0x0000000087500000| Untracked 
|  82|0x0000000087600000, 0x0000000087600000, 0x0000000087700000|  0%| F|  |TAMS 0x0000000087600000, 0x0000000087600000| Untracked 
|  83|0x0000000087700000, 0x0000000087700000, 0x0000000087800000|  0%| F|  |TAMS 0x0000000087700000, 0x0000000087700000| Untracked 
|  84|0x0000000087800000, 0x0000000087800000, 0x0000000087900000|  0%| F|  |TAMS 0x0000000087800000, 0x0000000087800000| Untracked 
|  85|0x0000000087900000, 0x0000000087900000, 0x0000000087a00000|  0%| F|  |TAMS 0x0000000087900000, 0x0000000087900000| Untracked 
|  86|0x0000000087a00000, 0x0000000087a00000, 0x0000000087b00000|  0%| F|  |TAMS 0x0000000087a00000, 0x0000000087a00000| Untracked 
|  87|0x0000000087b00000, 0x0000000087b00000, 0x0000000087c00000|  0%| F|  |TAMS 0x0000000087b00000, 0x0000000087b00000| Untracked 
|  88|0x0000000087c00000, 0x0000000087c00000, 0x0000000087d00000|  0%| F|  |TAMS 0x0000000087c00000, 0x0000000087c00000| Untracked 
|  89|0x0000000087d00000, 0x0000000087d00000, 0x0000000087e00000|  0%| F|  |TAMS 0x0000000087d00000, 0x0000000087d00000| Untracked 
|  90|0x0000000087e00000, 0x0000000087e00000, 0x0000000087f00000|  0%| F|  |TAMS 0x0000000087e00000, 0x0000000087e00000| Untracked 
|  91|0x0000000087f00000, 0x0000000087f00000, 0x0000000088000000|  0%| F|  |TAMS 0x0000000087f00000, 0x0000000087f00000| Untracked 
|  92|0x0000000088000000, 0x00000000880bbcc8, 0x0000000088100000| 73%| S|CS|TAMS 0x0000000088000000, 0x0000000088000000| Complete 
|  93|0x0000000088100000, 0x0000000088200000, 0x0000000088200000|100%| S|CS|TAMS 0x0000000088100000, 0x0000000088100000| Complete 
|  94|0x0000000088200000, 0x0000000088300000, 0x0000000088300000|100%| S|CS|TAMS 0x0000000088200000, 0x0000000088200000| Complete 
|  95|0x0000000088300000, 0x0000000088300000, 0x0000000088400000|  0%| F|  |TAMS 0x0000000088300000, 0x0000000088300000| Untracked 
|  96|0x0000000088400000, 0x0000000088400000, 0x0000000088500000|  0%| F|  |TAMS 0x0000000088400000, 0x0000000088400000| Untracked 
|  97|0x0000000088500000, 0x0000000088500000, 0x0000000088600000|  0%| F|  |TAMS 0x0000000088500000, 0x0000000088500000| Untracked 
|  98|0x0000000088600000, 0x0000000088600000, 0x0000000088700000|  0%| F|  |TAMS 0x0000000088600000, 0x0000000088600000| Untracked 
|  99|0x0000000088700000, 0x0000000088700000, 0x0000000088800000|  0%| F|  |TAMS 0x0000000088700000, 0x0000000088700000| Untracked 
| 100|0x0000000088800000, 0x0000000088880800, 0x0000000088900000| 50%| E|  |TAMS 0x0000000088800000, 0x0000000088800000| Complete 
| 101|0x0000000088900000, 0x0000000088a00000, 0x0000000088a00000|100%| E|CS|TAMS 0x0000000088900000, 0x0000000088900000| Complete 
| 102|0x0000000088a00000, 0x0000000088b00000, 0x0000000088b00000|100%| E|CS|TAMS 0x0000000088a00000, 0x0000000088a00000| Complete 
| 103|0x0000000088b00000, 0x0000000088c00000, 0x0000000088c00000|100%| E|CS|TAMS 0x0000000088b00000, 0x0000000088b00000| Complete 
| 104|0x0000000088c00000, 0x0000000088d00000, 0x0000000088d00000|100%| E|CS|TAMS 0x0000000088c00000, 0x0000000088c00000| Complete 
| 105|0x0000000088d00000, 0x0000000088e00000, 0x0000000088e00000|100%| E|CS|TAMS 0x0000000088d00000, 0x0000000088d00000| Complete 
| 106|0x0000000088e00000, 0x0000000088f00000, 0x0000000088f00000|100%| E|CS|TAMS 0x0000000088e00000, 0x0000000088e00000| Complete 
| 107|0x0000000088f00000, 0x0000000089000000, 0x0000000089000000|100%| E|CS|TAMS 0x0000000088f00000, 0x0000000088f00000| Complete 
| 108|0x0000000089000000, 0x0000000089100000, 0x0000000089100000|100%| E|CS|TAMS 0x0000000089000000, 0x0000000089000000| Complete 
| 109|0x0000000089100000, 0x0000000089200000, 0x0000000089200000|100%| E|CS|TAMS 0x0000000089100000, 0x0000000089100000| Complete 
| 110|0x0000000089200000, 0x0000000089300000, 0x0000000089300000|100%| E|CS|TAMS 0x0000000089200000, 0x0000000089200000| Complete 
| 111|0x0000000089300000, 0x0000000089400000, 0x0000000089400000|100%| E|CS|TAMS 0x0000000089300000, 0x0000000089300000| Complete 
| 112|0x0000000089400000, 0x0000000089500000, 0x0000000089500000|100%| E|CS|TAMS 0x0000000089400000, 0x0000000089400000| Complete 
| 113|0x0000000089500000, 0x0000000089600000, 0x0000000089600000|100%| E|CS|TAMS 0x0000000089500000, 0x0000000089500000| Complete 
| 114|0x0000000089600000, 0x0000000089700000, 0x0000000089700000|100%| E|CS|TAMS 0x0000000089600000, 0x0000000089600000| Complete 
| 115|0x0000000089700000, 0x0000000089800000, 0x0000000089800000|100%| E|CS|TAMS 0x0000000089700000, 0x0000000089700000| Complete 
| 116|0x0000000089800000, 0x0000000089900000, 0x0000000089900000|100%| E|CS|TAMS 0x0000000089800000, 0x0000000089800000| Complete 
| 117|0x0000000089900000, 0x0000000089a00000, 0x0000000089a00000|100%| E|CS|TAMS 0x0000000089900000, 0x0000000089900000| Complete 
| 118|0x0000000089a00000, 0x0000000089b00000, 0x0000000089b00000|100%| E|CS|TAMS 0x0000000089a00000, 0x0000000089a00000| Complete 
| 119|0x0000000089b00000, 0x0000000089c00000, 0x0000000089c00000|100%| E|CS|TAMS 0x0000000089b00000, 0x0000000089b00000| Complete 
| 120|0x0000000089c00000, 0x0000000089d00000, 0x0000000089d00000|100%| E|CS|TAMS 0x0000000089c00000, 0x0000000089c00000| Complete 
| 121|0x0000000089d00000, 0x0000000089e00000, 0x0000000089e00000|100%| E|CS|TAMS 0x0000000089d00000, 0x0000000089d00000| Complete 
| 122|0x0000000089e00000, 0x0000000089f00000, 0x0000000089f00000|100%| E|CS|TAMS 0x0000000089e00000, 0x0000000089e00000| Complete 
| 123|0x0000000089f00000, 0x000000008a000000, 0x000000008a000000|100%| E|  |TAMS 0x0000000089f00000, 0x0000000089f00000| Complete 
| 124|0x000000008a000000, 0x000000008a100000, 0x000000008a100000|100%| E|CS|TAMS 0x000000008a000000, 0x000000008a000000| Complete 
| 125|0x000000008a100000, 0x000000008a200000, 0x000000008a200000|100%| E|CS|TAMS 0x000000008a100000, 0x000000008a100000| Complete 

Card table byte_map: [0x000001b259030000,0x000001b259420000] _byte_map_base: 0x000001b258c1e000

Marking Bits (Prev, Next): (CMBitMap*) 0x000001b2418ee7a0, (CMBitMap*) 0x000001b2418ee7e0
 Prev Bits: [0x000001b259810000, 0x000001b25b780000)
 Next Bits: [0x000001b25b780000, 0x000001b25d6f0000)

Polling page: 0x000001b240020000

Metaspace:

Usage:
  Non-class:     15.29 MB used.
      Class:      2.16 MB used.
       Both:     17.45 MB used.

Virtual space:
  Non-class space:       64.00 MB reserved,      15.44 MB ( 24%) committed,  1 nodes.
      Class space:        1.00 GB reserved,       2.31 MB ( <1%) committed,  1 nodes.
             Both:        1.06 GB reserved,      17.75 MB (  2%) committed. 

Chunk freelists:
   Non-Class:  326.00 KB
       Class:  13.73 MB
        Both:  14.05 MB

MaxMetaspaceSize: unlimited
CompressedClassSpaceSize: 1.00 GB
Initial GC threshold: 21.00 MB
Current GC threshold: 21.00 MB
CDS: on
MetaspaceReclaimPolicy: balanced
 - commit_granule_bytes: 65536.
 - commit_granule_words: 8192.
 - virtual_space_node_default_size: 8388608.
 - enlarge_chunks_in_place: 1.
 - new_chunks_are_fully_committed: 0.
 - uncommit_free_chunks: 1.
 - use_allocation_guard: 0.
 - handle_deallocations: 1.


Internal statistics:

num_allocs_failed_limit: 0.
num_arena_births: 256.
num_arena_deaths: 0.
num_vsnodes_births: 2.
num_vsnodes_deaths: 0.
num_space_committed: 284.
num_space_uncommitted: 0.
num_chunks_returned_to_freelist: 0.
num_chunks_taken_from_freelist: 821.
num_chunk_merges: 0.
num_chunk_splits: 568.
num_chunks_enlarged: 444.
num_inconsistent_stats: 0.

CodeHeap 'non-profiled nmethods': size=120000Kb used=1032Kb max_used=1032Kb free=118967Kb
 bounds [0x000001b250ca0000, 0x000001b250f10000, 0x000001b2581d0000]
CodeHeap 'profiled nmethods': size=120000Kb used=4632Kb max_used=4632Kb free=115367Kb
 bounds [0x000001b2491d0000, 0x000001b249660000, 0x000001b250700000]
CodeHeap 'non-nmethods': size=5760Kb used=1201Kb max_used=1240Kb free=4558Kb
 bounds [0x000001b250700000, 0x000001b250970000, 0x000001b250ca0000]
 total_blobs=2879 nmethods=2377 adapters=414
 compilation: enabled
              stopped_count=0, restarted_count=0
 full_count=0

Compilation events (20 events):
Event: 3.543 Thread 0x000001b2601eea00 2339       3       java.util.LinkedHashMap::<init> (10 bytes)
Event: 3.543 Thread 0x000001b2601eea00 nmethod 2339 0x000001b249639890 code [0x000001b249639a40, 0x000001b249639c78]
Event: 3.543 Thread 0x000001b2601eea00 2340       3       java.nio.HeapByteBuffer::get (14 bytes)
Event: 3.544 Thread 0x000001b2601eea00 nmethod 2340 0x000001b249639d90 code [0x000001b249639f60, 0x000001b24963a248]
Event: 3.545 Thread 0x000001b2601eea00 2342       3       java.util.zip.ZipEntry::<init> (84 bytes)
Event: 3.545 Thread 0x000001b2a65d71b0 2343 %     4       java.util.Properties::loadConvert @ 8 (540 bytes)
Event: 3.545 Thread 0x000001b2601eea00 nmethod 2342 0x000001b24963a410 code [0x000001b24963a600, 0x000001b24963ab98]
Event: 3.545 Thread 0x000001b2601ee040 2344       4       java.util.Properties$LineReader::readLine (584 bytes)
Event: 3.552 Thread 0x000001b2601eea00 2345 %     3       java.util.Properties::load0 @ 29 (249 bytes)
Event: 3.553 Thread 0x000001b2601eea00 nmethod 2345% 0x000001b24963ad90 code [0x000001b24963afe0, 0x000001b24963bb48]
Event: 3.553 Thread 0x000001b2601eea00 2346       3       java.util.Properties::load0 (249 bytes)
Event: 3.554 Thread 0x000001b2601eea00 nmethod 2346 0x000001b24963bf10 code [0x000001b24963c140, 0x000001b24963cb88]
Event: 3.555 Thread 0x000001b2601eea00 2347       3       java.util.ArrayDeque::addFirst (51 bytes)
Event: 3.556 Thread 0x000001b2601eea00 nmethod 2347 0x000001b24963ce90 code [0x000001b24963d060, 0x000001b24963d538]
Event: 3.575 Thread 0x000001b2601eea00 2350       3       java.util.ArrayDeque::add (7 bytes)
Event: 3.575 Thread 0x000001b2601eea00 nmethod 2350 0x000001b24963d690 code [0x000001b24963d820, 0x000001b24963d9e8]
Event: 3.587 Thread 0x000001b2601eea00 2351       3       java.lang.invoke.LambdaForm$MH/0x000001b262016400::invoke (27 bytes)
Event: 3.588 Thread 0x000001b2601eea00 nmethod 2351 0x000001b24963da90 code [0x000001b24963dc60, 0x000001b24963e0d8]
Event: 3.589 Thread 0x000001b2601eea00 2352       3       java.lang.NamedPackage::<init> (59 bytes)
Event: 3.590 Thread 0x000001b2601eea00 nmethod 2352 0x000001b24963e210 code [0x000001b24963e4a0, 0x000001b24963ef98]

GC Heap History (4 events):
Event: 1.238 GC heap before
{Heap before GC invocations=0 (full 0):
 garbage-first heap   total 129024K, used 24576K [0x0000000082400000, 0x0000000100000000)
  region size 1024K, 23 young (23552K), 0 survivors (0K)
 Metaspace       used 4766K, committed 4928K, reserved 1114112K
  class space    used 531K, committed 640K, reserved 1048576K
}
Event: 1.245 GC heap after
{Heap after GC invocations=1 (full 0):
 garbage-first heap   total 129024K, used 7872K [0x0000000082400000, 0x0000000100000000)
  region size 1024K, 3 young (3072K), 3 survivors (3072K)
 Metaspace       used 4766K, committed 4928K, reserved 1114112K
  class space    used 531K, committed 640K, reserved 1048576K
}
Event: 2.722 GC heap before
{Heap before GC invocations=1 (full 0):
 garbage-first heap   total 129024K, used 36544K [0x0000000082400000, 0x0000000100000000)
  region size 1024K, 31 young (31744K), 3 survivors (3072K)
 Metaspace       used 11916K, committed 12224K, reserved 1114112K
  class space    used 1425K, committed 1536K, reserved 1048576K
}
Event: 2.730 GC heap after
{Heap after GC invocations=2 (full 0):
 garbage-first heap   total 129024K, used 10684K [0x0000000082400000, 0x0000000100000000)
  region size 1024K, 3 young (3072K), 3 survivors (3072K)
 Metaspace       used 11916K, committed 12224K, reserved 1114112K
  class space    used 1425K, committed 1536K, reserved 1048576K
}

Deoptimization events (20 events):
Event: 3.558 Thread 0x000001b260427fa0 DEOPT PACKING pc=0x000001b2493a9231 sp=0x000000ad518fdcf0
Event: 3.558 Thread 0x000001b260427fa0 DEOPT UNPACKING pc=0x000001b250752b43 sp=0x000000ad518fd1e0 mode 0
Event: 3.558 Thread 0x000001b260427fa0 DEOPT PACKING pc=0x000001b2493a9231 sp=0x000000ad518fdcf0
Event: 3.558 Thread 0x000001b260427fa0 DEOPT UNPACKING pc=0x000001b250752b43 sp=0x000000ad518fd1e0 mode 0
Event: 3.559 Thread 0x000001b260427fa0 DEOPT PACKING pc=0x000001b2493a9231 sp=0x000000ad518fdcf0
Event: 3.559 Thread 0x000001b260427fa0 DEOPT UNPACKING pc=0x000001b250752b43 sp=0x000000ad518fd1e0 mode 0
Event: 3.559 Thread 0x000001b260427fa0 DEOPT PACKING pc=0x000001b2493a9231 sp=0x000000ad518fdcf0
Event: 3.559 Thread 0x000001b260427fa0 DEOPT UNPACKING pc=0x000001b250752b43 sp=0x000000ad518fd1e0 mode 0
Event: 3.560 Thread 0x000001b260427fa0 DEOPT PACKING pc=0x000001b2493a9231 sp=0x000000ad518fdcf0
Event: 3.560 Thread 0x000001b260427fa0 DEOPT UNPACKING pc=0x000001b250752b43 sp=0x000000ad518fd1e0 mode 0
Event: 3.560 Thread 0x000001b260427fa0 DEOPT PACKING pc=0x000001b2493a9231 sp=0x000000ad518fdcf0
Event: 3.560 Thread 0x000001b260427fa0 DEOPT UNPACKING pc=0x000001b250752b43 sp=0x000000ad518fd1e0 mode 0
Event: 3.561 Thread 0x000001b260427fa0 DEOPT PACKING pc=0x000001b2493a9231 sp=0x000000ad518fdcf0
Event: 3.561 Thread 0x000001b260427fa0 DEOPT UNPACKING pc=0x000001b250752b43 sp=0x000000ad518fd1e0 mode 0
Event: 3.561 Thread 0x000001b260427fa0 DEOPT PACKING pc=0x000001b2493a9231 sp=0x000000ad518fdcf0
Event: 3.561 Thread 0x000001b260427fa0 DEOPT UNPACKING pc=0x000001b250752b43 sp=0x000000ad518fd1e0 mode 0
Event: 3.562 Thread 0x000001b260427fa0 DEOPT PACKING pc=0x000001b2493a9231 sp=0x000000ad518fdcf0
Event: 3.562 Thread 0x000001b260427fa0 DEOPT UNPACKING pc=0x000001b250752b43 sp=0x000000ad518fd1e0 mode 0
Event: 3.562 Thread 0x000001b260427fa0 DEOPT PACKING pc=0x000001b2493a9231 sp=0x000000ad518fdcf0
Event: 3.562 Thread 0x000001b260427fa0 DEOPT UNPACKING pc=0x000001b250752b43 sp=0x000000ad518fd1e0 mode 0

Classes unloaded (0 events):
No events

Classes redefined (0 events):
No events

Internal exceptions (20 events):
Event: 1.875 Thread 0x000001b260427fa0 Exception <a 'java/lang/NoSuchMethodError'{0x0000000089625dd8}: 'int java.lang.invoke.DirectMethodHandle$Holder.invokeSpecialIFC(java.lang.Object, java.lang.Object, java.lang.Object, java.lang.Object)'> (0x0000000089625dd8) 
thrown [s\open\src\hotspot\share\interpreter\linkResolver.cpp, line 759]
Event: 1.926 Thread 0x000001b260427fa0 Exception <a 'java/lang/NoSuchMethodError'{0x000000008950a178}: 'void java.lang.invoke.DirectMethodHandle$Holder.invokeInterface(java.lang.Object, java.lang.Object, java.lang.Object)'> (0x000000008950a178) 
thrown [s\open\src\hotspot\share\interpreter\linkResolver.cpp, line 759]
Event: 1.975 Thread 0x000001b260427fa0 Exception <a 'java/lang/NoSuchMethodError'{0x00000000895ba048}: 'void java.lang.invoke.DirectMethodHandle$Holder.invokeStaticInit(java.lang.Object, java.lang.Object, java.lang.Object)'> (0x00000000895ba048) 
thrown [s\open\src\hotspot\share\interpreter\linkResolver.cpp, line 759]
Event: 1.989 Thread 0x000001b260427fa0 Exception <a 'java/lang/NoSuchMethodError'{0x0000000089407160}: 'java.lang.Object java.lang.invoke.DirectMethodHandle$Holder.invokeVirtual(java.lang.Object, java.lang.Object, java.lang.Object)'> (0x0000000089407160) 
thrown [s\open\src\hotspot\share\interpreter\linkResolver.cpp, line 759]
Event: 2.050 Thread 0x000001b260427fa0 Exception <a 'java/lang/NoSuchMethodError'{0x000000008949e810}: 'void java.lang.invoke.DirectMethodHandle$Holder.invokeVirtual(java.lang.Object, java.lang.Object, java.lang.Object, java.lang.Object)'> (0x000000008949e810) 
thrown [s\open\src\hotspot\share\interpreter\linkResolver.cpp, line 759]
Event: 2.106 Thread 0x000001b260427fa0 Exception <a 'java/lang/NoSuchMethodError'{0x0000000089354348}: 'java.lang.Object java.lang.invoke.DirectMethodHandle$Holder.invokeSpecial(java.lang.Object, java.lang.Object, long, java.lang.Object, java.lang.Object, java.lang.Object, java.lang.Object, java.lang.Object, java.lang.Object)'> (0x0000000089354348) 
thrown [s\open\src\hotspot\share\interpreter\linkResolver.cpp, line 759]
Event: 2.106 Thread 0x000001b260427fa0 Exception <a 'java/lang/NoSuchMethodError'{0x0000000089358bc8}: 'java.lang.Object java.lang.invoke.DelegatingMethodHandle$Holder.reinvoke_L(java.lang.Object, long, java.lang.Object, java.lang.Object, java.lang.Object, java.lang.Object, java.lang.Object, java.lang.Object)'> (0x0000000089358bc8) 
thrown [s\open\src\hotspot\share\interpreter\linkResolver.cpp, line 759]
Event: 2.232 Thread 0x000001b260427fa0 Exception <a 'java/lang/NoSuchMethodError'{0x0000000089114fe8}: 'void java.lang.invoke.DirectMethodHandle$Holder.invokeSpecial(java.lang.Object, java.lang.Object, java.lang.Object)'> (0x0000000089114fe8) 
thrown [s\open\src\hotspot\share\interpreter\linkResolver.cpp, line 759]
Event: 2.266 Thread 0x000001b260427fa0 Exception <a 'java/lang/NoSuchMethodError'{0x0000000089191b50}: 'java.lang.Object java.lang.invoke.DirectMethodHandle$Holder.invokeStatic(java.lang.Object, java.lang.Object, int)'> (0x0000000089191b50) 
thrown [s\open\src\hotspot\share\interpreter\linkResolver.cpp, line 759]
Event: 2.278 Thread 0x000001b260427fa0 Exception <a 'java/lang/NoSuchMethodError'{0x000000008919d568}: 'void java.lang.invoke.DelegatingMethodHandle$Holder.delegate(java.lang.Object, java.lang.Object, int, java.lang.Object)'> (0x000000008919d568) 
thrown [s\open\src\hotspot\share\interpreter\linkResolver.cpp, line 759]
Event: 2.333 Thread 0x000001b260427fa0 Exception <a 'java/lang/IncompatibleClassChangeError'{0x0000000088f56a90}: Found class java.lang.Object, but interface was expected> (0x0000000088f56a90) 
thrown [s\open\src\hotspot\share\interpreter\linkResolver.cpp, line 826]
Event: 3.094 Thread 0x000001b260428ed0 Exception <a 'java/lang/NoSuchMethodError'{0x0000000089758148}: 'long java.lang.invoke.DirectMethodHandle$Holder.invokeSpecial(java.lang.Object, java.lang.Object)'> (0x0000000089758148) 
thrown [s\open\src\hotspot\share\interpreter\linkResolver.cpp, line 759]
Event: 3.096 Thread 0x000001b260428ed0 Exception <a 'java/lang/NoSuchMethodError'{0x00000000897630c8}: 'long java.lang.invoke.DirectMethodHandle$Holder.invokeStatic(java.lang.Object, java.lang.Object)'> (0x00000000897630c8) 
thrown [s\open\src\hotspot\share\interpreter\linkResolver.cpp, line 759]
Event: 3.097 Thread 0x000001b260428ed0 Exception <a 'java/lang/NoSuchMethodError'{0x0000000089766420}: 'long java.lang.invoke.DirectMethodHandle$Holder.invokeStaticInit(java.lang.Object, java.lang.Object)'> (0x0000000089766420) 
thrown [s\open\src\hotspot\share\interpreter\linkResolver.cpp, line 759]
Event: 3.099 Thread 0x000001b260428ed0 Exception <a 'java/lang/NoSuchMethodError'{0x0000000089773d20}: 'long java.lang.invoke.DirectMethodHandle$Holder.invokeInterface(java.lang.Object, java.lang.Object)'> (0x0000000089773d20) 
thrown [s\open\src\hotspot\share\interpreter\linkResolver.cpp, line 759]
Event: 3.099 Thread 0x000001b260428ed0 Exception <a 'java/lang/IncompatibleClassChangeError'{0x0000000089777008}: Found class java.lang.Object, but interface was expected> (0x0000000089777008) 
thrown [s\open\src\hotspot\share\interpreter\linkResolver.cpp, line 826]
Event: 3.106 Thread 0x000001b260428ed0 Exception <a 'java/lang/NoSuchMethodError'{0x0000000089691e70}: 'java.lang.Object java.lang.invoke.DirectMethodHandle$Holder.invokeVirtual(java.lang.Object, java.lang.Object, java.lang.Object, java.lang.Object)'> (0x0000000089691e70) 
thrown [s\open\src\hotspot\share\interpreter\linkResolver.cpp, line 759]
Event: 3.477 Thread 0x000001b260427fa0 Exception <a 'sun/nio/fs/WindowsException'{0x0000000088ed5210}> (0x0000000088ed5210) 
thrown [s\open\src\hotspot\share\prims\jni.cpp, line 516]
Event: 3.478 Thread 0x000001b260427fa0 Exception <a 'java/lang/NoSuchMethodError'{0x0000000088ed6a58}: 'int java.lang.invoke.DirectMethodHandle$Holder.invokeSpecial(java.lang.Object, java.lang.Object, java.lang.Object, java.lang.Object, java.lang.Object)'> (0x0000000088ed6a58) 
thrown [s\open\src\hotspot\share\interpreter\linkResolver.cpp, line 759]
Event: 3.481 Thread 0x000001b260427fa0 Exception <a 'java/lang/NoSuchMethodError'{0x0000000088edf7e0}: 'void java.lang.invoke.DirectMethodHandle$Holder.invokeVirtual(java.lang.Object, java.lang.Object)'> (0x0000000088edf7e0) 
thrown [s\open\src\hotspot\share\interpreter\linkResolver.cpp, line 759]

VM Operations (20 events):
Event: 1.821 Executing VM operation: HandshakeAllThreads
Event: 1.821 Executing VM operation: HandshakeAllThreads done
Event: 2.018 Executing VM operation: ICBufferFull
Event: 2.019 Executing VM operation: ICBufferFull done
Event: 2.227 Executing VM operation: HandshakeAllThreads
Event: 2.227 Executing VM operation: HandshakeAllThreads done
Event: 2.228 Executing VM operation: HandshakeAllThreads
Event: 2.228 Executing VM operation: HandshakeAllThreads done
Event: 2.249 Executing VM operation: HandshakeAllThreads
Event: 2.259 Executing VM operation: HandshakeAllThreads done
Event: 2.722 Executing VM operation: G1CollectForAllocation
Event: 2.730 Executing VM operation: G1CollectForAllocation done
Event: 3.258 Executing VM operation: HandshakeAllThreads
Event: 3.273 Executing VM operation: HandshakeAllThreads done
Event: 3.326 Executing VM operation: HandshakeAllThreads
Event: 3.326 Executing VM operation: HandshakeAllThreads done
Event: 3.350 Executing VM operation: HandshakeAllThreads
Event: 3.350 Executing VM operation: HandshakeAllThreads done
Event: 3.436 Executing VM operation: HandshakeAllThreads
Event: 3.436 Executing VM operation: HandshakeAllThreads done

Events (20 events):
Event: 3.479 loading class java/nio/file/Files$AcceptAllFilter done
Event: 3.480 loading class java/nio/file/FileTreeWalker$DirectoryNode
Event: 3.480 loading class java/nio/file/FileTreeWalker$DirectoryNode done
Event: 3.480 loading class sun/nio/fs/WindowsDirectoryStream$WindowsDirectoryIterator
Event: 3.480 loading class sun/nio/fs/WindowsDirectoryStream$WindowsDirectoryIterator done
Event: 3.480 loading class java/nio/file/FileTreeWalker$Event
Event: 3.480 loading class java/nio/file/FileTreeWalker$Event done
Event: 3.480 loading class java/nio/file/FileTreeWalker$EventType
Event: 3.480 loading class java/nio/file/FileTreeWalker$EventType done
Event: 3.493 loading class sun/nio/fs/WindowsPath$WindowsPathWithAttributes
Event: 3.493 loading class sun/nio/fs/BasicFileAttributesHolder
Event: 3.493 loading class sun/nio/fs/BasicFileAttributesHolder done
Event: 3.493 loading class sun/nio/fs/WindowsPath$WindowsPathWithAttributes done
Event: 3.495 loading class java/util/regex/Pattern$LazyLoop
Event: 3.495 loading class java/util/regex/Pattern$Loop
Event: 3.495 loading class java/util/regex/Pattern$Loop done
Event: 3.495 loading class java/util/regex/Pattern$LazyLoop done
Event: 3.495 loading class java/util/regex/Pattern$Prolog
Event: 3.495 loading class java/util/regex/Pattern$Prolog done
Event: 3.573 Thread 0x000001b260427580 Thread added: 0x000001b260427580


Dynamic libraries:
0x00007ff7e2f70000 - 0x00007ff7e2f80000 	C:\Program Files\Java\jdk-17\bin\javaw.exe
0x00007ffdeee50000 - 0x00007ffdef067000 	C:\WINDOWS\SYSTEM32\ntdll.dll
0x00007ffded1b0000 - 0x00007ffded274000 	C:\WINDOWS\System32\KERNEL32.DLL
0x00007ffdec290000 - 0x00007ffdec660000 	C:\WINDOWS\System32\KERNELBASE.dll
0x00007ffdec660000 - 0x00007ffdec771000 	C:\WINDOWS\System32\ucrtbase.dll
0x00007ffdd4240000 - 0x00007ffdd4259000 	C:\Program Files\Java\jdk-17\bin\jli.dll
0x00007ffdd4220000 - 0x00007ffdd423b000 	C:\Program Files\Java\jdk-17\bin\VCRUNTIME140.dll
0x00007ffdecb40000 - 0x00007ffdecbf1000 	C:\WINDOWS\System32\ADVAPI32.dll
0x00007ffdecd20000 - 0x00007ffdecdc7000 	C:\WINDOWS\System32\msvcrt.dll
0x00007ffdedaa0000 - 0x00007ffdedb47000 	C:\WINDOWS\System32\sechost.dll
0x00007ffdec970000 - 0x00007ffdec998000 	C:\WINDOWS\System32\bcrypt.dll
0x00007ffded950000 - 0x00007ffdeda64000 	C:\WINDOWS\System32\RPCRT4.dll
0x00007ffdecdd0000 - 0x00007ffdecf7e000 	C:\WINDOWS\System32\USER32.dll
0x00007ffdec260000 - 0x00007ffdec286000 	C:\WINDOWS\System32\win32u.dll
0x00007ffdd90a0000 - 0x00007ffdd9332000 	C:\WINDOWS\WinSxS\amd64_microsoft.windows.common-controls_6595b64144ccf1df_6.0.22621.4830_none_270fe7d773858e80\COMCTL32.dll
0x00007ffdeda70000 - 0x00007ffdeda99000 	C:\WINDOWS\System32\GDI32.dll
0x00007ffdeca20000 - 0x00007ffdecb3b000 	C:\WINDOWS\System32\gdi32full.dll
0x00007ffdec100000 - 0x00007ffdec19a000 	C:\WINDOWS\System32\msvcp_win.dll
0x00007ffde47f0000 - 0x00007ffde47fa000 	C:\WINDOWS\SYSTEM32\VERSION.dll
0x00007ffdee8d0000 - 0x00007ffdee901000 	C:\WINDOWS\System32\IMM32.DLL
0x00007ffdd3490000 - 0x00007ffdd3542000 	C:\Program Files\McAfee\Endpoint Security\Threat Prevention\Ips\EpMPApi.dll
0x00007ffdec780000 - 0x00007ffdec7f2000 	C:\WINDOWS\System32\WINTRUST.dll
0x00007ffdec800000 - 0x00007ffdec966000 	C:\WINDOWS\System32\CRYPT32.dll
0x00007ffdebda0000 - 0x00007ffdebdb2000 	C:\WINDOWS\SYSTEM32\MSASN1.dll
0x0000000066cc0000 - 0x0000000066ccc000 	C:\Program Files\McAfee\Endpoint Security\Threat Prevention\Ips\EpMPThe.dll
0x00007ffdd4310000 - 0x00007ffdd431c000 	C:\Program Files\Java\jdk-17\bin\vcruntime140_1.dll
0x00007ffdbb110000 - 0x00007ffdbb19e000 	C:\Program Files\Java\jdk-17\bin\msvcp140.dll
0x00007ffd59320000 - 0x00007ffd59f01000 	C:\Program Files\Java\jdk-17\bin\server\jvm.dll
0x00007ffdecd10000 - 0x00007ffdecd18000 	C:\WINDOWS\System32\PSAPI.DLL
0x00007ffdd3380000 - 0x00007ffdd3389000 	C:\WINDOWS\SYSTEM32\WSOCK32.dll
0x00007ffde5930000 - 0x00007ffde5964000 	C:\WINDOWS\SYSTEM32\WINMM.dll
0x00007ffdee910000 - 0x00007ffdee981000 	C:\WINDOWS\System32\WS2_32.dll
0x00007ffdeb230000 - 0x00007ffdeb248000 	C:\WINDOWS\SYSTEM32\kernel.appcore.dll
0x00007ffdd4210000 - 0x00007ffdd421a000 	C:\Program Files\Java\jdk-17\bin\jimage.dll
0x00007ffde9a30000 - 0x00007ffde9c62000 	C:\WINDOWS\SYSTEM32\DBGHELP.DLL
0x00007ffded280000 - 0x00007ffded610000 	C:\WINDOWS\System32\combase.dll
0x00007ffded0c0000 - 0x00007ffded197000 	C:\WINDOWS\System32\OLEAUT32.dll
0x00007ffdd5050000 - 0x00007ffdd5082000 	C:\WINDOWS\SYSTEM32\dbgcore.DLL
0x00007ffdec9a0000 - 0x00007ffdeca1b000 	C:\WINDOWS\System32\bcryptPrimitives.dll
0x00007ffdd41e0000 - 0x00007ffdd4205000 	C:\Program Files\Java\jdk-17\bin\java.dll
0x00007ffda46a0000 - 0x00007ffda4777000 	C:\Program Files\Java\jdk-17\bin\jsvml.dll
0x00007ffdee050000 - 0x00007ffdee8c8000 	C:\WINDOWS\System32\SHELL32.dll
0x00007ffdea060000 - 0x00007ffdea970000 	C:\WINDOWS\SYSTEM32\windows.storage.dll
0x00007ffde9f20000 - 0x00007ffdea05f000 	C:\WINDOWS\SYSTEM32\wintypes.dll
0x00007ffdecc00000 - 0x00007ffdecd0a000 	C:\WINDOWS\System32\SHCORE.dll
0x00007ffdedd00000 - 0x00007ffdedd5e000 	C:\WINDOWS\System32\shlwapi.dll
0x00007ffdec030000 - 0x00007ffdec05b000 	C:\WINDOWS\SYSTEM32\profapi.dll
0x00007ffdd41c0000 - 0x00007ffdd41d9000 	C:\Program Files\Java\jdk-17\bin\net.dll
0x00007ffde5800000 - 0x00007ffde592c000 	C:\WINDOWS\SYSTEM32\WINHTTP.dll
0x00007ffdeb6b0000 - 0x00007ffdeb71a000 	C:\WINDOWS\system32\mswsock.dll
0x00007ffdd4100000 - 0x00007ffdd4116000 	C:\Program Files\Java\jdk-17\bin\nio.dll
0x00007ffdd40e0000 - 0x00007ffdd40f8000 	C:\Program Files\Java\jdk-17\bin\zip.dll
0x00007ffdd3f40000 - 0x00007ffdd3f4a000 	C:\Program Files\Java\jdk-17\bin\management.dll
0x00007ffdd33a0000 - 0x00007ffdd33ab000 	C:\Program Files\Java\jdk-17\bin\management_ext.dll
0x00007ffdd3390000 - 0x00007ffdd339e000 	C:\Program Files\Java\jdk-17\bin\sunmscapi.dll
0x00007ffdebaa0000 - 0x00007ffdebacd000 	C:\WINDOWS\SYSTEM32\ncrypt.dll
0x00007ffdeba60000 - 0x00007ffdeba97000 	C:\WINDOWS\SYSTEM32\NTASN1.dll

dbghelp: loaded successfully - version: 4.0.5 - missing functions: none
symbol engine: initialized successfully - sym options: 0x614 - pdb path: .;C:\Program Files\Java\jdk-17\bin;C:\WINDOWS\SYSTEM32;C:\WINDOWS\WinSxS\amd64_microsoft.windows.common-controls_6595b64144ccf1df_6.0.22621.4830_none_270fe7d773858e80;C:\Program Files\McAfee\Endpoint Security\Threat Prevention\Ips;C:\Program Files\Java\jdk-17\bin\server

VM Arguments:
jvm_args: -Dfile.encoding=UTF-8 -Dstdout.encoding=UTF-8 -Dstderr.encoding=UTF-8 -XX:+ShowCodeDetailsInExceptionMessages 
java_command: com.example.demo.BankAccountManagementApplication
java_class_path (initial): C:\ornek\bank-account-management\target\classes;C:\Users\FÝLÝZC\.m2\repository\org\springframework\boot\spring-boot-starter-actuator\3.4.2\spring-boot-starter-actuator-3.4.2.jar;C:\Users\FÝLÝZC\.m2\repository\org\springframework\boot\spring-boot-starter\3.4.2\spring-boot-starter-3.4.2.jar;C:\Users\FÝLÝZC\.m2\repository\org\springframework\boot\spring-boot-starter-logging\3.4.2\spring-boot-starter-logging-3.4.2.jar;C:\Users\FÝLÝZC\.m2\repository\ch\qos\logback\logback-classic\1.5.16\logback-classic-1.5.16.jar;C:\Users\FÝLÝZC\.m2\repository\ch\qos\logback\logback-core\1.5.16\logback-core-1.5.16.jar;C:\Users\FÝLÝZC\.m2\repository\org\apache\logging\log4j\log4j-to-slf4j\2.24.3\log4j-to-slf4j-2.24.3.jar;C:\Users\FÝLÝZC\.m2\repository\org\apache\logging\log4j\log4j-api\2.24.3\log4j-api-2.24.3.jar;C:\Users\FÝLÝZC\.m2\repository\org\slf4j\jul-to-slf4j\2.0.16\jul-to-slf4j-2.0.16.jar;C:\Users\FÝLÝZC\.m2\repository\jakarta\annotation\jakarta.annotation-api\2.1.1\jakarta.annotation-api-2.1.1.jar;C:\Users\FÝLÝZC\.m2\repository\org\springframework\boot\spring-boot-actuator-autoconfigure\3.4.2\spring-boot-actuator-autoconfigure-3.4.2.jar;C:\Users\FÝLÝZC\.m2\repository\org\springframework\boot\spring-boot-actuator\3.4.2\spring-boot-actuator-3.4.2.jar;C:\Users\FÝLÝZC\.m2\repository\com\fasterxml\jackson\core\jackson-databind\2.18.2\jackson-databind-2.18.2.jar;C:\Users\FÝLÝZC\.m2\repository\com\fasterxml\jackson\core\jackson-annotations\2.18.2\jackson-annotations-2.18.2.jar;C:\Users\FÝLÝZC\.m2\repository\com\fasterxml\jackson\datatype\jackson-datatype-jsr310\2.18.2\jackson-datatype-jsr310-2.18.2.jar;C:\Users\FÝLÝZC\.m2\repository\io\micrometer\micrometer-observation\1.14.3\micrometer-observation-1.14.3.jar;C:\Users\FÝLÝZC\.m2\repository\io\micrometer\micrometer-commons\1.14.3\micrometer-commons-1.14.3.jar;C:\Users\FÝLÝZC\.m2\repository\io\micrometer\micrometer-jakarta9\1.14.3\micrometer-jakarta9-1.14.3.jar;C:\Users\FÝLÝZC\.m2\repository\io\micrometer\micr
Launcher Type: SUN_STANDARD

[Global flags]
     intx CICompilerCount                          = 4                                         {product} {ergonomic}
     uint ConcGCThreads                            = 2                                         {product} {ergonomic}
     uint G1ConcRefinementThreads                  = 8                                         {product} {ergonomic}
   size_t G1HeapRegionSize                         = 1048576                                   {product} {ergonomic}
    uintx GCDrainStackTargetSize                   = 64                                        {product} {ergonomic}
   size_t InitialHeapSize                          = 132120576                                 {product} {ergonomic}
   size_t MarkStackSize                            = 4194304                                   {product} {ergonomic}
   size_t MaxHeapSize                              = 2109734912                                {product} {ergonomic}
   size_t MaxNewSize                               = 1265631232                                {product} {ergonomic}
   size_t MinHeapDeltaBytes                        = 1048576                                   {product} {ergonomic}
   size_t MinHeapSize                              = 8388608                                   {product} {ergonomic}
    uintx NonNMethodCodeHeapSize                   = 5839372                                {pd product} {ergonomic}
    uintx NonProfiledCodeHeapSize                  = 122909434                              {pd product} {ergonomic}
    uintx ProfiledCodeHeapSize                     = 122909434                              {pd product} {ergonomic}
    uintx ReservedCodeCacheSize                    = 251658240                              {pd product} {ergonomic}
     bool SegmentedCodeCache                       = true                                      {product} {ergonomic}
     bool ShowCodeDetailsInExceptionMessages       = true                                   {manageable} {command line}
   size_t SoftMaxHeapSize                          = 2109734912                             {manageable} {ergonomic}
     bool UseCompressedClassPointers               = true                           {product lp64_product} {ergonomic}
     bool UseCompressedOops                        = true                           {product lp64_product} {ergonomic}
     bool UseG1GC                                  = true                                      {product} {ergonomic}
     bool UseLargePagesIndividualAllocation        = false                                  {pd product} {ergonomic}

Logging:
Log output configuration:
 #0: stdout all=warning uptime,level,tags
 #1: stderr all=off uptime,level,tags

Environment Variables:
JAVA_HOME=C:\Program Files\Java\jdk-17
PATH=C:/Users/FÝLÝZC/.p2/pool/plugins/org.eclipse.justj.openjdk.hotspot.jre.full.win32.x86_64_23.0.2.v20250131-0604/jre/bin/server;C:/Users/FÝLÝZC/.p2/pool/plugins/org.eclipse.justj.openjdk.hotspot.jre.full.win32.x86_64_23.0.2.v20250131-0604/jre/bin;C:\Program Files\Common Files\Oracle\Java\javapath;C:\Program Files (x86)\Common Files\Oracle\Java\javapath;C:\Program Files (x86)\Common Files\Intel\Shared Libraries\redist\intel64\compiler;C:\Program Files\Microsoft MPI\Bin\;C:\Windows\system32;C:\Windows;C:\Windows\System32\Wbem;C:\Windows\System32\WindowsPowerShell\v1.0\;C:\Windows\System32\OpenSSH\;C:\Program Files (x86)\NVIDIA Corporation\PhysX\Common;C:\Program Files\Microsoft SQL Server\110\Tools\Binn\;C:\Program Files\Microsoft\Web Platform Installer\;C:\Program Files (x86)\Microsoft ASP.NET\ASP.NET Web Pages\v1.0\;C:\WINDOWS\system32;C:\WINDOWS;C:\WINDOWS\System32\Wbem;C:\WINDOWS\System32\WindowsPowerShell\v1.0\;C:\WINDOWS\System32\OpenSSH\;C:\Program Files\Microsoft SQL Server\130\Tools\Binn\;C:\Program Files\Microsoft SQL Server\Client SDK\ODBC\170\Tools\Binn\;C:\Program Files (x86)\Microsoft SQL Server\150\Tools\Binn\;C:\Program Files\Microsoft SQL Server\150\Tools\Binn\;C:\Program Files\Microsoft SQL Server\150\DTS\Binn\;C:\Program Files (x86)\Microsoft SQL Server\150\DTS\Binn\;C:\Program Files\Azure Data Studio\bin;C:\Program Files\dotnet\;C:\WINDOWS\system32;C:\WINDOWS;C:\WINDOWS\System32\Wbem;C:\WINDOWS\System32\WindowsPowerShell\v1.0\;C:\WINDOWS\System32\OpenSSH\;C:\ProgramData\chocolatey\bin;C:\Program Files\Git\cmd;C:\Program Files (x86)\Microsoft SQL Server\160\DTS\Binn\;C:\Program Files\nodejs\;C:\Users\FÝLÝZC\AppData\Local\Microsoft\WindowsApps;C:\Users\FÝLÝZC\.dotnet\tools;C:\Program Files\Azure Data Studio\bin;C:\Users\FÝLÝZC\AppData\Local\Programs\Microsoft VS Code\bin;C:\Users\FÝLÝZC\AppData\Local\GitHubDesktop\bin;C:\Users\FÝLÝZC\AppData\Roaming\npm;C:\Program Files\apache-maven-3.9.9\bin;C:\Program Files\PostgreSQL\17\bin;C:\Program Files\Java\j
USERNAME=FILIZC
OS=Windows_NT
PROCESSOR_IDENTIFIER=Intel64 Family 6 Model 142 Stepping 11, GenuineIntel



---------------  S Y S T E M  ---------------

OS:
 Windows 11 , 64 bit Build 22621 (10.0.22621.4830)
OS uptime: 0 days 1:39 hours

CPU: total 8 (initial active 8) (4 cores per cpu, 2 threads per core) family 6 model 142 stepping 11 microcode 0xde, cx8, cmov, fxsr, ht, mmx, 3dnowpref, sse, sse2, sse3, ssse3, sse4.1, sse4.2, popcnt, lzcnt, tsc, tscinvbit, avx, avx2, aes, erms, clmul, bmi1, bmi2, adx, fma, vzeroupper, clflush, clflushopt

Memory: 4k page, system-wide physical 8043M (1334M free)
TotalPageFile size 9486M (AvailPageFile size 228M)
current process WorkingSet (physical memory assigned to process): 131M, peak: 131M
current process commit charge ("private bytes"): 260M, peak: 260M

vm_info: Java HotSpot(TM) 64-Bit Server VM (17.0.14+8-LTS-191) for windows-amd64 JRE (17.0.14+8-LTS-191), built on Dec  3 2024 11:07:59 by "mach5one" with MS VC++ 17.6 (VS2022)

END.
