#
# There is insufficient memory for the Java Runtime Environment to continue.
# Native memory allocation (malloc) failed to allocate 2082624 bytes for Chunk::new
# Possible reasons:
#   The system is out of physical RAM or swap space
#   The process is running with CompressedOops enabled, and the Java Heap may be blocking the growth of the native heap
# Possible solutions:
#   Reduce memory load on the system
#   Increase physical memory or swap space
#   Check if swap backing store is full
#   Decrease Java heap size (-Xmx/-Xms)
#   Decrease number of Java threads
#   Decrease Java thread stack sizes (-Xss)
#   Set larger code cache with -XX:ReservedCodeCacheSize=
#   JVM is running with Unscaled Compressed Oops mode in which the Java heap is
#     placed in the first 4GB address space. The Java Heap base address is the
#     maximum limit for the native heap growth. Please use -XX:HeapBaseMinAddress
#     to set the Java Heap base and to place the Java Heap above 4GB virtual address.
# This output file may be truncated or incomplete.
#
#  Out of Memory Error (arena.cpp:189), pid=9616, tid=12576
#
# JRE version: Java(TM) SE Runtime Environment (17.0.14+8) (build 17.0.14+8-LTS-191)
# Java VM: Java HotSpot(TM) 64-Bit Server VM (17.0.14+8-LTS-191, mixed mode, sharing, tiered, compressed oops, compressed class ptrs, g1 gc, windows-amd64)
# No core dump will be written. Minidumps are not enabled by default on client versions of Windows
#

---------------  S U M M A R Y ------------

Command Line: -Dclassworlds.conf=C:/Program Files/apache-maven-3.9.9/bin/m2.conf -Dmaven.home=C:/Program Files/apache-maven-3.9.9 -Dlibrary.jansi.path=C:/Program Files/apache-maven-3.9.9/lib/jansi-native -Dmaven.multiModuleProjectDirectory=C:/ornek/bank-account-management org.codehaus.plexus.classworlds.launcher.Launcher clean install -DskipTests

Host: Intel(R) Core(TM) i5-8265U CPU @ 1.60GHz, 8 cores, 7G,  Windows 11 , 64 bit Build 22621 (10.0.22621.4830)
Time: Wed Feb 19 16:35:48 2025 Türkiye Standart Saati elapsed time: 9.923909 seconds (0d 0h 0m 9s)

---------------  T H R E A D  ---------------

Current thread (0x000002256c250320):  JavaThread "C2 CompilerThread0" daemon [_thread_in_native, id=12576, stack(0x000000ecbf600000,0x000000ecbf700000)]


Current CompileTask:
C2:   9924 6473       4       org.apache.maven.model.inheritance.DefaultInheritanceAssembler$InheritanceModelMerger::mergePluginContainer_Plugins (433 bytes)

Stack: [0x000000ecbf600000,0x000000ecbf700000]
Native frames: (J=compiled Java code, j=interpreted, Vv=VM code, C=native code)
V  [jvm.dll+0x67a38a]
V  [jvm.dll+0x7da7ed]
V  [jvm.dll+0x7dc133]
V  [jvm.dll+0x7dc7a3]
V  [jvm.dll+0x24517f]
V  [jvm.dll+0xab773]
V  [jvm.dll+0xabd3c]
V  [jvm.dll+0x361e4e]
V  [jvm.dll+0x32c521]
V  [jvm.dll+0x32b9ba]
V  [jvm.dll+0x21693f]
V  [jvm.dll+0x215d6f]
V  [jvm.dll+0x1a2950]
V  [jvm.dll+0x22620b]
V  [jvm.dll+0x2243ab]
V  [jvm.dll+0x790bbc]
V  [jvm.dll+0x78b04a]
V  [jvm.dll+0x679275]
C  [ucrtbase.dll+0x29333]
C  [KERNEL32.DLL+0x1259d]
C  [ntdll.dll+0x5af38]


---------------  P R O C E S S  ---------------

Threads class SMR info:
_java_thread_list=0x0000022572b78df0, length=15, elements={
0x000002254d60fd00, 0x000002256c235850, 0x000002256c2365e0, 0x000002256c24baf0,
0x000002256c24e4d0, 0x000002256c24eda0, 0x000002256c24f670, 0x000002256c250320,
0x000002256c25b4c0, 0x000002256c25dde0, 0x000002256c391360, 0x000002256c395860,
0x0000022571877880, 0x000002257190d3a0, 0x000002256cbdb0a0
}

Java Threads: ( => current thread )
  0x000002254d60fd00 JavaThread "main" [_thread_in_Java, id=1856, stack(0x000000ecbe900000,0x000000ecbea00000)]
  0x000002256c235850 JavaThread "Reference Handler" daemon [_thread_blocked, id=17960, stack(0x000000ecbf000000,0x000000ecbf100000)]
  0x000002256c2365e0 JavaThread "Finalizer" daemon [_thread_blocked, id=11484, stack(0x000000ecbf100000,0x000000ecbf200000)]
  0x000002256c24baf0 JavaThread "Signal Dispatcher" daemon [_thread_blocked, id=6104, stack(0x000000ecbf200000,0x000000ecbf300000)]
  0x000002256c24e4d0 JavaThread "Attach Listener" daemon [_thread_blocked, id=18040, stack(0x000000ecbf300000,0x000000ecbf400000)]
  0x000002256c24eda0 JavaThread "Service Thread" daemon [_thread_blocked, id=10656, stack(0x000000ecbf400000,0x000000ecbf500000)]
  0x000002256c24f670 JavaThread "Monitor Deflation Thread" daemon [_thread_blocked, id=12516, stack(0x000000ecbf500000,0x000000ecbf600000)]
=>0x000002256c250320 JavaThread "C2 CompilerThread0" daemon [_thread_in_native, id=12576, stack(0x000000ecbf600000,0x000000ecbf700000)]
  0x000002256c25b4c0 JavaThread "C1 CompilerThread0" daemon [_thread_in_native, id=8648, stack(0x000000ecbf700000,0x000000ecbf800000)]
  0x000002256c25dde0 JavaThread "Sweeper thread" daemon [_thread_blocked, id=14988, stack(0x000000ecbf800000,0x000000ecbf900000)]
  0x000002256c391360 JavaThread "Notification Thread" daemon [_thread_blocked, id=3232, stack(0x000000ecbf900000,0x000000ecbfa00000)]
  0x000002256c395860 JavaThread "Common-Cleaner" daemon [_thread_blocked, id=11628, stack(0x000000ecbfb00000,0x000000ecbfc00000)]
  0x0000022571877880 JavaThread "Thread-1" daemon [_thread_blocked, id=5268, stack(0x000000ecc0400000,0x000000ecc0500000)]
  0x000002257190d3a0 JavaThread "C2 CompilerThread1" daemon [_thread_in_native, id=3724, stack(0x000000ecbfc00000,0x000000ecbfd00000)]
  0x000002256cbdb0a0 JavaThread "C2 CompilerThread2" daemon [_thread_in_native, id=15532, stack(0x000000ecc0800000,0x000000ecc0900000)]

Other Threads:
  0x000002256befe4e0 VMThread "VM Thread" [stack: 0x000000ecbef00000,0x000000ecbf000000] [id=18232]
  0x000002254d685710 WatcherThread [stack: 0x000000ecbfa00000,0x000000ecbfb00000] [id=15288]
  0x000002254d668580 GCTaskThread "GC Thread#0" [stack: 0x000000ecbea00000,0x000000ecbeb00000] [id=13704]
  0x000002256cc59cb0 GCTaskThread "GC Thread#1" [stack: 0x000000ecbfe00000,0x000000ecbff00000] [id=7324]
  0x000002256ccc5d90 GCTaskThread "GC Thread#2" [stack: 0x000000ecbff00000,0x000000ecc0000000] [id=3228]
  0x000002256cd157c0 GCTaskThread "GC Thread#3" [stack: 0x000000ecc0000000,0x000000ecc0100000] [id=13128]
  0x000002256cd15a80 GCTaskThread "GC Thread#4" [stack: 0x000000ecc0100000,0x000000ecc0200000] [id=4424]
  0x000002256cc5e120 GCTaskThread "GC Thread#5" [stack: 0x000000ecc0200000,0x000000ecc0300000] [id=4896]
  0x000002256cc775b0 GCTaskThread "GC Thread#6" [stack: 0x000000ecc0300000,0x000000ecc0400000] [id=9356]
  0x000002256cd11240 GCTaskThread "GC Thread#7" [stack: 0x000000ecbfd00000,0x000000ecbfe00000] [id=16892]
  0x000002254d678f60 ConcurrentGCThread "G1 Main Marker" [stack: 0x000000ecbeb00000,0x000000ecbec00000] [id=284]
  0x000002254d679880 ConcurrentGCThread "G1 Conc#0" [stack: 0x000000ecbec00000,0x000000ecbed00000] [id=8316]
  0x0000022571dc7030 ConcurrentGCThread "G1 Conc#1" [stack: 0x000000ecc0600000,0x000000ecc0700000] [id=8948]
  0x000002256bdb7130 ConcurrentGCThread "G1 Refine#0" [stack: 0x000000ecbed00000,0x000000ecbee00000] [id=5228]
  0x000002256c3b7310 ConcurrentGCThread "G1 Refine#1" [stack: 0x000000ecc0500000,0x000000ecc0600000] [id=10736]
  0x000002256c4b9780 ConcurrentGCThread "G1 Refine#2" [stack: 0x000000ecc0700000,0x000000ecc0800000] [id=1704]
  0x000002256bdb7a70 ConcurrentGCThread "G1 Service" [stack: 0x000000ecbee00000,0x000000ecbef00000] [id=15892]

Threads with active compile tasks:
C2 CompilerThread0    10023 6473       4       org.apache.maven.model.inheritance.DefaultInheritanceAssembler$InheritanceModelMerger::mergePluginContainer_Plugins (433 bytes)
C1 CompilerThread0    10024 6592       3       org.apache.maven.model.inheritance.DefaultInheritanceAssembler$InheritanceModelMerger::appendPath (63 bytes)
C2 CompilerThread1    10024 6522       4       org.codehaus.plexus.util.InterpolationFilterReader::read (477 bytes)
C2 CompilerThread2    10024 6521   !   4       sun.nio.cs.StreamDecoder::read (196 bytes)

VM state: not at safepoint (normal execution)

VM Mutex/Monitor currently owned by a thread: None

Heap address: 0x0000000082400000, size: 2012 MB, Compressed Oops mode: 32-bit

CDS archive(s) mapped at: [0x0000022500000000-0x0000022500bd0000-0x0000022500bd0000), size 12386304, SharedBaseAddress: 0x0000022500000000, ArchiveRelocationMode: 1.
Compressed class space mapped at: 0x0000022501000000-0x0000022541000000, reserved size: 1073741824
Narrow klass base: 0x0000022500000000, Narrow klass shift: 0, Narrow klass range: 0x100000000

GC Precious Log:
 CPUs: 8 total, 8 available
 Memory: 8043M
 Large Page Support: Disabled
 NUMA Support: Disabled
 Compressed Oops: Enabled (32-bit)
 Heap Region Size: 1M
 Heap Min Capacity: 8M
 Heap Initial Capacity: 126M
 Heap Max Capacity: 2012M
 Pre-touch: Disabled
 Parallel Workers: 8
 Concurrent Workers: 2
 Concurrent Refinement Workers: 8
 Periodic GC: Disabled

Heap:
 garbage-first heap   total 107520K, used 54305K [0x0000000082400000, 0x0000000100000000)
  region size 1024K, 9 young (9216K), 2 survivors (2048K)
 Metaspace       used 29680K, committed 30080K, reserved 1114112K
  class space    used 3436K, committed 3648K, reserved 1048576K

Heap Regions: E=young(eden), S=young(survivor), O=old, HS=humongous(starts), HC=humongous(continues), CS=collection set, F=free, OA=open archive, CA=closed archive, TAMS=top-at-mark-start (previous, next)
|   0|0x0000000082400000, 0x0000000082500000, 0x0000000082500000|100%| O|  |TAMS 0x0000000082500000, 0x0000000082400000| Untracked 
|   1|0x0000000082500000, 0x0000000082600000, 0x0000000082600000|100%| O|  |TAMS 0x0000000082600000, 0x0000000082500000| Untracked 
|   2|0x0000000082600000, 0x0000000082700000, 0x0000000082700000|100%| O|  |TAMS 0x0000000082700000, 0x0000000082600000| Untracked 
|   3|0x0000000082700000, 0x0000000082800000, 0x0000000082800000|100%| O|  |TAMS 0x0000000082800000, 0x0000000082700000| Untracked 
|   4|0x0000000082800000, 0x0000000082900000, 0x0000000082900000|100%| O|  |TAMS 0x0000000082900000, 0x0000000082800000| Untracked 
|   5|0x0000000082900000, 0x0000000082a00000, 0x0000000082a00000|100%| O|  |TAMS 0x0000000082a00000, 0x0000000082900000| Untracked 
|   6|0x0000000082a00000, 0x0000000082b00000, 0x0000000082b00000|100%| O|  |TAMS 0x0000000082b00000, 0x0000000082a00000| Untracked 
|   7|0x0000000082b00000, 0x0000000082c00000, 0x0000000082c00000|100%| O|  |TAMS 0x0000000082c00000, 0x0000000082b00000| Untracked 
|   8|0x0000000082c00000, 0x0000000082d00000, 0x0000000082d00000|100%| O|  |TAMS 0x0000000082d00000, 0x0000000082c00000| Untracked 
|   9|0x0000000082d00000, 0x0000000082e00000, 0x0000000082e00000|100%| O|  |TAMS 0x0000000082e00000, 0x0000000082d00000| Untracked 
|  10|0x0000000082e00000, 0x0000000082f00000, 0x0000000082f00000|100%| O|  |TAMS 0x0000000082f00000, 0x0000000082e00000| Untracked 
|  11|0x0000000082f00000, 0x0000000082fe8000, 0x0000000083000000| 90%| O|  |TAMS 0x0000000082fe8000, 0x0000000082f00000| Untracked 
|  12|0x0000000083000000, 0x0000000083100000, 0x0000000083100000|100%| O|  |TAMS 0x0000000083100000, 0x0000000083000000| Untracked 
|  13|0x0000000083100000, 0x0000000083200000, 0x0000000083200000|100%| O|  |TAMS 0x0000000083200000, 0x0000000083100000| Untracked 
|  14|0x0000000083200000, 0x0000000083200000, 0x0000000083300000|  0%| F|  |TAMS 0x0000000083200000, 0x0000000083200000| Untracked 
|  15|0x0000000083300000, 0x0000000083300000, 0x0000000083400000|  0%| F|  |TAMS 0x0000000083300000, 0x0000000083300000| Untracked 
|  16|0x0000000083400000, 0x0000000083400000, 0x0000000083500000|  0%| F|  |TAMS 0x0000000083400000, 0x0000000083400000| Untracked 
|  17|0x0000000083500000, 0x0000000083600000, 0x0000000083600000|100%| O|  |TAMS 0x0000000083600000, 0x0000000083500000| Untracked 
|  18|0x0000000083600000, 0x0000000083700000, 0x0000000083700000|100%| O|  |TAMS 0x0000000083700000, 0x0000000083600000| Untracked 
|  19|0x0000000083700000, 0x0000000083800000, 0x0000000083800000|100%| O|  |TAMS 0x0000000083800000, 0x0000000083700000| Untracked 
|  20|0x0000000083800000, 0x0000000083900000, 0x0000000083900000|100%| O|  |TAMS 0x0000000083900000, 0x0000000083800000| Untracked 
|  21|0x0000000083900000, 0x0000000083a00000, 0x0000000083a00000|100%| O|  |TAMS 0x0000000083a00000, 0x0000000083900000| Complete 
|  22|0x0000000083a00000, 0x0000000083b00000, 0x0000000083b00000|100%| O|  |TAMS 0x0000000083b00000, 0x0000000083a00000| Complete 
|  23|0x0000000083b00000, 0x0000000083c00000, 0x0000000083c00000|100%| O|  |TAMS 0x0000000083c00000, 0x0000000083b00000| Complete 
|  24|0x0000000083c00000, 0x0000000083d00000, 0x0000000083d00000|100%|HS|  |TAMS 0x0000000083d00000, 0x0000000083c00000| Complete 
|  25|0x0000000083d00000, 0x0000000083e00000, 0x0000000083e00000|100%|HC|  |TAMS 0x0000000083e00000, 0x0000000083d00000| Complete 
|  26|0x0000000083e00000, 0x0000000083f00000, 0x0000000083f00000|100%|HS|  |TAMS 0x0000000083f00000, 0x0000000083e00000| Complete 
|  27|0x0000000083f00000, 0x0000000084000000, 0x0000000084000000|100%|HS|  |TAMS 0x0000000084000000, 0x0000000083f00000| Complete 
|  28|0x0000000084000000, 0x0000000084100000, 0x0000000084100000|100%| O|  |TAMS 0x0000000084100000, 0x0000000084000000| Untracked 
|  29|0x0000000084100000, 0x0000000084200000, 0x0000000084200000|100%| O|  |TAMS 0x0000000084200000, 0x0000000084100000| Complete 
|  30|0x0000000084200000, 0x0000000084300000, 0x0000000084300000|100%| O|  |TAMS 0x0000000084300000, 0x0000000084200000| Complete 
|  31|0x0000000084300000, 0x0000000084400000, 0x0000000084400000|100%| O|  |TAMS 0x0000000084400000, 0x0000000084300000| Untracked 
|  32|0x0000000084400000, 0x0000000084500000, 0x0000000084500000|100%| O|  |TAMS 0x0000000084500000, 0x0000000084400000| Untracked 
|  33|0x0000000084500000, 0x0000000084600000, 0x0000000084600000|100%| O|  |TAMS 0x0000000084600000, 0x0000000084500000| Complete 
|  34|0x0000000084600000, 0x0000000084700000, 0x0000000084700000|100%| O|  |TAMS 0x0000000084700000, 0x0000000084600000| Complete 
|  35|0x0000000084700000, 0x0000000084800000, 0x0000000084800000|100%| O|  |TAMS 0x0000000084800000, 0x0000000084700000| Complete 
|  36|0x0000000084800000, 0x0000000084900000, 0x0000000084900000|100%| O|  |TAMS 0x0000000084900000, 0x0000000084800000| Complete 
|  37|0x0000000084900000, 0x0000000084a00000, 0x0000000084a00000|100%| O|  |TAMS 0x0000000084a00000, 0x0000000084900000| Complete 
|  38|0x0000000084a00000, 0x0000000084a00000, 0x0000000084b00000|  0%| F|  |TAMS 0x0000000084a00000, 0x0000000084a00000| Untracked 
|  39|0x0000000084b00000, 0x0000000084c00000, 0x0000000084c00000|100%| O|  |TAMS 0x0000000084c00000, 0x0000000084b00000| Untracked 
|  40|0x0000000084c00000, 0x0000000084d00000, 0x0000000084d00000|100%| O|  |TAMS 0x0000000084d00000, 0x0000000084c00000| Complete 
|  41|0x0000000084d00000, 0x0000000084d00000, 0x0000000084e00000|  0%| F|  |TAMS 0x0000000084d00000, 0x0000000084d00000| Untracked 
|  42|0x0000000084e00000, 0x0000000084e00000, 0x0000000084f00000|  0%| F|  |TAMS 0x0000000084e00000, 0x0000000084e00000| Untracked 
|  43|0x0000000084f00000, 0x0000000085000000, 0x0000000085000000|100%| O|  |TAMS 0x0000000085000000, 0x0000000084f00000| Complete 
|  44|0x0000000085000000, 0x0000000085100000, 0x0000000085100000|100%| O|  |TAMS 0x0000000085100000, 0x0000000085000000| Untracked 
|  45|0x0000000085100000, 0x0000000085200000, 0x0000000085200000|100%| O|  |TAMS 0x0000000085200000, 0x0000000085100000| Untracked 
|  46|0x0000000085200000, 0x0000000085300000, 0x0000000085300000|100%| O|  |TAMS 0x0000000085300000, 0x0000000085200000| Untracked 
|  47|0x0000000085300000, 0x0000000085400000, 0x0000000085400000|100%| O|  |TAMS 0x0000000085400000, 0x0000000085300000| Complete 
|  48|0x0000000085400000, 0x0000000085500000, 0x0000000085500000|100%| O|  |TAMS 0x0000000085500000, 0x0000000085400000| Complete 
|  49|0x0000000085500000, 0x0000000085600000, 0x0000000085600000|100%| O|  |TAMS 0x0000000085600000, 0x0000000085500000| Untracked 
|  50|0x0000000085600000, 0x00000000856c7600, 0x0000000085700000| 77%| O|  |TAMS 0x00000000856c7600, 0x0000000085600000| Untracked 
|  51|0x0000000085700000, 0x0000000085800000, 0x0000000085800000|100%| O|  |TAMS 0x0000000085800000, 0x0000000085700000| Untracked 
|  52|0x0000000085800000, 0x0000000085800000, 0x0000000085900000|  0%| F|  |TAMS 0x0000000085800000, 0x0000000085800000| Untracked 
|  53|0x0000000085900000, 0x0000000085900000, 0x0000000085a00000|  0%| F|  |TAMS 0x0000000085900000, 0x0000000085900000| Untracked 
|  54|0x0000000085a00000, 0x0000000085a00000, 0x0000000085b00000|  0%| F|  |TAMS 0x0000000085a00000, 0x0000000085a00000| Untracked 
|  55|0x0000000085b00000, 0x0000000085b00000, 0x0000000085c00000|  0%| F|  |TAMS 0x0000000085b00000, 0x0000000085b00000| Untracked 
|  56|0x0000000085c00000, 0x0000000085c00000, 0x0000000085d00000|  0%| F|  |TAMS 0x0000000085c00000, 0x0000000085c00000| Untracked 
|  57|0x0000000085d00000, 0x0000000085d00000, 0x0000000085e00000|  0%| F|  |TAMS 0x0000000085d00000, 0x0000000085d00000| Untracked 
|  58|0x0000000085e00000, 0x0000000085e00000, 0x0000000085f00000|  0%| F|  |TAMS 0x0000000085e00000, 0x0000000085e00000| Untracked 
|  59|0x0000000085f00000, 0x0000000085f00000, 0x0000000086000000|  0%| F|  |TAMS 0x0000000085f00000, 0x0000000085f00000| Untracked 
|  60|0x0000000086000000, 0x0000000086000000, 0x0000000086100000|  0%| F|  |TAMS 0x0000000086000000, 0x0000000086000000| Untracked 
|  61|0x0000000086100000, 0x0000000086100000, 0x0000000086200000|  0%| F|  |TAMS 0x0000000086100000, 0x0000000086100000| Untracked 
|  62|0x0000000086200000, 0x0000000086200000, 0x0000000086300000|  0%| F|  |TAMS 0x0000000086200000, 0x0000000086200000| Untracked 
|  63|0x0000000086300000, 0x0000000086300000, 0x0000000086400000|  0%| F|  |TAMS 0x0000000086300000, 0x0000000086300000| Untracked 
|  64|0x0000000086400000, 0x0000000086400000, 0x0000000086500000|  0%| F|  |TAMS 0x0000000086400000, 0x0000000086400000| Untracked 
|  65|0x0000000086500000, 0x0000000086500000, 0x0000000086600000|  0%| F|  |TAMS 0x0000000086500000, 0x0000000086500000| Untracked 
|  66|0x0000000086600000, 0x0000000086600000, 0x0000000086700000|  0%| F|  |TAMS 0x0000000086600000, 0x0000000086600000| Untracked 
|  67|0x0000000086700000, 0x0000000086700000, 0x0000000086800000|  0%| F|  |TAMS 0x0000000086700000, 0x0000000086700000| Untracked 
|  68|0x0000000086800000, 0x0000000086800000, 0x0000000086900000|  0%| F|  |TAMS 0x0000000086800000, 0x0000000086800000| Untracked 
|  69|0x0000000086900000, 0x0000000086900000, 0x0000000086a00000|  0%| F|  |TAMS 0x0000000086900000, 0x0000000086900000| Untracked 
|  70|0x0000000086a00000, 0x0000000086a00000, 0x0000000086b00000|  0%| F|  |TAMS 0x0000000086a00000, 0x0000000086a00000| Untracked 
|  71|0x0000000086b00000, 0x0000000086b00000, 0x0000000086c00000|  0%| F|  |TAMS 0x0000000086b00000, 0x0000000086b00000| Untracked 
|  72|0x0000000086c00000, 0x0000000086c00000, 0x0000000086d00000|  0%| F|  |TAMS 0x0000000086c00000, 0x0000000086c00000| Untracked 
|  73|0x0000000086d00000, 0x0000000086d00000, 0x0000000086e00000|  0%| F|  |TAMS 0x0000000086d00000, 0x0000000086d00000| Untracked 
|  74|0x0000000086e00000, 0x0000000086e00000, 0x0000000086f00000|  0%| F|  |TAMS 0x0000000086e00000, 0x0000000086e00000| Untracked 
|  75|0x0000000086f00000, 0x0000000086f59060, 0x0000000087000000| 34%| S|CS|TAMS 0x0000000086f00000, 0x0000000086f00000| Complete 
|  76|0x0000000087000000, 0x0000000087100000, 0x0000000087100000|100%| S|CS|TAMS 0x0000000087000000, 0x0000000087000000| Complete 
|  77|0x0000000087100000, 0x0000000087100000, 0x0000000087200000|  0%| F|  |TAMS 0x0000000087100000, 0x0000000087100000| Untracked 
|  78|0x0000000087200000, 0x0000000087200000, 0x0000000087300000|  0%| F|  |TAMS 0x0000000087200000, 0x0000000087200000| Untracked 
|  79|0x0000000087300000, 0x0000000087300000, 0x0000000087400000|  0%| F|  |TAMS 0x0000000087300000, 0x0000000087300000| Untracked 
|  80|0x0000000087400000, 0x0000000087400000, 0x0000000087500000|  0%| F|  |TAMS 0x0000000087400000, 0x0000000087400000| Untracked 
|  81|0x0000000087500000, 0x0000000087500000, 0x0000000087600000|  0%| F|  |TAMS 0x0000000087500000, 0x0000000087500000| Untracked 
|  82|0x0000000087600000, 0x0000000087600000, 0x0000000087700000|  0%| F|  |TAMS 0x0000000087600000, 0x0000000087600000| Untracked 
|  83|0x0000000087700000, 0x0000000087700000, 0x0000000087800000|  0%| F|  |TAMS 0x0000000087700000, 0x0000000087700000| Untracked 
|  84|0x0000000087800000, 0x0000000087800000, 0x0000000087900000|  0%| F|  |TAMS 0x0000000087800000, 0x0000000087800000| Untracked 
|  85|0x0000000087900000, 0x0000000087900000, 0x0000000087a00000|  0%| F|  |TAMS 0x0000000087900000, 0x0000000087900000| Untracked 
|  86|0x0000000087a00000, 0x0000000087a00000, 0x0000000087b00000|  0%| F|  |TAMS 0x0000000087a00000, 0x0000000087a00000| Untracked 
|  87|0x0000000087b00000, 0x0000000087b00000, 0x0000000087c00000|  0%| F|  |TAMS 0x0000000087b00000, 0x0000000087b00000| Untracked 
|  88|0x0000000087c00000, 0x0000000087c00000, 0x0000000087d00000|  0%| F|  |TAMS 0x0000000087c00000, 0x0000000087c00000| Untracked 
|  89|0x0000000087d00000, 0x0000000087d00000, 0x0000000087e00000|  0%| F|  |TAMS 0x0000000087d00000, 0x0000000087d00000| Untracked 
|  90|0x0000000087e00000, 0x0000000087e00000, 0x0000000087f00000|  0%| F|  |TAMS 0x0000000087e00000, 0x0000000087e00000| Untracked 
|  91|0x0000000087f00000, 0x0000000087f00000, 0x0000000088000000|  0%| F|  |TAMS 0x0000000087f00000, 0x0000000087f00000| Untracked 
|  92|0x0000000088000000, 0x0000000088000000, 0x0000000088100000|  0%| F|  |TAMS 0x0000000088000000, 0x0000000088000000| Untracked 
|  93|0x0000000088100000, 0x0000000088100000, 0x0000000088200000|  0%| F|  |TAMS 0x0000000088100000, 0x0000000088100000| Untracked 
|  94|0x0000000088200000, 0x0000000088200000, 0x0000000088300000|  0%| F|  |TAMS 0x0000000088200000, 0x0000000088200000| Untracked 
|  95|0x0000000088300000, 0x0000000088300000, 0x0000000088400000|  0%| F|  |TAMS 0x0000000088300000, 0x0000000088300000| Untracked 
|  96|0x0000000088400000, 0x0000000088400000, 0x0000000088500000|  0%| F|  |TAMS 0x0000000088400000, 0x0000000088400000| Untracked 
|  97|0x0000000088500000, 0x0000000088600000, 0x0000000088600000|100%| E|  |TAMS 0x0000000088500000, 0x0000000088500000| Complete 
|  98|0x0000000088600000, 0x0000000088700000, 0x0000000088700000|100%| E|CS|TAMS 0x0000000088600000, 0x0000000088600000| Complete 
|  99|0x0000000088700000, 0x0000000088800000, 0x0000000088800000|100%| E|  |TAMS 0x0000000088700000, 0x0000000088700000| Complete 
| 100|0x0000000088800000, 0x0000000088900000, 0x0000000088900000|100%| E|CS|TAMS 0x0000000088800000, 0x0000000088800000| Complete 
| 125|0x000000008a100000, 0x000000008a200000, 0x000000008a200000|100%| E|CS|TAMS 0x000000008a100000, 0x000000008a100000| Complete 
|2009|0x00000000ffd00000, 0x00000000ffe00000, 0x00000000ffe00000|100%| O|  |TAMS 0x00000000ffe00000, 0x00000000ffd00000| Complete 
|2010|0x00000000ffe00000, 0x00000000fff00000, 0x00000000fff00000|100%| E|CS|TAMS 0x00000000ffe00000, 0x00000000ffe00000| Complete 
|2011|0x00000000fff00000, 0x0000000100000000, 0x0000000100000000|100%| E|CS|TAMS 0x00000000fff00000, 0x00000000fff00000| Complete 

Card table byte_map: [0x0000022565050000,0x0000022565440000] _byte_map_base: 0x0000022564c3e000

Marking Bits (Prev, Next): (CMBitMap*) 0x000002254d668ab0, (CMBitMap*) 0x000002254d668af0
 Prev Bits: [0x0000022565830000, 0x00000225677a0000)
 Next Bits: [0x00000225677a0000, 0x0000022569710000)

Polling page: 0x000002254bd60000

Metaspace:

Usage:
  Non-class:     25.64 MB used.
      Class:      3.36 MB used.
       Both:     28.99 MB used.

Virtual space:
  Non-class space:       64.00 MB reserved,      25.81 MB ( 40%) committed,  1 nodes.
      Class space:        1.00 GB reserved,       3.56 MB ( <1%) committed,  1 nodes.
             Both:        1.06 GB reserved,      29.38 MB (  3%) committed. 

Chunk freelists:
   Non-Class:  5.72 MB
       Class:  12.50 MB
        Both:  18.22 MB

MaxMetaspaceSize: unlimited
CompressedClassSpaceSize: 1.00 GB
Initial GC threshold: 21.00 MB
Current GC threshold: 48.56 MB
CDS: on
MetaspaceReclaimPolicy: balanced
 - commit_granule_bytes: 65536.
 - commit_granule_words: 8192.
 - virtual_space_node_default_size: 8388608.
 - enlarge_chunks_in_place: 1.
 - new_chunks_are_fully_committed: 0.
 - uncommit_free_chunks: 1.
 - use_allocation_guard: 0.
 - handle_deallocations: 1.


Internal statistics:

num_allocs_failed_limit: 6.
num_arena_births: 206.
num_arena_deaths: 6.
num_vsnodes_births: 2.
num_vsnodes_deaths: 0.
num_space_committed: 487.
num_space_uncommitted: 17.
num_chunks_returned_to_freelist: 70.
num_chunks_taken_from_freelist: 1385.
num_chunk_merges: 25.
num_chunk_splits: 943.
num_chunks_enlarged: 717.
num_inconsistent_stats: 0.

CodeHeap 'non-profiled nmethods': size=120000Kb used=3553Kb max_used=3553Kb free=116446Kb
 bounds [0x000002255ccc0000, 0x000002255d040000, 0x00000225641f0000]
CodeHeap 'profiled nmethods': size=120000Kb used=11857Kb max_used=11857Kb free=108142Kb
 bounds [0x00000225551f0000, 0x0000022555d90000, 0x000002255c720000]
CodeHeap 'non-nmethods': size=5760Kb used=1231Kb max_used=1325Kb free=4528Kb
 bounds [0x000002255c720000, 0x000002255c990000, 0x000002255ccc0000]
 total_blobs=6277 nmethods=5740 adapters=449
 compilation: enabled
              stopped_count=0, restarted_count=0
 full_count=0

Compilation events (20 events):
Event: 9.836 Thread 0x000002256c25b4c0 nmethod 6543 0x0000022555d33d10 code [0x0000022555d33f00, 0x0000022555d34528]
Event: 9.836 Thread 0x000002256c25b4c0 6538       3       java.lang.reflect.Executable::getAllGenericParameterTypes (134 bytes)
Event: 9.837 Thread 0x000002256c25b4c0 nmethod 6538 0x0000022555d34790 code [0x0000022555d34a40, 0x0000022555d35c28]
Event: 9.837 Thread 0x000002256c25b4c0 6540       3       java.lang.reflect.Executable::sharedGetParameterAnnotations (96 bytes)
Event: 9.839 Thread 0x000002256c25b4c0 nmethod 6540 0x0000022555d36110 code [0x0000022555d363a0, 0x0000022555d37118]
Event: 9.839 Thread 0x000002256c25b4c0 6542       3       com.google.inject.TypeLiteral::getParameterTypes (115 bytes)
Event: 9.843 Thread 0x000002256c25b4c0 nmethod 6542 0x0000022555d37590 code [0x0000022555d37a00, 0x0000022555d3a018]
Event: 9.846 Thread 0x000002256c25b4c0 6544       3       java.lang.reflect.Executable::getDeclaredAnnotations (8 bytes)
Event: 9.847 Thread 0x000002256c25b4c0 nmethod 6544 0x0000022555d3aa90 code [0x0000022555d3ac60, 0x0000022555d3b0a8]
Event: 9.868 Thread 0x000002256c25b4c0 6545       3       java.lang.ClassLoader::definePackage (53 bytes)
Event: 9.869 Thread 0x000002256c25b4c0 nmethod 6545 0x0000022555d3b210 code [0x0000022555d3b400, 0x0000022555d3b958]
Event: 9.869 Thread 0x000002256c25b4c0 6546       3       java.net.URLClassLoader::definePackage (274 bytes)
Event: 9.875 Thread 0x000002256c25b4c0 nmethod 6546 0x0000022555d3bc10 code [0x0000022555d3c280, 0x0000022555d402b8]
Event: 9.875 Thread 0x000002256c25b4c0 6547   !   3       com.google.inject.spi.InjectionPoint::checkForMisplacedBindingAnnotations (61 bytes)
Event: 9.876 Thread 0x000002256c25b4c0 nmethod 6547 0x0000022555d41b10 code [0x0000022555d41d20, 0x0000022555d42498]
Event: 9.915 Thread 0x000002256c25b4c0 6548   !   3       com.google.inject.spi.InjectionPoint::<init> (153 bytes)
Event: 9.918 Thread 0x000002256c25b4c0 nmethod 6548 0x0000022555d42710 code [0x0000022555d42bc0, 0x0000022555d452a8]
Event: 9.919 Thread 0x000002256c25b4c0 6549       3       com.google.inject.spi.InjectionPoint::getAnnotations (34 bytes)
Event: 9.919 Thread 0x000002256c25b4c0 nmethod 6549 0x0000022555d46210 code [0x0000022555d46400, 0x0000022555d46a48]
Event: 9.919 Thread 0x000002256c25b4c0 6550       3       java.lang.reflect.Field::getDeclaredAnnotations (8 bytes)

GC Heap History (20 events):
Event: 3.312 GC heap before
{Heap before GC invocations=2 (full 0):
 garbage-first heap   total 129024K, used 80116K [0x0000000082400000, 0x0000000100000000)
  region size 1024K, 75 young (76800K), 2 survivors (2048K)
 Metaspace       used 15668K, committed 15872K, reserved 1114112K
  class space    used 1865K, committed 1920K, reserved 1048576K
}
Event: 3.330 GC heap after
{Heap after GC invocations=3 (full 0):
 garbage-first heap   total 129024K, used 13112K [0x0000000082400000, 0x0000000100000000)
  region size 1024K, 10 young (10240K), 10 survivors (10240K)
 Metaspace       used 15668K, committed 15872K, reserved 1114112K
  class space    used 1865K, committed 1920K, reserved 1048576K
}
Event: 4.717 GC heap before
{Heap before GC invocations=3 (full 0):
 garbage-first heap   total 129024K, used 79672K [0x0000000082400000, 0x0000000100000000)
  region size 1024K, 75 young (76800K), 10 survivors (10240K)
 Metaspace       used 16990K, committed 17280K, reserved 1114112K
  class space    used 1985K, committed 2112K, reserved 1048576K
}
Event: 4.733 GC heap after
{Heap after GC invocations=4 (full 0):
 garbage-first heap   total 129024K, used 16239K [0x0000000082400000, 0x0000000100000000)
  region size 1024K, 4 young (4096K), 4 survivors (4096K)
 Metaspace       used 16990K, committed 17280K, reserved 1114112K
  class space    used 1985K, committed 2112K, reserved 1048576K
}
Event: 5.487 GC heap before
{Heap before GC invocations=4 (full 0):
 garbage-first heap   total 129024K, used 49007K [0x0000000082400000, 0x0000000100000000)
  region size 1024K, 33 young (33792K), 4 survivors (4096K)
 Metaspace       used 21261K, committed 21504K, reserved 1114112K
  class space    used 2505K, committed 2624K, reserved 1048576K
}
Event: 5.497 GC heap after
{Heap after GC invocations=5 (full 0):
 garbage-first heap   total 129024K, used 24480K [0x0000000082400000, 0x0000000100000000)
  region size 1024K, 8 young (8192K), 8 survivors (8192K)
 Metaspace       used 21261K, committed 21504K, reserved 1114112K
  class space    used 2505K, committed 2624K, reserved 1048576K
}
Event: 6.663 GC heap before
{Heap before GC invocations=6 (full 0):
 garbage-first heap   total 86016K, used 67488K [0x0000000082400000, 0x0000000100000000)
  region size 1024K, 50 young (51200K), 8 survivors (8192K)
 Metaspace       used 26723K, committed 27008K, reserved 1114112K
  class space    used 3100K, committed 3264K, reserved 1048576K
}
Event: 6.687 GC heap after
{Heap after GC invocations=7 (full 0):
 garbage-first heap   total 89088K, used 35641K [0x0000000082400000, 0x0000000100000000)
  region size 1024K, 10 young (10240K), 10 survivors (10240K)
 Metaspace       used 26723K, committed 27008K, reserved 1114112K
  class space    used 3100K, committed 3264K, reserved 1048576K
}
Event: 7.373 GC heap before
{Heap before GC invocations=8 (full 0):
 garbage-first heap   total 89088K, used 64313K [0x0000000082400000, 0x0000000100000000)
  region size 1024K, 38 young (38912K), 10 survivors (10240K)
 Metaspace       used 28392K, committed 28736K, reserved 1114112K
  class space    used 3328K, committed 3456K, reserved 1048576K
}
Event: 7.386 GC heap after
{Heap after GC invocations=9 (full 0):
 garbage-first heap   total 89088K, used 32160K [0x0000000082400000, 0x0000000100000000)
  region size 1024K, 1 young (1024K), 1 survivors (1024K)
 Metaspace       used 28392K, committed 28736K, reserved 1114112K
  class space    used 3328K, committed 3456K, reserved 1048576K
}
Event: 7.932 GC heap before
{Heap before GC invocations=9 (full 0):
 garbage-first heap   total 89088K, used 69024K [0x0000000082400000, 0x0000000100000000)
  region size 1024K, 33 young (33792K), 1 survivors (1024K)
 Metaspace       used 28503K, committed 28800K, reserved 1114112K
  class space    used 3330K, committed 3456K, reserved 1048576K
}
Event: 7.955 GC heap after
{Heap after GC invocations=10 (full 0):
 garbage-first heap   total 89088K, used 48020K [0x0000000082400000, 0x0000000100000000)
  region size 1024K, 5 young (5120K), 5 survivors (5120K)
 Metaspace       used 28503K, committed 28800K, reserved 1114112K
  class space    used 3330K, committed 3456K, reserved 1048576K
}
Event: 8.356 GC heap before
{Heap before GC invocations=10 (full 0):
 garbage-first heap   total 89088K, used 66452K [0x0000000082400000, 0x0000000100000000)
  region size 1024K, 23 young (23552K), 5 survivors (5120K)
 Metaspace       used 28566K, committed 28864K, reserved 1114112K
  class space    used 3335K, committed 3456K, reserved 1048576K
}
Event: 8.375 GC heap after
{Heap after GC invocations=11 (full 0):
 garbage-first heap   total 107520K, used 54176K [0x0000000082400000, 0x0000000100000000)
  region size 1024K, 3 young (3072K), 3 survivors (3072K)
 Metaspace       used 28566K, committed 28864K, reserved 1114112K
  class space    used 3335K, committed 3456K, reserved 1048576K
}
Event: 9.085 GC heap before
{Heap before GC invocations=12 (full 0):
 garbage-first heap   total 107520K, used 76704K [0x0000000082400000, 0x0000000100000000)
  region size 1024K, 26 young (26624K), 3 survivors (3072K)
 Metaspace       used 29574K, committed 29888K, reserved 1114112K
  class space    used 3461K, committed 3584K, reserved 1048576K
}
Event: 9.095 GC heap after
{Heap after GC invocations=13 (full 0):
 garbage-first heap   total 107520K, used 55693K [0x0000000082400000, 0x0000000100000000)
  region size 1024K, 1 young (1024K), 1 survivors (1024K)
 Metaspace       used 29574K, committed 29888K, reserved 1114112K
  class space    used 3461K, committed 3584K, reserved 1048576K
}
Event: 9.175 GC heap before
{Heap before GC invocations=13 (full 0):
 garbage-first heap   total 107520K, used 58765K [0x0000000082400000, 0x0000000100000000)
  region size 1024K, 5 young (5120K), 1 survivors (1024K)
 Metaspace       used 29793K, committed 30144K, reserved 1114112K
  class space    used 3483K, committed 3648K, reserved 1048576K
}
Event: 9.177 GC heap after
{Heap after GC invocations=14 (full 0):
 garbage-first heap   total 107520K, used 55233K [0x0000000082400000, 0x0000000100000000)
  region size 1024K, 1 young (1024K), 1 survivors (1024K)
 Metaspace       used 29793K, committed 30144K, reserved 1114112K
  class space    used 3483K, committed 3648K, reserved 1048576K
}
Event: 9.822 GC heap before
{Heap before GC invocations=14 (full 0):
 garbage-first heap   total 107520K, used 78785K [0x0000000082400000, 0x0000000100000000)
  region size 1024K, 25 young (25600K), 1 survivors (1024K)
 Metaspace       used 30477K, committed 30848K, reserved 1114112K
  class space    used 3545K, committed 3712K, reserved 1048576K
}
Event: 9.831 GC heap after
{Heap after GC invocations=15 (full 0):
 garbage-first heap   total 107520K, used 56353K [0x0000000082400000, 0x0000000100000000)
  region size 1024K, 2 young (2048K), 2 survivors (2048K)
 Metaspace       used 30477K, committed 30848K, reserved 1114112K
  class space    used 3545K, committed 3712K, reserved 1048576K
}

Deoptimization events (20 events):
Event: 9.215 Thread 0x000002254d60fd00 Uncommon trap: trap_request=0xffffffbe fr.pc=0x000002255cf2ac84 relative=0x0000000000000544
Event: 9.215 Thread 0x000002254d60fd00 Uncommon trap: reason=profile_predicate action=maybe_recompile pc=0x000002255cf2ac84 method=java.net.URI.quote(Ljava/lang/String;JJ)Ljava/lang/String; @ 30 c2
Event: 9.215 Thread 0x000002254d60fd00 DEOPT PACKING pc=0x000002255cf2ac84 sp=0x000000ecbe9fc970
Event: 9.215 Thread 0x000002254d60fd00 DEOPT UNPACKING pc=0x000002255c7723a3 sp=0x000000ecbe9fc8d8 mode 2
Event: 9.215 Thread 0x000002254d60fd00 Uncommon trap: trap_request=0xffffffbe fr.pc=0x000002255cf2ac84 relative=0x0000000000000544
Event: 9.215 Thread 0x000002254d60fd00 Uncommon trap: reason=profile_predicate action=maybe_recompile pc=0x000002255cf2ac84 method=java.net.URI.quote(Ljava/lang/String;JJ)Ljava/lang/String; @ 30 c2
Event: 9.215 Thread 0x000002254d60fd00 DEOPT PACKING pc=0x000002255cf2ac84 sp=0x000000ecbe9fce00
Event: 9.215 Thread 0x000002254d60fd00 DEOPT UNPACKING pc=0x000002255c7723a3 sp=0x000000ecbe9fcd68 mode 2
Event: 9.284 Thread 0x000002254d60fd00 Uncommon trap: trap_request=0xffffff45 fr.pc=0x000002255cdcd5d0 relative=0x0000000000001030
Event: 9.284 Thread 0x000002254d60fd00 Uncommon trap: reason=unstable_if action=reinterpret pc=0x000002255cdcd5d0 method=lombok.launch.PackageShader.apply([B)Z @ 190 c2
Event: 9.284 Thread 0x000002254d60fd00 DEOPT PACKING pc=0x000002255cdcd5d0 sp=0x000000ecbe9fc7f0
Event: 9.284 Thread 0x000002254d60fd00 DEOPT UNPACKING pc=0x000002255c7723a3 sp=0x000000ecbe9fc7b0 mode 2
Event: 9.301 Thread 0x000002254d60fd00 DEOPT PACKING pc=0x00000225553dc9d3 sp=0x000000ecbe9fcaf0
Event: 9.301 Thread 0x000002254d60fd00 DEOPT UNPACKING pc=0x000002255c772b43 sp=0x000000ecbe9fbf90 mode 0
Event: 9.465 Thread 0x000002254d60fd00 Uncommon trap: trap_request=0xffffff6e fr.pc=0x000002255cd11b5c relative=0x000000000000013c
Event: 9.466 Thread 0x000002254d60fd00 Uncommon trap: reason=loop_limit_check action=maybe_recompile pc=0x000002255cd11b5c method=java.util.regex.Pattern$Start.match(Ljava/util/regex/Matcher;ILjava/lang/CharSequence;)Z @ 34 c2
Event: 9.466 Thread 0x000002254d60fd00 DEOPT PACKING pc=0x000002255cd11b5c sp=0x000000ecbe9fcdc0
Event: 9.466 Thread 0x000002254d60fd00 DEOPT UNPACKING pc=0x000002255c7723a3 sp=0x000000ecbe9fcd50 mode 2
Event: 9.691 Thread 0x000002254d60fd00 DEOPT PACKING pc=0x0000022555c727bc sp=0x000000ecbe9fc7e0
Event: 9.691 Thread 0x000002254d60fd00 DEOPT UNPACKING pc=0x000002255c772b43 sp=0x000000ecbe9fbd60 mode 0

Classes unloaded (20 events):
Event: 9.887 Thread 0x000002256befe4e0 Unloading class 0x000002250132e7c8 'lombok/javac/apt/MessagerDiagnosticsReceiver'
Event: 9.887 Thread 0x000002256befe4e0 Unloading class 0x000002250132e420 'lombok/javac/apt/InterceptingJavaFileManager'
Event: 9.887 Thread 0x000002256befe4e0 Unloading class 0x000002250132e218 'lombok/permit/dummy/Parent'
Event: 9.887 Thread 0x000002256befe4e0 Unloading class 0x000002250132e000 'lombok/core/CleanupRegistry'
Event: 9.887 Thread 0x000002256befe4e0 Unloading class 0x000002250132dde8 'lombok/permit/Permit$Fake'
Event: 9.887 Thread 0x000002256befe4e0 Unloading class 0x000002250132dbe8 'lombok/permit/Permit'
Event: 9.887 Thread 0x000002256befe4e0 Unloading class 0x000002250132d8f8 'lombok/javac/apt/LombokProcessor$1'
Event: 9.887 Thread 0x000002256befe4e0 Unloading class 0x000002250132d700 'lombok/core/DiagnosticsReceiver'
Event: 9.888 Thread 0x000002256befe4e0 Unloading class 0x000002250132d468 'lombok/javac/apt/LombokProcessor'
Event: 9.888 Thread 0x000002256befe4e0 Unloading class 0x000002250132d238 'lombok/core/AnnotationProcessor$EcjDescriptor'
Event: 9.888 Thread 0x000002256befe4e0 Unloading class 0x000002250132d000 'lombok/core/AnnotationProcessor$JavacDescriptor'
Event: 9.888 Thread 0x000002256befe4e0 Unloading class 0x000002250132ca80 'lombok/core/AnnotationProcessor$ProcessorDescriptor'
Event: 9.888 Thread 0x000002256befe4e0 Unloading class 0x000002250132c800 'lombok/core/AnnotationProcessor'
Event: 9.888 Thread 0x000002256befe4e0 Unloading class 0x0000022501351000 'lombok/launch/AnnotationProcessorHider$ClaimingProcessor'
Event: 9.888 Thread 0x000002256befe4e0 Unloading class 0x000002250132c498 'lombok/launch/AnnotationProcessorHider$AstModificationNotifierData'
Event: 9.888 Thread 0x000002256befe4e0 Unloading class 0x000002250132c218 'lombok/launch/ClassFileMetaData'
Event: 9.888 Thread 0x000002256befe4e0 Unloading class 0x000002250132c000 'lombok/launch/PackageShader'
Event: 9.888 Thread 0x000002256befe4e0 Unloading class 0x000002250130c480 'lombok/launch/ShadowClassLoader'
Event: 9.888 Thread 0x000002256befe4e0 Unloading class 0x000002250130c280 'lombok/launch/Main'
Event: 9.888 Thread 0x000002256befe4e0 Unloading class 0x000002250130c000 'lombok/launch/AnnotationProcessorHider$AnnotationProcessor'

Classes redefined (0 events):
No events

Internal exceptions (20 events):
Event: 9.243 Thread 0x000002254d60fd00 Exception <a 'sun/nio/fs/WindowsException'{0x000000008879eb68}> (0x000000008879eb68) 
thrown [s\open\src\hotspot\share\prims\jni.cpp, line 516]
Event: 9.243 Thread 0x000002254d60fd00 Exception <a 'sun/nio/fs/WindowsException'{0x000000008879eee0}> (0x000000008879eee0) 
thrown [s\open\src\hotspot\share\prims\jni.cpp, line 516]
Event: 9.243 Thread 0x000002254d60fd00 Exception <a 'sun/nio/fs/WindowsException'{0x000000008879feb0}> (0x000000008879feb0) 
thrown [s\open\src\hotspot\share\prims\jni.cpp, line 516]
Event: 9.243 Thread 0x000002254d60fd00 Exception <a 'sun/nio/fs/WindowsException'{0x00000000887a0180}> (0x00000000887a0180) 
thrown [s\open\src\hotspot\share\prims\jni.cpp, line 516]
Event: 9.254 Thread 0x000002254d60fd00 Exception <a 'sun/nio/fs/WindowsException'{0x0000000088681268}> (0x0000000088681268) 
thrown [s\open\src\hotspot\share\prims\jni.cpp, line 516]
Event: 9.259 Thread 0x000002254d60fd00 Exception <a 'sun/nio/fs/WindowsException'{0x000000008869a010}> (0x000000008869a010) 
thrown [s\open\src\hotspot\share\prims\jni.cpp, line 516]
Event: 9.266 Thread 0x000002254d60fd00 Exception <a 'sun/nio/fs/WindowsException'{0x00000000886b3228}> (0x00000000886b3228) 
thrown [s\open\src\hotspot\share\prims\jni.cpp, line 516]
Event: 9.266 Thread 0x000002254d60fd00 Exception <a 'sun/nio/fs/WindowsException'{0x00000000886b3938}> (0x00000000886b3938) 
thrown [s\open\src\hotspot\share\prims\jni.cpp, line 516]
Event: 9.267 Thread 0x000002254d60fd00 Exception <a 'sun/nio/fs/WindowsException'{0x00000000886b3ef8}> (0x00000000886b3ef8) 
thrown [s\open\src\hotspot\share\prims\jni.cpp, line 516]
Event: 9.267 Thread 0x000002254d60fd00 Exception <a 'sun/nio/fs/WindowsException'{0x00000000886b45f8}> (0x00000000886b45f8) 
thrown [s\open\src\hotspot\share\prims\jni.cpp, line 516]
Event: 9.267 Thread 0x000002254d60fd00 Exception <a 'sun/nio/fs/WindowsException'{0x00000000886b48b0}> (0x00000000886b48b0) 
thrown [s\open\src\hotspot\share\prims\jni.cpp, line 516]
Event: 9.267 Thread 0x000002254d60fd00 Exception <a 'sun/nio/fs/WindowsException'{0x00000000886b5518}> (0x00000000886b5518) 
thrown [s\open\src\hotspot\share\prims\jni.cpp, line 516]
Event: 9.267 Thread 0x000002254d60fd00 Exception <a 'sun/nio/fs/WindowsException'{0x00000000886b57a0}> (0x00000000886b57a0) 
thrown [s\open\src\hotspot\share\prims\jni.cpp, line 516]
Event: 9.267 Thread 0x000002254d60fd00 Exception <a 'sun/nio/fs/WindowsException'{0x00000000886b6400}> (0x00000000886b6400) 
thrown [s\open\src\hotspot\share\prims\jni.cpp, line 516]
Event: 9.821 Thread 0x000002254d60fd00 Exception <a 'java/lang/NoClassDefFoundError'{0x00000000871fb7b8}: org/sonatype/aether/resolution/ArtifactDescriptorException> (0x00000000871fb7b8) 
thrown [s\open\src\hotspot\share\classfile\systemDictionary.cpp, line 245]
Event: 9.868 Thread 0x000002254d60fd00 Exception <a 'java/lang/NoClassDefFoundError'{0x000000008a1a3368}: org/sonatype/aether/collection/DependencyCollectionException> (0x000000008a1a3368) 
thrown [s\open\src\hotspot\share\classfile\systemDictionary.cpp, line 245]
Event: 9.876 Thread 0x000002254d60fd00 Exception <a 'java/lang/NoClassDefFoundError'{0x000000008a1da790}: org/sonatype/aether/metadata/Metadata> (0x000000008a1da790) 
thrown [s\open\src\hotspot\share\classfile\systemDictionary.cpp, line 245]
Event: 9.905 Thread 0x000002254d60fd00 Exception <a 'java/lang/NoClassDefFoundError'{0x000000008a1f4118}: org/sonatype/aether/metadata/Metadata> (0x000000008a1f4118) 
thrown [s\open\src\hotspot\share\classfile\systemDictionary.cpp, line 245]
Event: 9.909 Thread 0x000002254d60fd00 Exception <a 'java/lang/NoClassDefFoundError'{0x00000000fff05338}: org/sonatype/aether/resolution/ArtifactResolutionException> (0x00000000fff05338) 
thrown [s\open\src\hotspot\share\classfile\systemDictionary.cpp, line 245]
Event: 9.915 Thread 0x000002254d60fd00 Exception <a 'java/lang/NoClassDefFoundError'{0x00000000fff31ee0}: org/sonatype/aether/installation/InstallationException> (0x00000000fff31ee0) 
thrown [s\open\src\hotspot\share\classfile\systemDictionary.cpp, line 245]

VM Operations (20 events):
Event: 7.373 Executing VM operation: G1CollectForAllocation
Event: 7.386 Executing VM operation: G1CollectForAllocation done
Event: 7.932 Executing VM operation: G1CollectForAllocation
Event: 7.955 Executing VM operation: G1CollectForAllocation done
Event: 8.351 Executing VM operation: HandshakeAllThreads
Event: 8.351 Executing VM operation: HandshakeAllThreads done
Event: 8.356 Executing VM operation: G1CollectForAllocation
Event: 8.375 Executing VM operation: G1CollectForAllocation done
Event: 8.437 Executing VM operation: G1Concurrent
Event: 8.443 Executing VM operation: G1Concurrent done
Event: 8.473 Executing VM operation: G1Concurrent
Event: 8.473 Executing VM operation: G1Concurrent done
Event: 9.085 Executing VM operation: G1CollectForAllocation
Event: 9.095 Executing VM operation: G1CollectForAllocation done
Event: 9.175 Executing VM operation: G1CollectForAllocation
Event: 9.177 Executing VM operation: G1CollectForAllocation done
Event: 9.822 Executing VM operation: G1CollectForAllocation
Event: 9.831 Executing VM operation: G1CollectForAllocation done
Event: 9.882 Executing VM operation: G1Concurrent
Event: 9.902 Executing VM operation: G1Concurrent done

Events (20 events):
Event: 7.285 loading class java/util/EnumMap$ValueIterator done
Event: 7.285 loading class java/util/WeakHashMap$KeyIterator
Event: 7.285 loading class java/util/WeakHashMap$KeyIterator done
Event: 7.362 Thread 0x000002256ccda600 Thread exited: 0x000002256ccda600
Event: 7.642 Thread 0x000002256ccda600 Thread added: 0x000002256ccda600
Event: 8.351 loading class java/util/stream/ReduceOps$1
Event: 8.351 loading class java/util/stream/ReduceOps$1 done
Event: 8.351 loading class java/util/stream/ReduceOps$1ReducingSink
Event: 8.352 loading class java/util/stream/ReduceOps$1ReducingSink done
Event: 8.379 Thread 0x0000022572781560 Thread added: 0x0000022572781560
Event: 8.431 loading class jdk/internal/module/IllegalAccessLogger
Event: 8.431 loading class jdk/internal/module/IllegalAccessLogger done
Event: 8.657 Thread 0x0000022572781560 Thread exited: 0x0000022572781560
Event: 8.657 Thread 0x000002256ccda600 Thread exited: 0x000002256ccda600
Event: 9.227 Thread 0x000002256c8651c0 Thread added: 0x000002256c8651c0
Event: 9.232 Thread 0x000002257190d3a0 Thread added: 0x000002257190d3a0
Event: 9.427 Thread 0x000002257190d3a0 Thread exited: 0x000002257190d3a0
Event: 9.447 Thread 0x000002256c8651c0 Thread exited: 0x000002256c8651c0
Event: 9.690 Thread 0x000002257190d3a0 Thread added: 0x000002257190d3a0
Event: 9.722 Thread 0x000002256cbdb0a0 Thread added: 0x000002256cbdb0a0


Dynamic libraries:
0x00007ff6435e0000 - 0x00007ff6435f0000 	C:\Program Files\Java\jdk-17\bin\java.exe
0x00007ffdeee50000 - 0x00007ffdef067000 	C:\WINDOWS\SYSTEM32\ntdll.dll
0x00007ffded1b0000 - 0x00007ffded274000 	C:\WINDOWS\System32\KERNEL32.DLL
0x00007ffdec290000 - 0x00007ffdec660000 	C:\WINDOWS\System32\KERNELBASE.dll
0x00007ffdec660000 - 0x00007ffdec771000 	C:\WINDOWS\System32\ucrtbase.dll
0x00007ffde4c60000 - 0x00007ffde4c7b000 	C:\Program Files\Java\jdk-17\bin\VCRUNTIME140.dll
0x00007ffdd4580000 - 0x00007ffdd4599000 	C:\Program Files\Java\jdk-17\bin\jli.dll
0x00007ffdecb40000 - 0x00007ffdecbf1000 	C:\WINDOWS\System32\ADVAPI32.dll
0x00007ffdecd20000 - 0x00007ffdecdc7000 	C:\WINDOWS\System32\msvcrt.dll
0x00007ffdedaa0000 - 0x00007ffdedb47000 	C:\WINDOWS\System32\sechost.dll
0x00007ffdec970000 - 0x00007ffdec998000 	C:\WINDOWS\System32\bcrypt.dll
0x00007ffded950000 - 0x00007ffdeda64000 	C:\WINDOWS\System32\RPCRT4.dll
0x00007ffdecdd0000 - 0x00007ffdecf7e000 	C:\WINDOWS\System32\USER32.dll
0x00007ffdec260000 - 0x00007ffdec286000 	C:\WINDOWS\System32\win32u.dll
0x00007ffdd90a0000 - 0x00007ffdd9332000 	C:\WINDOWS\WinSxS\amd64_microsoft.windows.common-controls_6595b64144ccf1df_6.0.22621.4830_none_270fe7d773858e80\COMCTL32.dll
0x00007ffdeda70000 - 0x00007ffdeda99000 	C:\WINDOWS\System32\GDI32.dll
0x00007ffdeca20000 - 0x00007ffdecb3b000 	C:\WINDOWS\System32\gdi32full.dll
0x00007ffdec100000 - 0x00007ffdec19a000 	C:\WINDOWS\System32\msvcp_win.dll
0x00007ffde47f0000 - 0x00007ffde47fa000 	C:\WINDOWS\SYSTEM32\VERSION.dll
0x00007ffdee8d0000 - 0x00007ffdee901000 	C:\WINDOWS\System32\IMM32.DLL
0x00007ffdd3490000 - 0x00007ffdd3542000 	C:\Program Files\McAfee\Endpoint Security\Threat Prevention\Ips\EpMPApi.dll
0x00007ffdec780000 - 0x00007ffdec7f2000 	C:\WINDOWS\System32\WINTRUST.dll
0x00007ffdec800000 - 0x00007ffdec966000 	C:\WINDOWS\System32\CRYPT32.dll
0x00007ffdebda0000 - 0x00007ffdebdb2000 	C:\WINDOWS\SYSTEM32\MSASN1.dll
0x0000000066cc0000 - 0x0000000066ccc000 	C:\Program Files\McAfee\Endpoint Security\Threat Prevention\Ips\EpMPThe.dll
0x00007ffdd6730000 - 0x00007ffdd678b000 	C:\Program Files\McAfee\Endpoint Security\Threat Prevention\Ips\HIPHandlers64.dll
0x00007ffdee050000 - 0x00007ffdee8c8000 	C:\WINDOWS\System32\SHELL32.dll
0x00007ffdedd00000 - 0x00007ffdedd5e000 	C:\WINDOWS\System32\SHLWAPI.dll
0x00007ffdeac40000 - 0x00007ffdeac6d000 	C:\WINDOWS\SYSTEM32\IPHLPAPI.DLL
0x00007ffde9a30000 - 0x00007ffde9c62000 	C:\WINDOWS\SYSTEM32\dbghelp.dll
0x00007ffded280000 - 0x00007ffded610000 	C:\WINDOWS\System32\combase.dll
0x00007ffded0c0000 - 0x00007ffded197000 	C:\WINDOWS\System32\OLEAUT32.dll
0x00007ffdd4300000 - 0x00007ffdd430c000 	C:\Program Files\Java\jdk-17\bin\vcruntime140_1.dll
0x00007ffdbb150000 - 0x00007ffdbb1de000 	C:\Program Files\Java\jdk-17\bin\msvcp140.dll
0x00007ffd5a0b0000 - 0x00007ffd5ac91000 	C:\Program Files\Java\jdk-17\bin\server\jvm.dll
0x00007ffdecd10000 - 0x00007ffdecd18000 	C:\WINDOWS\System32\PSAPI.DLL
0x00007ffdd3380000 - 0x00007ffdd3389000 	C:\WINDOWS\SYSTEM32\WSOCK32.dll
0x00007ffde5930000 - 0x00007ffde5964000 	C:\WINDOWS\SYSTEM32\WINMM.dll
0x00007ffdee910000 - 0x00007ffdee981000 	C:\WINDOWS\System32\WS2_32.dll
0x00007ffdeb230000 - 0x00007ffdeb248000 	C:\WINDOWS\SYSTEM32\kernel.appcore.dll
0x00007ffdd42f0000 - 0x00007ffdd42fa000 	C:\Program Files\Java\jdk-17\bin\jimage.dll
0x00007ffdd5050000 - 0x00007ffdd5082000 	C:\WINDOWS\SYSTEM32\dbgcore.DLL
0x00007ffdec9a0000 - 0x00007ffdeca1b000 	C:\WINDOWS\System32\bcryptPrimitives.dll
0x00007ffdd40f0000 - 0x00007ffdd4115000 	C:\Program Files\Java\jdk-17\bin\java.dll
0x00007ffda3490000 - 0x00007ffda3567000 	C:\Program Files\Java\jdk-17\bin\jsvml.dll
0x00007ffdea060000 - 0x00007ffdea970000 	C:\WINDOWS\SYSTEM32\windows.storage.dll
0x00007ffde9f20000 - 0x00007ffdea05f000 	C:\WINDOWS\SYSTEM32\wintypes.dll
0x00007ffdecc00000 - 0x00007ffdecd0a000 	C:\WINDOWS\System32\SHCORE.dll
0x00007ffdec030000 - 0x00007ffdec05b000 	C:\WINDOWS\SYSTEM32\profapi.dll
0x00007ffdc8db0000 - 0x00007ffdc8dc9000 	C:\Program Files\Java\jdk-17\bin\net.dll
0x00007ffde5800000 - 0x00007ffde592c000 	C:\WINDOWS\SYSTEM32\WINHTTP.dll
0x00007ffdeb6b0000 - 0x00007ffdeb71a000 	C:\WINDOWS\system32\mswsock.dll
0x00007ffdbb130000 - 0x00007ffdbb146000 	C:\Program Files\Java\jdk-17\bin\nio.dll
0x00007ffdbb110000 - 0x00007ffdbb128000 	C:\Program Files\Java\jdk-17\bin\zip.dll
0x00007ffdaf9a0000 - 0x00007ffdaf9c4000 	C:\Program Files\apache-maven-3.9.9\lib\jansi-native\Windows\x86_64\jansi.dll
0x00007ffdd40e0000 - 0x00007ffdd40f0000 	C:\Program Files\Java\jdk-17\bin\verify.dll
0x00007ffdeb340000 - 0x00007ffdeb374000 	C:\WINDOWS\SYSTEM32\ntmarta.dll

dbghelp: loaded successfully - version: 4.0.5 - missing functions: none
symbol engine: initialized successfully - sym options: 0x614 - pdb path: .;C:\Program Files\Java\jdk-17\bin;C:\WINDOWS\SYSTEM32;C:\WINDOWS\WinSxS\amd64_microsoft.windows.common-controls_6595b64144ccf1df_6.0.22621.4830_none_270fe7d773858e80;C:\Program Files\McAfee\Endpoint Security\Threat Prevention\Ips;C:\Program Files\Java\jdk-17\bin\server;C:\Program Files\apache-maven-3.9.9\lib\jansi-native\Windows\x86_64

VM Arguments:
jvm_args: -Dclassworlds.conf=C:/Program Files/apache-maven-3.9.9/bin/m2.conf -Dmaven.home=C:/Program Files/apache-maven-3.9.9 -Dlibrary.jansi.path=C:/Program Files/apache-maven-3.9.9/lib/jansi-native -Dmaven.multiModuleProjectDirectory=C:/ornek/bank-account-management 
java_command: org.codehaus.plexus.classworlds.launcher.Launcher clean install -DskipTests
java_class_path (initial): C:/Program Files/apache-maven-3.9.9/boot/plexus-classworlds-2.8.0.jar
Launcher Type: SUN_STANDARD

[Global flags]
     intx CICompilerCount                          = 4                                         {product} {ergonomic}
     uint ConcGCThreads                            = 2                                         {product} {ergonomic}
     uint G1ConcRefinementThreads                  = 8                                         {product} {ergonomic}
   size_t G1HeapRegionSize                         = 1048576                                   {product} {ergonomic}
    uintx GCDrainStackTargetSize                   = 64                                        {product} {ergonomic}
   size_t InitialHeapSize                          = 132120576                                 {product} {ergonomic}
   size_t MarkStackSize                            = 4194304                                   {product} {ergonomic}
   size_t MaxHeapSize                              = 2109734912                                {product} {ergonomic}
   size_t MaxNewSize                               = 1265631232                                {product} {ergonomic}
   size_t MinHeapDeltaBytes                        = 1048576                                   {product} {ergonomic}
   size_t MinHeapSize                              = 8388608                                   {product} {ergonomic}
    uintx NonNMethodCodeHeapSize                   = 5839372                                {pd product} {ergonomic}
    uintx NonProfiledCodeHeapSize                  = 122909434                              {pd product} {ergonomic}
    uintx ProfiledCodeHeapSize                     = 122909434                              {pd product} {ergonomic}
    uintx ReservedCodeCacheSize                    = 251658240                              {pd product} {ergonomic}
     bool SegmentedCodeCache                       = true                                      {product} {ergonomic}
   size_t SoftMaxHeapSize                          = 2109734912                             {manageable} {ergonomic}
     bool UseCompressedClassPointers               = true                           {product lp64_product} {ergonomic}
     bool UseCompressedOops                        = true                           {product lp64_product} {ergonomic}
     bool UseG1GC                                  = true                                      {product} {ergonomic}
     bool UseLargePagesIndividualAllocation        = false                                  {pd product} {ergonomic}

Logging:
Log output configuration:
 #0: stdout all=warning uptime,level,tags
 #1: stderr all=off uptime,level,tags

Environment Variables:
JAVA_HOME=C:/Program Files/Java/jdk-17
PATH=C:\Users\FÝLÝZC\bin;C:\Program Files\Git\mingw64\bin;C:\Program Files\Git\usr\local\bin;C:\Program Files\Git\usr\bin;C:\Program Files\Git\usr\bin;C:\Program Files\Git\mingw64\bin;C:\Program Files\Git\usr\bin;C:\Users\FÝLÝZC\bin;C:\Users\FÝLÝZC\.p2\pool\plugins\org.eclipse.justj.openjdk.hotspot.jre.full.win32.x86_64_23.0.2.v20250131-0604\jre\bin\server;C:\Users\FÝLÝZC\.p2\pool\plugins\org.eclipse.justj.openjdk.hotspot.jre.full.win32.x86_64_23.0.2.v20250131-0604\jre\bin;C:\Program Files\Common Files\Oracle\Java\javapath;C:\Program Files (x86)\Common Files\Oracle\Java\javapath;C:\Program Files (x86)\Common Files\Intel\Shared Libraries\redist\intel64\compiler;C:\Program Files\Microsoft MPI\Bin;C:\Windows\system32;C:\Windows;C:\Windows\System32\Wbem;C:\Windows\System32\WindowsPowerShell\v1.0;C:\Windows\System32\OpenSSH;C:\Program Files (x86)\NVIDIA Corporation\PhysX\Common;C:\Program Files\Microsoft SQL Server\110\Tools\Binn;C:\Program Files\Microsoft\Web Platform Installer;C:\Program Files (x86)\Microsoft ASP.NET\ASP.NET Web Pages\v1.0;C:\WINDOWS\system32;C:\WINDOWS;C:\WINDOWS\System32\Wbem;C:\WINDOWS\System32\WindowsPowerShell\v1.0;C:\WINDOWS\System32\OpenSSH;C:\Program Files\Microsoft SQL Server\130\Tools\Binn;C:\Program Files\Microsoft SQL Server\Client SDK\ODBC\170\Tools\Binn;C:\Program Files (x86)\Microsoft SQL Server\150\Tools\Binn;C:\Program Files\Microsoft SQL Server\150\Tools\Binn;C:\Program Files\Microsoft SQL Server\150\DTS\Binn;C:\Program Files (x86)\Microsoft SQL Server\150\DTS\Binn;C:\Program Files\Azure Data Studio\bin;C:\Program Files\dotnet;C:\WINDOWS\system32;C:\WINDOWS;C:\WINDOWS\System32\Wbem;C:\WINDOWS\System32\WindowsPowerShell\v1.0;C:\WINDOWS\System32\OpenSSH;C:\ProgramData\chocolatey\bin;C:\Program Files\Git\cmd;C:\Program Files (x86)\Microsoft SQL Server\160\DTS\Binn;C:\Program Files\nodejs;C:\Users\FÝLÝZC\AppData\Local\Microsoft\WindowsApps;C:\Users\FÝLÝZC\.dotnet\tools;C:\Program Files\Azure Data Studio\bin;C:\Users\FÝLÝZC\AppData\Local\Prog
USERNAME=FILIZC
SHELL=C:\Program Files\Git\usr\bin\bash.exe
DISPLAY=needs-to-be-defined
LANG=tr_TR.UTF-8
OS=Windows_NT
PROCESSOR_IDENTIFIER=Intel64 Family 6 Model 142 Stepping 11, GenuineIntel



---------------  S Y S T E M  ---------------

OS:
 Windows 11 , 64 bit Build 22621 (10.0.22621.4830)
OS uptime: 0 days 1:16 hours

CPU: total 8 (initial active 8) (4 cores per cpu, 2 threads per core) family 6 model 142 stepping 11 microcode 0xde, cx8, cmov, fxsr, ht, mmx, 3dnowpref, sse, sse2, sse3, ssse3, sse4.1, sse4.2, popcnt, lzcnt, tsc, tscinvbit, avx, avx2, aes, erms, clmul, bmi1, bmi2, adx, fma, vzeroupper, clflush, clflushopt

Memory: 4k page, system-wide physical 8043M (854M free)
TotalPageFile size 9486M (AvailPageFile size 9M)
current process WorkingSet (physical memory assigned to process): 251M, peak: 252M
current process commit charge ("private bytes"): 286M, peak: 287M

vm_info: Java HotSpot(TM) 64-Bit Server VM (17.0.14+8-LTS-191) for windows-amd64 JRE (17.0.14+8-LTS-191), built on Dec  3 2024 11:07:59 by "mach5one" with MS VC++ 17.6 (VS2022)

END.
